ARM GAS  C:\Users\michs\AppData\Local\Temp\cct72rZI.s 			page 1


   1              		.cpu cortex-m0
   2              		.fpu softvfp
   3              		.eabi_attribute 20, 1
   4              		.eabi_attribute 21, 1
   5              		.eabi_attribute 23, 3
   6              		.eabi_attribute 24, 1
   7              		.eabi_attribute 25, 1
   8              		.eabi_attribute 26, 1
   9              		.eabi_attribute 30, 6
  10              		.eabi_attribute 34, 0
  11              		.eabi_attribute 18, 4
  12              		.code	16
  13              		.file	"app_LED.c"
  14              		.text
  15              	.Ltext0:
  16              		.cfi_sections	.debug_frame
  17              		.section	.text.HandleLeds,"ax",%progbits
  18              		.align	2
  19              		.global	HandleLeds
  20              		.code	16
  21              		.thumb_func
  22              		.type	HandleLeds, %function
  23              	HandleLeds:
  24              	.LFB37:
  25              		.file 1 "app_LED.c"
   1:app_LED.c     **** /*******************************************************************************
   2:app_LED.c     **** * File Name: app_LED.c
   3:app_LED.c     **** *
   4:app_LED.c     **** * Description:
   5:app_LED.c     **** *  Common BLE application code for client devices.
   6:app_LED.c     **** *
   7:app_LED.c     **** *******************************************************************************
   8:app_LED.c     **** * Copyright 2015, Cypress Semiconductor Corporation.  All rights reserved.
   9:app_LED.c     **** * You may use this file only in accordance with the license, terms, conditions,
  10:app_LED.c     **** * disclaimers, and limitations in the end user license agreement accompanying
  11:app_LED.c     **** * the software package with which this file was provided.
  12:app_LED.c     **** *******************************************************************************/
  13:app_LED.c     **** 
  14:app_LED.c     **** #include "app_LED.h"
  15:app_LED.c     **** 
  16:app_LED.c     **** /*******************************************************************************
  17:app_LED.c     **** * Function Name: HandleLeds
  18:app_LED.c     **** ********************************************************************************
  19:app_LED.c     **** *
  20:app_LED.c     **** * Summary:
  21:app_LED.c     **** *  This function handles the toggling of Scan and Connection LED. 
  22:app_LED.c     **** *
  23:app_LED.c     **** * Parameters:
  24:app_LED.c     **** *  None.
  25:app_LED.c     **** *
  26:app_LED.c     **** * Return:
  27:app_LED.c     **** *   None.
  28:app_LED.c     **** *
  29:app_LED.c     **** *******************************************************************************/
  30:app_LED.c     **** void HandleLeds(void)
  31:app_LED.c     **** {
  26              		.loc 1 31 0
ARM GAS  C:\Users\michs\AppData\Local\Temp\cct72rZI.s 			page 2


  27              		.cfi_startproc
  28 0000 80B5     		push	{r7, lr}
  29              		.cfi_def_cfa_offset 8
  30              		.cfi_offset 7, -8
  31              		.cfi_offset 14, -4
  32 0002 00AF     		add	r7, sp, #0
  33              		.cfi_def_cfa_register 7
  32:app_LED.c     ****     static uint8        ledState        = LED_OFF;
  33:app_LED.c     ****     static uint32       scanLedTimer    = SCAN_LED_TIMEOUT;   
  34:app_LED.c     ****     static uint32       connLedTimer    = CONN_LED_TIMEOUT;   
  35:app_LED.c     ****     
  36:app_LED.c     ****     switch (cyBle_state)
  34              		.loc 1 36 0
  35 0004 204B     		ldr	r3, .L7
  36 0006 1B78     		ldrb	r3, [r3]
  37 0008 022B     		cmp	r3, #2
  38 000a 1FD0     		beq	.L3
  39 000c 032B     		cmp	r3, #3
  40 000e 00D0     		beq	.L4
  37:app_LED.c     ****     {
  38:app_LED.c     ****         case CYBLE_STATE_SCANNING:
  39:app_LED.c     ****             
  40:app_LED.c     ****             Conn_LED_Write(LED_OFF);
  41:app_LED.c     ****             
  42:app_LED.c     ****             if(--scanLedTimer == 0u) 
  43:app_LED.c     ****             {
  44:app_LED.c     ****                 scanLedTimer = SCAN_LED_TIMEOUT;
  45:app_LED.c     ****                 ledState ^= LED_OFF;
  46:app_LED.c     ****                 
  47:app_LED.c     ****                 Scan_LED_Write(ledState);
  48:app_LED.c     ****             }
  49:app_LED.c     ****             
  50:app_LED.c     ****             break;
  51:app_LED.c     ****             
  52:app_LED.c     ****         case CYBLE_STATE_CONNECTED: 
  53:app_LED.c     ****             
  54:app_LED.c     ****             Scan_LED_Write(LED_OFF);
  55:app_LED.c     ****             
  56:app_LED.c     ****             if(--connLedTimer == 0u) 
  57:app_LED.c     ****             {
  58:app_LED.c     ****                 connLedTimer = CONN_LED_TIMEOUT;
  59:app_LED.c     ****                 ledState    ^= LED_OFF;
  60:app_LED.c     ****                 
  61:app_LED.c     ****                 Conn_LED_Write(ledState);
  62:app_LED.c     ****             }
  63:app_LED.c     ****             
  64:app_LED.c     ****         default:
  65:app_LED.c     ****             break;
  41              		.loc 1 65 0
  42 0010 38E0     		b	.L1
  43              	.L4:
  40:app_LED.c     ****             
  44              		.loc 1 40 0
  45 0012 0120     		mov	r0, #1
  46 0014 FFF7FEFF 		bl	Conn_LED_Write
  42:app_LED.c     ****             {
  47              		.loc 1 42 0
ARM GAS  C:\Users\michs\AppData\Local\Temp\cct72rZI.s 			page 3


  48 0018 1C4B     		ldr	r3, .L7+4
  49 001a 1B68     		ldr	r3, [r3]
  50 001c 5A1E     		sub	r2, r3, #1
  51 001e 1B4B     		ldr	r3, .L7+4
  52 0020 1A60     		str	r2, [r3]
  53 0022 1A4B     		ldr	r3, .L7+4
  54 0024 1B68     		ldr	r3, [r3]
  55 0026 002B     		cmp	r3, #0
  56 0028 0FD1     		bne	.L5
  44:app_LED.c     ****                 ledState ^= LED_OFF;
  57              		.loc 1 44 0
  58 002a 184B     		ldr	r3, .L7+4
  59 002c 184A     		ldr	r2, .L7+8
  60 002e 1A60     		str	r2, [r3]
  45:app_LED.c     ****                 
  61              		.loc 1 45 0
  62 0030 184B     		ldr	r3, .L7+12
  63 0032 1B78     		ldrb	r3, [r3]
  64 0034 0122     		mov	r2, #1
  65 0036 5340     		eor	r3, r2
  66 0038 DAB2     		uxtb	r2, r3
  67 003a 164B     		ldr	r3, .L7+12
  68 003c 1A70     		strb	r2, [r3]
  47:app_LED.c     ****             }
  69              		.loc 1 47 0
  70 003e 154B     		ldr	r3, .L7+12
  71 0040 1B78     		ldrb	r3, [r3]
  72 0042 181C     		mov	r0, r3
  73 0044 FFF7FEFF 		bl	Scan_LED_Write
  50:app_LED.c     ****             
  74              		.loc 1 50 0
  75 0048 1CE0     		b	.L1
  76              	.L5:
  77 004a 1BE0     		b	.L1
  78              	.L3:
  54:app_LED.c     ****             
  79              		.loc 1 54 0
  80 004c 0120     		mov	r0, #1
  81 004e FFF7FEFF 		bl	Scan_LED_Write
  56:app_LED.c     ****             {
  82              		.loc 1 56 0
  83 0052 114B     		ldr	r3, .L7+16
  84 0054 1B68     		ldr	r3, [r3]
  85 0056 5A1E     		sub	r2, r3, #1
  86 0058 0F4B     		ldr	r3, .L7+16
  87 005a 1A60     		str	r2, [r3]
  88 005c 0E4B     		ldr	r3, .L7+16
  89 005e 1B68     		ldr	r3, [r3]
  90 0060 002B     		cmp	r3, #0
  91 0062 0ED1     		bne	.L2
  58:app_LED.c     ****                 ledState    ^= LED_OFF;
  92              		.loc 1 58 0
  93 0064 0C4B     		ldr	r3, .L7+16
  94 0066 0D4A     		ldr	r2, .L7+20
  95 0068 1A60     		str	r2, [r3]
  59:app_LED.c     ****                 
  96              		.loc 1 59 0
ARM GAS  C:\Users\michs\AppData\Local\Temp\cct72rZI.s 			page 4


  97 006a 0A4B     		ldr	r3, .L7+12
  98 006c 1B78     		ldrb	r3, [r3]
  99 006e 0122     		mov	r2, #1
 100 0070 5340     		eor	r3, r2
 101 0072 DAB2     		uxtb	r2, r3
 102 0074 074B     		ldr	r3, .L7+12
 103 0076 1A70     		strb	r2, [r3]
  61:app_LED.c     ****             }
 104              		.loc 1 61 0
 105 0078 064B     		ldr	r3, .L7+12
 106 007a 1B78     		ldrb	r3, [r3]
 107 007c 181C     		mov	r0, r3
 108 007e FFF7FEFF 		bl	Conn_LED_Write
 109              	.L2:
 110              		.loc 1 65 0
 111 0082 C046     		mov	r8, r8
 112              	.L1:
  66:app_LED.c     ****     }
  67:app_LED.c     **** }
 113              		.loc 1 67 0
 114 0084 BD46     		mov	sp, r7
 115              		@ sp needed
 116 0086 80BD     		pop	{r7, pc}
 117              	.L8:
 118              		.align	2
 119              	.L7:
 120 0088 00000000 		.word	cyBle_state
 121 008c 00000000 		.word	scanLedTimer.7199
 122 0090 30750000 		.word	30000
 123 0094 04000000 		.word	ledState.7198
 124 0098 08000000 		.word	connLedTimer.7200
 125 009c 50C30000 		.word	50000
 126              		.cfi_endproc
 127              	.LFE37:
 128              		.size	HandleLeds, .-HandleLeds
 129              		.data
 130              		.align	2
 131              		.type	scanLedTimer.7199, %object
 132              		.size	scanLedTimer.7199, 4
 133              	scanLedTimer.7199:
 134 0000 30750000 		.word	30000
 135              		.type	ledState.7198, %object
 136              		.size	ledState.7198, 1
 137              	ledState.7198:
 138 0004 01       		.byte	1
 139 0005 000000   		.align	2
 140              		.type	connLedTimer.7200, %object
 141              		.size	connLedTimer.7200, 4
 142              	connLedTimer.7200:
 143 0008 50C30000 		.word	50000
 144              		.text
 145              	.Letext0:
 146              		.file 2 "Generated_Source\\PSoC4/cytypes.h"
 147              		.file 3 "Generated_Source\\PSoC4/BLE_eventHandler.h"
 148              		.section	.debug_info,"",%progbits
 149              	.Ldebug_info0:
 150 0000 2B010000 		.4byte	0x12b
ARM GAS  C:\Users\michs\AppData\Local\Temp\cct72rZI.s 			page 5


 151 0004 0400     		.2byte	0x4
 152 0006 00000000 		.4byte	.Ldebug_abbrev0
 153 000a 04       		.byte	0x4
 154 000b 01       		.uleb128 0x1
 155 000c 01010000 		.4byte	.LASF25
 156 0010 01       		.byte	0x1
 157 0011 24020000 		.4byte	.LASF26
 158 0015 00000000 		.4byte	.LASF27
 159 0019 00000000 		.4byte	.Ldebug_ranges0+0
 160 001d 00000000 		.4byte	0
 161 0021 00000000 		.4byte	.Ldebug_line0
 162 0025 02       		.uleb128 0x2
 163 0026 01       		.byte	0x1
 164 0027 06       		.byte	0x6
 165 0028 4D020000 		.4byte	.LASF0
 166 002c 02       		.uleb128 0x2
 167 002d 01       		.byte	0x1
 168 002e 08       		.byte	0x8
 169 002f BD000000 		.4byte	.LASF1
 170 0033 02       		.uleb128 0x2
 171 0034 02       		.byte	0x2
 172 0035 05       		.byte	0x5
 173 0036 F7000000 		.4byte	.LASF2
 174 003a 02       		.uleb128 0x2
 175 003b 02       		.byte	0x2
 176 003c 07       		.byte	0x7
 177 003d 8D000000 		.4byte	.LASF3
 178 0041 02       		.uleb128 0x2
 179 0042 04       		.byte	0x4
 180 0043 05       		.byte	0x5
 181 0044 44020000 		.4byte	.LASF4
 182 0048 02       		.uleb128 0x2
 183 0049 04       		.byte	0x4
 184 004a 07       		.byte	0x7
 185 004b CB000000 		.4byte	.LASF5
 186 004f 02       		.uleb128 0x2
 187 0050 08       		.byte	0x8
 188 0051 05       		.byte	0x5
 189 0052 FF010000 		.4byte	.LASF6
 190 0056 02       		.uleb128 0x2
 191 0057 08       		.byte	0x8
 192 0058 07       		.byte	0x7
 193 0059 A6000000 		.4byte	.LASF7
 194 005d 03       		.uleb128 0x3
 195 005e 04       		.byte	0x4
 196 005f 05       		.byte	0x5
 197 0060 696E7400 		.ascii	"int\000"
 198 0064 02       		.uleb128 0x2
 199 0065 04       		.byte	0x4
 200 0066 07       		.byte	0x7
 201 0067 96010000 		.4byte	.LASF8
 202 006b 04       		.uleb128 0x4
 203 006c DD000000 		.4byte	.LASF9
 204 0070 02       		.byte	0x2
 205 0071 B901     		.2byte	0x1b9
 206 0073 2C000000 		.4byte	0x2c
 207 0077 04       		.uleb128 0x4
ARM GAS  C:\Users\michs\AppData\Local\Temp\cct72rZI.s 			page 6


 208 0078 8F010000 		.4byte	.LASF10
 209 007c 02       		.byte	0x2
 210 007d BB01     		.2byte	0x1bb
 211 007f 48000000 		.4byte	0x48
 212 0083 02       		.uleb128 0x2
 213 0084 04       		.byte	0x4
 214 0085 04       		.byte	0x4
 215 0086 A0000000 		.4byte	.LASF11
 216 008a 02       		.uleb128 0x2
 217 008b 08       		.byte	0x8
 218 008c 04       		.byte	0x4
 219 008d F0000000 		.4byte	.LASF12
 220 0091 02       		.uleb128 0x2
 221 0092 01       		.byte	0x1
 222 0093 08       		.byte	0x8
 223 0094 A3010000 		.4byte	.LASF13
 224 0098 02       		.uleb128 0x2
 225 0099 04       		.byte	0x4
 226 009a 07       		.byte	0x7
 227 009b E1010000 		.4byte	.LASF14
 228 009f 05       		.uleb128 0x5
 229 00a0 01       		.byte	0x1
 230 00a1 03       		.byte	0x3
 231 00a2 F607     		.2byte	0x7f6
 232 00a4 CD000000 		.4byte	0xcd
 233 00a8 06       		.uleb128 0x6
 234 00a9 B6010000 		.4byte	.LASF15
 235 00ad 00       		.sleb128 0
 236 00ae 06       		.uleb128 0x6
 237 00af 59020000 		.4byte	.LASF16
 238 00b3 01       		.sleb128 1
 239 00b4 06       		.uleb128 0x6
 240 00b5 2E020000 		.4byte	.LASF17
 241 00b9 02       		.sleb128 2
 242 00ba 06       		.uleb128 0x6
 243 00bb EA010000 		.4byte	.LASF18
 244 00bf 03       		.sleb128 3
 245 00c0 06       		.uleb128 0x6
 246 00c1 0D020000 		.4byte	.LASF19
 247 00c5 04       		.sleb128 4
 248 00c6 06       		.uleb128 0x6
 249 00c7 6B000000 		.4byte	.LASF20
 250 00cb 05       		.sleb128 5
 251 00cc 00       		.byte	0
 252 00cd 04       		.uleb128 0x4
 253 00ce A8010000 		.4byte	.LASF21
 254 00d2 03       		.byte	0x3
 255 00d3 0408     		.2byte	0x804
 256 00d5 9F000000 		.4byte	0x9f
 257 00d9 07       		.uleb128 0x7
 258 00da D6010000 		.4byte	.LASF28
 259 00de 01       		.byte	0x1
 260 00df 1E       		.byte	0x1e
 261 00e0 00000000 		.4byte	.LFB37
 262 00e4 A0000000 		.4byte	.LFE37-.LFB37
 263 00e8 01       		.uleb128 0x1
 264 00e9 9C       		.byte	0x9c
ARM GAS  C:\Users\michs\AppData\Local\Temp\cct72rZI.s 			page 7


 265 00ea 22010000 		.4byte	0x122
 266 00ee 08       		.uleb128 0x8
 267 00ef 84000000 		.4byte	.LASF22
 268 00f3 01       		.byte	0x1
 269 00f4 20       		.byte	0x20
 270 00f5 6B000000 		.4byte	0x6b
 271 00f9 05       		.uleb128 0x5
 272 00fa 03       		.byte	0x3
 273 00fb 04000000 		.4byte	ledState.7198
 274 00ff 08       		.uleb128 0x8
 275 0100 E3000000 		.4byte	.LASF23
 276 0104 01       		.byte	0x1
 277 0105 21       		.byte	0x21
 278 0106 77000000 		.4byte	0x77
 279 010a 05       		.uleb128 0x5
 280 010b 03       		.byte	0x3
 281 010c 00000000 		.4byte	scanLedTimer.7199
 282 0110 08       		.uleb128 0x8
 283 0111 5E000000 		.4byte	.LASF24
 284 0115 01       		.byte	0x1
 285 0116 22       		.byte	0x22
 286 0117 77000000 		.4byte	0x77
 287 011b 05       		.uleb128 0x5
 288 011c 03       		.byte	0x3
 289 011d 08000000 		.4byte	connLedTimer.7200
 290 0121 00       		.byte	0
 291 0122 09       		.uleb128 0x9
 292 0123 CA010000 		.4byte	.LASF29
 293 0127 03       		.byte	0x3
 294 0128 2A0A     		.2byte	0xa2a
 295 012a CD000000 		.4byte	0xcd
 296 012e 00       		.byte	0
 297              		.section	.debug_abbrev,"",%progbits
 298              	.Ldebug_abbrev0:
 299 0000 01       		.uleb128 0x1
 300 0001 11       		.uleb128 0x11
 301 0002 01       		.byte	0x1
 302 0003 25       		.uleb128 0x25
 303 0004 0E       		.uleb128 0xe
 304 0005 13       		.uleb128 0x13
 305 0006 0B       		.uleb128 0xb
 306 0007 03       		.uleb128 0x3
 307 0008 0E       		.uleb128 0xe
 308 0009 1B       		.uleb128 0x1b
 309 000a 0E       		.uleb128 0xe
 310 000b 55       		.uleb128 0x55
 311 000c 17       		.uleb128 0x17
 312 000d 11       		.uleb128 0x11
 313 000e 01       		.uleb128 0x1
 314 000f 10       		.uleb128 0x10
 315 0010 17       		.uleb128 0x17
 316 0011 00       		.byte	0
 317 0012 00       		.byte	0
 318 0013 02       		.uleb128 0x2
 319 0014 24       		.uleb128 0x24
 320 0015 00       		.byte	0
 321 0016 0B       		.uleb128 0xb
ARM GAS  C:\Users\michs\AppData\Local\Temp\cct72rZI.s 			page 8


 322 0017 0B       		.uleb128 0xb
 323 0018 3E       		.uleb128 0x3e
 324 0019 0B       		.uleb128 0xb
 325 001a 03       		.uleb128 0x3
 326 001b 0E       		.uleb128 0xe
 327 001c 00       		.byte	0
 328 001d 00       		.byte	0
 329 001e 03       		.uleb128 0x3
 330 001f 24       		.uleb128 0x24
 331 0020 00       		.byte	0
 332 0021 0B       		.uleb128 0xb
 333 0022 0B       		.uleb128 0xb
 334 0023 3E       		.uleb128 0x3e
 335 0024 0B       		.uleb128 0xb
 336 0025 03       		.uleb128 0x3
 337 0026 08       		.uleb128 0x8
 338 0027 00       		.byte	0
 339 0028 00       		.byte	0
 340 0029 04       		.uleb128 0x4
 341 002a 16       		.uleb128 0x16
 342 002b 00       		.byte	0
 343 002c 03       		.uleb128 0x3
 344 002d 0E       		.uleb128 0xe
 345 002e 3A       		.uleb128 0x3a
 346 002f 0B       		.uleb128 0xb
 347 0030 3B       		.uleb128 0x3b
 348 0031 05       		.uleb128 0x5
 349 0032 49       		.uleb128 0x49
 350 0033 13       		.uleb128 0x13
 351 0034 00       		.byte	0
 352 0035 00       		.byte	0
 353 0036 05       		.uleb128 0x5
 354 0037 04       		.uleb128 0x4
 355 0038 01       		.byte	0x1
 356 0039 0B       		.uleb128 0xb
 357 003a 0B       		.uleb128 0xb
 358 003b 3A       		.uleb128 0x3a
 359 003c 0B       		.uleb128 0xb
 360 003d 3B       		.uleb128 0x3b
 361 003e 05       		.uleb128 0x5
 362 003f 01       		.uleb128 0x1
 363 0040 13       		.uleb128 0x13
 364 0041 00       		.byte	0
 365 0042 00       		.byte	0
 366 0043 06       		.uleb128 0x6
 367 0044 28       		.uleb128 0x28
 368 0045 00       		.byte	0
 369 0046 03       		.uleb128 0x3
 370 0047 0E       		.uleb128 0xe
 371 0048 1C       		.uleb128 0x1c
 372 0049 0D       		.uleb128 0xd
 373 004a 00       		.byte	0
 374 004b 00       		.byte	0
 375 004c 07       		.uleb128 0x7
 376 004d 2E       		.uleb128 0x2e
 377 004e 01       		.byte	0x1
 378 004f 3F       		.uleb128 0x3f
ARM GAS  C:\Users\michs\AppData\Local\Temp\cct72rZI.s 			page 9


 379 0050 19       		.uleb128 0x19
 380 0051 03       		.uleb128 0x3
 381 0052 0E       		.uleb128 0xe
 382 0053 3A       		.uleb128 0x3a
 383 0054 0B       		.uleb128 0xb
 384 0055 3B       		.uleb128 0x3b
 385 0056 0B       		.uleb128 0xb
 386 0057 27       		.uleb128 0x27
 387 0058 19       		.uleb128 0x19
 388 0059 11       		.uleb128 0x11
 389 005a 01       		.uleb128 0x1
 390 005b 12       		.uleb128 0x12
 391 005c 06       		.uleb128 0x6
 392 005d 40       		.uleb128 0x40
 393 005e 18       		.uleb128 0x18
 394 005f 9642     		.uleb128 0x2116
 395 0061 19       		.uleb128 0x19
 396 0062 01       		.uleb128 0x1
 397 0063 13       		.uleb128 0x13
 398 0064 00       		.byte	0
 399 0065 00       		.byte	0
 400 0066 08       		.uleb128 0x8
 401 0067 34       		.uleb128 0x34
 402 0068 00       		.byte	0
 403 0069 03       		.uleb128 0x3
 404 006a 0E       		.uleb128 0xe
 405 006b 3A       		.uleb128 0x3a
 406 006c 0B       		.uleb128 0xb
 407 006d 3B       		.uleb128 0x3b
 408 006e 0B       		.uleb128 0xb
 409 006f 49       		.uleb128 0x49
 410 0070 13       		.uleb128 0x13
 411 0071 02       		.uleb128 0x2
 412 0072 18       		.uleb128 0x18
 413 0073 00       		.byte	0
 414 0074 00       		.byte	0
 415 0075 09       		.uleb128 0x9
 416 0076 34       		.uleb128 0x34
 417 0077 00       		.byte	0
 418 0078 03       		.uleb128 0x3
 419 0079 0E       		.uleb128 0xe
 420 007a 3A       		.uleb128 0x3a
 421 007b 0B       		.uleb128 0xb
 422 007c 3B       		.uleb128 0x3b
 423 007d 05       		.uleb128 0x5
 424 007e 49       		.uleb128 0x49
 425 007f 13       		.uleb128 0x13
 426 0080 3F       		.uleb128 0x3f
 427 0081 19       		.uleb128 0x19
 428 0082 3C       		.uleb128 0x3c
 429 0083 19       		.uleb128 0x19
 430 0084 00       		.byte	0
 431 0085 00       		.byte	0
 432 0086 00       		.byte	0
 433              		.section	.debug_aranges,"",%progbits
 434 0000 1C000000 		.4byte	0x1c
 435 0004 0200     		.2byte	0x2
ARM GAS  C:\Users\michs\AppData\Local\Temp\cct72rZI.s 			page 10


 436 0006 00000000 		.4byte	.Ldebug_info0
 437 000a 04       		.byte	0x4
 438 000b 00       		.byte	0
 439 000c 0000     		.2byte	0
 440 000e 0000     		.2byte	0
 441 0010 00000000 		.4byte	.LFB37
 442 0014 A0000000 		.4byte	.LFE37-.LFB37
 443 0018 00000000 		.4byte	0
 444 001c 00000000 		.4byte	0
 445              		.section	.debug_ranges,"",%progbits
 446              	.Ldebug_ranges0:
 447 0000 00000000 		.4byte	.LFB37
 448 0004 A0000000 		.4byte	.LFE37
 449 0008 00000000 		.4byte	0
 450 000c 00000000 		.4byte	0
 451              		.section	.debug_line,"",%progbits
 452              	.Ldebug_line0:
 453 0000 82000000 		.section	.debug_str,"MS",%progbits,1
 453      02005A00 
 453      00000201 
 453      FB0E0D00 
 453      01010101 
 454              	.LASF27:
 455 0000 433A5C55 		.ascii	"C:\\Users\\michs\\Documents\\PSoC Creator\\fNIR PSo"
 455      73657273 
 455      5C6D6963 
 455      68735C44 
 455      6F63756D 
 456 002e 4320424C 		.ascii	"C BLE\\fNIR PSoC Central\\fNIR PSoC Central.cydsn\000"
 456      455C664E 
 456      49522050 
 456      536F4320 
 456      43656E74 
 457              	.LASF24:
 458 005e 636F6E6E 		.ascii	"connLedTimer\000"
 458      4C656454 
 458      696D6572 
 458      00
 459              	.LASF20:
 460 006b 4359424C 		.ascii	"CYBLE_STATE_DISCONNECTED\000"
 460      455F5354 
 460      4154455F 
 460      44495343 
 460      4F4E4E45 
 461              	.LASF22:
 462 0084 6C656453 		.ascii	"ledState\000"
 462      74617465 
 462      00
 463              	.LASF3:
 464 008d 73686F72 		.ascii	"short unsigned int\000"
 464      7420756E 
 464      7369676E 
 464      65642069 
 464      6E7400
 465              	.LASF11:
 466 00a0 666C6F61 		.ascii	"float\000"
 466      7400
ARM GAS  C:\Users\michs\AppData\Local\Temp\cct72rZI.s 			page 11


 467              	.LASF7:
 468 00a6 6C6F6E67 		.ascii	"long long unsigned int\000"
 468      206C6F6E 
 468      6720756E 
 468      7369676E 
 468      65642069 
 469              	.LASF1:
 470 00bd 756E7369 		.ascii	"unsigned char\000"
 470      676E6564 
 470      20636861 
 470      7200
 471              	.LASF5:
 472 00cb 6C6F6E67 		.ascii	"long unsigned int\000"
 472      20756E73 
 472      69676E65 
 472      6420696E 
 472      7400
 473              	.LASF9:
 474 00dd 75696E74 		.ascii	"uint8\000"
 474      3800
 475              	.LASF23:
 476 00e3 7363616E 		.ascii	"scanLedTimer\000"
 476      4C656454 
 476      696D6572 
 476      00
 477              	.LASF12:
 478 00f0 646F7562 		.ascii	"double\000"
 478      6C6500
 479              	.LASF2:
 480 00f7 73686F72 		.ascii	"short int\000"
 480      7420696E 
 480      7400
 481              	.LASF25:
 482 0101 474E5520 		.ascii	"GNU C 4.9.3 20150303 (release) [ARM/embedded-4_9-br"
 482      4320342E 
 482      392E3320 
 482      32303135 
 482      30333033 
 483 0134 616E6368 		.ascii	"anch revision 221220] -mcpu=cortex-m0 -mthumb -g -O"
 483      20726576 
 483      6973696F 
 483      6E203232 
 483      31323230 
 484 0167 30202D66 		.ascii	"0 -ffunction-sections -ffat-lto-objects\000"
 484      66756E63 
 484      74696F6E 
 484      2D736563 
 484      74696F6E 
 485              	.LASF10:
 486 018f 75696E74 		.ascii	"uint32\000"
 486      333200
 487              	.LASF8:
 488 0196 756E7369 		.ascii	"unsigned int\000"
 488      676E6564 
 488      20696E74 
 488      00
 489              	.LASF13:
ARM GAS  C:\Users\michs\AppData\Local\Temp\cct72rZI.s 			page 12


 490 01a3 63686172 		.ascii	"char\000"
 490      00
 491              	.LASF21:
 492 01a8 4359424C 		.ascii	"CYBLE_STATE_T\000"
 492      455F5354 
 492      4154455F 
 492      5400
 493              	.LASF15:
 494 01b6 4359424C 		.ascii	"CYBLE_STATE_STOPPED\000"
 494      455F5354 
 494      4154455F 
 494      53544F50 
 494      50454400 
 495              	.LASF29:
 496 01ca 6379426C 		.ascii	"cyBle_state\000"
 496      655F7374 
 496      61746500 
 497              	.LASF28:
 498 01d6 48616E64 		.ascii	"HandleLeds\000"
 498      6C654C65 
 498      647300
 499              	.LASF14:
 500 01e1 73697A65 		.ascii	"sizetype\000"
 500      74797065 
 500      00
 501              	.LASF18:
 502 01ea 4359424C 		.ascii	"CYBLE_STATE_SCANNING\000"
 502      455F5354 
 502      4154455F 
 502      5343414E 
 502      4E494E47 
 503              	.LASF6:
 504 01ff 6C6F6E67 		.ascii	"long long int\000"
 504      206C6F6E 
 504      6720696E 
 504      7400
 505              	.LASF19:
 506 020d 4359424C 		.ascii	"CYBLE_STATE_CONNECTING\000"
 506      455F5354 
 506      4154455F 
 506      434F4E4E 
 506      45435449 
 507              	.LASF26:
 508 0224 6170705F 		.ascii	"app_LED.c\000"
 508      4C45442E 
 508      6300
 509              	.LASF17:
 510 022e 4359424C 		.ascii	"CYBLE_STATE_CONNECTED\000"
 510      455F5354 
 510      4154455F 
 510      434F4E4E 
 510      45435445 
 511              	.LASF4:
 512 0244 6C6F6E67 		.ascii	"long int\000"
 512      20696E74 
 512      00
 513              	.LASF0:
ARM GAS  C:\Users\michs\AppData\Local\Temp\cct72rZI.s 			page 13


 514 024d 7369676E 		.ascii	"signed char\000"
 514      65642063 
 514      68617200 
 515              	.LASF16:
 516 0259 4359424C 		.ascii	"CYBLE_STATE_INITIALIZING\000"
 516      455F5354 
 516      4154455F 
 516      494E4954 
 516      49414C49 
 517              		.ident	"GCC: (GNU Tools for ARM Embedded Processors) 4.9.3 20150303 (release) [ARM/embedded-4_9-br
