ARM GAS  C:\Users\ANDREW~1\AppData\Local\Temp\ccGsmwk5.s 			page 1


   1              		.cpu cortex-m0
   2              		.fpu softvfp
   3              		.eabi_attribute 20, 1
   4              		.eabi_attribute 21, 1
   5              		.eabi_attribute 23, 3
   6              		.eabi_attribute 24, 1
   7              		.eabi_attribute 25, 1
   8              		.eabi_attribute 26, 1
   9              		.eabi_attribute 30, 6
  10              		.eabi_attribute 34, 0
  11              		.eabi_attribute 18, 4
  12              		.code	16
  13              		.file	"app_UART.c"
  14              		.text
  15              	.Ltext0:
  16              		.cfi_sections	.debug_frame
  17              		.section	.text.HandleUartRxTraffic,"ax",%progbits
  18              		.align	2
  19              		.global	HandleUartRxTraffic
  20              		.code	16
  21              		.thumb_func
  22              		.type	HandleUartRxTraffic, %function
  23              	HandleUartRxTraffic:
  24              	.LFB37:
  25              		.file 1 "app_UART.c"
   1:app_UART.c    **** /*******************************************************************************
   2:app_UART.c    **** * File Name: app_UART.c
   3:app_UART.c    **** *
   4:app_UART.c    **** * Description:
   5:app_UART.c    **** *  Common BLE application code for client devices.
   6:app_UART.c    **** *
   7:app_UART.c    **** *******************************************************************************
   8:app_UART.c    **** * Copyright 2015, Cypress Semiconductor Corporation.  All rights reserved.
   9:app_UART.c    **** * You may use this file only in accordance with the license, terms, conditions,
  10:app_UART.c    **** * disclaimers, and limitations in the end user license agreement accompanying
  11:app_UART.c    **** * the software package with which this file was provided.
  12:app_UART.c    **** *******************************************************************************/
  13:app_UART.c    **** 
  14:app_UART.c    **** #include "app_UART.h"
  15:app_UART.c    **** 
  16:app_UART.c    **** 
  17:app_UART.c    **** /*******************************************************************************
  18:app_UART.c    **** * Function Name: HandleUartRxTraffic
  19:app_UART.c    **** ********************************************************************************
  20:app_UART.c    **** *
  21:app_UART.c    **** * Summary:
  22:app_UART.c    **** *  This function takes data from received notfications and pushes it to the 
  23:app_UART.c    **** *  UART TX buffer. 
  24:app_UART.c    **** *
  25:app_UART.c    **** * Parameters:
  26:app_UART.c    **** *  CYBLE_GATTC_HANDLE_VALUE_NTF_PARAM_T * - the notification parameter as  
  27:app_UART.c    **** *                                           recieved by the BLE stack
  28:app_UART.c    **** *
  29:app_UART.c    **** * Return:
  30:app_UART.c    **** *   None.
  31:app_UART.c    **** *
  32:app_UART.c    **** *******************************************************************************/
ARM GAS  C:\Users\ANDREW~1\AppData\Local\Temp\ccGsmwk5.s 			page 2


  33:app_UART.c    **** void HandleUartRxTraffic(CYBLE_GATTC_HANDLE_VALUE_NTF_PARAM_T *uartRxDataNotification)
  34:app_UART.c    **** {    
  26              		.loc 1 34 0
  27              		.cfi_startproc
  28 0000 80B5     		push	{r7, lr}
  29              		.cfi_def_cfa_offset 8
  30              		.cfi_offset 7, -8
  31              		.cfi_offset 14, -4
  32 0002 92B0     		sub	sp, sp, #72
  33              		.cfi_def_cfa_offset 80
  34 0004 00AF     		add	r7, sp, #0
  35              		.cfi_def_cfa_register 7
  36 0006 7860     		str	r0, [r7, #4]
  35:app_UART.c    ****     unsigned char *x =  uartRxDataNotification->handleValPair.value.val;
  37              		.loc 1 35 0
  38 0008 7B68     		ldr	r3, [r7, #4]
  39 000a 5B68     		ldr	r3, [r3, #4]
  40 000c BB63     		str	r3, [r7, #56]
  36:app_UART.c    ****     
  37:app_UART.c    ****     
  38:app_UART.c    ****            
  39:app_UART.c    ****             
  40:app_UART.c    ****     int l; //Variable for Loop Through Light Source           
  41:app_UART.c    ****     int k; //Variable for Loop Through Sensors
  42:app_UART.c    ****     
  43:app_UART.c    ****     switch (*x)
  41              		.loc 1 43 0
  42 000e BB6B     		ldr	r3, [r7, #56]
  43 0010 1B78     		ldrb	r3, [r3]
  44 0012 722B     		cmp	r3, #114
  45 0014 06D0     		beq	.L3
  46 0016 732B     		cmp	r3, #115
  47 0018 00D1     		bne	.LCB21
  48 001a C2E0     		b	.L4	@long jump
  49              	.LCB21:
  50 001c 6D2B     		cmp	r3, #109
  51 001e 00D1     		bne	.LCB23
  52 0020 C2E0     		b	.L5	@long jump
  53              	.LCB23:
  44:app_UART.c    ****     {
  45:app_UART.c    ****         case 'r':
  46:app_UART.c    ****             for (l = 0; l < 5; l++) //Loop Through Light Source
  47:app_UART.c    ****             {
  48:app_UART.c    ****                 //uint32 channels[4] = {A1, A2, A3_0, A4_0};
  49:app_UART.c    ****                                 
  50:app_UART.c    ****                 uint8 writeBuffer[40]={0x00, 0x00, 0x00, 0x00, 0x00, 0x00, 0x00, 
  51:app_UART.c    ****                 0x00, 0x00, 0x00, 0x00, 0x00, 0x00, 0x00, 0x00, 0x00, 0x00, 
  52:app_UART.c    ****                 0x00, 0x00, 0x00, 0x00, 0x00, 0x00, 0x00, 0x00, 0x00, 0x00,
  53:app_UART.c    ****                 0x00, 0x00, 0x00, 0x00, 0x00, 0x00, 0x00, 0x00, 0x00, 0x00, 0x00, 0x0D, 0x0A};
  54:app_UART.c    ****                 
  55:app_UART.c    ****              
  56:app_UART.c    ****                 switch (l)
  57:app_UART.c    ****                 {
  58:app_UART.c    ****                     case 0: 
  59:app_UART.c    ****                         LED_1_Write(1);
  60:app_UART.c    ****                         break;
  61:app_UART.c    ****                     case 1: 
ARM GAS  C:\Users\ANDREW~1\AppData\Local\Temp\ccGsmwk5.s 			page 3


  62:app_UART.c    ****                         LED_2_Write(1);
  63:app_UART.c    ****                         break;
  64:app_UART.c    ****                     case 2: 
  65:app_UART.c    ****                         LED_3_Write(1);
  66:app_UART.c    ****                         break;
  67:app_UART.c    ****                     case 3: 
  68:app_UART.c    ****                         LED_4_Write(1);
  69:app_UART.c    ****                         break;
  70:app_UART.c    ****                     default:
  71:app_UART.c    ****                         break;
  72:app_UART.c    ****                 }
  73:app_UART.c    ****                 
  74:app_UART.c    ****                 
  75:app_UART.c    ****                 int count = 0; //Place Holder for writeBuffer
  76:app_UART.c    ****                 uint32 timestamp = millis();
  77:app_UART.c    ****                 dec_to_str (&writeBuffer[count], timestamp, 10);
  78:app_UART.c    ****                 writeBuffer[count + 11] = ',';
  79:app_UART.c    ****                 count+=12;
  80:app_UART.c    ****           
  81:app_UART.c    ****                 for (k = 0; k < 4; k++) //Loop Through Sensors
  82:app_UART.c    ****                 {
  83:app_UART.c    ****                     uint16 VAL1=ADC_GetResult16(k);
  84:app_UART.c    ****                     uint8 AV1=ADC_CountsTo_mVolts(0,VAL1);
  85:app_UART.c    ****                     dec_to_str (&writeBuffer[count], AV1, 4);
  86:app_UART.c    ****                     writeBuffer[count + 5] = ',';
  87:app_UART.c    ****                     count+=6;
  88:app_UART.c    ****                 }
  89:app_UART.c    ****                 dec_to_str (&writeBuffer[count], l, 0);
  90:app_UART.c    ****                 sendCommand(writeBuffer);
  91:app_UART.c    ****                 
  92:app_UART.c    ****                 switch (l)
  93:app_UART.c    ****                 {
  94:app_UART.c    ****                     case 0: 
  95:app_UART.c    ****                         LED_1_Write(0);
  96:app_UART.c    ****                         break;
  97:app_UART.c    ****                     case 1: 
  98:app_UART.c    ****                         LED_2_Write(0);
  99:app_UART.c    ****                         break;
 100:app_UART.c    ****                     case 2: 
 101:app_UART.c    ****                         LED_3_Write(0);
 102:app_UART.c    ****                         break;
 103:app_UART.c    ****                     case 3: 
 104:app_UART.c    ****                         LED_4_Write(0);
 105:app_UART.c    ****                         break;
 106:app_UART.c    ****                     default:
 107:app_UART.c    ****                         break;
 108:app_UART.c    ****                 }
 109:app_UART.c    ****             }
 110:app_UART.c    ****             
 111:app_UART.c    ****    
 112:app_UART.c    ****             break;
 113:app_UART.c    ****             
 114:app_UART.c    ****         case 's':
 115:app_UART.c    ****             millis_Reset();
 116:app_UART.c    ****             break;
 117:app_UART.c    ****         case 'm':
 118:app_UART.c    ****             CySoftwareReset();
ARM GAS  C:\Users\ANDREW~1\AppData\Local\Temp\ccGsmwk5.s 			page 4


 119:app_UART.c    ****             break;
 120:app_UART.c    ****         default:
 121:app_UART.c    ****             break;
  54              		.loc 1 121 0
  55 0022 C4E0     		b	.L1
  56              	.L3:
  46:app_UART.c    ****             {
  57              		.loc 1 46 0
  58 0024 0023     		mov	r3, #0
  59 0026 7B64     		str	r3, [r7, #68]
  60 0028 B6E0     		b	.L6
  61              	.L23:
  62              	.LBB2:
  50:app_UART.c    ****                 0x00, 0x00, 0x00, 0x00, 0x00, 0x00, 0x00, 0x00, 0x00, 0x00, 
  63              		.loc 1 50 0
  64 002a 0823     		mov	r3, #8
  65 002c FB18     		add	r3, r7, r3
  66 002e 0022     		mov	r2, #0
  67 0030 1A60     		str	r2, [r3]
  68 0032 0022     		mov	r2, #0
  69 0034 5A60     		str	r2, [r3, #4]
  70 0036 0022     		mov	r2, #0
  71 0038 9A60     		str	r2, [r3, #8]
  72 003a 0022     		mov	r2, #0
  73 003c DA60     		str	r2, [r3, #12]
  74 003e 0022     		mov	r2, #0
  75 0040 1A61     		str	r2, [r3, #16]
  76 0042 0022     		mov	r2, #0
  77 0044 5A61     		str	r2, [r3, #20]
  78 0046 0022     		mov	r2, #0
  79 0048 9A61     		str	r2, [r3, #24]
  80 004a 0022     		mov	r2, #0
  81 004c DA61     		str	r2, [r3, #28]
  82 004e 0022     		mov	r2, #0
  83 0050 1A62     		str	r2, [r3, #32]
  84 0052 0022     		mov	r2, #0
  85 0054 5A62     		str	r2, [r3, #36]
  86 0056 0823     		mov	r3, #8
  87 0058 FB18     		add	r3, r7, r3
  88 005a 2622     		mov	r2, #38
  89 005c 0D21     		mov	r1, #13
  90 005e 9954     		strb	r1, [r3, r2]
  91 0060 0823     		mov	r3, #8
  92 0062 FB18     		add	r3, r7, r3
  93 0064 2722     		mov	r2, #39
  94 0066 0A21     		mov	r1, #10
  95 0068 9954     		strb	r1, [r3, r2]
  56:app_UART.c    ****                 {
  96              		.loc 1 56 0
  97 006a 7B6C     		ldr	r3, [r7, #68]
  98 006c 012B     		cmp	r3, #1
  99 006e 0CD0     		beq	.L8
 100 0070 02DC     		bgt	.L9
 101 0072 002B     		cmp	r3, #0
 102 0074 05D0     		beq	.L10
  71:app_UART.c    ****                 }
 103              		.loc 1 71 0
ARM GAS  C:\Users\ANDREW~1\AppData\Local\Temp\ccGsmwk5.s 			page 5


 104 0076 14E0     		b	.L13
 105              	.L9:
  56:app_UART.c    ****                 {
 106              		.loc 1 56 0
 107 0078 022B     		cmp	r3, #2
 108 007a 0AD0     		beq	.L11
 109 007c 032B     		cmp	r3, #3
 110 007e 0CD0     		beq	.L12
  71:app_UART.c    ****                 }
 111              		.loc 1 71 0
 112 0080 0FE0     		b	.L13
 113              	.L10:
  59:app_UART.c    ****                         break;
 114              		.loc 1 59 0
 115 0082 0120     		mov	r0, #1
 116 0084 FFF7FEFF 		bl	LED_1_Write
  60:app_UART.c    ****                     case 1: 
 117              		.loc 1 60 0
 118 0088 0BE0     		b	.L13
 119              	.L8:
  62:app_UART.c    ****                         break;
 120              		.loc 1 62 0
 121 008a 0120     		mov	r0, #1
 122 008c FFF7FEFF 		bl	LED_2_Write
  63:app_UART.c    ****                     case 2: 
 123              		.loc 1 63 0
 124 0090 07E0     		b	.L13
 125              	.L11:
  65:app_UART.c    ****                         break;
 126              		.loc 1 65 0
 127 0092 0120     		mov	r0, #1
 128 0094 FFF7FEFF 		bl	LED_3_Write
  66:app_UART.c    ****                     case 3: 
 129              		.loc 1 66 0
 130 0098 03E0     		b	.L13
 131              	.L12:
  68:app_UART.c    ****                         break;
 132              		.loc 1 68 0
 133 009a 0120     		mov	r0, #1
 134 009c FFF7FEFF 		bl	LED_4_Write
  69:app_UART.c    ****                     default:
 135              		.loc 1 69 0
 136 00a0 C046     		mov	r8, r8
 137              	.L13:
  75:app_UART.c    ****                 uint32 timestamp = millis();
 138              		.loc 1 75 0
 139 00a2 0023     		mov	r3, #0
 140 00a4 FB63     		str	r3, [r7, #60]
  76:app_UART.c    ****                 dec_to_str (&writeBuffer[count], timestamp, 10);
 141              		.loc 1 76 0
 142 00a6 FFF7FEFF 		bl	millis
 143 00aa 031C     		mov	r3, r0
 144 00ac 7B63     		str	r3, [r7, #52]
  77:app_UART.c    ****                 writeBuffer[count + 11] = ',';
 145              		.loc 1 77 0
 146 00ae 0823     		mov	r3, #8
 147 00b0 FA18     		add	r2, r7, r3
ARM GAS  C:\Users\ANDREW~1\AppData\Local\Temp\ccGsmwk5.s 			page 6


 148 00b2 FB6B     		ldr	r3, [r7, #60]
 149 00b4 D218     		add	r2, r2, r3
 150 00b6 7B6B     		ldr	r3, [r7, #52]
 151 00b8 101C     		mov	r0, r2
 152 00ba 191C     		mov	r1, r3
 153 00bc 0A22     		mov	r2, #10
 154 00be FFF7FEFF 		bl	dec_to_str
  78:app_UART.c    ****                 count+=12;
 155              		.loc 1 78 0
 156 00c2 FB6B     		ldr	r3, [r7, #60]
 157 00c4 0B33     		add	r3, r3, #11
 158 00c6 0822     		mov	r2, #8
 159 00c8 BA18     		add	r2, r7, r2
 160 00ca 2C21     		mov	r1, #44
 161 00cc D154     		strb	r1, [r2, r3]
  79:app_UART.c    ****           
 162              		.loc 1 79 0
 163 00ce FB6B     		ldr	r3, [r7, #60]
 164 00d0 0C33     		add	r3, r3, #12
 165 00d2 FB63     		str	r3, [r7, #60]
  81:app_UART.c    ****                 {
 166              		.loc 1 81 0
 167 00d4 0023     		mov	r3, #0
 168 00d6 3B64     		str	r3, [r7, #64]
 169 00d8 2DE0     		b	.L14
 170              	.L15:
 171              	.LBB3:
  83:app_UART.c    ****                     uint8 AV1=ADC_CountsTo_mVolts(0,VAL1);
 172              		.loc 1 83 0 discriminator 3
 173 00da 3B6C     		ldr	r3, [r7, #64]
 174 00dc 181C     		mov	r0, r3
 175 00de FFF7FEFF 		bl	ADC_GetResult16
 176 00e2 031C     		mov	r3, r0
 177 00e4 1A1C     		mov	r2, r3
 178 00e6 3223     		mov	r3, #50
 179 00e8 FB18     		add	r3, r7, r3
 180 00ea 1A80     		strh	r2, [r3]
  84:app_UART.c    ****                     dec_to_str (&writeBuffer[count], AV1, 4);
 181              		.loc 1 84 0 discriminator 3
 182 00ec 3223     		mov	r3, #50
 183 00ee FB18     		add	r3, r7, r3
 184 00f0 1B88     		ldrh	r3, [r3]
 185 00f2 1BB2     		sxth	r3, r3
 186 00f4 0020     		mov	r0, #0
 187 00f6 191C     		mov	r1, r3
 188 00f8 FFF7FEFF 		bl	ADC_CountsTo_mVolts
 189 00fc 031C     		mov	r3, r0
 190 00fe 1A1C     		mov	r2, r3
 191 0100 3123     		mov	r3, #49
 192 0102 FB18     		add	r3, r7, r3
 193 0104 1A70     		strb	r2, [r3]
  85:app_UART.c    ****                     writeBuffer[count + 5] = ',';
 194              		.loc 1 85 0 discriminator 3
 195 0106 0823     		mov	r3, #8
 196 0108 FA18     		add	r2, r7, r3
 197 010a FB6B     		ldr	r3, [r7, #60]
 198 010c D218     		add	r2, r2, r3
ARM GAS  C:\Users\ANDREW~1\AppData\Local\Temp\ccGsmwk5.s 			page 7


 199 010e 3123     		mov	r3, #49
 200 0110 FB18     		add	r3, r7, r3
 201 0112 1B78     		ldrb	r3, [r3]
 202 0114 101C     		mov	r0, r2
 203 0116 191C     		mov	r1, r3
 204 0118 0422     		mov	r2, #4
 205 011a FFF7FEFF 		bl	dec_to_str
  86:app_UART.c    ****                     count+=6;
 206              		.loc 1 86 0 discriminator 3
 207 011e FB6B     		ldr	r3, [r7, #60]
 208 0120 0533     		add	r3, r3, #5
 209 0122 0822     		mov	r2, #8
 210 0124 BA18     		add	r2, r7, r2
 211 0126 2C21     		mov	r1, #44
 212 0128 D154     		strb	r1, [r2, r3]
  87:app_UART.c    ****                 }
 213              		.loc 1 87 0 discriminator 3
 214 012a FB6B     		ldr	r3, [r7, #60]
 215 012c 0633     		add	r3, r3, #6
 216 012e FB63     		str	r3, [r7, #60]
 217              	.LBE3:
  81:app_UART.c    ****                 {
 218              		.loc 1 81 0 discriminator 3
 219 0130 3B6C     		ldr	r3, [r7, #64]
 220 0132 0133     		add	r3, r3, #1
 221 0134 3B64     		str	r3, [r7, #64]
 222              	.L14:
  81:app_UART.c    ****                 {
 223              		.loc 1 81 0 is_stmt 0 discriminator 1
 224 0136 3B6C     		ldr	r3, [r7, #64]
 225 0138 032B     		cmp	r3, #3
 226 013a CEDD     		ble	.L15
  89:app_UART.c    ****                 sendCommand(writeBuffer);
 227              		.loc 1 89 0 is_stmt 1
 228 013c 0823     		mov	r3, #8
 229 013e FA18     		add	r2, r7, r3
 230 0140 FB6B     		ldr	r3, [r7, #60]
 231 0142 D218     		add	r2, r2, r3
 232 0144 7B6C     		ldr	r3, [r7, #68]
 233 0146 101C     		mov	r0, r2
 234 0148 191C     		mov	r1, r3
 235 014a 0022     		mov	r2, #0
 236 014c FFF7FEFF 		bl	dec_to_str
  90:app_UART.c    ****                 
 237              		.loc 1 90 0
 238 0150 0823     		mov	r3, #8
 239 0152 FB18     		add	r3, r7, r3
 240 0154 181C     		mov	r0, r3
 241 0156 FFF7FEFF 		bl	sendCommand
  92:app_UART.c    ****                 {
 242              		.loc 1 92 0
 243 015a 7B6C     		ldr	r3, [r7, #68]
 244 015c 012B     		cmp	r3, #1
 245 015e 0CD0     		beq	.L17
 246 0160 02DC     		bgt	.L18
 247 0162 002B     		cmp	r3, #0
 248 0164 05D0     		beq	.L19
ARM GAS  C:\Users\ANDREW~1\AppData\Local\Temp\ccGsmwk5.s 			page 8


 107:app_UART.c    ****                 }
 249              		.loc 1 107 0
 250 0166 14E0     		b	.L22
 251              	.L18:
  92:app_UART.c    ****                 {
 252              		.loc 1 92 0
 253 0168 022B     		cmp	r3, #2
 254 016a 0AD0     		beq	.L20
 255 016c 032B     		cmp	r3, #3
 256 016e 0CD0     		beq	.L21
 107:app_UART.c    ****                 }
 257              		.loc 1 107 0
 258 0170 0FE0     		b	.L22
 259              	.L19:
  95:app_UART.c    ****                         break;
 260              		.loc 1 95 0
 261 0172 0020     		mov	r0, #0
 262 0174 FFF7FEFF 		bl	LED_1_Write
  96:app_UART.c    ****                     case 1: 
 263              		.loc 1 96 0
 264 0178 0BE0     		b	.L22
 265              	.L17:
  98:app_UART.c    ****                         break;
 266              		.loc 1 98 0
 267 017a 0020     		mov	r0, #0
 268 017c FFF7FEFF 		bl	LED_2_Write
  99:app_UART.c    ****                     case 2: 
 269              		.loc 1 99 0
 270 0180 07E0     		b	.L22
 271              	.L20:
 101:app_UART.c    ****                         break;
 272              		.loc 1 101 0
 273 0182 0020     		mov	r0, #0
 274 0184 FFF7FEFF 		bl	LED_3_Write
 102:app_UART.c    ****                     case 3: 
 275              		.loc 1 102 0
 276 0188 03E0     		b	.L22
 277              	.L21:
 104:app_UART.c    ****                         break;
 278              		.loc 1 104 0
 279 018a 0020     		mov	r0, #0
 280 018c FFF7FEFF 		bl	LED_4_Write
 105:app_UART.c    ****                     default:
 281              		.loc 1 105 0
 282 0190 C046     		mov	r8, r8
 283              	.L22:
 284              	.LBE2:
  46:app_UART.c    ****             {
 285              		.loc 1 46 0 discriminator 1
 286 0192 7B6C     		ldr	r3, [r7, #68]
 287 0194 0133     		add	r3, r3, #1
 288 0196 7B64     		str	r3, [r7, #68]
 289              	.L6:
  46:app_UART.c    ****             {
 290              		.loc 1 46 0 is_stmt 0 discriminator 2
 291 0198 7B6C     		ldr	r3, [r7, #68]
 292 019a 042B     		cmp	r3, #4
ARM GAS  C:\Users\ANDREW~1\AppData\Local\Temp\ccGsmwk5.s 			page 9


 293 019c 00DC     		bgt	.LCB251
 294 019e 44E7     		b	.L23	@long jump
 295              	.LCB251:
 112:app_UART.c    ****             
 296              		.loc 1 112 0 is_stmt 1
 297 01a0 05E0     		b	.L1
 298              	.L4:
 115:app_UART.c    ****             break;
 299              		.loc 1 115 0
 300 01a2 FFF7FEFF 		bl	millis_Reset
 116:app_UART.c    ****         case 'm':
 301              		.loc 1 116 0
 302 01a6 02E0     		b	.L1
 303              	.L5:
 118:app_UART.c    ****             break;
 304              		.loc 1 118 0
 305 01a8 FFF7FEFF 		bl	CySoftwareReset
 119:app_UART.c    ****         default:
 306              		.loc 1 119 0
 307 01ac C046     		mov	r8, r8
 308              	.L1:
 122:app_UART.c    ****     }
 123:app_UART.c    ****     
 124:app_UART.c    **** }
 309              		.loc 1 124 0
 310 01ae BD46     		mov	sp, r7
 311 01b0 12B0     		add	sp, sp, #72
 312              		@ sp needed
 313 01b2 80BD     		pop	{r7, pc}
 314              		.cfi_endproc
 315              	.LFE37:
 316              		.size	HandleUartRxTraffic, .-HandleUartRxTraffic
 317              		.section	.text.sendCommand,"ax",%progbits
 318              		.align	2
 319              		.global	sendCommand
 320              		.code	16
 321              		.thumb_func
 322              		.type	sendCommand, %function
 323              	sendCommand:
 324              	.LFB38:
 125:app_UART.c    **** 
 126:app_UART.c    **** void sendCommand(uint8 a[])
 127:app_UART.c    **** {    
 325              		.loc 1 127 0
 326              		.cfi_startproc
 327 0000 90B5     		push	{r4, r7, lr}
 328              		.cfi_def_cfa_offset 12
 329              		.cfi_offset 4, -12
 330              		.cfi_offset 7, -8
 331              		.cfi_offset 14, -4
 332 0002 89B0     		sub	sp, sp, #36
 333              		.cfi_def_cfa_offset 48
 334 0004 00AF     		add	r7, sp, #0
 335              		.cfi_def_cfa_register 7
 336 0006 7860     		str	r0, [r7, #4]
 128:app_UART.c    ****     int j;
 129:app_UART.c    ****     for (j = 0; j < 40; j+=20)
ARM GAS  C:\Users\ANDREW~1\AppData\Local\Temp\ccGsmwk5.s 			page 10


 337              		.loc 1 129 0
 338 0008 0023     		mov	r3, #0
 339 000a FB61     		str	r3, [r7, #28]
 340 000c 36E0     		b	.L26
 341              	.L29:
 342              	.LBB4:
 130:app_UART.c    ****     {
 131:app_UART.c    ****         CYBLE_API_RESULT_T              bleApiResult = 0xCDF7;
 343              		.loc 1 131 0
 344 000e 1A23     		mov	r3, #26
 345 0010 FB18     		add	r3, r7, r3
 346 0012 1D4A     		ldr	r2, .L30
 347 0014 1A80     		strh	r2, [r3]
 132:app_UART.c    ****         CYBLE_GATTC_WRITE_CMD_REQ_T     uartTxDataWriteCmd;
 133:app_UART.c    ****     
 134:app_UART.c    ****         uartTxDataWriteCmd.attrHandle = rxCharHandle;
 348              		.loc 1 134 0
 349 0016 1D4B     		ldr	r3, .L30+4
 350 0018 1A88     		ldrh	r2, [r3]
 351 001a 0C23     		mov	r3, #12
 352 001c FB18     		add	r3, r7, r3
 353 001e 1A81     		strh	r2, [r3, #8]
 135:app_UART.c    ****         uartTxDataWriteCmd.value.len  = 20; //uartRxDataNotification->handleValPair.value.len;
 354              		.loc 1 135 0
 355 0020 0C23     		mov	r3, #12
 356 0022 FB18     		add	r3, r7, r3
 357 0024 1422     		mov	r2, #20
 358 0026 9A80     		strh	r2, [r3, #4]
 136:app_UART.c    ****         
 137:app_UART.c    ****         uartTxDataWriteCmd.value.val  = &a[j];  
 359              		.loc 1 137 0
 360 0028 FB69     		ldr	r3, [r7, #28]
 361 002a 7A68     		ldr	r2, [r7, #4]
 362 002c D218     		add	r2, r2, r3
 363 002e 0C23     		mov	r3, #12
 364 0030 FB18     		add	r3, r7, r3
 365 0032 1A60     		str	r2, [r3]
 366              	.L28:
 138:app_UART.c    ****         
 139:app_UART.c    ****         do
 140:app_UART.c    ****         {
 141:app_UART.c    ****             bleApiResult = CyBle_GattcWriteWithoutResponse(cyBle_connHandle, &uartTxDataWriteCmd);
 367              		.loc 1 141 0 discriminator 2
 368 0034 1A23     		mov	r3, #26
 369 0036 FC18     		add	r4, r7, r3
 370 0038 154B     		ldr	r3, .L30+8
 371 003a 0C22     		mov	r2, #12
 372 003c B918     		add	r1, r7, r2
 373 003e 1A78     		ldrb	r2, [r3]
 374 0040 5B78     		ldrb	r3, [r3, #1]
 375 0042 1B02     		lsl	r3, r3, #8
 376 0044 1A43     		orr	r2, r3
 377 0046 0023     		mov	r3, #0
 378 0048 1204     		lsl	r2, r2, #16
 379 004a 120C     		lsr	r2, r2, #16
 380 004c 1B0C     		lsr	r3, r3, #16
 381 004e 1B04     		lsl	r3, r3, #16
ARM GAS  C:\Users\ANDREW~1\AppData\Local\Temp\ccGsmwk5.s 			page 11


 382 0050 1343     		orr	r3, r2
 383 0052 181C     		mov	r0, r3
 384 0054 FFF7FEFF 		bl	CyBle_GattcWriteWithoutResponse
 385 0058 031C     		mov	r3, r0
 386 005a 2380     		strh	r3, [r4]
 142:app_UART.c    ****             CyBle_ProcessEvents();
 387              		.loc 1 142 0 discriminator 2
 388 005c FFF7FEFF 		bl	CyBle_ProcessEvents
 143:app_UART.c    ****         }
 144:app_UART.c    ****         while((CYBLE_ERROR_OK != bleApiResult) && (CYBLE_STATE_CONNECTED == cyBle_state));
 389              		.loc 1 144 0 discriminator 2
 390 0060 1A23     		mov	r3, #26
 391 0062 FB18     		add	r3, r7, r3
 392 0064 1B88     		ldrh	r3, [r3]
 393 0066 002B     		cmp	r3, #0
 394 0068 03D0     		beq	.L27
 395              		.loc 1 144 0 is_stmt 0 discriminator 1
 396 006a 0A4B     		ldr	r3, .L30+12
 397 006c 1B78     		ldrb	r3, [r3]
 398 006e 022B     		cmp	r3, #2
 399 0070 E0D0     		beq	.L28
 400              	.L27:
 145:app_UART.c    ****         
 146:app_UART.c    ****         CyBle_ProcessEvents();
 401              		.loc 1 146 0 is_stmt 1 discriminator 2
 402 0072 FFF7FEFF 		bl	CyBle_ProcessEvents
 403              	.LBE4:
 129:app_UART.c    ****     {
 404              		.loc 1 129 0 discriminator 2
 405 0076 FB69     		ldr	r3, [r7, #28]
 406 0078 1433     		add	r3, r3, #20
 407 007a FB61     		str	r3, [r7, #28]
 408              	.L26:
 129:app_UART.c    ****     {
 409              		.loc 1 129 0 is_stmt 0 discriminator 1
 410 007c FB69     		ldr	r3, [r7, #28]
 411 007e 272B     		cmp	r3, #39
 412 0080 C5DD     		ble	.L29
 147:app_UART.c    ****     }
 148:app_UART.c    **** }
 413              		.loc 1 148 0 is_stmt 1
 414 0082 BD46     		mov	sp, r7
 415 0084 09B0     		add	sp, sp, #36
 416              		@ sp needed
 417 0086 90BD     		pop	{r4, r7, pc}
 418              	.L31:
 419              		.align	2
 420              	.L30:
 421 0088 F7CDFFFF 		.word	-12809
 422 008c 00000000 		.word	rxCharHandle
 423 0090 00000000 		.word	cyBle_connHandle
 424 0094 00000000 		.word	cyBle_state
 425              		.cfi_endproc
 426              	.LFE38:
 427              		.size	sendCommand, .-sendCommand
 428              		.global	__aeabi_uidivmod
 429              		.global	__aeabi_uidiv
ARM GAS  C:\Users\ANDREW~1\AppData\Local\Temp\ccGsmwk5.s 			page 12


 430              		.section	.text.dec_to_str,"ax",%progbits
 431              		.align	2
 432              		.global	dec_to_str
 433              		.code	16
 434              		.thumb_func
 435              		.type	dec_to_str, %function
 436              	dec_to_str:
 437              	.LFB39:
 149:app_UART.c    **** 
 150:app_UART.c    **** 
 151:app_UART.c    **** void dec_to_str (uint8* str, uint32_t val, size_t digits)
 152:app_UART.c    **** {
 438              		.loc 1 152 0
 439              		.cfi_startproc
 440 0000 90B5     		push	{r4, r7, lr}
 441              		.cfi_def_cfa_offset 12
 442              		.cfi_offset 4, -12
 443              		.cfi_offset 7, -8
 444              		.cfi_offset 14, -4
 445 0002 87B0     		sub	sp, sp, #28
 446              		.cfi_def_cfa_offset 40
 447 0004 00AF     		add	r7, sp, #0
 448              		.cfi_def_cfa_register 7
 449 0006 F860     		str	r0, [r7, #12]
 450 0008 B960     		str	r1, [r7, #8]
 451 000a 7A60     		str	r2, [r7, #4]
 153:app_UART.c    ****   size_t i=1u;
 452              		.loc 1 153 0
 453 000c 0123     		mov	r3, #1
 454 000e 7B61     		str	r3, [r7, #20]
 154:app_UART.c    ****   digits++;
 455              		.loc 1 154 0
 456 0010 7B68     		ldr	r3, [r7, #4]
 457 0012 0133     		add	r3, r3, #1
 458 0014 7B60     		str	r3, [r7, #4]
 155:app_UART.c    ****     
 156:app_UART.c    ****   for(; i<=digits; i++)
 459              		.loc 1 156 0
 460 0016 38E0     		b	.L33
 461              	.L37:
 157:app_UART.c    ****   {
 158:app_UART.c    ****     
 159:app_UART.c    ****     if ((digits == 5) && (i == (digits - 1)))
 462              		.loc 1 159 0
 463 0018 7B68     		ldr	r3, [r7, #4]
 464 001a 052B     		cmp	r3, #5
 465 001c 0CD1     		bne	.L34
 466              		.loc 1 159 0 is_stmt 0 discriminator 1
 467 001e 7B68     		ldr	r3, [r7, #4]
 468 0020 5A1E     		sub	r2, r3, #1
 469 0022 7B69     		ldr	r3, [r7, #20]
 470 0024 9A42     		cmp	r2, r3
 471 0026 07D1     		bne	.L34
 160:app_UART.c    ****     {
 161:app_UART.c    ****         str[digits-i] = '.';
 472              		.loc 1 161 0 is_stmt 1
 473 0028 7A68     		ldr	r2, [r7, #4]
ARM GAS  C:\Users\ANDREW~1\AppData\Local\Temp\ccGsmwk5.s 			page 13


 474 002a 7B69     		ldr	r3, [r7, #20]
 475 002c D31A     		sub	r3, r2, r3
 476 002e FA68     		ldr	r2, [r7, #12]
 477 0030 D318     		add	r3, r2, r3
 478 0032 2E22     		mov	r2, #46
 479 0034 1A70     		strb	r2, [r3]
 480 0036 25E0     		b	.L35
 481              	.L34:
 162:app_UART.c    ****     }
 163:app_UART.c    ****     else if ((digits == 11) && (i == (digits - 7)))
 482              		.loc 1 163 0
 483 0038 7B68     		ldr	r3, [r7, #4]
 484 003a 0B2B     		cmp	r3, #11
 485 003c 0CD1     		bne	.L36
 486              		.loc 1 163 0 is_stmt 0 discriminator 1
 487 003e 7B68     		ldr	r3, [r7, #4]
 488 0040 DA1F     		sub	r2, r3, #7
 489 0042 7B69     		ldr	r3, [r7, #20]
 490 0044 9A42     		cmp	r2, r3
 491 0046 07D1     		bne	.L36
 164:app_UART.c    ****     {
 165:app_UART.c    ****         str[digits-i] = '.';
 492              		.loc 1 165 0 is_stmt 1
 493 0048 7A68     		ldr	r2, [r7, #4]
 494 004a 7B69     		ldr	r3, [r7, #20]
 495 004c D31A     		sub	r3, r2, r3
 496 004e FA68     		ldr	r2, [r7, #12]
 497 0050 D318     		add	r3, r2, r3
 498 0052 2E22     		mov	r2, #46
 499 0054 1A70     		strb	r2, [r3]
 500 0056 15E0     		b	.L35
 501              	.L36:
 166:app_UART.c    ****     }
 167:app_UART.c    ****     else
 168:app_UART.c    ****     {
 169:app_UART.c    ****         str[digits-i] = (char)((val % 10u) + '0');
 502              		.loc 1 169 0
 503 0058 7A68     		ldr	r2, [r7, #4]
 504 005a 7B69     		ldr	r3, [r7, #20]
 505 005c D31A     		sub	r3, r2, r3
 506 005e FA68     		ldr	r2, [r7, #12]
 507 0060 D418     		add	r4, r2, r3
 508 0062 BB68     		ldr	r3, [r7, #8]
 509 0064 181C     		mov	r0, r3
 510 0066 0A21     		mov	r1, #10
 511 0068 FFF7FEFF 		bl	__aeabi_uidivmod
 512 006c 0B1C     		mov	r3, r1
 513 006e DBB2     		uxtb	r3, r3
 514 0070 3033     		add	r3, r3, #48
 515 0072 DBB2     		uxtb	r3, r3
 516 0074 2370     		strb	r3, [r4]
 170:app_UART.c    ****         val/=10u;
 517              		.loc 1 170 0
 518 0076 BB68     		ldr	r3, [r7, #8]
 519 0078 181C     		mov	r0, r3
 520 007a 0A21     		mov	r1, #10
 521 007c FFF7FEFF 		bl	__aeabi_uidiv
ARM GAS  C:\Users\ANDREW~1\AppData\Local\Temp\ccGsmwk5.s 			page 14


 522 0080 031C     		mov	r3, r0
 523 0082 BB60     		str	r3, [r7, #8]
 524              	.L35:
 156:app_UART.c    ****   {
 525              		.loc 1 156 0
 526 0084 7B69     		ldr	r3, [r7, #20]
 527 0086 0133     		add	r3, r3, #1
 528 0088 7B61     		str	r3, [r7, #20]
 529              	.L33:
 156:app_UART.c    ****   {
 530              		.loc 1 156 0 is_stmt 0 discriminator 1
 531 008a 7A69     		ldr	r2, [r7, #20]
 532 008c 7B68     		ldr	r3, [r7, #4]
 533 008e 9A42     		cmp	r2, r3
 534 0090 C2D9     		bls	.L37
 171:app_UART.c    ****     }
 172:app_UART.c    ****   }
 173:app_UART.c    **** }
 535              		.loc 1 173 0 is_stmt 1
 536 0092 BD46     		mov	sp, r7
 537 0094 07B0     		add	sp, sp, #28
 538              		@ sp needed
 539 0096 90BD     		pop	{r4, r7, pc}
 540              		.cfi_endproc
 541              	.LFE39:
 542              		.size	dec_to_str, .-dec_to_str
 543              		.section	.text.HandleUartTxTraffic,"ax",%progbits
 544              		.align	2
 545              		.global	HandleUartTxTraffic
 546              		.code	16
 547              		.thumb_func
 548              		.type	HandleUartTxTraffic, %function
 549              	HandleUartTxTraffic:
 550              	.LFB40:
 174:app_UART.c    **** 
 175:app_UART.c    **** 
 176:app_UART.c    **** /*******************************************************************************
 177:app_UART.c    **** * Function Name: HandleUartTxTraffic
 178:app_UART.c    **** ********************************************************************************
 179:app_UART.c    **** *
 180:app_UART.c    **** * Summary:
 181:app_UART.c    **** *  This function takes data from UART RX buffer and pushes it to the server 
 182:app_UART.c    **** *  as Write Without Response command.
 183:app_UART.c    **** *
 184:app_UART.c    **** * Parameters:
 185:app_UART.c    **** *  None.
 186:app_UART.c    **** *
 187:app_UART.c    **** * Return:
 188:app_UART.c    **** *   None.
 189:app_UART.c    **** *
 190:app_UART.c    **** *******************************************************************************/
 191:app_UART.c    **** void HandleUartTxTraffic(void)
 192:app_UART.c    **** {
 551              		.loc 1 192 0
 552              		.cfi_startproc
 553 0000 80B5     		push	{r7, lr}
 554              		.cfi_def_cfa_offset 8
ARM GAS  C:\Users\ANDREW~1\AppData\Local\Temp\ccGsmwk5.s 			page 15


 555              		.cfi_offset 7, -8
 556              		.cfi_offset 14, -4
 557 0002 00AF     		add	r7, sp, #0
 558              		.cfi_def_cfa_register 7
 193:app_UART.c    ****     /*uint8   index;
 194:app_UART.c    ****     uint8   uartTxData[mtuSize - 3];
 195:app_UART.c    ****     uint16  uartTxDataLength;
 196:app_UART.c    ****     uint8   a[20]={0x31, 0x7A, 0x0D, 0x0a, 0x00, 0x00, 0x00, 0x00, 0x00, 0x00, 0x00, 0x00 ,0x00, 0x
 197:app_UART.c    ****     
 198:app_UART.c    ****     uartTxDataLength = UART_SpiUartGetRxBufferSize();
 199:app_UART.c    ****     
 200:app_UART.c    ****     static uint16 uartIdleCount = UART_IDLE_TIMEOUT;
 201:app_UART.c    ****     
 202:app_UART.c    ****     CYBLE_API_RESULT_T              bleApiResult;
 203:app_UART.c    ****     CYBLE_GATTC_WRITE_CMD_REQ_T     uartTxDataWriteCmd;
 204:app_UART.c    ****     
 205:app_UART.c    ****     
 206:app_UART.c    ****     
 207:app_UART.c    ****     #ifdef FLOW_CONTROL
 208:app_UART.c    ****         if(uartTxDataLength >= (UART_UART_RX_BUFFER_SIZE - (UART_UART_RX_BUFFER_SIZE/2)))
 209:app_UART.c    ****         {
 210:app_UART.c    ****             DisableUartRxInt();
 211:app_UART.c    ****         }
 212:app_UART.c    ****         else
 213:app_UART.c    ****         {
 214:app_UART.c    ****             EnableUartRxInt();
 215:app_UART.c    ****         }
 216:app_UART.c    ****     #endif
 217:app_UART.c    ****     
 218:app_UART.c    ****     if((uartTxDataLength != 0))
 219:app_UART.c    ****     {
 220:app_UART.c    ****         if(uartTxDataLength >= (mtuSize - 3))
 221:app_UART.c    ****         {
 222:app_UART.c    ****             uartIdleCount       = UART_IDLE_TIMEOUT;
 223:app_UART.c    ****             uartTxDataLength    = mtuSize - 3;
 224:app_UART.c    ****         }
 225:app_UART.c    ****         else
 226:app_UART.c    ****         {
 227:app_UART.c    ****             if(--uartIdleCount == 0)
 228:app_UART.c    ****             {
 229:app_UART.c    ****                 /*uartTxDataLength remains unchanged ;
 230:app_UART.c    ****             }
 231:app_UART.c    ****             else
 232:app_UART.c    ****             {
 233:app_UART.c    ****                 uartTxDataLength = 0;
 234:app_UART.c    ****             }
 235:app_UART.c    ****         }
 236:app_UART.c    ****         
 237:app_UART.c    ****         if(0 != uartTxDataLength)
 238:app_UART.c    ****         {
 239:app_UART.c    ****             uartIdleCount       = UART_IDLE_TIMEOUT;
 240:app_UART.c    ****             
 241:app_UART.c    ****             for(index = 0; index < uartTxDataLength; index++)
 242:app_UART.c    ****             {
 243:app_UART.c    ****                 uartTxData[index] = (uint8) UART_UartGetByte();
 244:app_UART.c    ****             }
 245:app_UART.c    ****             
ARM GAS  C:\Users\ANDREW~1\AppData\Local\Temp\ccGsmwk5.s 			page 16


 246:app_UART.c    ****             //uartTxDataWriteCmd.attrHandle = rxCharHandle;
 247:app_UART.c    ****             //uartTxDataWriteCmd.value.len  = uartTxDataLength;
 248:app_UART.c    ****             //uartTxDataWriteCmd.value.val  = uartTxData;           
 249:app_UART.c    ****   
 250:app_UART.c    ****             
 251:app_UART.c    ****             uartTxDataWriteCmd.attrHandle = rxCharHandle;
 252:app_UART.c    ****             uartTxDataWriteCmd.value.len  = 0x0004;
 253:app_UART.c    ****             uartTxDataWriteCmd.value.val  = a; 
 254:app_UART.c    ****             
 255:app_UART.c    ****             #ifdef FLOW_CONTROL
 256:app_UART.c    ****                 DisableUartRxInt();
 257:app_UART.c    ****             #endif
 258:app_UART.c    ****             
 259:app_UART.c    ****             do
 260:app_UART.c    ****             {
 261:app_UART.c    ****                 bleApiResult = CyBle_GattcWriteWithoutResponse(cyBle_connHandle, &uartTxDataWriteCm
 262:app_UART.c    ****                 CyBle_ProcessEvents();
 263:app_UART.c    ****             }
 264:app_UART.c    ****            while((CYBLE_ERROR_OK != bleApiResult) && (CYBLE_STATE_CONNECTED == cyBle_state));
 265:app_UART.c    ****             
 266:app_UART.c    ****         }
 267:app_UART.c    ****     }
 268:app_UART.c    **** */
 269:app_UART.c    **** }
 559              		.loc 1 269 0
 560 0004 BD46     		mov	sp, r7
 561              		@ sp needed
 562 0006 80BD     		pop	{r7, pc}
 563              		.cfi_endproc
 564              	.LFE40:
 565              		.size	HandleUartTxTraffic, .-HandleUartTxTraffic
 566              		.section	.text.DisableUartRxInt,"ax",%progbits
 567              		.align	2
 568              		.global	DisableUartRxInt
 569              		.code	16
 570              		.thumb_func
 571              		.type	DisableUartRxInt, %function
 572              	DisableUartRxInt:
 573              	.LFB41:
 270:app_UART.c    **** 
 271:app_UART.c    **** /*****************************************************************************************
 272:app_UART.c    **** * Function Name: DisableUartRxInt
 273:app_UART.c    **** ******************************************************************************************
 274:app_UART.c    **** *
 275:app_UART.c    **** * Summary:
 276:app_UART.c    **** *  This function disables the UART RX interrupt.
 277:app_UART.c    **** *
 278:app_UART.c    **** * Parameters:
 279:app_UART.c    **** *   None.
 280:app_UART.c    **** *
 281:app_UART.c    **** * Return:
 282:app_UART.c    **** *   None.
 283:app_UART.c    **** *
 284:app_UART.c    **** *****************************************************************************************/
 285:app_UART.c    **** void DisableUartRxInt(void)
 286:app_UART.c    **** {
 574              		.loc 1 286 0
ARM GAS  C:\Users\ANDREW~1\AppData\Local\Temp\ccGsmwk5.s 			page 17


 575              		.cfi_startproc
 576 0000 80B5     		push	{r7, lr}
 577              		.cfi_def_cfa_offset 8
 578              		.cfi_offset 7, -8
 579              		.cfi_offset 14, -4
 580 0002 00AF     		add	r7, sp, #0
 581              		.cfi_def_cfa_register 7
 287:app_UART.c    ****     UART_INTR_RX_MASK_REG &= ~UART_RX_INTR_MASK;  
 582              		.loc 1 287 0
 583 0004 034B     		ldr	r3, .L40
 584 0006 034A     		ldr	r2, .L40
 585 0008 1268     		ldr	r2, [r2]
 586 000a 0421     		mov	r1, #4
 587 000c 8A43     		bic	r2, r1
 588 000e 1A60     		str	r2, [r3]
 288:app_UART.c    **** }
 589              		.loc 1 288 0
 590 0010 BD46     		mov	sp, r7
 591              		@ sp needed
 592 0012 80BD     		pop	{r7, pc}
 593              	.L41:
 594              		.align	2
 595              	.L40:
 596 0014 C80F2440 		.word	1076105160
 597              		.cfi_endproc
 598              	.LFE41:
 599              		.size	DisableUartRxInt, .-DisableUartRxInt
 600              		.section	.text.EnableUartRxInt,"ax",%progbits
 601              		.align	2
 602              		.global	EnableUartRxInt
 603              		.code	16
 604              		.thumb_func
 605              		.type	EnableUartRxInt, %function
 606              	EnableUartRxInt:
 607              	.LFB42:
 289:app_UART.c    **** 
 290:app_UART.c    **** /*****************************************************************************************
 291:app_UART.c    **** * Function Name: EnableUartRxInt
 292:app_UART.c    **** ******************************************************************************************
 293:app_UART.c    **** *
 294:app_UART.c    **** * Summary:
 295:app_UART.c    **** *  This function enables the UART RX interrupt.
 296:app_UART.c    **** *
 297:app_UART.c    **** * Parameters:
 298:app_UART.c    **** *   None.
 299:app_UART.c    **** *
 300:app_UART.c    **** * Return:
 301:app_UART.c    **** *   None.
 302:app_UART.c    **** *
 303:app_UART.c    **** *****************************************************************************************/
 304:app_UART.c    **** void EnableUartRxInt(void)
 305:app_UART.c    **** {
 608              		.loc 1 305 0
 609              		.cfi_startproc
 610 0000 80B5     		push	{r7, lr}
 611              		.cfi_def_cfa_offset 8
 612              		.cfi_offset 7, -8
ARM GAS  C:\Users\ANDREW~1\AppData\Local\Temp\ccGsmwk5.s 			page 18


 613              		.cfi_offset 14, -4
 614 0002 00AF     		add	r7, sp, #0
 615              		.cfi_def_cfa_register 7
 306:app_UART.c    ****     UART_INTR_RX_MASK_REG |= UART_RX_INTR_MASK;  
 616              		.loc 1 306 0
 617 0004 034B     		ldr	r3, .L43
 618 0006 034A     		ldr	r2, .L43
 619 0008 1268     		ldr	r2, [r2]
 620 000a 0421     		mov	r1, #4
 621 000c 0A43     		orr	r2, r1
 622 000e 1A60     		str	r2, [r3]
 307:app_UART.c    **** }
 623              		.loc 1 307 0
 624 0010 BD46     		mov	sp, r7
 625              		@ sp needed
 626 0012 80BD     		pop	{r7, pc}
 627              	.L44:
 628              		.align	2
 629              	.L43:
 630 0014 C80F2440 		.word	1076105160
 631              		.cfi_endproc
 632              	.LFE42:
 633              		.size	EnableUartRxInt, .-EnableUartRxInt
 634              		.text
 635              	.Letext0:
 636              		.file 2 "c:\\program files (x86)\\cypress\\psoc creator\\4.0\\psoc creator\\import\\gnu\\arm\\4.9.
 637              		.file 3 "c:\\program files (x86)\\cypress\\psoc creator\\4.0\\psoc creator\\import\\gnu\\arm\\4.9.
 638              		.file 4 "Generated_Source\\PSoC4/cytypes.h"
 639              		.file 5 "c:\\program files (x86)\\cypress\\psoc creator\\4.0\\psoc creator\\import\\gnu\\arm\\4.9.
 640              		.file 6 "Generated_Source\\PSoC4/BLE_Stack.h"
 641              		.file 7 "Generated_Source\\PSoC4/BLE_StackGatt.h"
 642              		.file 8 "Generated_Source\\PSoC4/BLE_StackGattClient.h"
 643              		.file 9 "Generated_Source\\PSoC4/BLE_eventHandler.h"
 644              		.file 10 "app_UART.h"
 645              		.section	.debug_info,"",%progbits
 646              	.Ldebug_info0:
 647 0000 8E040000 		.4byte	0x48e
 648 0004 0400     		.2byte	0x4
 649 0006 00000000 		.4byte	.Ldebug_abbrev0
 650 000a 04       		.byte	0x4
 651 000b 01       		.uleb128 0x1
 652 000c 16050000 		.4byte	.LASF90
 653 0010 01       		.byte	0x1
 654 0011 D9050000 		.4byte	.LASF91
 655 0015 D6020000 		.4byte	.LASF92
 656 0019 00000000 		.4byte	.Ldebug_ranges0+0
 657 001d 00000000 		.4byte	0
 658 0021 00000000 		.4byte	.Ldebug_line0
 659 0025 02       		.uleb128 0x2
 660 0026 01       		.byte	0x1
 661 0027 06       		.byte	0x6
 662 0028 F6030000 		.4byte	.LASF0
 663 002c 02       		.uleb128 0x2
 664 002d 01       		.byte	0x1
 665 002e 08       		.byte	0x8
 666 002f C4030000 		.4byte	.LASF1
 667 0033 02       		.uleb128 0x2
ARM GAS  C:\Users\ANDREW~1\AppData\Local\Temp\ccGsmwk5.s 			page 19


 668 0034 02       		.byte	0x2
 669 0035 05       		.byte	0x5
 670 0036 FC010000 		.4byte	.LASF2
 671 003a 02       		.uleb128 0x2
 672 003b 02       		.byte	0x2
 673 003c 07       		.byte	0x7
 674 003d C7040000 		.4byte	.LASF3
 675 0041 02       		.uleb128 0x2
 676 0042 04       		.byte	0x4
 677 0043 05       		.byte	0x5
 678 0044 A3020000 		.4byte	.LASF4
 679 0048 03       		.uleb128 0x3
 680 0049 FE000000 		.4byte	.LASF9
 681 004d 02       		.byte	0x2
 682 004e 41       		.byte	0x41
 683 004f 53000000 		.4byte	0x53
 684 0053 02       		.uleb128 0x2
 685 0054 04       		.byte	0x4
 686 0055 07       		.byte	0x7
 687 0056 6C060000 		.4byte	.LASF5
 688 005a 02       		.uleb128 0x2
 689 005b 08       		.byte	0x8
 690 005c 05       		.byte	0x5
 691 005d 67020000 		.4byte	.LASF6
 692 0061 02       		.uleb128 0x2
 693 0062 08       		.byte	0x8
 694 0063 07       		.byte	0x7
 695 0064 02040000 		.4byte	.LASF7
 696 0068 04       		.uleb128 0x4
 697 0069 04       		.byte	0x4
 698 006a 05       		.byte	0x5
 699 006b 696E7400 		.ascii	"int\000"
 700 006f 02       		.uleb128 0x2
 701 0070 04       		.byte	0x4
 702 0071 07       		.byte	0x7
 703 0072 45040000 		.4byte	.LASF8
 704 0076 03       		.uleb128 0x3
 705 0077 50060000 		.4byte	.LASF10
 706 007b 03       		.byte	0x3
 707 007c 2D       		.byte	0x2d
 708 007d 48000000 		.4byte	0x48
 709 0081 05       		.uleb128 0x5
 710 0082 D2010000 		.4byte	.LASF11
 711 0086 04       		.byte	0x4
 712 0087 B901     		.2byte	0x1b9
 713 0089 2C000000 		.4byte	0x2c
 714 008d 05       		.uleb128 0x5
 715 008e AD010000 		.4byte	.LASF12
 716 0092 04       		.byte	0x4
 717 0093 BA01     		.2byte	0x1ba
 718 0095 3A000000 		.4byte	0x3a
 719 0099 05       		.uleb128 0x5
 720 009a 59060000 		.4byte	.LASF13
 721 009e 04       		.byte	0x4
 722 009f BB01     		.2byte	0x1bb
 723 00a1 53000000 		.4byte	0x53
 724 00a5 02       		.uleb128 0x2
ARM GAS  C:\Users\ANDREW~1\AppData\Local\Temp\ccGsmwk5.s 			page 20


 725 00a6 04       		.byte	0x4
 726 00a7 04       		.byte	0x4
 727 00a8 4C020000 		.4byte	.LASF14
 728 00ac 02       		.uleb128 0x2
 729 00ad 08       		.byte	0x8
 730 00ae 04       		.byte	0x4
 731 00af 89060000 		.4byte	.LASF15
 732 00b3 02       		.uleb128 0x2
 733 00b4 01       		.byte	0x1
 734 00b5 08       		.byte	0x8
 735 00b6 E7040000 		.4byte	.LASF16
 736 00ba 05       		.uleb128 0x5
 737 00bb 9E040000 		.4byte	.LASF17
 738 00bf 04       		.byte	0x4
 739 00c0 6502     		.2byte	0x265
 740 00c2 C6000000 		.4byte	0xc6
 741 00c6 06       		.uleb128 0x6
 742 00c7 99000000 		.4byte	0x99
 743 00cb 03       		.uleb128 0x3
 744 00cc 92000000 		.4byte	.LASF18
 745 00d0 05       		.byte	0x5
 746 00d1 D4       		.byte	0xd4
 747 00d2 6F000000 		.4byte	0x6f
 748 00d6 02       		.uleb128 0x2
 749 00d7 04       		.byte	0x4
 750 00d8 07       		.byte	0x7
 751 00d9 99000000 		.4byte	.LASF19
 752 00dd 07       		.uleb128 0x7
 753 00de 04       		.byte	0x4
 754 00df 2C000000 		.4byte	0x2c
 755 00e3 08       		.uleb128 0x8
 756 00e4 02       		.byte	0x2
 757 00e5 06       		.byte	0x6
 758 00e6 D203     		.2byte	0x3d2
 759 00e8 B3010000 		.4byte	0x1b3
 760 00ec 09       		.uleb128 0x9
 761 00ed AD000000 		.4byte	.LASF20
 762 00f1 00       		.sleb128 0
 763 00f2 09       		.uleb128 0x9
 764 00f3 55010000 		.4byte	.LASF21
 765 00f7 01       		.sleb128 1
 766 00f8 09       		.uleb128 0x9
 767 00f9 B4010000 		.4byte	.LASF22
 768 00fd 02       		.sleb128 2
 769 00fe 09       		.uleb128 0x9
 770 00ff E4050000 		.4byte	.LASF23
 771 0103 03       		.sleb128 3
 772 0104 09       		.uleb128 0x9
 773 0105 29020000 		.4byte	.LASF24
 774 0109 04       		.sleb128 4
 775 010a 09       		.uleb128 0x9
 776 010b 73010000 		.4byte	.LASF25
 777 010f 05       		.sleb128 5
 778 0110 09       		.uleb128 0x9
 779 0111 AC020000 		.4byte	.LASF26
 780 0115 06       		.sleb128 6
 781 0116 09       		.uleb128 0x9
ARM GAS  C:\Users\ANDREW~1\AppData\Local\Temp\ccGsmwk5.s 			page 21


 782 0117 82030000 		.4byte	.LASF27
 783 011b 07       		.sleb128 7
 784 011c 09       		.uleb128 0x9
 785 011d 41030000 		.4byte	.LASF28
 786 0121 08       		.sleb128 8
 787 0122 09       		.uleb128 0x9
 788 0123 30040000 		.4byte	.LASF29
 789 0127 09       		.sleb128 9
 790 0128 09       		.uleb128 0x9
 791 0129 0F020000 		.4byte	.LASF30
 792 012d 0A       		.sleb128 10
 793 012e 09       		.uleb128 0x9
 794 012f 75020000 		.4byte	.LASF31
 795 0133 0B       		.sleb128 11
 796 0134 09       		.uleb128 0x9
 797 0135 19040000 		.4byte	.LASF32
 798 0139 0C       		.sleb128 12
 799 013a 09       		.uleb128 0x9
 800 013b 52040000 		.4byte	.LASF33
 801 013f 0D       		.sleb128 13
 802 0140 09       		.uleb128 0x9
 803 0141 25000000 		.4byte	.LASF34
 804 0145 0E       		.sleb128 14
 805 0146 09       		.uleb128 0x9
 806 0147 00000000 		.4byte	.LASF35
 807 014b 0F       		.sleb128 15
 808 014c 09       		.uleb128 0x9
 809 014d A3070000 		.4byte	.LASF36
 810 0151 10       		.sleb128 16
 811 0152 09       		.uleb128 0x9
 812 0153 62000000 		.4byte	.LASF37
 813 0157 11       		.sleb128 17
 814 0158 09       		.uleb128 0x9
 815 0159 E8060000 		.4byte	.LASF38
 816 015d 12       		.sleb128 18
 817 015e 09       		.uleb128 0x9
 818 015f 7B070000 		.4byte	.LASF39
 819 0163 13       		.sleb128 19
 820 0164 09       		.uleb128 0x9
 821 0165 2A070000 		.4byte	.LASF40
 822 0169 27       		.sleb128 39
 823 016a 09       		.uleb128 0x9
 824 016b BC000000 		.4byte	.LASF41
 825 016f 28       		.sleb128 40
 826 0170 09       		.uleb128 0x9
 827 0171 09010000 		.4byte	.LASF42
 828 0175 29       		.sleb128 41
 829 0176 09       		.uleb128 0x9
 830 0177 E1000000 		.4byte	.LASF43
 831 017b 2A       		.sleb128 42
 832 017c 09       		.uleb128 0x9
 833 017d 1D060000 		.4byte	.LASF44
 834 0181 2B       		.sleb128 43
 835 0182 09       		.uleb128 0x9
 836 0183 D2030000 		.4byte	.LASF45
 837 0187 2C       		.sleb128 44
 838 0188 09       		.uleb128 0x9
ARM GAS  C:\Users\ANDREW~1\AppData\Local\Temp\ccGsmwk5.s 			page 22


 839 0189 A4050000 		.4byte	.LASF46
 840 018d FE01     		.sleb128 254
 841 018f 09       		.uleb128 0x9
 842 0190 4C070000 		.4byte	.LASF47
 843 0194 FF01     		.sleb128 255
 844 0196 09       		.uleb128 0x9
 845 0197 11070000 		.4byte	.LASF48
 846 019b 8002     		.sleb128 256
 847 019d 09       		.uleb128 0x9
 848 019e DC070000 		.4byte	.LASF49
 849 01a2 8102     		.sleb128 257
 850 01a4 09       		.uleb128 0x9
 851 01a5 A4040000 		.4byte	.LASF50
 852 01a9 8202     		.sleb128 258
 853 01ab 09       		.uleb128 0x9
 854 01ac 5C070000 		.4byte	.LASF51
 855 01b0 8302     		.sleb128 259
 856 01b2 00       		.byte	0
 857 01b3 05       		.uleb128 0x5
 858 01b4 D8010000 		.4byte	.LASF52
 859 01b8 06       		.byte	0x6
 860 01b9 3E04     		.2byte	0x43e
 861 01bb E3000000 		.4byte	0xe3
 862 01bf 07       		.uleb128 0x7
 863 01c0 04       		.byte	0x4
 864 01c1 81000000 		.4byte	0x81
 865 01c5 05       		.uleb128 0x5
 866 01c6 25010000 		.4byte	.LASF53
 867 01ca 07       		.byte	0x7
 868 01cb 8401     		.2byte	0x184
 869 01cd 8D000000 		.4byte	0x8d
 870 01d1 0A       		.uleb128 0xa
 871 01d2 02       		.byte	0x2
 872 01d3 07       		.byte	0x7
 873 01d4 8E01     		.2byte	0x18e
 874 01d6 F5010000 		.4byte	0x1f5
 875 01da 0B       		.uleb128 0xb
 876 01db 06020000 		.4byte	.LASF54
 877 01df 07       		.byte	0x7
 878 01e0 9501     		.2byte	0x195
 879 01e2 81000000 		.4byte	0x81
 880 01e6 00       		.byte	0
 881 01e7 0B       		.uleb128 0xb
 882 01e8 2C080000 		.4byte	.LASF55
 883 01ec 07       		.byte	0x7
 884 01ed 9B01     		.2byte	0x19b
 885 01ef 81000000 		.4byte	0x81
 886 01f3 01       		.byte	0x1
 887 01f4 00       		.byte	0
 888 01f5 05       		.uleb128 0x5
 889 01f6 A4060000 		.4byte	.LASF56
 890 01fa 07       		.byte	0x7
 891 01fb 9D01     		.2byte	0x19d
 892 01fd D1010000 		.4byte	0x1d1
 893 0201 0A       		.uleb128 0xa
 894 0202 08       		.byte	0x8
 895 0203 07       		.byte	0x7
ARM GAS  C:\Users\ANDREW~1\AppData\Local\Temp\ccGsmwk5.s 			page 23


 896 0204 B901     		.2byte	0x1b9
 897 0206 32020000 		.4byte	0x232
 898 020a 0C       		.uleb128 0xc
 899 020b 76616C00 		.ascii	"val\000"
 900 020f 07       		.byte	0x7
 901 0210 BC01     		.2byte	0x1bc
 902 0212 BF010000 		.4byte	0x1bf
 903 0216 00       		.byte	0
 904 0217 0C       		.uleb128 0xc
 905 0218 6C656E00 		.ascii	"len\000"
 906 021c 07       		.byte	0x7
 907 021d BF01     		.2byte	0x1bf
 908 021f 8D000000 		.4byte	0x8d
 909 0223 04       		.byte	0x4
 910 0224 0B       		.uleb128 0xb
 911 0225 4E000000 		.4byte	.LASF57
 912 0229 07       		.byte	0x7
 913 022a C601     		.2byte	0x1c6
 914 022c 8D000000 		.4byte	0x8d
 915 0230 06       		.byte	0x6
 916 0231 00       		.byte	0
 917 0232 05       		.uleb128 0x5
 918 0233 03050000 		.4byte	.LASF58
 919 0237 07       		.byte	0x7
 920 0238 C801     		.2byte	0x1c8
 921 023a 01020000 		.4byte	0x201
 922 023e 0A       		.uleb128 0xa
 923 023f 0C       		.byte	0xc
 924 0240 07       		.byte	0x7
 925 0241 CB01     		.2byte	0x1cb
 926 0243 62020000 		.4byte	0x262
 927 0247 0B       		.uleb128 0xb
 928 0248 91010000 		.4byte	.LASF59
 929 024c 07       		.byte	0x7
 930 024d CE01     		.2byte	0x1ce
 931 024f 32020000 		.4byte	0x232
 932 0253 00       		.byte	0
 933 0254 0B       		.uleb128 0xb
 934 0255 7E060000 		.4byte	.LASF60
 935 0259 07       		.byte	0x7
 936 025a D101     		.2byte	0x1d1
 937 025c C5010000 		.4byte	0x1c5
 938 0260 08       		.byte	0x8
 939 0261 00       		.byte	0
 940 0262 05       		.uleb128 0x5
 941 0263 B8060000 		.4byte	.LASF61
 942 0267 07       		.byte	0x7
 943 0268 D301     		.2byte	0x1d3
 944 026a 3E020000 		.4byte	0x23e
 945 026e 03       		.uleb128 0x3
 946 026f 66030000 		.4byte	.LASF62
 947 0273 08       		.byte	0x8
 948 0274 74       		.byte	0x74
 949 0275 62020000 		.4byte	0x262
 950 0279 0D       		.uleb128 0xd
 951 027a 10       		.byte	0x10
 952 027b 08       		.byte	0x8
ARM GAS  C:\Users\ANDREW~1\AppData\Local\Temp\ccGsmwk5.s 			page 24


 953 027c 88       		.byte	0x88
 954 027d 9A020000 		.4byte	0x29a
 955 0281 0E       		.uleb128 0xe
 956 0282 A2000000 		.4byte	.LASF63
 957 0286 08       		.byte	0x8
 958 0287 8B       		.byte	0x8b
 959 0288 F5010000 		.4byte	0x1f5
 960 028c 00       		.byte	0
 961 028d 0E       		.uleb128 0xe
 962 028e 95020000 		.4byte	.LASF64
 963 0292 08       		.byte	0x8
 964 0293 8E       		.byte	0x8e
 965 0294 62020000 		.4byte	0x262
 966 0298 04       		.byte	0x4
 967 0299 00       		.byte	0
 968 029a 03       		.uleb128 0x3
 969 029b 9F030000 		.4byte	.LASF65
 970 029f 08       		.byte	0x8
 971 02a0 90       		.byte	0x90
 972 02a1 79020000 		.4byte	0x279
 973 02a5 08       		.uleb128 0x8
 974 02a6 01       		.byte	0x1
 975 02a7 09       		.byte	0x9
 976 02a8 F607     		.2byte	0x7f6
 977 02aa D3020000 		.4byte	0x2d3
 978 02ae 09       		.uleb128 0x9
 979 02af 41010000 		.4byte	.LASF66
 980 02b3 00       		.sleb128 0
 981 02b4 09       		.uleb128 0x9
 982 02b5 C0050000 		.4byte	.LASF67
 983 02b9 01       		.sleb128 1
 984 02ba 09       		.uleb128 0x9
 985 02bb 97010000 		.4byte	.LASF68
 986 02bf 02       		.sleb128 2
 987 02c0 09       		.uleb128 0x9
 988 02c1 52020000 		.4byte	.LASF69
 989 02c5 03       		.sleb128 3
 990 02c6 09       		.uleb128 0x9
 991 02c7 08080000 		.4byte	.LASF70
 992 02cb 04       		.sleb128 4
 993 02cc 09       		.uleb128 0x9
 994 02cd 77040000 		.4byte	.LASF71
 995 02d1 05       		.sleb128 5
 996 02d2 00       		.byte	0
 997 02d3 05       		.uleb128 0x5
 998 02d4 90040000 		.4byte	.LASF72
 999 02d8 09       		.byte	0x9
 1000 02d9 0408     		.2byte	0x804
 1001 02db A5020000 		.4byte	0x2a5
 1002 02df 0F       		.uleb128 0xf
 1003 02e0 09060000 		.4byte	.LASF77
 1004 02e4 01       		.byte	0x1
 1005 02e5 21       		.byte	0x21
 1006 02e6 00000000 		.4byte	.LFB37
 1007 02ea B4010000 		.4byte	.LFE37-.LFB37
 1008 02ee 01       		.uleb128 0x1
 1009 02ef 9C       		.byte	0x9c
ARM GAS  C:\Users\ANDREW~1\AppData\Local\Temp\ccGsmwk5.s 			page 25


 1010 02f0 83030000 		.4byte	0x383
 1011 02f4 10       		.uleb128 0x10
 1012 02f5 EC040000 		.4byte	.LASF79
 1013 02f9 01       		.byte	0x1
 1014 02fa 21       		.byte	0x21
 1015 02fb 83030000 		.4byte	0x383
 1016 02ff 03       		.uleb128 0x3
 1017 0300 91       		.byte	0x91
 1018 0301 B47F     		.sleb128 -76
 1019 0303 11       		.uleb128 0x11
 1020 0304 7800     		.ascii	"x\000"
 1021 0306 01       		.byte	0x1
 1022 0307 23       		.byte	0x23
 1023 0308 DD000000 		.4byte	0xdd
 1024 030c 02       		.uleb128 0x2
 1025 030d 91       		.byte	0x91
 1026 030e 68       		.sleb128 -24
 1027 030f 11       		.uleb128 0x11
 1028 0310 6C00     		.ascii	"l\000"
 1029 0312 01       		.byte	0x1
 1030 0313 28       		.byte	0x28
 1031 0314 68000000 		.4byte	0x68
 1032 0318 02       		.uleb128 0x2
 1033 0319 91       		.byte	0x91
 1034 031a 74       		.sleb128 -12
 1035 031b 11       		.uleb128 0x11
 1036 031c 6B00     		.ascii	"k\000"
 1037 031e 01       		.byte	0x1
 1038 031f 29       		.byte	0x29
 1039 0320 68000000 		.4byte	0x68
 1040 0324 02       		.uleb128 0x2
 1041 0325 91       		.byte	0x91
 1042 0326 70       		.sleb128 -16
 1043 0327 12       		.uleb128 0x12
 1044 0328 2A000000 		.4byte	.LBB2
 1045 032c 68010000 		.4byte	.LBE2-.LBB2
 1046 0330 13       		.uleb128 0x13
 1047 0331 60060000 		.4byte	.LASF73
 1048 0335 01       		.byte	0x1
 1049 0336 32       		.byte	0x32
 1050 0337 89030000 		.4byte	0x389
 1051 033b 03       		.uleb128 0x3
 1052 033c 91       		.byte	0x91
 1053 033d B87F     		.sleb128 -72
 1054 033f 13       		.uleb128 0x13
 1055 0340 0B070000 		.4byte	.LASF74
 1056 0344 01       		.byte	0x1
 1057 0345 4B       		.byte	0x4b
 1058 0346 68000000 		.4byte	0x68
 1059 034a 02       		.uleb128 0x2
 1060 034b 91       		.byte	0x91
 1061 034c 6C       		.sleb128 -20
 1062 034d 13       		.uleb128 0x13
 1063 034e 58000000 		.4byte	.LASF75
 1064 0352 01       		.byte	0x1
 1065 0353 4C       		.byte	0x4c
 1066 0354 99000000 		.4byte	0x99
ARM GAS  C:\Users\ANDREW~1\AppData\Local\Temp\ccGsmwk5.s 			page 26


 1067 0358 02       		.uleb128 0x2
 1068 0359 91       		.byte	0x91
 1069 035a 64       		.sleb128 -28
 1070 035b 12       		.uleb128 0x12
 1071 035c DA000000 		.4byte	.LBB3
 1072 0360 56000000 		.4byte	.LBE3-.LBB3
 1073 0364 13       		.uleb128 0x13
 1074 0365 76070000 		.4byte	.LASF76
 1075 0369 01       		.byte	0x1
 1076 036a 53       		.byte	0x53
 1077 036b 8D000000 		.4byte	0x8d
 1078 036f 02       		.uleb128 0x2
 1079 0370 91       		.byte	0x91
 1080 0371 62       		.sleb128 -30
 1081 0372 11       		.uleb128 0x11
 1082 0373 41563100 		.ascii	"AV1\000"
 1083 0377 01       		.byte	0x1
 1084 0378 54       		.byte	0x54
 1085 0379 81000000 		.4byte	0x81
 1086 037d 02       		.uleb128 0x2
 1087 037e 91       		.byte	0x91
 1088 037f 61       		.sleb128 -31
 1089 0380 00       		.byte	0
 1090 0381 00       		.byte	0
 1091 0382 00       		.byte	0
 1092 0383 07       		.uleb128 0x7
 1093 0384 04       		.byte	0x4
 1094 0385 9A020000 		.4byte	0x29a
 1095 0389 14       		.uleb128 0x14
 1096 038a 81000000 		.4byte	0x81
 1097 038e 99030000 		.4byte	0x399
 1098 0392 15       		.uleb128 0x15
 1099 0393 D6000000 		.4byte	0xd6
 1100 0397 27       		.byte	0x27
 1101 0398 00       		.byte	0
 1102 0399 0F       		.uleb128 0xf
 1103 039a 86000000 		.4byte	.LASF78
 1104 039e 01       		.byte	0x1
 1105 039f 7E       		.byte	0x7e
 1106 03a0 00000000 		.4byte	.LFB38
 1107 03a4 98000000 		.4byte	.LFE38-.LFB38
 1108 03a8 01       		.uleb128 0x1
 1109 03a9 9C       		.byte	0x9c
 1110 03aa ED030000 		.4byte	0x3ed
 1111 03ae 16       		.uleb128 0x16
 1112 03af 6100     		.ascii	"a\000"
 1113 03b1 01       		.byte	0x1
 1114 03b2 7E       		.byte	0x7e
 1115 03b3 BF010000 		.4byte	0x1bf
 1116 03b7 02       		.uleb128 0x2
 1117 03b8 91       		.byte	0x91
 1118 03b9 54       		.sleb128 -44
 1119 03ba 11       		.uleb128 0x11
 1120 03bb 6A00     		.ascii	"j\000"
 1121 03bd 01       		.byte	0x1
 1122 03be 80       		.byte	0x80
 1123 03bf 68000000 		.4byte	0x68
ARM GAS  C:\Users\ANDREW~1\AppData\Local\Temp\ccGsmwk5.s 			page 27


 1124 03c3 02       		.uleb128 0x2
 1125 03c4 91       		.byte	0x91
 1126 03c5 6C       		.sleb128 -20
 1127 03c6 12       		.uleb128 0x12
 1128 03c7 0E000000 		.4byte	.LBB4
 1129 03cb 68000000 		.4byte	.LBE4-.LBB4
 1130 03cf 13       		.uleb128 0x13
 1131 03d0 1F080000 		.4byte	.LASF80
 1132 03d4 01       		.byte	0x1
 1133 03d5 83       		.byte	0x83
 1134 03d6 B3010000 		.4byte	0x1b3
 1135 03da 02       		.uleb128 0x2
 1136 03db 91       		.byte	0x91
 1137 03dc 6A       		.sleb128 -22
 1138 03dd 13       		.uleb128 0x13
 1139 03de F5070000 		.4byte	.LASF81
 1140 03e2 01       		.byte	0x1
 1141 03e3 84       		.byte	0x84
 1142 03e4 6E020000 		.4byte	0x26e
 1143 03e8 02       		.uleb128 0x2
 1144 03e9 91       		.byte	0x91
 1145 03ea 5C       		.sleb128 -36
 1146 03eb 00       		.byte	0
 1147 03ec 00       		.byte	0
 1148 03ed 0F       		.uleb128 0xf
 1149 03ee D1070000 		.4byte	.LASF82
 1150 03f2 01       		.byte	0x1
 1151 03f3 97       		.byte	0x97
 1152 03f4 00000000 		.4byte	.LFB39
 1153 03f8 98000000 		.4byte	.LFE39-.LFB39
 1154 03fc 01       		.uleb128 0x1
 1155 03fd 9C       		.byte	0x9c
 1156 03fe 39040000 		.4byte	0x439
 1157 0402 16       		.uleb128 0x16
 1158 0403 73747200 		.ascii	"str\000"
 1159 0407 01       		.byte	0x1
 1160 0408 97       		.byte	0x97
 1161 0409 BF010000 		.4byte	0x1bf
 1162 040d 02       		.uleb128 0x2
 1163 040e 91       		.byte	0x91
 1164 040f 64       		.sleb128 -28
 1165 0410 16       		.uleb128 0x16
 1166 0411 76616C00 		.ascii	"val\000"
 1167 0415 01       		.byte	0x1
 1168 0416 97       		.byte	0x97
 1169 0417 76000000 		.4byte	0x76
 1170 041b 02       		.uleb128 0x2
 1171 041c 91       		.byte	0x91
 1172 041d 60       		.sleb128 -32
 1173 041e 10       		.uleb128 0x10
 1174 041f 5F030000 		.4byte	.LASF83
 1175 0423 01       		.byte	0x1
 1176 0424 97       		.byte	0x97
 1177 0425 CB000000 		.4byte	0xcb
 1178 0429 02       		.uleb128 0x2
 1179 042a 91       		.byte	0x91
 1180 042b 5C       		.sleb128 -36
ARM GAS  C:\Users\ANDREW~1\AppData\Local\Temp\ccGsmwk5.s 			page 28


 1181 042c 11       		.uleb128 0x11
 1182 042d 6900     		.ascii	"i\000"
 1183 042f 01       		.byte	0x1
 1184 0430 99       		.byte	0x99
 1185 0431 CB000000 		.4byte	0xcb
 1186 0435 02       		.uleb128 0x2
 1187 0436 91       		.byte	0x91
 1188 0437 6C       		.sleb128 -20
 1189 0438 00       		.byte	0
 1190 0439 17       		.uleb128 0x17
 1191 043a 90060000 		.4byte	.LASF84
 1192 043e 01       		.byte	0x1
 1193 043f BF       		.byte	0xbf
 1194 0440 00000000 		.4byte	.LFB40
 1195 0444 08000000 		.4byte	.LFE40-.LFB40
 1196 0448 01       		.uleb128 0x1
 1197 0449 9C       		.byte	0x9c
 1198 044a 18       		.uleb128 0x18
 1199 044b D7060000 		.4byte	.LASF85
 1200 044f 01       		.byte	0x1
 1201 0450 1D01     		.2byte	0x11d
 1202 0452 00000000 		.4byte	.LFB41
 1203 0456 18000000 		.4byte	.LFE41-.LFB41
 1204 045a 01       		.uleb128 0x1
 1205 045b 9C       		.byte	0x9c
 1206 045c 18       		.uleb128 0x18
 1207 045d C6020000 		.4byte	.LASF86
 1208 0461 01       		.byte	0x1
 1209 0462 3001     		.2byte	0x130
 1210 0464 00000000 		.4byte	.LFB42
 1211 0468 18000000 		.4byte	.LFE42-.LFB42
 1212 046c 01       		.uleb128 0x1
 1213 046d 9C       		.byte	0x9c
 1214 046e 19       		.uleb128 0x19
 1215 046f EA030000 		.4byte	.LASF87
 1216 0473 09       		.byte	0x9
 1217 0474 2A0A     		.2byte	0xa2a
 1218 0476 D3020000 		.4byte	0x2d3
 1219 047a 19       		.uleb128 0x19
 1220 047b EB010000 		.4byte	.LASF88
 1221 047f 09       		.byte	0x9
 1222 0480 2B0A     		.2byte	0xa2b
 1223 0482 F5010000 		.4byte	0x1f5
 1224 0486 1A       		.uleb128 0x1a
 1225 0487 DA040000 		.4byte	.LASF89
 1226 048b 0A       		.byte	0xa
 1227 048c 23       		.byte	0x23
 1228 048d 8D000000 		.4byte	0x8d
 1229 0491 00       		.byte	0
 1230              		.section	.debug_abbrev,"",%progbits
 1231              	.Ldebug_abbrev0:
 1232 0000 01       		.uleb128 0x1
 1233 0001 11       		.uleb128 0x11
 1234 0002 01       		.byte	0x1
 1235 0003 25       		.uleb128 0x25
 1236 0004 0E       		.uleb128 0xe
 1237 0005 13       		.uleb128 0x13
ARM GAS  C:\Users\ANDREW~1\AppData\Local\Temp\ccGsmwk5.s 			page 29


 1238 0006 0B       		.uleb128 0xb
 1239 0007 03       		.uleb128 0x3
 1240 0008 0E       		.uleb128 0xe
 1241 0009 1B       		.uleb128 0x1b
 1242 000a 0E       		.uleb128 0xe
 1243 000b 55       		.uleb128 0x55
 1244 000c 17       		.uleb128 0x17
 1245 000d 11       		.uleb128 0x11
 1246 000e 01       		.uleb128 0x1
 1247 000f 10       		.uleb128 0x10
 1248 0010 17       		.uleb128 0x17
 1249 0011 00       		.byte	0
 1250 0012 00       		.byte	0
 1251 0013 02       		.uleb128 0x2
 1252 0014 24       		.uleb128 0x24
 1253 0015 00       		.byte	0
 1254 0016 0B       		.uleb128 0xb
 1255 0017 0B       		.uleb128 0xb
 1256 0018 3E       		.uleb128 0x3e
 1257 0019 0B       		.uleb128 0xb
 1258 001a 03       		.uleb128 0x3
 1259 001b 0E       		.uleb128 0xe
 1260 001c 00       		.byte	0
 1261 001d 00       		.byte	0
 1262 001e 03       		.uleb128 0x3
 1263 001f 16       		.uleb128 0x16
 1264 0020 00       		.byte	0
 1265 0021 03       		.uleb128 0x3
 1266 0022 0E       		.uleb128 0xe
 1267 0023 3A       		.uleb128 0x3a
 1268 0024 0B       		.uleb128 0xb
 1269 0025 3B       		.uleb128 0x3b
 1270 0026 0B       		.uleb128 0xb
 1271 0027 49       		.uleb128 0x49
 1272 0028 13       		.uleb128 0x13
 1273 0029 00       		.byte	0
 1274 002a 00       		.byte	0
 1275 002b 04       		.uleb128 0x4
 1276 002c 24       		.uleb128 0x24
 1277 002d 00       		.byte	0
 1278 002e 0B       		.uleb128 0xb
 1279 002f 0B       		.uleb128 0xb
 1280 0030 3E       		.uleb128 0x3e
 1281 0031 0B       		.uleb128 0xb
 1282 0032 03       		.uleb128 0x3
 1283 0033 08       		.uleb128 0x8
 1284 0034 00       		.byte	0
 1285 0035 00       		.byte	0
 1286 0036 05       		.uleb128 0x5
 1287 0037 16       		.uleb128 0x16
 1288 0038 00       		.byte	0
 1289 0039 03       		.uleb128 0x3
 1290 003a 0E       		.uleb128 0xe
 1291 003b 3A       		.uleb128 0x3a
 1292 003c 0B       		.uleb128 0xb
 1293 003d 3B       		.uleb128 0x3b
 1294 003e 05       		.uleb128 0x5
ARM GAS  C:\Users\ANDREW~1\AppData\Local\Temp\ccGsmwk5.s 			page 30


 1295 003f 49       		.uleb128 0x49
 1296 0040 13       		.uleb128 0x13
 1297 0041 00       		.byte	0
 1298 0042 00       		.byte	0
 1299 0043 06       		.uleb128 0x6
 1300 0044 35       		.uleb128 0x35
 1301 0045 00       		.byte	0
 1302 0046 49       		.uleb128 0x49
 1303 0047 13       		.uleb128 0x13
 1304 0048 00       		.byte	0
 1305 0049 00       		.byte	0
 1306 004a 07       		.uleb128 0x7
 1307 004b 0F       		.uleb128 0xf
 1308 004c 00       		.byte	0
 1309 004d 0B       		.uleb128 0xb
 1310 004e 0B       		.uleb128 0xb
 1311 004f 49       		.uleb128 0x49
 1312 0050 13       		.uleb128 0x13
 1313 0051 00       		.byte	0
 1314 0052 00       		.byte	0
 1315 0053 08       		.uleb128 0x8
 1316 0054 04       		.uleb128 0x4
 1317 0055 01       		.byte	0x1
 1318 0056 0B       		.uleb128 0xb
 1319 0057 0B       		.uleb128 0xb
 1320 0058 3A       		.uleb128 0x3a
 1321 0059 0B       		.uleb128 0xb
 1322 005a 3B       		.uleb128 0x3b
 1323 005b 05       		.uleb128 0x5
 1324 005c 01       		.uleb128 0x1
 1325 005d 13       		.uleb128 0x13
 1326 005e 00       		.byte	0
 1327 005f 00       		.byte	0
 1328 0060 09       		.uleb128 0x9
 1329 0061 28       		.uleb128 0x28
 1330 0062 00       		.byte	0
 1331 0063 03       		.uleb128 0x3
 1332 0064 0E       		.uleb128 0xe
 1333 0065 1C       		.uleb128 0x1c
 1334 0066 0D       		.uleb128 0xd
 1335 0067 00       		.byte	0
 1336 0068 00       		.byte	0
 1337 0069 0A       		.uleb128 0xa
 1338 006a 13       		.uleb128 0x13
 1339 006b 01       		.byte	0x1
 1340 006c 0B       		.uleb128 0xb
 1341 006d 0B       		.uleb128 0xb
 1342 006e 3A       		.uleb128 0x3a
 1343 006f 0B       		.uleb128 0xb
 1344 0070 3B       		.uleb128 0x3b
 1345 0071 05       		.uleb128 0x5
 1346 0072 01       		.uleb128 0x1
 1347 0073 13       		.uleb128 0x13
 1348 0074 00       		.byte	0
 1349 0075 00       		.byte	0
 1350 0076 0B       		.uleb128 0xb
 1351 0077 0D       		.uleb128 0xd
ARM GAS  C:\Users\ANDREW~1\AppData\Local\Temp\ccGsmwk5.s 			page 31


 1352 0078 00       		.byte	0
 1353 0079 03       		.uleb128 0x3
 1354 007a 0E       		.uleb128 0xe
 1355 007b 3A       		.uleb128 0x3a
 1356 007c 0B       		.uleb128 0xb
 1357 007d 3B       		.uleb128 0x3b
 1358 007e 05       		.uleb128 0x5
 1359 007f 49       		.uleb128 0x49
 1360 0080 13       		.uleb128 0x13
 1361 0081 38       		.uleb128 0x38
 1362 0082 0B       		.uleb128 0xb
 1363 0083 00       		.byte	0
 1364 0084 00       		.byte	0
 1365 0085 0C       		.uleb128 0xc
 1366 0086 0D       		.uleb128 0xd
 1367 0087 00       		.byte	0
 1368 0088 03       		.uleb128 0x3
 1369 0089 08       		.uleb128 0x8
 1370 008a 3A       		.uleb128 0x3a
 1371 008b 0B       		.uleb128 0xb
 1372 008c 3B       		.uleb128 0x3b
 1373 008d 05       		.uleb128 0x5
 1374 008e 49       		.uleb128 0x49
 1375 008f 13       		.uleb128 0x13
 1376 0090 38       		.uleb128 0x38
 1377 0091 0B       		.uleb128 0xb
 1378 0092 00       		.byte	0
 1379 0093 00       		.byte	0
 1380 0094 0D       		.uleb128 0xd
 1381 0095 13       		.uleb128 0x13
 1382 0096 01       		.byte	0x1
 1383 0097 0B       		.uleb128 0xb
 1384 0098 0B       		.uleb128 0xb
 1385 0099 3A       		.uleb128 0x3a
 1386 009a 0B       		.uleb128 0xb
 1387 009b 3B       		.uleb128 0x3b
 1388 009c 0B       		.uleb128 0xb
 1389 009d 01       		.uleb128 0x1
 1390 009e 13       		.uleb128 0x13
 1391 009f 00       		.byte	0
 1392 00a0 00       		.byte	0
 1393 00a1 0E       		.uleb128 0xe
 1394 00a2 0D       		.uleb128 0xd
 1395 00a3 00       		.byte	0
 1396 00a4 03       		.uleb128 0x3
 1397 00a5 0E       		.uleb128 0xe
 1398 00a6 3A       		.uleb128 0x3a
 1399 00a7 0B       		.uleb128 0xb
 1400 00a8 3B       		.uleb128 0x3b
 1401 00a9 0B       		.uleb128 0xb
 1402 00aa 49       		.uleb128 0x49
 1403 00ab 13       		.uleb128 0x13
 1404 00ac 38       		.uleb128 0x38
 1405 00ad 0B       		.uleb128 0xb
 1406 00ae 00       		.byte	0
 1407 00af 00       		.byte	0
 1408 00b0 0F       		.uleb128 0xf
ARM GAS  C:\Users\ANDREW~1\AppData\Local\Temp\ccGsmwk5.s 			page 32


 1409 00b1 2E       		.uleb128 0x2e
 1410 00b2 01       		.byte	0x1
 1411 00b3 3F       		.uleb128 0x3f
 1412 00b4 19       		.uleb128 0x19
 1413 00b5 03       		.uleb128 0x3
 1414 00b6 0E       		.uleb128 0xe
 1415 00b7 3A       		.uleb128 0x3a
 1416 00b8 0B       		.uleb128 0xb
 1417 00b9 3B       		.uleb128 0x3b
 1418 00ba 0B       		.uleb128 0xb
 1419 00bb 27       		.uleb128 0x27
 1420 00bc 19       		.uleb128 0x19
 1421 00bd 11       		.uleb128 0x11
 1422 00be 01       		.uleb128 0x1
 1423 00bf 12       		.uleb128 0x12
 1424 00c0 06       		.uleb128 0x6
 1425 00c1 40       		.uleb128 0x40
 1426 00c2 18       		.uleb128 0x18
 1427 00c3 9642     		.uleb128 0x2116
 1428 00c5 19       		.uleb128 0x19
 1429 00c6 01       		.uleb128 0x1
 1430 00c7 13       		.uleb128 0x13
 1431 00c8 00       		.byte	0
 1432 00c9 00       		.byte	0
 1433 00ca 10       		.uleb128 0x10
 1434 00cb 05       		.uleb128 0x5
 1435 00cc 00       		.byte	0
 1436 00cd 03       		.uleb128 0x3
 1437 00ce 0E       		.uleb128 0xe
 1438 00cf 3A       		.uleb128 0x3a
 1439 00d0 0B       		.uleb128 0xb
 1440 00d1 3B       		.uleb128 0x3b
 1441 00d2 0B       		.uleb128 0xb
 1442 00d3 49       		.uleb128 0x49
 1443 00d4 13       		.uleb128 0x13
 1444 00d5 02       		.uleb128 0x2
 1445 00d6 18       		.uleb128 0x18
 1446 00d7 00       		.byte	0
 1447 00d8 00       		.byte	0
 1448 00d9 11       		.uleb128 0x11
 1449 00da 34       		.uleb128 0x34
 1450 00db 00       		.byte	0
 1451 00dc 03       		.uleb128 0x3
 1452 00dd 08       		.uleb128 0x8
 1453 00de 3A       		.uleb128 0x3a
 1454 00df 0B       		.uleb128 0xb
 1455 00e0 3B       		.uleb128 0x3b
 1456 00e1 0B       		.uleb128 0xb
 1457 00e2 49       		.uleb128 0x49
 1458 00e3 13       		.uleb128 0x13
 1459 00e4 02       		.uleb128 0x2
 1460 00e5 18       		.uleb128 0x18
 1461 00e6 00       		.byte	0
 1462 00e7 00       		.byte	0
 1463 00e8 12       		.uleb128 0x12
 1464 00e9 0B       		.uleb128 0xb
 1465 00ea 01       		.byte	0x1
ARM GAS  C:\Users\ANDREW~1\AppData\Local\Temp\ccGsmwk5.s 			page 33


 1466 00eb 11       		.uleb128 0x11
 1467 00ec 01       		.uleb128 0x1
 1468 00ed 12       		.uleb128 0x12
 1469 00ee 06       		.uleb128 0x6
 1470 00ef 00       		.byte	0
 1471 00f0 00       		.byte	0
 1472 00f1 13       		.uleb128 0x13
 1473 00f2 34       		.uleb128 0x34
 1474 00f3 00       		.byte	0
 1475 00f4 03       		.uleb128 0x3
 1476 00f5 0E       		.uleb128 0xe
 1477 00f6 3A       		.uleb128 0x3a
 1478 00f7 0B       		.uleb128 0xb
 1479 00f8 3B       		.uleb128 0x3b
 1480 00f9 0B       		.uleb128 0xb
 1481 00fa 49       		.uleb128 0x49
 1482 00fb 13       		.uleb128 0x13
 1483 00fc 02       		.uleb128 0x2
 1484 00fd 18       		.uleb128 0x18
 1485 00fe 00       		.byte	0
 1486 00ff 00       		.byte	0
 1487 0100 14       		.uleb128 0x14
 1488 0101 01       		.uleb128 0x1
 1489 0102 01       		.byte	0x1
 1490 0103 49       		.uleb128 0x49
 1491 0104 13       		.uleb128 0x13
 1492 0105 01       		.uleb128 0x1
 1493 0106 13       		.uleb128 0x13
 1494 0107 00       		.byte	0
 1495 0108 00       		.byte	0
 1496 0109 15       		.uleb128 0x15
 1497 010a 21       		.uleb128 0x21
 1498 010b 00       		.byte	0
 1499 010c 49       		.uleb128 0x49
 1500 010d 13       		.uleb128 0x13
 1501 010e 2F       		.uleb128 0x2f
 1502 010f 0B       		.uleb128 0xb
 1503 0110 00       		.byte	0
 1504 0111 00       		.byte	0
 1505 0112 16       		.uleb128 0x16
 1506 0113 05       		.uleb128 0x5
 1507 0114 00       		.byte	0
 1508 0115 03       		.uleb128 0x3
 1509 0116 08       		.uleb128 0x8
 1510 0117 3A       		.uleb128 0x3a
 1511 0118 0B       		.uleb128 0xb
 1512 0119 3B       		.uleb128 0x3b
 1513 011a 0B       		.uleb128 0xb
 1514 011b 49       		.uleb128 0x49
 1515 011c 13       		.uleb128 0x13
 1516 011d 02       		.uleb128 0x2
 1517 011e 18       		.uleb128 0x18
 1518 011f 00       		.byte	0
 1519 0120 00       		.byte	0
 1520 0121 17       		.uleb128 0x17
 1521 0122 2E       		.uleb128 0x2e
 1522 0123 00       		.byte	0
ARM GAS  C:\Users\ANDREW~1\AppData\Local\Temp\ccGsmwk5.s 			page 34


 1523 0124 3F       		.uleb128 0x3f
 1524 0125 19       		.uleb128 0x19
 1525 0126 03       		.uleb128 0x3
 1526 0127 0E       		.uleb128 0xe
 1527 0128 3A       		.uleb128 0x3a
 1528 0129 0B       		.uleb128 0xb
 1529 012a 3B       		.uleb128 0x3b
 1530 012b 0B       		.uleb128 0xb
 1531 012c 27       		.uleb128 0x27
 1532 012d 19       		.uleb128 0x19
 1533 012e 11       		.uleb128 0x11
 1534 012f 01       		.uleb128 0x1
 1535 0130 12       		.uleb128 0x12
 1536 0131 06       		.uleb128 0x6
 1537 0132 40       		.uleb128 0x40
 1538 0133 18       		.uleb128 0x18
 1539 0134 9742     		.uleb128 0x2117
 1540 0136 19       		.uleb128 0x19
 1541 0137 00       		.byte	0
 1542 0138 00       		.byte	0
 1543 0139 18       		.uleb128 0x18
 1544 013a 2E       		.uleb128 0x2e
 1545 013b 00       		.byte	0
 1546 013c 3F       		.uleb128 0x3f
 1547 013d 19       		.uleb128 0x19
 1548 013e 03       		.uleb128 0x3
 1549 013f 0E       		.uleb128 0xe
 1550 0140 3A       		.uleb128 0x3a
 1551 0141 0B       		.uleb128 0xb
 1552 0142 3B       		.uleb128 0x3b
 1553 0143 05       		.uleb128 0x5
 1554 0144 27       		.uleb128 0x27
 1555 0145 19       		.uleb128 0x19
 1556 0146 11       		.uleb128 0x11
 1557 0147 01       		.uleb128 0x1
 1558 0148 12       		.uleb128 0x12
 1559 0149 06       		.uleb128 0x6
 1560 014a 40       		.uleb128 0x40
 1561 014b 18       		.uleb128 0x18
 1562 014c 9742     		.uleb128 0x2117
 1563 014e 19       		.uleb128 0x19
 1564 014f 00       		.byte	0
 1565 0150 00       		.byte	0
 1566 0151 19       		.uleb128 0x19
 1567 0152 34       		.uleb128 0x34
 1568 0153 00       		.byte	0
 1569 0154 03       		.uleb128 0x3
 1570 0155 0E       		.uleb128 0xe
 1571 0156 3A       		.uleb128 0x3a
 1572 0157 0B       		.uleb128 0xb
 1573 0158 3B       		.uleb128 0x3b
 1574 0159 05       		.uleb128 0x5
 1575 015a 49       		.uleb128 0x49
 1576 015b 13       		.uleb128 0x13
 1577 015c 3F       		.uleb128 0x3f
 1578 015d 19       		.uleb128 0x19
 1579 015e 3C       		.uleb128 0x3c
ARM GAS  C:\Users\ANDREW~1\AppData\Local\Temp\ccGsmwk5.s 			page 35


 1580 015f 19       		.uleb128 0x19
 1581 0160 00       		.byte	0
 1582 0161 00       		.byte	0
 1583 0162 1A       		.uleb128 0x1a
 1584 0163 34       		.uleb128 0x34
 1585 0164 00       		.byte	0
 1586 0165 03       		.uleb128 0x3
 1587 0166 0E       		.uleb128 0xe
 1588 0167 3A       		.uleb128 0x3a
 1589 0168 0B       		.uleb128 0xb
 1590 0169 3B       		.uleb128 0x3b
 1591 016a 0B       		.uleb128 0xb
 1592 016b 49       		.uleb128 0x49
 1593 016c 13       		.uleb128 0x13
 1594 016d 3F       		.uleb128 0x3f
 1595 016e 19       		.uleb128 0x19
 1596 016f 3C       		.uleb128 0x3c
 1597 0170 19       		.uleb128 0x19
 1598 0171 00       		.byte	0
 1599 0172 00       		.byte	0
 1600 0173 00       		.byte	0
 1601              		.section	.debug_aranges,"",%progbits
 1602 0000 44000000 		.4byte	0x44
 1603 0004 0200     		.2byte	0x2
 1604 0006 00000000 		.4byte	.Ldebug_info0
 1605 000a 04       		.byte	0x4
 1606 000b 00       		.byte	0
 1607 000c 0000     		.2byte	0
 1608 000e 0000     		.2byte	0
 1609 0010 00000000 		.4byte	.LFB37
 1610 0014 B4010000 		.4byte	.LFE37-.LFB37
 1611 0018 00000000 		.4byte	.LFB38
 1612 001c 98000000 		.4byte	.LFE38-.LFB38
 1613 0020 00000000 		.4byte	.LFB39
 1614 0024 98000000 		.4byte	.LFE39-.LFB39
 1615 0028 00000000 		.4byte	.LFB40
 1616 002c 08000000 		.4byte	.LFE40-.LFB40
 1617 0030 00000000 		.4byte	.LFB41
 1618 0034 18000000 		.4byte	.LFE41-.LFB41
 1619 0038 00000000 		.4byte	.LFB42
 1620 003c 18000000 		.4byte	.LFE42-.LFB42
 1621 0040 00000000 		.4byte	0
 1622 0044 00000000 		.4byte	0
 1623              		.section	.debug_ranges,"",%progbits
 1624              	.Ldebug_ranges0:
 1625 0000 00000000 		.4byte	.LFB37
 1626 0004 B4010000 		.4byte	.LFE37
 1627 0008 00000000 		.4byte	.LFB38
 1628 000c 98000000 		.4byte	.LFE38
 1629 0010 00000000 		.4byte	.LFB39
 1630 0014 98000000 		.4byte	.LFE39
 1631 0018 00000000 		.4byte	.LFB40
 1632 001c 08000000 		.4byte	.LFE40
 1633 0020 00000000 		.4byte	.LFB41
 1634 0024 18000000 		.4byte	.LFE41
 1635 0028 00000000 		.4byte	.LFB42
 1636 002c 18000000 		.4byte	.LFE42
ARM GAS  C:\Users\ANDREW~1\AppData\Local\Temp\ccGsmwk5.s 			page 36


 1637 0030 00000000 		.4byte	0
 1638 0034 00000000 		.4byte	0
 1639              		.section	.debug_line,"",%progbits
 1640              	.Ldebug_line0:
 1641 0000 5B030000 		.section	.debug_str,"MS",%progbits,1
 1641      02001E02 
 1641      00000201 
 1641      FB0E0D00 
 1641      01010101 
 1642              	.LASF35:
 1643 0000 4359424C 		.ascii	"CYBLE_ERROR_L2CAP_PSM_NOT_REGISTERED\000"
 1643      455F4552 
 1643      524F525F 
 1643      4C324341 
 1643      505F5053 
 1644              	.LASF34:
 1645 0025 4359424C 		.ascii	"CYBLE_ERROR_L2CAP_PSM_ALREADY_REGISTERED\000"
 1645      455F4552 
 1645      524F525F 
 1645      4C324341 
 1645      505F5053 
 1646              	.LASF57:
 1647 004e 61637475 		.ascii	"actualLen\000"
 1647      616C4C65 
 1647      6E00
 1648              	.LASF75:
 1649 0058 74696D65 		.ascii	"timestamp\000"
 1649      7374616D 
 1649      7000
 1650              	.LASF37:
 1651 0062 4359424C 		.ascii	"CYBLE_ERROR_L2CAP_CHANNEL_NOT_FOUND\000"
 1651      455F4552 
 1651      524F525F 
 1651      4C324341 
 1651      505F4348 
 1652              	.LASF78:
 1653 0086 73656E64 		.ascii	"sendCommand\000"
 1653      436F6D6D 
 1653      616E6400 
 1654              	.LASF18:
 1655 0092 73697A65 		.ascii	"size_t\000"
 1655      5F7400
 1656              	.LASF19:
 1657 0099 73697A65 		.ascii	"sizetype\000"
 1657      74797065 
 1657      00
 1658              	.LASF63:
 1659 00a2 636F6E6E 		.ascii	"connHandle\000"
 1659      48616E64 
 1659      6C6500
 1660              	.LASF20:
 1661 00ad 4359424C 		.ascii	"CYBLE_ERROR_OK\000"
 1661      455F4552 
 1661      524F525F 
 1661      4F4B00
 1662              	.LASF41:
 1663 00bc 4359424C 		.ascii	"CYBLE_ERROR_FLASH_WRITE_NOT_PERMITED\000"
ARM GAS  C:\Users\ANDREW~1\AppData\Local\Temp\ccGsmwk5.s 			page 37


 1663      455F4552 
 1663      524F525F 
 1663      464C4153 
 1663      485F5752 
 1664              	.LASF43:
 1665 00e1 4359424C 		.ascii	"CYBLE_ERROR_HARDWARE_FAILURE\000"
 1665      455F4552 
 1665      524F525F 
 1665      48415244 
 1665      57415245 
 1666              	.LASF9:
 1667 00fe 5F5F7569 		.ascii	"__uint32_t\000"
 1667      6E743332 
 1667      5F7400
 1668              	.LASF42:
 1669 0109 4359424C 		.ascii	"CYBLE_ERROR_MIC_AUTH_FAILED\000"
 1669      455F4552 
 1669      524F525F 
 1669      4D49435F 
 1669      41555448 
 1670              	.LASF53:
 1671 0125 4359424C 		.ascii	"CYBLE_GATT_DB_ATTR_HANDLE_T\000"
 1671      455F4741 
 1671      54545F44 
 1671      425F4154 
 1671      54525F48 
 1672              	.LASF66:
 1673 0141 4359424C 		.ascii	"CYBLE_STATE_STOPPED\000"
 1673      455F5354 
 1673      4154455F 
 1673      53544F50 
 1673      50454400 
 1674              	.LASF21:
 1675 0155 4359424C 		.ascii	"CYBLE_ERROR_INVALID_PARAMETER\000"
 1675      455F4552 
 1675      524F525F 
 1675      494E5641 
 1675      4C49445F 
 1676              	.LASF25:
 1677 0173 4359424C 		.ascii	"CYBLE_ERROR_OOB_NOT_AVAILABLE\000"
 1677      455F4552 
 1677      524F525F 
 1677      4F4F425F 
 1677      4E4F545F 
 1678              	.LASF59:
 1679 0191 76616C75 		.ascii	"value\000"
 1679      6500
 1680              	.LASF68:
 1681 0197 4359424C 		.ascii	"CYBLE_STATE_CONNECTED\000"
 1681      455F5354 
 1681      4154455F 
 1681      434F4E4E 
 1681      45435445 
 1682              	.LASF12:
 1683 01ad 75696E74 		.ascii	"uint16\000"
 1683      313600
 1684              	.LASF22:
ARM GAS  C:\Users\ANDREW~1\AppData\Local\Temp\ccGsmwk5.s 			page 38


 1685 01b4 4359424C 		.ascii	"CYBLE_ERROR_INVALID_OPERATION\000"
 1685      455F4552 
 1685      524F525F 
 1685      494E5641 
 1685      4C49445F 
 1686              	.LASF11:
 1687 01d2 75696E74 		.ascii	"uint8\000"
 1687      3800
 1688              	.LASF52:
 1689 01d8 4359424C 		.ascii	"CYBLE_API_RESULT_T\000"
 1689      455F4150 
 1689      495F5245 
 1689      53554C54 
 1689      5F5400
 1690              	.LASF88:
 1691 01eb 6379426C 		.ascii	"cyBle_connHandle\000"
 1691      655F636F 
 1691      6E6E4861 
 1691      6E646C65 
 1691      00
 1692              	.LASF2:
 1693 01fc 73686F72 		.ascii	"short int\000"
 1693      7420696E 
 1693      7400
 1694              	.LASF54:
 1695 0206 62644861 		.ascii	"bdHandle\000"
 1695      6E646C65 
 1695      00
 1696              	.LASF30:
 1697 020f 4359424C 		.ascii	"CYBLE_ERROR_TX_POWER_READ\000"
 1697      455F4552 
 1697      524F525F 
 1697      54585F50 
 1697      4F574552 
 1698              	.LASF24:
 1699 0229 4359424C 		.ascii	"CYBLE_ERROR_INSUFFICIENT_RESOURCES\000"
 1699      455F4552 
 1699      524F525F 
 1699      494E5355 
 1699      46464943 
 1700              	.LASF14:
 1701 024c 666C6F61 		.ascii	"float\000"
 1701      7400
 1702              	.LASF69:
 1703 0252 4359424C 		.ascii	"CYBLE_STATE_SCANNING\000"
 1703      455F5354 
 1703      4154455F 
 1703      5343414E 
 1703      4E494E47 
 1704              	.LASF6:
 1705 0267 6C6F6E67 		.ascii	"long long int\000"
 1705      206C6F6E 
 1705      6720696E 
 1705      7400
 1706              	.LASF31:
 1707 0275 4359424C 		.ascii	"CYBLE_ERROR_BT_ON_NOT_COMPLETED\000"
 1707      455F4552 
ARM GAS  C:\Users\ANDREW~1\AppData\Local\Temp\ccGsmwk5.s 			page 39


 1707      524F525F 
 1707      42545F4F 
 1707      4E5F4E4F 
 1708              	.LASF64:
 1709 0295 68616E64 		.ascii	"handleValPair\000"
 1709      6C655661 
 1709      6C506169 
 1709      7200
 1710              	.LASF4:
 1711 02a3 6C6F6E67 		.ascii	"long int\000"
 1711      20696E74 
 1711      00
 1712              	.LASF26:
 1713 02ac 4359424C 		.ascii	"CYBLE_ERROR_NO_CONNECTION\000"
 1713      455F4552 
 1713      524F525F 
 1713      4E4F5F43 
 1713      4F4E4E45 
 1714              	.LASF86:
 1715 02c6 456E6162 		.ascii	"EnableUartRxInt\000"
 1715      6C655561 
 1715      72745278 
 1715      496E7400 
 1716              	.LASF92:
 1717 02d6 433A5C55 		.ascii	"C:\\Users\\Andrew Joseph\\Desktop\\Senior Design\\t"
 1717      73657273 
 1717      5C416E64 
 1717      72657720 
 1717      4A6F7365 
 1718 0304 72756E6B 		.ascii	"runk\\src\\PSoC_Core\\fNIR PSoC Central\\fNIR PSoC "
 1718      5C737263 
 1718      5C50536F 
 1718      435F436F 
 1718      72655C66 
 1719 0333 43656E74 		.ascii	"Central.cydsn\000"
 1719      72616C2E 
 1719      63796473 
 1719      6E00
 1720              	.LASF28:
 1721 0341 4359424C 		.ascii	"CYBLE_ERROR_REPEATED_ATTEMPTS\000"
 1721      455F4552 
 1721      524F525F 
 1721      52455045 
 1721      41544544 
 1722              	.LASF83:
 1723 035f 64696769 		.ascii	"digits\000"
 1723      747300
 1724              	.LASF62:
 1725 0366 4359424C 		.ascii	"CYBLE_GATTC_WRITE_CMD_REQ_T\000"
 1725      455F4741 
 1725      5454435F 
 1725      57524954 
 1725      455F434D 
 1726              	.LASF27:
 1727 0382 4359424C 		.ascii	"CYBLE_ERROR_NO_DEVICE_ENTITY\000"
 1727      455F4552 
 1727      524F525F 
ARM GAS  C:\Users\ANDREW~1\AppData\Local\Temp\ccGsmwk5.s 			page 40


 1727      4E4F5F44 
 1727      45564943 
 1728              	.LASF65:
 1729 039f 4359424C 		.ascii	"CYBLE_GATTC_HANDLE_VALUE_NTF_PARAM_T\000"
 1729      455F4741 
 1729      5454435F 
 1729      48414E44 
 1729      4C455F56 
 1730              	.LASF1:
 1731 03c4 756E7369 		.ascii	"unsigned char\000"
 1731      676E6564 
 1731      20636861 
 1731      7200
 1732              	.LASF45:
 1733 03d2 4359424C 		.ascii	"CYBLE_ERROR_FLASH_WRITE\000"
 1733      455F4552 
 1733      524F525F 
 1733      464C4153 
 1733      485F5752 
 1734              	.LASF87:
 1735 03ea 6379426C 		.ascii	"cyBle_state\000"
 1735      655F7374 
 1735      61746500 
 1736              	.LASF0:
 1737 03f6 7369676E 		.ascii	"signed char\000"
 1737      65642063 
 1737      68617200 
 1738              	.LASF7:
 1739 0402 6C6F6E67 		.ascii	"long long unsigned int\000"
 1739      206C6F6E 
 1739      6720756E 
 1739      7369676E 
 1739      65642069 
 1740              	.LASF32:
 1741 0419 4359424C 		.ascii	"CYBLE_ERROR_SEC_FAILED\000"
 1741      455F4552 
 1741      524F525F 
 1741      5345435F 
 1741      4641494C 
 1742              	.LASF29:
 1743 0430 4359424C 		.ascii	"CYBLE_ERROR_GAP_ROLE\000"
 1743      455F4552 
 1743      524F525F 
 1743      4741505F 
 1743      524F4C45 
 1744              	.LASF8:
 1745 0445 756E7369 		.ascii	"unsigned int\000"
 1745      676E6564 
 1745      20696E74 
 1745      00
 1746              	.LASF33:
 1747 0452 4359424C 		.ascii	"CYBLE_ERROR_L2CAP_PSM_WRONG_ENCODING\000"
 1747      455F4552 
 1747      524F525F 
 1747      4C324341 
 1747      505F5053 
 1748              	.LASF71:
ARM GAS  C:\Users\ANDREW~1\AppData\Local\Temp\ccGsmwk5.s 			page 41


 1749 0477 4359424C 		.ascii	"CYBLE_STATE_DISCONNECTED\000"
 1749      455F5354 
 1749      4154455F 
 1749      44495343 
 1749      4F4E4E45 
 1750              	.LASF72:
 1751 0490 4359424C 		.ascii	"CYBLE_STATE_T\000"
 1751      455F5354 
 1751      4154455F 
 1751      5400
 1752              	.LASF17:
 1753 049e 72656733 		.ascii	"reg32\000"
 1753      3200
 1754              	.LASF50:
 1755 04a4 4359424C 		.ascii	"CYBLE_ERROR_CHAR_IS_NOT_DISCOVERED\000"
 1755      455F4552 
 1755      524F525F 
 1755      43484152 
 1755      5F49535F 
 1756              	.LASF3:
 1757 04c7 73686F72 		.ascii	"short unsigned int\000"
 1757      7420756E 
 1757      7369676E 
 1757      65642069 
 1757      6E7400
 1758              	.LASF89:
 1759 04da 72784368 		.ascii	"rxCharHandle\000"
 1759      61724861 
 1759      6E646C65 
 1759      00
 1760              	.LASF16:
 1761 04e7 63686172 		.ascii	"char\000"
 1761      00
 1762              	.LASF79:
 1763 04ec 75617274 		.ascii	"uartRxDataNotification\000"
 1763      52784461 
 1763      74614E6F 
 1763      74696669 
 1763      63617469 
 1764              	.LASF58:
 1765 0503 4359424C 		.ascii	"CYBLE_GATT_VALUE_T\000"
 1765      455F4741 
 1765      54545F56 
 1765      414C5545 
 1765      5F5400
 1766              	.LASF90:
 1767 0516 474E5520 		.ascii	"GNU C 4.9.3 20150303 (release) [ARM/embedded-4_9-br"
 1767      4320342E 
 1767      392E3320 
 1767      32303135 
 1767      30333033 
 1768 0549 616E6368 		.ascii	"anch revision 221220] -mcpu=cortex-m0 -mthumb -g -O"
 1768      20726576 
 1768      6973696F 
 1768      6E203232 
 1768      31323230 
 1769 057c 30202D66 		.ascii	"0 -ffunction-sections -ffat-lto-objects\000"
ARM GAS  C:\Users\ANDREW~1\AppData\Local\Temp\ccGsmwk5.s 			page 42


 1769      66756E63 
 1769      74696F6E 
 1769      2D736563 
 1769      74696F6E 
 1770              	.LASF46:
 1771 05a4 4359424C 		.ascii	"CYBLE_ERROR_CONTROLLER_BUSY\000"
 1771      455F4552 
 1771      524F525F 
 1771      434F4E54 
 1771      524F4C4C 
 1772              	.LASF67:
 1773 05c0 4359424C 		.ascii	"CYBLE_STATE_INITIALIZING\000"
 1773      455F5354 
 1773      4154455F 
 1773      494E4954 
 1773      49414C49 
 1774              	.LASF91:
 1775 05d9 6170705F 		.ascii	"app_UART.c\000"
 1775      55415254 
 1775      2E6300
 1776              	.LASF23:
 1777 05e4 4359424C 		.ascii	"CYBLE_ERROR_MEMORY_ALLOCATION_FAILED\000"
 1777      455F4552 
 1777      524F525F 
 1777      4D454D4F 
 1777      52595F41 
 1778              	.LASF77:
 1779 0609 48616E64 		.ascii	"HandleUartRxTraffic\000"
 1779      6C655561 
 1779      72745278 
 1779      54726166 
 1779      66696300 
 1780              	.LASF44:
 1781 061d 4359424C 		.ascii	"CYBLE_ERROR_UNSUPPORTED_FEATURE_OR_PARAMETER_VALUE\000"
 1781      455F4552 
 1781      524F525F 
 1781      554E5355 
 1781      50504F52 
 1782              	.LASF10:
 1783 0650 75696E74 		.ascii	"uint32_t\000"
 1783      33325F74 
 1783      00
 1784              	.LASF13:
 1785 0659 75696E74 		.ascii	"uint32\000"
 1785      333200
 1786              	.LASF73:
 1787 0660 77726974 		.ascii	"writeBuffer\000"
 1787      65427566 
 1787      66657200 
 1788              	.LASF5:
 1789 066c 6C6F6E67 		.ascii	"long unsigned int\000"
 1789      20756E73 
 1789      69676E65 
 1789      6420696E 
 1789      7400
 1790              	.LASF60:
 1791 067e 61747472 		.ascii	"attrHandle\000"
ARM GAS  C:\Users\ANDREW~1\AppData\Local\Temp\ccGsmwk5.s 			page 43


 1791      48616E64 
 1791      6C6500
 1792              	.LASF15:
 1793 0689 646F7562 		.ascii	"double\000"
 1793      6C6500
 1794              	.LASF84:
 1795 0690 48616E64 		.ascii	"HandleUartTxTraffic\000"
 1795      6C655561 
 1795      72745478 
 1795      54726166 
 1795      66696300 
 1796              	.LASF56:
 1797 06a4 4359424C 		.ascii	"CYBLE_CONN_HANDLE_T\000"
 1797      455F434F 
 1797      4E4E5F48 
 1797      414E444C 
 1797      455F5400 
 1798              	.LASF61:
 1799 06b8 4359424C 		.ascii	"CYBLE_GATT_HANDLE_VALUE_PAIR_T\000"
 1799      455F4741 
 1799      54545F48 
 1799      414E444C 
 1799      455F5641 
 1800              	.LASF85:
 1801 06d7 44697361 		.ascii	"DisableUartRxInt\000"
 1801      626C6555 
 1801      61727452 
 1801      78496E74 
 1801      00
 1802              	.LASF38:
 1803 06e8 4359424C 		.ascii	"CYBLE_ERROR_L2CAP_PSM_NOT_IN_RANGE\000"
 1803      455F4552 
 1803      524F525F 
 1803      4C324341 
 1803      505F5053 
 1804              	.LASF74:
 1805 070b 636F756E 		.ascii	"count\000"
 1805      7400
 1806              	.LASF48:
 1807 0711 4359424C 		.ascii	"CYBLE_ERROR_NTF_DISABLED\000"
 1807      455F4552 
 1807      524F525F 
 1807      4E54465F 
 1807      44495341 
 1808              	.LASF40:
 1809 072a 4359424C 		.ascii	"CYBLE_ERROR_DEVICE_ALREADY_EXISTS\000"
 1809      455F4552 
 1809      524F525F 
 1809      44455649 
 1809      43455F41 
 1810              	.LASF47:
 1811 074c 4359424C 		.ascii	"CYBLE_ERROR_MAX\000"
 1811      455F4552 
 1811      524F525F 
 1811      4D415800 
 1812              	.LASF51:
 1813 075c 4359424C 		.ascii	"CYBLE_ERROR_INVALID_STATE\000"
ARM GAS  C:\Users\ANDREW~1\AppData\Local\Temp\ccGsmwk5.s 			page 44


 1813      455F4552 
 1813      524F525F 
 1813      494E5641 
 1813      4C49445F 
 1814              	.LASF76:
 1815 0776 56414C31 		.ascii	"VAL1\000"
 1815      00
 1816              	.LASF39:
 1817 077b 4359424C 		.ascii	"CYBLE_ERROR_GATT_DB_INVALID_ATTR_HANDLE\000"
 1817      455F4552 
 1817      524F525F 
 1817      47415454 
 1817      5F44425F 
 1818              	.LASF36:
 1819 07a3 4359424C 		.ascii	"CYBLE_ERROR_L2CAP_CONNECTION_ENTITY_NOT_FOUND\000"
 1819      455F4552 
 1819      524F525F 
 1819      4C324341 
 1819      505F434F 
 1820              	.LASF82:
 1821 07d1 6465635F 		.ascii	"dec_to_str\000"
 1821      746F5F73 
 1821      747200
 1822              	.LASF49:
 1823 07dc 4359424C 		.ascii	"CYBLE_ERROR_IND_DISABLED\000"
 1823      455F4552 
 1823      524F525F 
 1823      494E445F 
 1823      44495341 
 1824              	.LASF81:
 1825 07f5 75617274 		.ascii	"uartTxDataWriteCmd\000"
 1825      54784461 
 1825      74615772 
 1825      69746543 
 1825      6D6400
 1826              	.LASF70:
 1827 0808 4359424C 		.ascii	"CYBLE_STATE_CONNECTING\000"
 1827      455F5354 
 1827      4154455F 
 1827      434F4E4E 
 1827      45435449 
 1828              	.LASF80:
 1829 081f 626C6541 		.ascii	"bleApiResult\000"
 1829      70695265 
 1829      73756C74 
 1829      00
 1830              	.LASF55:
 1831 082c 61747449 		.ascii	"attId\000"
 1831      6400
 1832              		.ident	"GCC: (GNU Tools for ARM Embedded Processors) 4.9.3 20150303 (release) [ARM/embedded-4_9-br
