--------------- Build Started: 01/19/2017 23:10:33 Project: fNIR PSoC Central, Configuration: ARM GCC 4.9-2015-q1-update Debug ---------------
The code generation step is up to date.
arm-none-eabi-gcc.exe -mcpu=cortex-m0 -mthumb -I. -IGenerated_Source\PSoC4 -Wa,-alh=.\CortexM0\ARM_GCC_493\Debug/app_UART.lst -g -D DEBUG -Wall -ffunction-sections -O0 -ffat-lto-objects -c app_UART.c -o .\CortexM0\ARM_GCC_493\Debug\app_UART.o
app_UART.c: In function 'HandleUartRxTraffic':
app_UART.c:37:5: warning: multi-line comment [-Wcomment]
     //    UART_SpiUartPutArray(uartRxDataNotification->handleValPair.value.val, \
     ^
app_UART.c:55:21: warning: unused variable 'a' [-Wunused-variable]
             uint8   a[20]={'1',  uartTxDataLength, '3', '4', 0x0D, 0x0a, 0x00, 0x00, 0x00, 0x00, 0x00, 0x00, 0x00, 0x00 ,0x00, 0x00, 0x00, 0x00, 0x00, 0x00};
                     ^
app_UART.c:48:19: warning: unused variable 'uartIdleCount' [-Wunused-variable]
     static uint16 uartIdleCount = UART_IDLE_TIMEOUT;
                   ^
app_UART.c:43:13: warning: unused variable 'uartTxData' [-Wunused-variable]
     uint8   uartTxData[mtuSize - 3];
             ^
app_UART.c:42:13: warning: unused variable 'index' [-Wunused-variable]
     uint8   index;
             ^
app_UART.c: In function 'HandleUartTxTraffic':
app_UART.c:125:17: warning: "/*" within comment [-Wcomment]
                 /*uartTxDataLength remains unchanged ;
 ^
app_UART.c: In function 'HandleUartRxTraffic':
app_UART.c:55:21: warning: 'uartTxDataLength' is used uninitialized in this function [-Wuninitialized]
             uint8   a[20]={'1',  uartTxDataLength, '3', '4', 0x0D, 0x0a, 0x00, 0x00, 0x00, 0x00, 0x00, 0x00, 0x00, 0x00 ,0x00, 0x00, 0x00, 0x00, 0x00, 0x00};
                     ^
arm-none-eabi-ar.exe -rs ".\CortexM0\ARM_GCC_493\Debug\fNIR PSoC Central.a" .\CortexM0\ARM_GCC_493\Debug\cyfitter_cfg.o .\CortexM0\ARM_GCC_493\Debug\BLE.o .\CortexM0\ARM_GCC_493\Debug\BLE_gatt.o .\CortexM0\ARM_GCC_493\Debug\BLE_eventHandler.o .\CortexM0\ARM_GCC_493\Debug\BLE_HAL_INT.o .\CortexM0\ARM_GCC_493\Debug\BLE_HAL_PVT.o .\CortexM0\ARM_GCC_493\Debug\BLE_custom.o .\CortexM0\ARM_GCC_493\Debug\Scan_LED.o .\CortexM0\ARM_GCC_493\Debug\Scan_LED_PM.o .\CortexM0\ARM_GCC_493\Debug\Conn_LED.o .\CortexM0\ARM_GCC_493\Debug\Conn_LED_PM.o .\CortexM0\ARM_GCC_493\Debug\UART.o .\CortexM0\ARM_GCC_493\Debug\UART_SPI_UART.o .\CortexM0\ARM_GCC_493\Debug\UART_SPI_UART_INT.o .\CortexM0\ARM_GCC_493\Debug\UART_PM.o .\CortexM0\ARM_GCC_493\Debug\UART_UART.o .\CortexM0\ARM_GCC_493\Debug\UART_BOOT.o .\CortexM0\ARM_GCC_493\Debug\UART_UART_BOOT.o .\CortexM0\ARM_GCC_493\Debug\BLE_bless_isr.o .\CortexM0\ARM_GCC_493\Debug\UART_SCBCLK.o .\CortexM0\ARM_GCC_493\Debug\UART_tx.o .\CortexM0\ARM_GCC_493\Debug\UART_tx_PM.o .\CortexM0\ARM_GCC_493\Debug\UART_SCB_IRQ.o .\CortexM0\ARM_GCC_493\Debug\UART_rx.o .\CortexM0\ARM_GCC_493\Debug\UART_rx_PM.o .\CortexM0\ARM_GCC_493\Debug\CyFlash.o .\CortexM0\ARM_GCC_493\Debug\CyLib.o .\CortexM0\ARM_GCC_493\Debug\cyPm.o .\CortexM0\ARM_GCC_493\Debug\cyutils.o .\CortexM0\ARM_GCC_493\Debug\CyLFClk.o .\CortexM0\ARM_GCC_493\Debug\ADC.o .\CortexM0\ARM_GCC_493\Debug\ADC_PM.o .\CortexM0\ARM_GCC_493\Debug\ADC_INT.o .\CortexM0\ARM_GCC_493\Debug\ADC_IRQ.o .\CortexM0\ARM_GCC_493\Debug\ADC_intClock.o .\CortexM0\ARM_GCC_493\Debug\CyBootAsmGnu.o
arm-none-eabi-ar.exe: creating .\CortexM0\ARM_GCC_493\Debug\fNIR PSoC Central.a
arm-none-eabi-gcc.exe -Wl,--start-group -o ".\CortexM0\ARM_GCC_493\Debug\fNIR PSoC Central.elf" .\CortexM0\ARM_GCC_493\Debug\main.o .\CortexM0\ARM_GCC_493\Debug\app_Ble.o .\CortexM0\ARM_GCC_493\Debug\app_UART.o .\CortexM0\ARM_GCC_493\Debug\app_LED.o .\CortexM0\ARM_GCC_493\Debug\cymetadata.o .\CortexM0\ARM_GCC_493\Debug\Cm0Start.o ".\CortexM0\ARM_GCC_493\Debug\fNIR PSoC Central.a" "D:\Cypress\PSoC Creator\4.0\PSoC Creator\psoc\content\cycomponentlibrary\CyComponentLibrary.cylib\BLE_v3_20\Library\gccCyBLEStack_BLE_SOC_CENTRAL.a" "D:\Cypress\PSoC Creator\4.0\PSoC Creator\psoc\content\cycomponentlibrary\CyComponentLibrary.cylib\CortexM0\ARM_GCC_493\Debug\CyComponentLibrary.a" -mcpu=cortex-m0 -mthumb -g -ffunction-sections -O0 -ffat-lto-objects -L Generated_Source\PSoC4 "-Wl,-Map,.\CortexM0\ARM_GCC_493\Debug/fNIR PSoC Central.map" -T "C:\Users\michs\Documents\PSoC Creator\fNIR PSoC BLE\fNIR PSoC Central\fNIR PSoC Central.cydsn\Generated_Source\PSoC4\cm0gcc.ld" -specs=nano.specs -Wl,--gc-sections -Wl,--end-group
cyelftool.exe -C "C:\Users\michs\Documents\PSoC Creator\fNIR PSoC BLE\fNIR PSoC Central\fNIR PSoC Central.cydsn\CortexM0\ARM_GCC_493\Debug\fNIR PSoC Central.elf" --flash_row_size 128 --flash_size 131072
cyelftool.exe -S "C:\Users\michs\Documents\PSoC Creator\fNIR PSoC BLE\fNIR PSoC Central\fNIR PSoC Central.cydsn\CortexM0\ARM_GCC_493\Debug\fNIR PSoC Central.elf"
Flash used: 92497 of 131072 bytes (70.6 %).
SRAM used: 14928 of 16384 bytes (91.1 %). Stack: 2048 bytes. Heap: 128 bytes.
--------------- Build Succeeded: 01/19/2017 23:10:35 ---------------
