ARM GAS  C:\Users\ANDREW~1\AppData\Local\Temp\ccyG2u1a.s 			page 1


   1              		.cpu cortex-m0
   2              		.fpu softvfp
   3              		.eabi_attribute 20, 1
   4              		.eabi_attribute 21, 1
   5              		.eabi_attribute 23, 3
   6              		.eabi_attribute 24, 1
   7              		.eabi_attribute 25, 1
   8              		.eabi_attribute 26, 1
   9              		.eabi_attribute 30, 6
  10              		.eabi_attribute 34, 0
  11              		.eabi_attribute 18, 4
  12              		.code	16
  13              		.file	"main.c"
  14              		.text
  15              	.Ltext0:
  16              		.cfi_sections	.debug_frame
  17              		.section	.rodata
  18              		.align	2
  19              	.LC1:
  20 0000 0A0D2A2A 		.ascii	"\012\015*******************************************"
  20      2A2A2A2A 
  20      2A2A2A2A 
  20      2A2A2A2A 
  20      2A2A2A2A 
  21 002d 2A2A2A2A 		.ascii	"*****************\000"
  21      2A2A2A2A 
  21      2A2A2A2A 
  21      2A2A2A2A 
  21      2A00
  22 003f 00       		.align	2
  23              	.LC3:
  24 0040 0A0D2A2A 		.ascii	"\012\015***************** BLE UART example project "
  24      2A2A2A2A 
  24      2A2A2A2A 
  24      2A2A2A2A 
  24      2A2A2A20 
  25 006d 2A2A2A2A 		.ascii	"*****************\000"
  25      2A2A2A2A 
  25      2A2A2A2A 
  25      2A2A2A2A 
  25      2A00
  26 007f 00       		.align	2
  27              	.LC5:
  28 0080 0A0D2A2A 		.ascii	"\012\015*******************************************"
  28      2A2A2A2A 
  28      2A2A2A2A 
  28      2A2A2A2A 
  28      2A2A2A2A 
  29 00ad 2A2A2A2A 		.ascii	"*****************\012\015\000"
  29      2A2A2A2A 
  29      2A2A2A2A 
  29      2A2A2A2A 
  29      2A0A0D00 
  30 00c1 000000   		.align	2
  31              	.LC7:
  32 00c4 0A0D4465 		.ascii	"\012\015Device role \011: CENTRAL\000"
  32      76696365 
ARM GAS  C:\Users\ANDREW~1\AppData\Local\Temp\ccyG2u1a.s 			page 2


  32      20726F6C 
  32      6520093A 
  32      2043454E 
  33 00dd 000000   		.align	2
  34              	.LC9:
  35 00e0 0A0D4C6F 		.ascii	"\012\015Low Power Mode \011: DISABLED\000"
  35      7720506F 
  35      77657220 
  35      4D6F6465 
  35      20093A20 
  36 00fd 000000   		.align	2
  37              	.LC11:
  38 0100 0A0D466C 		.ascii	"\012\015Flow Control \011: DISABLED\000"
  38      6F772043 
  38      6F6E7472 
  38      6F6C2009 
  38      3A204449 
  39 011b 00       		.align	2
  40              	.LC13:
  41 011c 0A0D0909 		.ascii	"\012\015\011\011CyBle stack initilization FAILED!!!"
  41      4379426C 
  41      65207374 
  41      61636B20 
  41      696E6974 
  42 0143 200A0D20 		.ascii	" \012\015 \000"
  42      00
  43              		.section	.text.main,"ax",%progbits
  44              		.align	2
  45              		.global	main
  46              		.code	16
  47              		.thumb_func
  48              		.type	main, %function
  49              	main:
  50              	.LFB37:
  51              		.file 1 "main.c"
   1:main.c        **** /*******************************************************************************
   2:main.c        **** * File Name: main.c
   3:main.c        **** *
   4:main.c        **** * Version: 1.0
   5:main.c        **** *
   6:main.c        **** * Description:
   7:main.c        **** *  BLE example project that works as a BLE to UART bridge, using 
   8:main.c        **** *  Cypress's BLE component APIs and application layer callback. 
   9:main.c        **** *  This project demostrates a custom service usage for BLE to UART  
  10:main.c        **** *  bridge in a CENTRAL role.
  11:main.c        **** *
  12:main.c        **** * References:
  13:main.c        **** *  BLUETOOTH SPECIFICATION Version 4.1
  14:main.c        **** *
  15:main.c        **** * Hardware Dependency:
  16:main.c        **** *  (1) CY8CKIT-042 BLE
  17:main.c        **** *  (2) An external UART transciever (if flow control is enabled) 
  18:main.c        **** *
  19:main.c        **** ********************************************************************************
  20:main.c        **** * Copyright 2015, Cypress Semiconductor Corporation.  All rights reserved.
  21:main.c        **** * You may use this file only in accordance with the license, terms, conditions,
  22:main.c        **** * disclaimers, and limitations in the end user license agreement accompanying
ARM GAS  C:\Users\ANDREW~1\AppData\Local\Temp\ccyG2u1a.s 			page 3


  23:main.c        **** * the software package with which this file was provided.
  24:main.c        **** *******************************************************************************/
  25:main.c        **** 
  26:main.c        **** #include "main.h"
  27:main.c        **** 
  28:main.c        **** 
  29:main.c        **** int main()
  30:main.c        **** {
  52              		.loc 1 30 0
  53              		.cfi_startproc
  54 0000 90B5     		push	{r4, r7, lr}
  55              		.cfi_def_cfa_offset 12
  56              		.cfi_offset 4, -12
  57              		.cfi_offset 7, -8
  58              		.cfi_offset 14, -4
  59 0002 83B0     		sub	sp, sp, #12
  60              		.cfi_def_cfa_offset 24
  61 0004 00AF     		add	r7, sp, #0
  62              		.cfi_def_cfa_register 7
  31:main.c        ****     #ifdef LOW_POWER_MODE    
  32:main.c        ****         CYBLE_LP_MODE_T         lpMode;
  33:main.c        ****         CYBLE_BLESS_STATE_T     blessState;
  34:main.c        ****     #endif
  35:main.c        ****     
  36:main.c        ****     CYBLE_API_RESULT_T      bleApiResult;
  37:main.c        ****    
  38:main.c        ****     CyGlobalIntEnable; 
  63              		.loc 1 38 0
  64              	@ 38 "main.c" 1
  65 0006 62B6     		CPSIE   i
  66              	@ 0 "" 2
  39:main.c        ****     
  40:main.c        ****     /* Start UART and BLE component and display project information */
  41:main.c        ****     UART_Start();   
  67              		.loc 1 41 0
  68              		.code	16
  69 0008 FFF7FEFF 		bl	UART_Start
  42:main.c        ****     bleApiResult = CyBle_Start(AppCallBack); 
  70              		.loc 1 42 0
  71 000c BC1D     		add	r4, r7, #6
  72 000e 1A4B     		ldr	r3, .L6
  73 0010 181C     		mov	r0, r3
  74 0012 FFF7FEFF 		bl	CyBle_Start
  75 0016 031C     		mov	r3, r0
  76 0018 2380     		strh	r3, [r4]
  43:main.c        ****     
  44:main.c        ****     if(bleApiResult == CYBLE_ERROR_OK)
  77              		.loc 1 44 0
  78 001a BB1D     		add	r3, r7, #6
  79 001c 1B88     		ldrh	r3, [r3]
  80 001e 002B     		cmp	r3, #0
  81 0020 1ED1     		bne	.L2
  45:main.c        ****     {
  46:main.c        ****         #ifdef PRINT_MESSAGE_LOG
  47:main.c        ****             UART_UartPutString("\n\r************************************************************");
  82              		.loc 1 47 0
  83 0022 164B     		ldr	r3, .L6+4
ARM GAS  C:\Users\ANDREW~1\AppData\Local\Temp\ccyG2u1a.s 			page 4


  84 0024 181C     		mov	r0, r3
  85 0026 FFF7FEFF 		bl	UART_UartPutString
  48:main.c        ****             UART_UartPutString("\n\r***************** BLE UART example project *****************");
  86              		.loc 1 48 0
  87 002a 154B     		ldr	r3, .L6+8
  88 002c 181C     		mov	r0, r3
  89 002e FFF7FEFF 		bl	UART_UartPutString
  49:main.c        ****             UART_UartPutString("\n\r************************************************************\n\
  90              		.loc 1 49 0
  91 0032 144B     		ldr	r3, .L6+12
  92 0034 181C     		mov	r0, r3
  93 0036 FFF7FEFF 		bl	UART_UartPutString
  50:main.c        ****             UART_UartPutString("\n\rDevice role \t: CENTRAL");
  94              		.loc 1 50 0
  95 003a 134B     		ldr	r3, .L6+16
  96 003c 181C     		mov	r0, r3
  97 003e FFF7FEFF 		bl	UART_UartPutString
  51:main.c        ****             
  52:main.c        ****             #ifdef LOW_POWER_MODE
  53:main.c        ****                 UART_UartPutString("\n\rLow Power Mode \t: ENABLED");
  54:main.c        ****             #else
  55:main.c        ****                 UART_UartPutString("\n\rLow Power Mode \t: DISABLED");
  98              		.loc 1 55 0
  99 0042 124B     		ldr	r3, .L6+20
 100 0044 181C     		mov	r0, r3
 101 0046 FFF7FEFF 		bl	UART_UartPutString
  56:main.c        ****             #endif
  57:main.c        ****             
  58:main.c        ****             #ifdef FLOW_CONTROL
  59:main.c        ****                 UART_UartPutString("\n\rFlow Control \t: ENABLED");  
  60:main.c        ****             #else
  61:main.c        ****                 UART_UartPutString("\n\rFlow Control \t: DISABLED");
 102              		.loc 1 61 0
 103 004a 114B     		ldr	r3, .L6+24
 104 004c 181C     		mov	r0, r3
 105 004e FFF7FEFF 		bl	UART_UartPutString
  62:main.c        ****             #endif
  63:main.c        ****             
  64:main.c        ****         #endif
  65:main.c        ****     }
  66:main.c        ****     else
  67:main.c        ****     {
  68:main.c        ****         #ifdef PRINT_MESSAGE_LOG   
  69:main.c        ****             UART_UartPutString("\n\r\t\tCyBle stack initilization FAILED!!! \n\r ");
  70:main.c        ****         #endif
  71:main.c        ****         
  72:main.c        ****         /* Enter infinite loop */
  73:main.c        ****         while(1);
  74:main.c        ****     }
  75:main.c        ****     
  76:main.c        ****     CyBle_ProcessEvents();
 106              		.loc 1 76 0
 107 0052 FFF7FEFF 		bl	CyBle_ProcessEvents
  77:main.c        ****     ADC_Start();
 108              		.loc 1 77 0
 109 0056 FFF7FEFF 		bl	ADC_Start
  78:main.c        ****     millis_Start();
ARM GAS  C:\Users\ANDREW~1\AppData\Local\Temp\ccyG2u1a.s 			page 5


 110              		.loc 1 78 0
 111 005a FFF7FEFF 		bl	millis_Start
 112 005e 04E0     		b	.L5
 113              	.L2:
  69:main.c        ****         #endif
 114              		.loc 1 69 0
 115 0060 0C4B     		ldr	r3, .L6+28
 116 0062 181C     		mov	r0, r3
 117 0064 FFF7FEFF 		bl	UART_UartPutString
 118              	.L4:
  73:main.c        ****     }
 119              		.loc 1 73 0 discriminator 1
 120 0068 FEE7     		b	.L4
 121              	.L5:
  79:main.c        ****     /***************************************************************************
  80:main.c        ****     * Main polling loop
  81:main.c        ****     ***************************************************************************/
  82:main.c        ****     while(1)
  83:main.c        ****     {               
  84:main.c        ****         #ifdef LOW_POWER_MODE
  85:main.c        ****             
  86:main.c        ****             if((CyBle_GetState() != CYBLE_STATE_INITIALIZING) && (CyBle_GetState() != CYBLE_STATE_D
  87:main.c        ****             {
  88:main.c        ****                 /* Enter DeepSleep mode between connection intervals */
  89:main.c        ****                 
  90:main.c        ****                 lpMode = CyBle_EnterLPM(CYBLE_BLESS_DEEPSLEEP);
  91:main.c        ****                 CyGlobalIntDisable;
  92:main.c        ****                 blessState = CyBle_GetBleSsState();
  93:main.c        **** 
  94:main.c        ****                 if(lpMode == CYBLE_BLESS_DEEPSLEEP) 
  95:main.c        ****                 {   
  96:main.c        ****                     if((blessState == CYBLE_BLESS_STATE_ECO_ON || blessState == CYBLE_BLESS_STATE_D
  97:main.c        ****                             (UART_SpiUartGetTxBufferSize() + UART_GET_TX_FIFO_SR_VALID) == 0u)
  98:main.c        ****                     {
  99:main.c        ****                         EnableUartRxInt();
 100:main.c        ****                         CySysPmSleep();
 101:main.c        ****                         DisableUartRxInt();
 102:main.c        ****                     }
 103:main.c        ****                 }
 104:main.c        ****                 else
 105:main.c        ****                 {
 106:main.c        ****                     if((blessState != CYBLE_BLESS_STATE_EVENT_CLOSE) && \
 107:main.c        ****                             (UART_SpiUartGetTxBufferSize() + UART_GET_TX_FIFO_SR_VALID) == 0u)
 108:main.c        ****                     {
 109:main.c        ****                         EnableUartRxInt();
 110:main.c        ****                         CySysPmSleep();
 111:main.c        ****                         DisableUartRxInt();
 112:main.c        ****                     }
 113:main.c        ****                 }
 114:main.c        ****                 CyGlobalIntEnable;
 115:main.c        ****                 
 116:main.c        ****                 /* Handle advertising led blinking */
 117:main.c        ****                 HandleLeds();
 118:main.c        ****             }
 119:main.c        ****             
 120:main.c        ****         #else
 121:main.c        ****             HandleLeds();
ARM GAS  C:\Users\ANDREW~1\AppData\Local\Temp\ccyG2u1a.s 			page 6


 122              		.loc 1 121 0 discriminator 1
 123 006a FFF7FEFF 		bl	HandleLeds
 122:main.c        ****         #endif
 123:main.c        ****         
 124:main.c        ****         /*******************************************************************
 125:main.c        ****         *  Process all pending BLE events in the stack
 126:main.c        ****         *******************************************************************/      
 127:main.c        ****         HandleBleProcessing();
 124              		.loc 1 127 0 discriminator 1
 125 006e FFF7FEFF 		bl	HandleBleProcessing
 128:main.c        ****         CyBle_ProcessEvents();
 126              		.loc 1 128 0 discriminator 1
 127 0072 FFF7FEFF 		bl	CyBle_ProcessEvents
 129:main.c        ****     }
 128              		.loc 1 129 0 discriminator 1
 129 0076 F8E7     		b	.L5
 130              	.L7:
 131              		.align	2
 132              	.L6:
 133 0078 00000000 		.word	AppCallBack
 134 007c 00000000 		.word	.LC1
 135 0080 40000000 		.word	.LC3
 136 0084 80000000 		.word	.LC5
 137 0088 C4000000 		.word	.LC7
 138 008c E0000000 		.word	.LC9
 139 0090 00010000 		.word	.LC11
 140 0094 1C010000 		.word	.LC13
 141              		.cfi_endproc
 142              	.LFE37:
 143              		.size	main, .-main
 144              		.text
 145              	.Letext0:
 146              		.file 2 "Generated_Source\\PSoC4/BLE_Stack.h"
 147              		.section	.debug_info,"",%progbits
 148              	.Ldebug_info0:
 149 0000 84010000 		.4byte	0x184
 150 0004 0400     		.2byte	0x4
 151 0006 00000000 		.4byte	.Ldebug_abbrev0
 152 000a 04       		.byte	0x4
 153 000b 01       		.uleb128 0x1
 154 000c 00000000 		.4byte	.LASF45
 155 0010 01       		.byte	0x1
 156 0011 80040000 		.4byte	.LASF46
 157 0015 E1040000 		.4byte	.LASF47
 158 0019 00000000 		.4byte	.Ldebug_ranges0+0
 159 001d 00000000 		.4byte	0
 160 0021 00000000 		.4byte	.Ldebug_line0
 161 0025 02       		.uleb128 0x2
 162 0026 01       		.byte	0x1
 163 0027 06       		.byte	0x6
 164 0028 68050000 		.4byte	.LASF0
 165 002c 02       		.uleb128 0x2
 166 002d 01       		.byte	0x1
 167 002e 08       		.byte	0x8
 168 002f 59020000 		.4byte	.LASF1
 169 0033 02       		.uleb128 0x2
 170 0034 02       		.byte	0x2
ARM GAS  C:\Users\ANDREW~1\AppData\Local\Temp\ccyG2u1a.s 			page 7


 171 0035 05       		.byte	0x5
 172 0036 B4040000 		.4byte	.LASF2
 173 003a 02       		.uleb128 0x2
 174 003b 02       		.byte	0x2
 175 003c 07       		.byte	0x7
 176 003d D5020000 		.4byte	.LASF3
 177 0041 02       		.uleb128 0x2
 178 0042 04       		.byte	0x4
 179 0043 05       		.byte	0x5
 180 0044 4C050000 		.4byte	.LASF4
 181 0048 02       		.uleb128 0x2
 182 0049 04       		.byte	0x4
 183 004a 07       		.byte	0x7
 184 004b A9020000 		.4byte	.LASF5
 185 004f 02       		.uleb128 0x2
 186 0050 08       		.byte	0x8
 187 0051 05       		.byte	0x5
 188 0052 72040000 		.4byte	.LASF6
 189 0056 02       		.uleb128 0x2
 190 0057 08       		.byte	0x8
 191 0058 07       		.byte	0x7
 192 0059 28020000 		.4byte	.LASF7
 193 005d 03       		.uleb128 0x3
 194 005e 04       		.byte	0x4
 195 005f 05       		.byte	0x5
 196 0060 696E7400 		.ascii	"int\000"
 197 0064 02       		.uleb128 0x2
 198 0065 04       		.byte	0x4
 199 0066 07       		.byte	0x7
 200 0067 CD030000 		.4byte	.LASF8
 201 006b 02       		.uleb128 0x2
 202 006c 04       		.byte	0x4
 203 006d 04       		.byte	0x4
 204 006e E4000000 		.4byte	.LASF9
 205 0072 02       		.uleb128 0x2
 206 0073 08       		.byte	0x8
 207 0074 04       		.byte	0x4
 208 0075 5E030000 		.4byte	.LASF10
 209 0079 02       		.uleb128 0x2
 210 007a 01       		.byte	0x1
 211 007b 08       		.byte	0x8
 212 007c F3030000 		.4byte	.LASF11
 213 0080 02       		.uleb128 0x2
 214 0081 04       		.byte	0x4
 215 0082 07       		.byte	0x7
 216 0083 69040000 		.4byte	.LASF12
 217 0087 04       		.uleb128 0x4
 218 0088 02       		.byte	0x2
 219 0089 02       		.byte	0x2
 220 008a D203     		.2byte	0x3d2
 221 008c 57010000 		.4byte	0x157
 222 0090 05       		.uleb128 0x5
 223 0091 9F010000 		.4byte	.LASF13
 224 0095 00       		.sleb128 0
 225 0096 05       		.uleb128 0x5
 226 0097 F8030000 		.4byte	.LASF14
 227 009b 01       		.sleb128 1
ARM GAS  C:\Users\ANDREW~1\AppData\Local\Temp\ccyG2u1a.s 			page 8


 228 009c 05       		.uleb128 0x5
 229 009d E1010000 		.4byte	.LASF15
 230 00a1 02       		.sleb128 2
 231 00a2 05       		.uleb128 0x5
 232 00a3 8E000000 		.4byte	.LASF16
 233 00a7 03       		.sleb128 3
 234 00a8 05       		.uleb128 0x5
 235 00a9 BE040000 		.4byte	.LASF17
 236 00ad 04       		.sleb128 4
 237 00ae 05       		.uleb128 0x5
 238 00af 8A030000 		.4byte	.LASF18
 239 00b3 05       		.sleb128 5
 240 00b4 05       		.uleb128 0x5
 241 00b5 BB020000 		.4byte	.LASF19
 242 00b9 06       		.sleb128 6
 243 00ba 05       		.uleb128 0x5
 244 00bb 97040000 		.4byte	.LASF20
 245 00bf 07       		.sleb128 7
 246 00c0 05       		.uleb128 0x5
 247 00c1 16040000 		.4byte	.LASF21
 248 00c5 08       		.sleb128 8
 249 00c6 05       		.uleb128 0x5
 250 00c7 74050000 		.4byte	.LASF22
 251 00cb 09       		.sleb128 9
 252 00cc 05       		.uleb128 0x5
 253 00cd 3F020000 		.4byte	.LASF23
 254 00d1 0A       		.sleb128 10
 255 00d2 05       		.uleb128 0x5
 256 00d3 65030000 		.4byte	.LASF24
 257 00d7 0B       		.sleb128 11
 258 00d8 05       		.uleb128 0x5
 259 00d9 88010000 		.4byte	.LASF25
 260 00dd 0C       		.sleb128 12
 261 00de 05       		.uleb128 0x5
 262 00df A8030000 		.4byte	.LASF26
 263 00e3 0D       		.sleb128 13
 264 00e4 05       		.uleb128 0x5
 265 00e5 FF010000 		.4byte	.LASF27
 266 00e9 0E       		.sleb128 14
 267 00ea 05       		.uleb128 0x5
 268 00eb 2F010000 		.4byte	.LASF28
 269 00ef 0F       		.sleb128 15
 270 00f0 05       		.uleb128 0x5
 271 00f1 30030000 		.4byte	.LASF29
 272 00f5 10       		.sleb128 16
 273 00f6 05       		.uleb128 0x5
 274 00f7 B3000000 		.4byte	.LASF30
 275 00fb 11       		.sleb128 17
 276 00fc 05       		.uleb128 0x5
 277 00fd 0C010000 		.4byte	.LASF31
 278 0101 12       		.sleb128 18
 279 0102 05       		.uleb128 0x5
 280 0103 67020000 		.4byte	.LASF32
 281 0107 13       		.sleb128 19
 282 0108 05       		.uleb128 0x5
 283 0109 EA000000 		.4byte	.LASF33
 284 010d 27       		.sleb128 39
ARM GAS  C:\Users\ANDREW~1\AppData\Local\Temp\ccyG2u1a.s 			page 9


 285 010e 05       		.uleb128 0x5
 286 010f E8020000 		.4byte	.LASF34
 287 0113 28       		.sleb128 40
 288 0114 05       		.uleb128 0x5
 289 0115 6C010000 		.4byte	.LASF35
 290 0119 29       		.sleb128 41
 291 011a 05       		.uleb128 0x5
 292 011b 89050000 		.4byte	.LASF36
 293 011f 2A       		.sleb128 42
 294 0120 05       		.uleb128 0x5
 295 0121 AE010000 		.4byte	.LASF37
 296 0125 2B       		.sleb128 43
 297 0126 05       		.uleb128 0x5
 298 0127 54010000 		.4byte	.LASF38
 299 012b 2C       		.sleb128 44
 300 012c 05       		.uleb128 0x5
 301 012d 34040000 		.4byte	.LASF39
 302 0131 FE01     		.sleb128 254
 303 0133 05       		.uleb128 0x5
 304 0134 87040000 		.4byte	.LASF40
 305 0138 FF01     		.sleb128 255
 306 013a 05       		.uleb128 0x5
 307 013b DA030000 		.4byte	.LASF41
 308 013f 8002     		.sleb128 256
 309 0141 05       		.uleb128 0x5
 310 0142 50040000 		.4byte	.LASF42
 311 0146 8102     		.sleb128 257
 312 0148 05       		.uleb128 0x5
 313 0149 0D030000 		.4byte	.LASF43
 314 014d 8202     		.sleb128 258
 315 014f 05       		.uleb128 0x5
 316 0150 8F020000 		.4byte	.LASF44
 317 0154 8302     		.sleb128 259
 318 0156 00       		.byte	0
 319 0157 06       		.uleb128 0x6
 320 0158 55050000 		.4byte	.LASF48
 321 015c 02       		.byte	0x2
 322 015d 3E04     		.2byte	0x43e
 323 015f 87000000 		.4byte	0x87
 324 0163 07       		.uleb128 0x7
 325 0164 85030000 		.4byte	.LASF49
 326 0168 01       		.byte	0x1
 327 0169 1D       		.byte	0x1d
 328 016a 5D000000 		.4byte	0x5d
 329 016e 00000000 		.4byte	.LFB37
 330 0172 98000000 		.4byte	.LFE37-.LFB37
 331 0176 01       		.uleb128 0x1
 332 0177 9C       		.byte	0x9c
 333 0178 08       		.uleb128 0x8
 334 0179 D7000000 		.4byte	.LASF50
 335 017d 01       		.byte	0x1
 336 017e 24       		.byte	0x24
 337 017f 57010000 		.4byte	0x157
 338 0183 02       		.uleb128 0x2
 339 0184 91       		.byte	0x91
 340 0185 6E       		.sleb128 -18
 341 0186 00       		.byte	0
ARM GAS  C:\Users\ANDREW~1\AppData\Local\Temp\ccyG2u1a.s 			page 10


 342 0187 00       		.byte	0
 343              		.section	.debug_abbrev,"",%progbits
 344              	.Ldebug_abbrev0:
 345 0000 01       		.uleb128 0x1
 346 0001 11       		.uleb128 0x11
 347 0002 01       		.byte	0x1
 348 0003 25       		.uleb128 0x25
 349 0004 0E       		.uleb128 0xe
 350 0005 13       		.uleb128 0x13
 351 0006 0B       		.uleb128 0xb
 352 0007 03       		.uleb128 0x3
 353 0008 0E       		.uleb128 0xe
 354 0009 1B       		.uleb128 0x1b
 355 000a 0E       		.uleb128 0xe
 356 000b 55       		.uleb128 0x55
 357 000c 17       		.uleb128 0x17
 358 000d 11       		.uleb128 0x11
 359 000e 01       		.uleb128 0x1
 360 000f 10       		.uleb128 0x10
 361 0010 17       		.uleb128 0x17
 362 0011 00       		.byte	0
 363 0012 00       		.byte	0
 364 0013 02       		.uleb128 0x2
 365 0014 24       		.uleb128 0x24
 366 0015 00       		.byte	0
 367 0016 0B       		.uleb128 0xb
 368 0017 0B       		.uleb128 0xb
 369 0018 3E       		.uleb128 0x3e
 370 0019 0B       		.uleb128 0xb
 371 001a 03       		.uleb128 0x3
 372 001b 0E       		.uleb128 0xe
 373 001c 00       		.byte	0
 374 001d 00       		.byte	0
 375 001e 03       		.uleb128 0x3
 376 001f 24       		.uleb128 0x24
 377 0020 00       		.byte	0
 378 0021 0B       		.uleb128 0xb
 379 0022 0B       		.uleb128 0xb
 380 0023 3E       		.uleb128 0x3e
 381 0024 0B       		.uleb128 0xb
 382 0025 03       		.uleb128 0x3
 383 0026 08       		.uleb128 0x8
 384 0027 00       		.byte	0
 385 0028 00       		.byte	0
 386 0029 04       		.uleb128 0x4
 387 002a 04       		.uleb128 0x4
 388 002b 01       		.byte	0x1
 389 002c 0B       		.uleb128 0xb
 390 002d 0B       		.uleb128 0xb
 391 002e 3A       		.uleb128 0x3a
 392 002f 0B       		.uleb128 0xb
 393 0030 3B       		.uleb128 0x3b
 394 0031 05       		.uleb128 0x5
 395 0032 01       		.uleb128 0x1
 396 0033 13       		.uleb128 0x13
 397 0034 00       		.byte	0
 398 0035 00       		.byte	0
ARM GAS  C:\Users\ANDREW~1\AppData\Local\Temp\ccyG2u1a.s 			page 11


 399 0036 05       		.uleb128 0x5
 400 0037 28       		.uleb128 0x28
 401 0038 00       		.byte	0
 402 0039 03       		.uleb128 0x3
 403 003a 0E       		.uleb128 0xe
 404 003b 1C       		.uleb128 0x1c
 405 003c 0D       		.uleb128 0xd
 406 003d 00       		.byte	0
 407 003e 00       		.byte	0
 408 003f 06       		.uleb128 0x6
 409 0040 16       		.uleb128 0x16
 410 0041 00       		.byte	0
 411 0042 03       		.uleb128 0x3
 412 0043 0E       		.uleb128 0xe
 413 0044 3A       		.uleb128 0x3a
 414 0045 0B       		.uleb128 0xb
 415 0046 3B       		.uleb128 0x3b
 416 0047 05       		.uleb128 0x5
 417 0048 49       		.uleb128 0x49
 418 0049 13       		.uleb128 0x13
 419 004a 00       		.byte	0
 420 004b 00       		.byte	0
 421 004c 07       		.uleb128 0x7
 422 004d 2E       		.uleb128 0x2e
 423 004e 01       		.byte	0x1
 424 004f 3F       		.uleb128 0x3f
 425 0050 19       		.uleb128 0x19
 426 0051 03       		.uleb128 0x3
 427 0052 0E       		.uleb128 0xe
 428 0053 3A       		.uleb128 0x3a
 429 0054 0B       		.uleb128 0xb
 430 0055 3B       		.uleb128 0x3b
 431 0056 0B       		.uleb128 0xb
 432 0057 49       		.uleb128 0x49
 433 0058 13       		.uleb128 0x13
 434 0059 11       		.uleb128 0x11
 435 005a 01       		.uleb128 0x1
 436 005b 12       		.uleb128 0x12
 437 005c 06       		.uleb128 0x6
 438 005d 40       		.uleb128 0x40
 439 005e 18       		.uleb128 0x18
 440 005f 9642     		.uleb128 0x2116
 441 0061 19       		.uleb128 0x19
 442 0062 00       		.byte	0
 443 0063 00       		.byte	0
 444 0064 08       		.uleb128 0x8
 445 0065 34       		.uleb128 0x34
 446 0066 00       		.byte	0
 447 0067 03       		.uleb128 0x3
 448 0068 0E       		.uleb128 0xe
 449 0069 3A       		.uleb128 0x3a
 450 006a 0B       		.uleb128 0xb
 451 006b 3B       		.uleb128 0x3b
 452 006c 0B       		.uleb128 0xb
 453 006d 49       		.uleb128 0x49
 454 006e 13       		.uleb128 0x13
 455 006f 02       		.uleb128 0x2
ARM GAS  C:\Users\ANDREW~1\AppData\Local\Temp\ccyG2u1a.s 			page 12


 456 0070 18       		.uleb128 0x18
 457 0071 00       		.byte	0
 458 0072 00       		.byte	0
 459 0073 00       		.byte	0
 460              		.section	.debug_aranges,"",%progbits
 461 0000 1C000000 		.4byte	0x1c
 462 0004 0200     		.2byte	0x2
 463 0006 00000000 		.4byte	.Ldebug_info0
 464 000a 04       		.byte	0x4
 465 000b 00       		.byte	0
 466 000c 0000     		.2byte	0
 467 000e 0000     		.2byte	0
 468 0010 00000000 		.4byte	.LFB37
 469 0014 98000000 		.4byte	.LFE37-.LFB37
 470 0018 00000000 		.4byte	0
 471 001c 00000000 		.4byte	0
 472              		.section	.debug_ranges,"",%progbits
 473              	.Ldebug_ranges0:
 474 0000 00000000 		.4byte	.LFB37
 475 0004 98000000 		.4byte	.LFE37
 476 0008 00000000 		.4byte	0
 477 000c 00000000 		.4byte	0
 478              		.section	.debug_line,"",%progbits
 479              	.Ldebug_line0:
 480 0000 84000000 		.section	.debug_str,"MS",%progbits,1
 480      02004300 
 480      00000201 
 480      FB0E0D00 
 480      01010101 
 481              	.LASF45:
 482 0000 474E5520 		.ascii	"GNU C 4.9.3 20150303 (release) [ARM/embedded-4_9-br"
 482      4320342E 
 482      392E3320 
 482      32303135 
 482      30333033 
 483 0033 616E6368 		.ascii	"anch revision 221220] -mcpu=cortex-m0 -mthumb -g -O"
 483      20726576 
 483      6973696F 
 483      6E203232 
 483      31323230 
 484 0066 30202D66 		.ascii	"0 -ffunction-sections -ffat-lto-objects\000"
 484      66756E63 
 484      74696F6E 
 484      2D736563 
 484      74696F6E 
 485              	.LASF16:
 486 008e 4359424C 		.ascii	"CYBLE_ERROR_MEMORY_ALLOCATION_FAILED\000"
 486      455F4552 
 486      524F525F 
 486      4D454D4F 
 486      52595F41 
 487              	.LASF30:
 488 00b3 4359424C 		.ascii	"CYBLE_ERROR_L2CAP_CHANNEL_NOT_FOUND\000"
 488      455F4552 
 488      524F525F 
 488      4C324341 
 488      505F4348 
ARM GAS  C:\Users\ANDREW~1\AppData\Local\Temp\ccyG2u1a.s 			page 13


 489              	.LASF50:
 490 00d7 626C6541 		.ascii	"bleApiResult\000"
 490      70695265 
 490      73756C74 
 490      00
 491              	.LASF9:
 492 00e4 666C6F61 		.ascii	"float\000"
 492      7400
 493              	.LASF33:
 494 00ea 4359424C 		.ascii	"CYBLE_ERROR_DEVICE_ALREADY_EXISTS\000"
 494      455F4552 
 494      524F525F 
 494      44455649 
 494      43455F41 
 495              	.LASF31:
 496 010c 4359424C 		.ascii	"CYBLE_ERROR_L2CAP_PSM_NOT_IN_RANGE\000"
 496      455F4552 
 496      524F525F 
 496      4C324341 
 496      505F5053 
 497              	.LASF28:
 498 012f 4359424C 		.ascii	"CYBLE_ERROR_L2CAP_PSM_NOT_REGISTERED\000"
 498      455F4552 
 498      524F525F 
 498      4C324341 
 498      505F5053 
 499              	.LASF38:
 500 0154 4359424C 		.ascii	"CYBLE_ERROR_FLASH_WRITE\000"
 500      455F4552 
 500      524F525F 
 500      464C4153 
 500      485F5752 
 501              	.LASF35:
 502 016c 4359424C 		.ascii	"CYBLE_ERROR_MIC_AUTH_FAILED\000"
 502      455F4552 
 502      524F525F 
 502      4D49435F 
 502      41555448 
 503              	.LASF25:
 504 0188 4359424C 		.ascii	"CYBLE_ERROR_SEC_FAILED\000"
 504      455F4552 
 504      524F525F 
 504      5345435F 
 504      4641494C 
 505              	.LASF13:
 506 019f 4359424C 		.ascii	"CYBLE_ERROR_OK\000"
 506      455F4552 
 506      524F525F 
 506      4F4B00
 507              	.LASF37:
 508 01ae 4359424C 		.ascii	"CYBLE_ERROR_UNSUPPORTED_FEATURE_OR_PARAMETER_VALUE\000"
 508      455F4552 
 508      524F525F 
 508      554E5355 
 508      50504F52 
 509              	.LASF15:
 510 01e1 4359424C 		.ascii	"CYBLE_ERROR_INVALID_OPERATION\000"
ARM GAS  C:\Users\ANDREW~1\AppData\Local\Temp\ccyG2u1a.s 			page 14


 510      455F4552 
 510      524F525F 
 510      494E5641 
 510      4C49445F 
 511              	.LASF27:
 512 01ff 4359424C 		.ascii	"CYBLE_ERROR_L2CAP_PSM_ALREADY_REGISTERED\000"
 512      455F4552 
 512      524F525F 
 512      4C324341 
 512      505F5053 
 513              	.LASF7:
 514 0228 6C6F6E67 		.ascii	"long long unsigned int\000"
 514      206C6F6E 
 514      6720756E 
 514      7369676E 
 514      65642069 
 515              	.LASF23:
 516 023f 4359424C 		.ascii	"CYBLE_ERROR_TX_POWER_READ\000"
 516      455F4552 
 516      524F525F 
 516      54585F50 
 516      4F574552 
 517              	.LASF1:
 518 0259 756E7369 		.ascii	"unsigned char\000"
 518      676E6564 
 518      20636861 
 518      7200
 519              	.LASF32:
 520 0267 4359424C 		.ascii	"CYBLE_ERROR_GATT_DB_INVALID_ATTR_HANDLE\000"
 520      455F4552 
 520      524F525F 
 520      47415454 
 520      5F44425F 
 521              	.LASF44:
 522 028f 4359424C 		.ascii	"CYBLE_ERROR_INVALID_STATE\000"
 522      455F4552 
 522      524F525F 
 522      494E5641 
 522      4C49445F 
 523              	.LASF5:
 524 02a9 6C6F6E67 		.ascii	"long unsigned int\000"
 524      20756E73 
 524      69676E65 
 524      6420696E 
 524      7400
 525              	.LASF19:
 526 02bb 4359424C 		.ascii	"CYBLE_ERROR_NO_CONNECTION\000"
 526      455F4552 
 526      524F525F 
 526      4E4F5F43 
 526      4F4E4E45 
 527              	.LASF3:
 528 02d5 73686F72 		.ascii	"short unsigned int\000"
 528      7420756E 
 528      7369676E 
 528      65642069 
 528      6E7400
ARM GAS  C:\Users\ANDREW~1\AppData\Local\Temp\ccyG2u1a.s 			page 15


 529              	.LASF34:
 530 02e8 4359424C 		.ascii	"CYBLE_ERROR_FLASH_WRITE_NOT_PERMITED\000"
 530      455F4552 
 530      524F525F 
 530      464C4153 
 530      485F5752 
 531              	.LASF43:
 532 030d 4359424C 		.ascii	"CYBLE_ERROR_CHAR_IS_NOT_DISCOVERED\000"
 532      455F4552 
 532      524F525F 
 532      43484152 
 532      5F49535F 
 533              	.LASF29:
 534 0330 4359424C 		.ascii	"CYBLE_ERROR_L2CAP_CONNECTION_ENTITY_NOT_FOUND\000"
 534      455F4552 
 534      524F525F 
 534      4C324341 
 534      505F434F 
 535              	.LASF10:
 536 035e 646F7562 		.ascii	"double\000"
 536      6C6500
 537              	.LASF24:
 538 0365 4359424C 		.ascii	"CYBLE_ERROR_BT_ON_NOT_COMPLETED\000"
 538      455F4552 
 538      524F525F 
 538      42545F4F 
 538      4E5F4E4F 
 539              	.LASF49:
 540 0385 6D61696E 		.ascii	"main\000"
 540      00
 541              	.LASF18:
 542 038a 4359424C 		.ascii	"CYBLE_ERROR_OOB_NOT_AVAILABLE\000"
 542      455F4552 
 542      524F525F 
 542      4F4F425F 
 542      4E4F545F 
 543              	.LASF26:
 544 03a8 4359424C 		.ascii	"CYBLE_ERROR_L2CAP_PSM_WRONG_ENCODING\000"
 544      455F4552 
 544      524F525F 
 544      4C324341 
 544      505F5053 
 545              	.LASF8:
 546 03cd 756E7369 		.ascii	"unsigned int\000"
 546      676E6564 
 546      20696E74 
 546      00
 547              	.LASF41:
 548 03da 4359424C 		.ascii	"CYBLE_ERROR_NTF_DISABLED\000"
 548      455F4552 
 548      524F525F 
 548      4E54465F 
 548      44495341 
 549              	.LASF11:
 550 03f3 63686172 		.ascii	"char\000"
 550      00
 551              	.LASF14:
ARM GAS  C:\Users\ANDREW~1\AppData\Local\Temp\ccyG2u1a.s 			page 16


 552 03f8 4359424C 		.ascii	"CYBLE_ERROR_INVALID_PARAMETER\000"
 552      455F4552 
 552      524F525F 
 552      494E5641 
 552      4C49445F 
 553              	.LASF21:
 554 0416 4359424C 		.ascii	"CYBLE_ERROR_REPEATED_ATTEMPTS\000"
 554      455F4552 
 554      524F525F 
 554      52455045 
 554      41544544 
 555              	.LASF39:
 556 0434 4359424C 		.ascii	"CYBLE_ERROR_CONTROLLER_BUSY\000"
 556      455F4552 
 556      524F525F 
 556      434F4E54 
 556      524F4C4C 
 557              	.LASF42:
 558 0450 4359424C 		.ascii	"CYBLE_ERROR_IND_DISABLED\000"
 558      455F4552 
 558      524F525F 
 558      494E445F 
 558      44495341 
 559              	.LASF12:
 560 0469 73697A65 		.ascii	"sizetype\000"
 560      74797065 
 560      00
 561              	.LASF6:
 562 0472 6C6F6E67 		.ascii	"long long int\000"
 562      206C6F6E 
 562      6720696E 
 562      7400
 563              	.LASF46:
 564 0480 6D61696E 		.ascii	"main.c\000"
 564      2E6300
 565              	.LASF40:
 566 0487 4359424C 		.ascii	"CYBLE_ERROR_MAX\000"
 566      455F4552 
 566      524F525F 
 566      4D415800 
 567              	.LASF20:
 568 0497 4359424C 		.ascii	"CYBLE_ERROR_NO_DEVICE_ENTITY\000"
 568      455F4552 
 568      524F525F 
 568      4E4F5F44 
 568      45564943 
 569              	.LASF2:
 570 04b4 73686F72 		.ascii	"short int\000"
 570      7420696E 
 570      7400
 571              	.LASF17:
 572 04be 4359424C 		.ascii	"CYBLE_ERROR_INSUFFICIENT_RESOURCES\000"
 572      455F4552 
 572      524F525F 
 572      494E5355 
 572      46464943 
 573              	.LASF47:
ARM GAS  C:\Users\ANDREW~1\AppData\Local\Temp\ccyG2u1a.s 			page 17


 574 04e1 433A5C55 		.ascii	"C:\\Users\\Andrew Joseph\\Desktop\\Senior Design\\t"
 574      73657273 
 574      5C416E64 
 574      72657720 
 574      4A6F7365 
 575 050f 72756E6B 		.ascii	"runk\\src\\PSoC_Core\\fNIR PSoC Central\\fNIR PSoC "
 575      5C737263 
 575      5C50536F 
 575      435F436F 
 575      72655C66 
 576 053e 43656E74 		.ascii	"Central.cydsn\000"
 576      72616C2E 
 576      63796473 
 576      6E00
 577              	.LASF4:
 578 054c 6C6F6E67 		.ascii	"long int\000"
 578      20696E74 
 578      00
 579              	.LASF48:
 580 0555 4359424C 		.ascii	"CYBLE_API_RESULT_T\000"
 580      455F4150 
 580      495F5245 
 580      53554C54 
 580      5F5400
 581              	.LASF0:
 582 0568 7369676E 		.ascii	"signed char\000"
 582      65642063 
 582      68617200 
 583              	.LASF22:
 584 0574 4359424C 		.ascii	"CYBLE_ERROR_GAP_ROLE\000"
 584      455F4552 
 584      524F525F 
 584      4741505F 
 584      524F4C45 
 585              	.LASF36:
 586 0589 4359424C 		.ascii	"CYBLE_ERROR_HARDWARE_FAILURE\000"
 586      455F4552 
 586      524F525F 
 586      48415244 
 586      57415245 
 587              		.ident	"GCC: (GNU Tools for ARM Embedded Processors) 4.9.3 20150303 (release) [ARM/embedded-4_9-br
