--------------- Rebuild Started: 01/27/2017 12:01:41 Project: fNIR PSoC Central, Configuration: ARM GCC 4.9-2015-q1-update Debug ---------------
Deleting file ".\CortexM0\ARM_GCC_493\Debug\main.o"
Deleting file ".\CortexM0\ARM_GCC_493\Debug\app_Ble.o"
Deleting file ".\CortexM0\ARM_GCC_493\Debug\app_UART.o"
Deleting file ".\CortexM0\ARM_GCC_493\Debug\app_LED.o"
Deleting file ".\CortexM0\ARM_GCC_493\Debug\cyfitter_cfg.o"
Deleting file ".\CortexM0\ARM_GCC_493\Debug\cymetadata.o"
Deleting file ".\CortexM0\ARM_GCC_493\Debug\BLE.o"
Deleting file ".\CortexM0\ARM_GCC_493\Debug\BLE_gatt.o"
Deleting file ".\CortexM0\ARM_GCC_493\Debug\BLE_eventHandler.o"
Deleting file ".\CortexM0\ARM_GCC_493\Debug\BLE_HAL_INT.o"
Deleting file ".\CortexM0\ARM_GCC_493\Debug\BLE_HAL_PVT.o"
Deleting file ".\CortexM0\ARM_GCC_493\Debug\BLE_custom.o"
Deleting file ".\CortexM0\ARM_GCC_493\Debug\Scan_LED.o"
Deleting file ".\CortexM0\ARM_GCC_493\Debug\Scan_LED_PM.o"
Deleting file ".\CortexM0\ARM_GCC_493\Debug\Conn_LED.o"
Deleting file ".\CortexM0\ARM_GCC_493\Debug\Conn_LED_PM.o"
Deleting file ".\CortexM0\ARM_GCC_493\Debug\UART.o"
Deleting file ".\CortexM0\ARM_GCC_493\Debug\UART_SPI_UART.o"
Deleting file ".\CortexM0\ARM_GCC_493\Debug\UART_SPI_UART_INT.o"
Deleting file ".\CortexM0\ARM_GCC_493\Debug\UART_PM.o"
Deleting file ".\CortexM0\ARM_GCC_493\Debug\UART_UART.o"
Deleting file ".\CortexM0\ARM_GCC_493\Debug\UART_BOOT.o"
Deleting file ".\CortexM0\ARM_GCC_493\Debug\UART_UART_BOOT.o"
Deleting file ".\CortexM0\ARM_GCC_493\Debug\BLE_bless_isr.o"
Deleting file ".\CortexM0\ARM_GCC_493\Debug\UART_SCBCLK.o"
Deleting file ".\CortexM0\ARM_GCC_493\Debug\UART_tx.o"
Deleting file ".\CortexM0\ARM_GCC_493\Debug\UART_tx_PM.o"
Deleting file ".\CortexM0\ARM_GCC_493\Debug\UART_SCB_IRQ.o"
Deleting file ".\CortexM0\ARM_GCC_493\Debug\UART_rx.o"
Deleting file ".\CortexM0\ARM_GCC_493\Debug\UART_rx_PM.o"
Deleting file ".\CortexM0\ARM_GCC_493\Debug\Cm0Start.o"
Deleting file ".\CortexM0\ARM_GCC_493\Debug\CyBootAsmGnu.o"
Deleting file ".\CortexM0\ARM_GCC_493\Debug\CyFlash.o"
Deleting file ".\CortexM0\ARM_GCC_493\Debug\CyLib.o"
Deleting file ".\CortexM0\ARM_GCC_493\Debug\cyPm.o"
Deleting file ".\CortexM0\ARM_GCC_493\Debug\cyutils.o"
Deleting file ".\CortexM0\ARM_GCC_493\Debug\CyLFClk.o"
Deleting file ".\CortexM0\ARM_GCC_493\Debug\ADC.o"
Deleting file ".\CortexM0\ARM_GCC_493\Debug\ADC_PM.o"
Deleting file ".\CortexM0\ARM_GCC_493\Debug\ADC_INT.o"
Deleting file ".\CortexM0\ARM_GCC_493\Debug\ADC_IRQ.o"
Deleting file ".\CortexM0\ARM_GCC_493\Debug\ADC_intClock.o"
Deleting file ".\CortexM0\ARM_GCC_493\Debug\fNIR PSoC Central.hex"
Deleting file ".\CortexM0\ARM_GCC_493\Debug\fNIR PSoC Central.elf"
Deleting file ".\CortexM0\ARM_GCC_493\Debug\fNIR PSoC Central.map"
Deleting file ".\fNIR PSoC Central.cycdx"
Deleting file ".\fNIR PSoC Central.svd"
Deleting file ".\fNIR PSoC Central.rpt"
Deleting file ".\fNIR PSoC Central_timing.html"
Deleting file ".\CortexM0\ARM_GCC_493\Debug\.deps\SOURCE_C__ARM_GCC_GENERIC.P"
Deleting file ".\CortexM0\ARM_GCC_493\Debug\.deps\SOURCE_ASM__ARM_GCC_GENERIC.P"
cydsfit.exe -.appdatapath "C:\Users\Andrew Joseph\AppData\Local\Cypress Semiconductor\PSoC Creator\4.0" -.fdsnotice -.fdswarpdepfile=warp_dependencies.txt -.fdselabdepfile=elab_dependencies.txt -.fdsbldfile=generated_files.txt -.fdsreffile=referenced_files.txt -p "C:\Users\Andrew Joseph\Desktop\Senior Design\trunk\src\PSoC_Core\fNIR PSoC Central\fNIR PSoC Central.cydsn\fNIR PSoC Central.cyprj" -d CYBLE-214009-00 -s "C:\Users\Andrew Joseph\Desktop\Senior Design\trunk\src\PSoC_Core\fNIR PSoC Central\fNIR PSoC Central.cydsn\Generated_Source\PSoC4" -- -yv2 -q10 -ygs -o2 -v3 -.fftcfgtype=LE
Elaborating Design...
HDL Generation...
Synthesis...
Tech Mapping...
ADD: pft.M0040: information: The following 8 pin(s) will be assigned a location by the fitter: \UART:rx(0)\, \UART:tx(0)\, A1(0), A2(0), A3(0), A4(0), Conn_LED(0), Scan_LED(0)
Analog Placement...
Analog Routing...
Analog Code Generation...
Digital Placement...
Digital Routing...
Bitstream Generation...
Bitstream Verification...
Static timing analysis...
API Generation...
Dependency Generation...
Cleanup...
arm-none-eabi-gcc.exe -mcpu=cortex-m0 -mthumb -I. -IGenerated_Source\PSoC4 -Wa,-alh=.\CortexM0\ARM_GCC_493\Debug/main.lst -g -D DEBUG -Wall -ffunction-sections -O0 -ffat-lto-objects -c main.c -o .\CortexM0\ARM_GCC_493\Debug\main.o
arm-none-eabi-gcc.exe -mcpu=cortex-m0 -mthumb -I. -IGenerated_Source\PSoC4 -Wa,-alh=.\CortexM0\ARM_GCC_493\Debug/app_Ble.lst -g -D DEBUG -Wall -ffunction-sections -O0 -ffat-lto-objects -c app_Ble.c -o .\CortexM0\ARM_GCC_493\Debug\app_Ble.o
arm-none-eabi-gcc.exe -mcpu=cortex-m0 -mthumb -I. -IGenerated_Source\PSoC4 -Wa,-alh=.\CortexM0\ARM_GCC_493\Debug/app_UART.lst -g -D DEBUG -Wall -ffunction-sections -O0 -ffat-lto-objects -c app_UART.c -o .\CortexM0\ARM_GCC_493\Debug\app_UART.o
app_UART.c: In function 'HandleUartRxTraffic':
app_UART.c:37:5: warning: multi-line comment [-Wcomment]
     //    UART_SpiUartPutArray(uartRxDataNotification->handleValPair.value.val, \
     ^
app_UART.c:75:27: warning: unused variable 'AV4' [-Wunused-variable]
                     int16 AV4=ADC_CountsTo_mVolts(3,VAL1);
                           ^
app_UART.c:74:27: warning: unused variable 'AV3' [-Wunused-variable]
                     int16 AV3=ADC_CountsTo_mVolts(2,VAL1);
                           ^
app_UART.c:73:27: warning: unused variable 'AV2' [-Wunused-variable]
                     int16 AV2=ADC_CountsTo_mVolts(1,VAL1);
                           ^
app_UART.c:72:27: warning: unused variable 'AV1' [-Wunused-variable]
                     int16 AV1=ADC_CountsTo_mVolts(0,VAL1);
                           ^
app_UART.c:70:28: warning: unused variable 'VAL4' [-Wunused-variable]
                     uint16 VAL4=ADC_GetResult16(3);
                            ^
app_UART.c:69:28: warning: unused variable 'VAL3' [-Wunused-variable]
                     uint16 VAL3=ADC_GetResult16(2);
                            ^
app_UART.c:68:28: warning: unused variable 'VAL2' [-Wunused-variable]
                     uint16 VAL2=ADC_GetResult16(1);
                            ^
app_UART.c:48:19: warning: unused variable 'uartIdleCount' [-Wunused-variable]
     static uint16 uartIdleCount = UART_IDLE_TIMEOUT;
                   ^
app_UART.c:44:13: warning: unused variable 'uartTxDataLength' [-Wunused-variable]
     uint16  uartTxDataLength;
             ^
app_UART.c:43:13: warning: unused variable 'uartTxData' [-Wunused-variable]
     uint8   uartTxData[mtuSize - 3];
             ^
app_UART.c:42:13: warning: unused variable 'index' [-Wunused-variable]
     uint8   index;
             ^
app_UART.c: In function 'HandleUartTxTraffic':
app_UART.c:165:17: warning: "/*" within comment [-Wcomment]
                 /*uartTxDataLength remains unchanged ;
 ^
arm-none-eabi-gcc.exe -mcpu=cortex-m0 -mthumb -I. -IGenerated_Source\PSoC4 -Wa,-alh=.\CortexM0\ARM_GCC_493\Debug/app_LED.lst -g -D DEBUG -Wall -ffunction-sections -O0 -ffat-lto-objects -c app_LED.c -o .\CortexM0\ARM_GCC_493\Debug\app_LED.o
arm-none-eabi-gcc.exe -mcpu=cortex-m0 -mthumb -I. -IGenerated_Source\PSoC4 -Wa,-alh=.\CortexM0\ARM_GCC_493\Debug/cyfitter_cfg.lst -g -D DEBUG -Wall -ffunction-sections -O0 -ffat-lto-objects -c Generated_Source\PSoC4\cyfitter_cfg.c -o .\CortexM0\ARM_GCC_493\Debug\cyfitter_cfg.o
arm-none-eabi-gcc.exe -mcpu=cortex-m0 -mthumb -I. -IGenerated_Source\PSoC4 -Wa,-alh=.\CortexM0\ARM_GCC_493\Debug/cymetadata.lst -g -D DEBUG -Wall -ffunction-sections -O0 -ffat-lto-objects -c Generated_Source\PSoC4\cymetadata.c -o .\CortexM0\ARM_GCC_493\Debug\cymetadata.o
arm-none-eabi-gcc.exe -mcpu=cortex-m0 -mthumb -I. -IGenerated_Source\PSoC4 -Wa,-alh=.\CortexM0\ARM_GCC_493\Debug/BLE.lst -g -D DEBUG -Wall -ffunction-sections -O0 -ffat-lto-objects -c Generated_Source\PSoC4\BLE.c -o .\CortexM0\ARM_GCC_493\Debug\BLE.o
arm-none-eabi-gcc.exe -mcpu=cortex-m0 -mthumb -I. -IGenerated_Source\PSoC4 -Wa,-alh=.\CortexM0\ARM_GCC_493\Debug/BLE_gatt.lst -g -D DEBUG -Wall -ffunction-sections -O0 -ffat-lto-objects -c Generated_Source\PSoC4\BLE_gatt.c -o .\CortexM0\ARM_GCC_493\Debug\BLE_gatt.o
arm-none-eabi-gcc.exe -mcpu=cortex-m0 -mthumb -I. -IGenerated_Source\PSoC4 -Wa,-alh=.\CortexM0\ARM_GCC_493\Debug/BLE_eventHandler.lst -g -D DEBUG -Wall -ffunction-sections -O0 -ffat-lto-objects -c Generated_Source\PSoC4\BLE_eventHandler.c -o .\CortexM0\ARM_GCC_493\Debug\BLE_eventHandler.o
arm-none-eabi-gcc.exe -mcpu=cortex-m0 -mthumb -I. -IGenerated_Source\PSoC4 -Wa,-alh=.\CortexM0\ARM_GCC_493\Debug/BLE_HAL_INT.lst -g -D DEBUG -Wall -ffunction-sections -O0 -ffat-lto-objects -c Generated_Source\PSoC4\BLE_HAL_INT.c -o .\CortexM0\ARM_GCC_493\Debug\BLE_HAL_INT.o
arm-none-eabi-gcc.exe -mcpu=cortex-m0 -mthumb -I. -IGenerated_Source\PSoC4 -Wa,-alh=.\CortexM0\ARM_GCC_493\Debug/BLE_HAL_PVT.lst -g -D DEBUG -Wall -ffunction-sections -O0 -ffat-lto-objects -c Generated_Source\PSoC4\BLE_HAL_PVT.c -o .\CortexM0\ARM_GCC_493\Debug\BLE_HAL_PVT.o
arm-none-eabi-gcc.exe -mcpu=cortex-m0 -mthumb -I. -IGenerated_Source\PSoC4 -Wa,-alh=.\CortexM0\ARM_GCC_493\Debug/BLE_custom.lst -g -D DEBUG -Wall -ffunction-sections -O0 -ffat-lto-objects -c Generated_Source\PSoC4\BLE_custom.c -o .\CortexM0\ARM_GCC_493\Debug\BLE_custom.o
arm-none-eabi-gcc.exe -mcpu=cortex-m0 -mthumb -I. -IGenerated_Source\PSoC4 -Wa,-alh=.\CortexM0\ARM_GCC_493\Debug/Scan_LED.lst -g -D DEBUG -Wall -ffunction-sections -O0 -ffat-lto-objects -c Generated_Source\PSoC4\Scan_LED.c -o .\CortexM0\ARM_GCC_493\Debug\Scan_LED.o
arm-none-eabi-gcc.exe -mcpu=cortex-m0 -mthumb -I. -IGenerated_Source\PSoC4 -Wa,-alh=.\CortexM0\ARM_GCC_493\Debug/Scan_LED_PM.lst -g -D DEBUG -Wall -ffunction-sections -O0 -ffat-lto-objects -c Generated_Source\PSoC4\Scan_LED_PM.c -o .\CortexM0\ARM_GCC_493\Debug\Scan_LED_PM.o
arm-none-eabi-gcc.exe -mcpu=cortex-m0 -mthumb -I. -IGenerated_Source\PSoC4 -Wa,-alh=.\CortexM0\ARM_GCC_493\Debug/Conn_LED.lst -g -D DEBUG -Wall -ffunction-sections -O0 -ffat-lto-objects -c Generated_Source\PSoC4\Conn_LED.c -o .\CortexM0\ARM_GCC_493\Debug\Conn_LED.o
--------------- Rebuild Canceled: 01/27/2017 12:01:59 ---------------
