ARM GAS  C:\Users\ANDREW~1\AppData\Local\Temp\cce4TCVf.s 			page 1


   1              		.cpu cortex-m0
   2              		.fpu softvfp
   3              		.eabi_attribute 20, 1
   4              		.eabi_attribute 21, 1
   5              		.eabi_attribute 23, 3
   6              		.eabi_attribute 24, 1
   7              		.eabi_attribute 25, 1
   8              		.eabi_attribute 26, 1
   9              		.eabi_attribute 30, 6
  10              		.eabi_attribute 34, 0
  11              		.eabi_attribute 18, 4
  12              		.code	16
  13              		.file	"Timer_1_PM.c"
  14              		.text
  15              	.Ltext0:
  16              		.cfi_sections	.debug_frame
  17              		.bss
  18              		.align	2
  19              	Timer_1_backup:
  20 0000 00000000 		.space	12
  20      00000000 
  20      00000000 
  21              		.section	.text.Timer_1_SaveConfig,"ax",%progbits
  22              		.align	2
  23              		.global	Timer_1_SaveConfig
  24              		.code	16
  25              		.thumb_func
  26              		.type	Timer_1_SaveConfig, %function
  27              	Timer_1_SaveConfig:
  28              	.LFB2:
  29              		.file 1 "Generated_Source\\PSoC4\\Timer_1_PM.c"
   1:Generated_Source\PSoC4/Timer_1_PM.c **** /*******************************************************************************
   2:Generated_Source\PSoC4/Timer_1_PM.c **** * File Name: Timer_1_PM.c
   3:Generated_Source\PSoC4/Timer_1_PM.c **** * Version 2.70
   4:Generated_Source\PSoC4/Timer_1_PM.c **** *
   5:Generated_Source\PSoC4/Timer_1_PM.c **** *  Description:
   6:Generated_Source\PSoC4/Timer_1_PM.c **** *     This file provides the power management source code to API for the
   7:Generated_Source\PSoC4/Timer_1_PM.c **** *     Timer.
   8:Generated_Source\PSoC4/Timer_1_PM.c **** *
   9:Generated_Source\PSoC4/Timer_1_PM.c **** *   Note:
  10:Generated_Source\PSoC4/Timer_1_PM.c **** *     None
  11:Generated_Source\PSoC4/Timer_1_PM.c **** *
  12:Generated_Source\PSoC4/Timer_1_PM.c **** *******************************************************************************
  13:Generated_Source\PSoC4/Timer_1_PM.c **** * Copyright 2008-2014, Cypress Semiconductor Corporation.  All rights reserved.
  14:Generated_Source\PSoC4/Timer_1_PM.c **** * You may use this file only in accordance with the license, terms, conditions,
  15:Generated_Source\PSoC4/Timer_1_PM.c **** * disclaimers, and limitations in the end user license agreement accompanying
  16:Generated_Source\PSoC4/Timer_1_PM.c **** * the software package with which this file was provided.
  17:Generated_Source\PSoC4/Timer_1_PM.c **** ********************************************************************************/
  18:Generated_Source\PSoC4/Timer_1_PM.c **** 
  19:Generated_Source\PSoC4/Timer_1_PM.c **** #include "Timer_1.h"
  20:Generated_Source\PSoC4/Timer_1_PM.c **** 
  21:Generated_Source\PSoC4/Timer_1_PM.c **** static Timer_1_backupStruct Timer_1_backup;
  22:Generated_Source\PSoC4/Timer_1_PM.c **** 
  23:Generated_Source\PSoC4/Timer_1_PM.c **** 
  24:Generated_Source\PSoC4/Timer_1_PM.c **** /*******************************************************************************
  25:Generated_Source\PSoC4/Timer_1_PM.c **** * Function Name: Timer_1_SaveConfig
  26:Generated_Source\PSoC4/Timer_1_PM.c **** ********************************************************************************
ARM GAS  C:\Users\ANDREW~1\AppData\Local\Temp\cce4TCVf.s 			page 2


  27:Generated_Source\PSoC4/Timer_1_PM.c **** *
  28:Generated_Source\PSoC4/Timer_1_PM.c **** * Summary:
  29:Generated_Source\PSoC4/Timer_1_PM.c **** *     Save the current user configuration
  30:Generated_Source\PSoC4/Timer_1_PM.c **** *
  31:Generated_Source\PSoC4/Timer_1_PM.c **** * Parameters:
  32:Generated_Source\PSoC4/Timer_1_PM.c **** *  void
  33:Generated_Source\PSoC4/Timer_1_PM.c **** *
  34:Generated_Source\PSoC4/Timer_1_PM.c **** * Return:
  35:Generated_Source\PSoC4/Timer_1_PM.c **** *  void
  36:Generated_Source\PSoC4/Timer_1_PM.c **** *
  37:Generated_Source\PSoC4/Timer_1_PM.c **** * Global variables:
  38:Generated_Source\PSoC4/Timer_1_PM.c **** *  Timer_1_backup:  Variables of this global structure are modified to
  39:Generated_Source\PSoC4/Timer_1_PM.c **** *  store the values of non retention configuration registers when Sleep() API is
  40:Generated_Source\PSoC4/Timer_1_PM.c **** *  called.
  41:Generated_Source\PSoC4/Timer_1_PM.c **** *
  42:Generated_Source\PSoC4/Timer_1_PM.c **** *******************************************************************************/
  43:Generated_Source\PSoC4/Timer_1_PM.c **** void Timer_1_SaveConfig(void) 
  44:Generated_Source\PSoC4/Timer_1_PM.c **** {
  30              		.loc 1 44 0
  31              		.cfi_startproc
  32 0000 80B5     		push	{r7, lr}
  33              		.cfi_def_cfa_offset 8
  34              		.cfi_offset 7, -8
  35              		.cfi_offset 14, -4
  36 0002 00AF     		add	r7, sp, #0
  37              		.cfi_def_cfa_register 7
  45:Generated_Source\PSoC4/Timer_1_PM.c ****     #if (!Timer_1_UsingFixedFunction)
  46:Generated_Source\PSoC4/Timer_1_PM.c ****         Timer_1_backup.TimerUdb = Timer_1_ReadCounter();
  38              		.loc 1 46 0
  39 0004 FFF7FEFF 		bl	Timer_1_ReadCounter
  40 0008 021C     		mov	r2, r0
  41 000a 074B     		ldr	r3, .L2
  42 000c 5A60     		str	r2, [r3, #4]
  47:Generated_Source\PSoC4/Timer_1_PM.c ****         Timer_1_backup.InterruptMaskValue = Timer_1_STATUS_MASK;
  43              		.loc 1 47 0
  44 000e 074B     		ldr	r3, .L2+4
  45 0010 1B78     		ldrb	r3, [r3]
  46 0012 DAB2     		uxtb	r2, r3
  47 0014 044B     		ldr	r3, .L2
  48 0016 1A72     		strb	r2, [r3, #8]
  48:Generated_Source\PSoC4/Timer_1_PM.c ****         #if (Timer_1_UsingHWCaptureCounter)
  49:Generated_Source\PSoC4/Timer_1_PM.c ****             Timer_1_backup.TimerCaptureCounter = Timer_1_ReadCaptureCount();
  50:Generated_Source\PSoC4/Timer_1_PM.c ****         #endif /* Back Up capture counter register  */
  51:Generated_Source\PSoC4/Timer_1_PM.c **** 
  52:Generated_Source\PSoC4/Timer_1_PM.c ****         #if(!Timer_1_UDB_CONTROL_REG_REMOVED)
  53:Generated_Source\PSoC4/Timer_1_PM.c ****             Timer_1_backup.TimerControlRegister = Timer_1_ReadControlRegister();
  49              		.loc 1 53 0
  50 0018 FFF7FEFF 		bl	Timer_1_ReadControlRegister
  51 001c 031C     		mov	r3, r0
  52 001e 1A1C     		mov	r2, r3
  53 0020 014B     		ldr	r3, .L2
  54 0022 5A72     		strb	r2, [r3, #9]
  54:Generated_Source\PSoC4/Timer_1_PM.c ****         #endif /* Backup the enable state of the Timer component */
  55:Generated_Source\PSoC4/Timer_1_PM.c ****     #endif /* Backup non retention registers in UDB implementation. All fixed function registers ar
  56:Generated_Source\PSoC4/Timer_1_PM.c **** }
  55              		.loc 1 56 0
  56 0024 BD46     		mov	sp, r7
ARM GAS  C:\Users\ANDREW~1\AppData\Local\Temp\cce4TCVf.s 			page 3


  57              		@ sp needed
  58 0026 80BD     		pop	{r7, pc}
  59              	.L3:
  60              		.align	2
  61              	.L2:
  62 0028 00000000 		.word	Timer_1_backup
  63 002c 83000F40 		.word	1074724995
  64              		.cfi_endproc
  65              	.LFE2:
  66              		.size	Timer_1_SaveConfig, .-Timer_1_SaveConfig
  67              		.section	.text.Timer_1_RestoreConfig,"ax",%progbits
  68              		.align	2
  69              		.global	Timer_1_RestoreConfig
  70              		.code	16
  71              		.thumb_func
  72              		.type	Timer_1_RestoreConfig, %function
  73              	Timer_1_RestoreConfig:
  74              	.LFB3:
  57:Generated_Source\PSoC4/Timer_1_PM.c **** 
  58:Generated_Source\PSoC4/Timer_1_PM.c **** 
  59:Generated_Source\PSoC4/Timer_1_PM.c **** /*******************************************************************************
  60:Generated_Source\PSoC4/Timer_1_PM.c **** * Function Name: Timer_1_RestoreConfig
  61:Generated_Source\PSoC4/Timer_1_PM.c **** ********************************************************************************
  62:Generated_Source\PSoC4/Timer_1_PM.c **** *
  63:Generated_Source\PSoC4/Timer_1_PM.c **** * Summary:
  64:Generated_Source\PSoC4/Timer_1_PM.c **** *  Restores the current user configuration.
  65:Generated_Source\PSoC4/Timer_1_PM.c **** *
  66:Generated_Source\PSoC4/Timer_1_PM.c **** * Parameters:
  67:Generated_Source\PSoC4/Timer_1_PM.c **** *  void
  68:Generated_Source\PSoC4/Timer_1_PM.c **** *
  69:Generated_Source\PSoC4/Timer_1_PM.c **** * Return:
  70:Generated_Source\PSoC4/Timer_1_PM.c **** *  void
  71:Generated_Source\PSoC4/Timer_1_PM.c **** *
  72:Generated_Source\PSoC4/Timer_1_PM.c **** * Global variables:
  73:Generated_Source\PSoC4/Timer_1_PM.c **** *  Timer_1_backup:  Variables of this global structure are used to
  74:Generated_Source\PSoC4/Timer_1_PM.c **** *  restore the values of non retention registers on wakeup from sleep mode.
  75:Generated_Source\PSoC4/Timer_1_PM.c **** *
  76:Generated_Source\PSoC4/Timer_1_PM.c **** *******************************************************************************/
  77:Generated_Source\PSoC4/Timer_1_PM.c **** void Timer_1_RestoreConfig(void) 
  78:Generated_Source\PSoC4/Timer_1_PM.c **** {   
  75              		.loc 1 78 0
  76              		.cfi_startproc
  77 0000 80B5     		push	{r7, lr}
  78              		.cfi_def_cfa_offset 8
  79              		.cfi_offset 7, -8
  80              		.cfi_offset 14, -4
  81 0002 00AF     		add	r7, sp, #0
  82              		.cfi_def_cfa_register 7
  79:Generated_Source\PSoC4/Timer_1_PM.c ****     #if (!Timer_1_UsingFixedFunction)
  80:Generated_Source\PSoC4/Timer_1_PM.c **** 
  81:Generated_Source\PSoC4/Timer_1_PM.c ****         Timer_1_WriteCounter(Timer_1_backup.TimerUdb);
  83              		.loc 1 81 0
  84 0004 074B     		ldr	r3, .L5
  85 0006 5B68     		ldr	r3, [r3, #4]
  86 0008 181C     		mov	r0, r3
  87 000a FFF7FEFF 		bl	Timer_1_WriteCounter
  82:Generated_Source\PSoC4/Timer_1_PM.c ****         Timer_1_STATUS_MASK =Timer_1_backup.InterruptMaskValue;
ARM GAS  C:\Users\ANDREW~1\AppData\Local\Temp\cce4TCVf.s 			page 4


  88              		.loc 1 82 0
  89 000e 064A     		ldr	r2, .L5+4
  90 0010 044B     		ldr	r3, .L5
  91 0012 1B7A     		ldrb	r3, [r3, #8]
  92 0014 1370     		strb	r3, [r2]
  83:Generated_Source\PSoC4/Timer_1_PM.c ****         #if (Timer_1_UsingHWCaptureCounter)
  84:Generated_Source\PSoC4/Timer_1_PM.c ****             Timer_1_SetCaptureCount(Timer_1_backup.TimerCaptureCounter);
  85:Generated_Source\PSoC4/Timer_1_PM.c ****         #endif /* Restore Capture counter register*/
  86:Generated_Source\PSoC4/Timer_1_PM.c **** 
  87:Generated_Source\PSoC4/Timer_1_PM.c ****         #if(!Timer_1_UDB_CONTROL_REG_REMOVED)
  88:Generated_Source\PSoC4/Timer_1_PM.c ****             Timer_1_WriteControlRegister(Timer_1_backup.TimerControlRegister);
  93              		.loc 1 88 0
  94 0016 034B     		ldr	r3, .L5
  95 0018 5B7A     		ldrb	r3, [r3, #9]
  96 001a 181C     		mov	r0, r3
  97 001c FFF7FEFF 		bl	Timer_1_WriteControlRegister
  89:Generated_Source\PSoC4/Timer_1_PM.c ****         #endif /* Restore the enable state of the Timer component */
  90:Generated_Source\PSoC4/Timer_1_PM.c ****     #endif /* Restore non retention registers in the UDB implementation only */
  91:Generated_Source\PSoC4/Timer_1_PM.c **** }
  98              		.loc 1 91 0
  99 0020 BD46     		mov	sp, r7
 100              		@ sp needed
 101 0022 80BD     		pop	{r7, pc}
 102              	.L6:
 103              		.align	2
 104              	.L5:
 105 0024 00000000 		.word	Timer_1_backup
 106 0028 83000F40 		.word	1074724995
 107              		.cfi_endproc
 108              	.LFE3:
 109              		.size	Timer_1_RestoreConfig, .-Timer_1_RestoreConfig
 110              		.section	.text.Timer_1_Sleep,"ax",%progbits
 111              		.align	2
 112              		.global	Timer_1_Sleep
 113              		.code	16
 114              		.thumb_func
 115              		.type	Timer_1_Sleep, %function
 116              	Timer_1_Sleep:
 117              	.LFB4:
  92:Generated_Source\PSoC4/Timer_1_PM.c **** 
  93:Generated_Source\PSoC4/Timer_1_PM.c **** 
  94:Generated_Source\PSoC4/Timer_1_PM.c **** /*******************************************************************************
  95:Generated_Source\PSoC4/Timer_1_PM.c **** * Function Name: Timer_1_Sleep
  96:Generated_Source\PSoC4/Timer_1_PM.c **** ********************************************************************************
  97:Generated_Source\PSoC4/Timer_1_PM.c **** *
  98:Generated_Source\PSoC4/Timer_1_PM.c **** * Summary:
  99:Generated_Source\PSoC4/Timer_1_PM.c **** *     Stop and Save the user configuration
 100:Generated_Source\PSoC4/Timer_1_PM.c **** *
 101:Generated_Source\PSoC4/Timer_1_PM.c **** * Parameters:
 102:Generated_Source\PSoC4/Timer_1_PM.c **** *  void
 103:Generated_Source\PSoC4/Timer_1_PM.c **** *
 104:Generated_Source\PSoC4/Timer_1_PM.c **** * Return:
 105:Generated_Source\PSoC4/Timer_1_PM.c **** *  void
 106:Generated_Source\PSoC4/Timer_1_PM.c **** *
 107:Generated_Source\PSoC4/Timer_1_PM.c **** * Global variables:
 108:Generated_Source\PSoC4/Timer_1_PM.c **** *  Timer_1_backup.TimerEnableState:  Is modified depending on the
 109:Generated_Source\PSoC4/Timer_1_PM.c **** *  enable state of the block before entering sleep mode.
ARM GAS  C:\Users\ANDREW~1\AppData\Local\Temp\cce4TCVf.s 			page 5


 110:Generated_Source\PSoC4/Timer_1_PM.c **** *
 111:Generated_Source\PSoC4/Timer_1_PM.c **** *******************************************************************************/
 112:Generated_Source\PSoC4/Timer_1_PM.c **** void Timer_1_Sleep(void) 
 113:Generated_Source\PSoC4/Timer_1_PM.c **** {
 118              		.loc 1 113 0
 119              		.cfi_startproc
 120 0000 80B5     		push	{r7, lr}
 121              		.cfi_def_cfa_offset 8
 122              		.cfi_offset 7, -8
 123              		.cfi_offset 14, -4
 124 0002 00AF     		add	r7, sp, #0
 125              		.cfi_def_cfa_register 7
 114:Generated_Source\PSoC4/Timer_1_PM.c ****     #if(!Timer_1_UDB_CONTROL_REG_REMOVED)
 115:Generated_Source\PSoC4/Timer_1_PM.c ****         /* Save Counter's enable state */
 116:Generated_Source\PSoC4/Timer_1_PM.c ****         if(Timer_1_CTRL_ENABLE == (Timer_1_CONTROL & Timer_1_CTRL_ENABLE))
 126              		.loc 1 116 0
 127 0004 094B     		ldr	r3, .L10
 128 0006 1B78     		ldrb	r3, [r3]
 129 0008 DBB2     		uxtb	r3, r3
 130 000a DBB2     		uxtb	r3, r3
 131 000c 5BB2     		sxtb	r3, r3
 132 000e 002B     		cmp	r3, #0
 133 0010 03DA     		bge	.L8
 117:Generated_Source\PSoC4/Timer_1_PM.c ****         {
 118:Generated_Source\PSoC4/Timer_1_PM.c ****             /* Timer is enabled */
 119:Generated_Source\PSoC4/Timer_1_PM.c ****             Timer_1_backup.TimerEnableState = 1u;
 134              		.loc 1 119 0
 135 0012 074B     		ldr	r3, .L10+4
 136 0014 0122     		mov	r2, #1
 137 0016 1A70     		strb	r2, [r3]
 138 0018 02E0     		b	.L9
 139              	.L8:
 120:Generated_Source\PSoC4/Timer_1_PM.c ****         }
 121:Generated_Source\PSoC4/Timer_1_PM.c ****         else
 122:Generated_Source\PSoC4/Timer_1_PM.c ****         {
 123:Generated_Source\PSoC4/Timer_1_PM.c ****             /* Timer is disabled */
 124:Generated_Source\PSoC4/Timer_1_PM.c ****             Timer_1_backup.TimerEnableState = 0u;
 140              		.loc 1 124 0
 141 001a 054B     		ldr	r3, .L10+4
 142 001c 0022     		mov	r2, #0
 143 001e 1A70     		strb	r2, [r3]
 144              	.L9:
 125:Generated_Source\PSoC4/Timer_1_PM.c ****         }
 126:Generated_Source\PSoC4/Timer_1_PM.c ****     #endif /* Back up enable state from the Timer control register */
 127:Generated_Source\PSoC4/Timer_1_PM.c ****     Timer_1_Stop();
 145              		.loc 1 127 0
 146 0020 FFF7FEFF 		bl	Timer_1_Stop
 128:Generated_Source\PSoC4/Timer_1_PM.c ****     Timer_1_SaveConfig();
 147              		.loc 1 128 0
 148 0024 FFF7FEFF 		bl	Timer_1_SaveConfig
 129:Generated_Source\PSoC4/Timer_1_PM.c **** }
 149              		.loc 1 129 0
 150 0028 BD46     		mov	sp, r7
 151              		@ sp needed
 152 002a 80BD     		pop	{r7, pc}
 153              	.L11:
 154              		.align	2
ARM GAS  C:\Users\ANDREW~1\AppData\Local\Temp\cce4TCVf.s 			page 6


 155              	.L10:
 156 002c 70000F40 		.word	1074724976
 157 0030 00000000 		.word	Timer_1_backup
 158              		.cfi_endproc
 159              	.LFE4:
 160              		.size	Timer_1_Sleep, .-Timer_1_Sleep
 161              		.section	.text.Timer_1_Wakeup,"ax",%progbits
 162              		.align	2
 163              		.global	Timer_1_Wakeup
 164              		.code	16
 165              		.thumb_func
 166              		.type	Timer_1_Wakeup, %function
 167              	Timer_1_Wakeup:
 168              	.LFB5:
 130:Generated_Source\PSoC4/Timer_1_PM.c **** 
 131:Generated_Source\PSoC4/Timer_1_PM.c **** 
 132:Generated_Source\PSoC4/Timer_1_PM.c **** /*******************************************************************************
 133:Generated_Source\PSoC4/Timer_1_PM.c **** * Function Name: Timer_1_Wakeup
 134:Generated_Source\PSoC4/Timer_1_PM.c **** ********************************************************************************
 135:Generated_Source\PSoC4/Timer_1_PM.c **** *
 136:Generated_Source\PSoC4/Timer_1_PM.c **** * Summary:
 137:Generated_Source\PSoC4/Timer_1_PM.c **** *  Restores and enables the user configuration
 138:Generated_Source\PSoC4/Timer_1_PM.c **** *
 139:Generated_Source\PSoC4/Timer_1_PM.c **** * Parameters:
 140:Generated_Source\PSoC4/Timer_1_PM.c **** *  void
 141:Generated_Source\PSoC4/Timer_1_PM.c **** *
 142:Generated_Source\PSoC4/Timer_1_PM.c **** * Return:
 143:Generated_Source\PSoC4/Timer_1_PM.c **** *  void
 144:Generated_Source\PSoC4/Timer_1_PM.c **** *
 145:Generated_Source\PSoC4/Timer_1_PM.c **** * Global variables:
 146:Generated_Source\PSoC4/Timer_1_PM.c **** *  Timer_1_backup.enableState:  Is used to restore the enable state of
 147:Generated_Source\PSoC4/Timer_1_PM.c **** *  block on wakeup from sleep mode.
 148:Generated_Source\PSoC4/Timer_1_PM.c **** *
 149:Generated_Source\PSoC4/Timer_1_PM.c **** *******************************************************************************/
 150:Generated_Source\PSoC4/Timer_1_PM.c **** void Timer_1_Wakeup(void) 
 151:Generated_Source\PSoC4/Timer_1_PM.c **** {
 169              		.loc 1 151 0
 170              		.cfi_startproc
 171 0000 80B5     		push	{r7, lr}
 172              		.cfi_def_cfa_offset 8
 173              		.cfi_offset 7, -8
 174              		.cfi_offset 14, -4
 175 0002 00AF     		add	r7, sp, #0
 176              		.cfi_def_cfa_register 7
 152:Generated_Source\PSoC4/Timer_1_PM.c ****     Timer_1_RestoreConfig();
 177              		.loc 1 152 0
 178 0004 FFF7FEFF 		bl	Timer_1_RestoreConfig
 153:Generated_Source\PSoC4/Timer_1_PM.c ****     #if(!Timer_1_UDB_CONTROL_REG_REMOVED)
 154:Generated_Source\PSoC4/Timer_1_PM.c ****         if(Timer_1_backup.TimerEnableState == 1u)
 179              		.loc 1 154 0
 180 0008 034B     		ldr	r3, .L14
 181 000a 1B78     		ldrb	r3, [r3]
 182 000c 012B     		cmp	r3, #1
 183 000e 01D1     		bne	.L12
 155:Generated_Source\PSoC4/Timer_1_PM.c ****         {     /* Enable Timer's operation */
 156:Generated_Source\PSoC4/Timer_1_PM.c ****                 Timer_1_Enable();
 184              		.loc 1 156 0
ARM GAS  C:\Users\ANDREW~1\AppData\Local\Temp\cce4TCVf.s 			page 7


 185 0010 FFF7FEFF 		bl	Timer_1_Enable
 186              	.L12:
 157:Generated_Source\PSoC4/Timer_1_PM.c ****         } /* Do nothing if Timer was disabled before */
 158:Generated_Source\PSoC4/Timer_1_PM.c ****     #endif /* Remove this code section if Control register is removed */
 159:Generated_Source\PSoC4/Timer_1_PM.c **** }
 187              		.loc 1 159 0
 188 0014 BD46     		mov	sp, r7
 189              		@ sp needed
 190 0016 80BD     		pop	{r7, pc}
 191              	.L15:
 192              		.align	2
 193              	.L14:
 194 0018 00000000 		.word	Timer_1_backup
 195              		.cfi_endproc
 196              	.LFE5:
 197              		.size	Timer_1_Wakeup, .-Timer_1_Wakeup
 198              		.text
 199              	.Letext0:
 200              		.file 2 "Generated_Source\\PSoC4\\cytypes.h"
 201              		.file 3 "Generated_Source\\PSoC4\\Timer_1.h"
 202              		.section	.debug_info,"",%progbits
 203              	.Ldebug_info0:
 204 0000 46010000 		.4byte	0x146
 205 0004 0400     		.2byte	0x4
 206 0006 00000000 		.4byte	.Ldebug_abbrev0
 207 000a 04       		.byte	0x4
 208 000b 01       		.uleb128 0x1
 209 000c BC000000 		.4byte	.LASF25
 210 0010 01       		.byte	0x1
 211 0011 56020000 		.4byte	.LASF26
 212 0015 E2010000 		.4byte	.LASF27
 213 0019 00000000 		.4byte	.Ldebug_ranges0+0
 214 001d 00000000 		.4byte	0
 215 0021 00000000 		.4byte	.Ldebug_line0
 216 0025 02       		.uleb128 0x2
 217 0026 01       		.byte	0x1
 218 0027 06       		.byte	0x6
 219 0028 8B010000 		.4byte	.LASF0
 220 002c 02       		.uleb128 0x2
 221 002d 01       		.byte	0x1
 222 002e 08       		.byte	0x8
 223 002f 97010000 		.4byte	.LASF1
 224 0033 02       		.uleb128 0x2
 225 0034 02       		.byte	0x2
 226 0035 05       		.byte	0x5
 227 0036 67010000 		.4byte	.LASF2
 228 003a 02       		.uleb128 0x2
 229 003b 02       		.byte	0x2
 230 003c 07       		.byte	0x7
 231 003d 78010000 		.4byte	.LASF3
 232 0041 02       		.uleb128 0x2
 233 0042 04       		.byte	0x4
 234 0043 05       		.byte	0x5
 235 0044 5E010000 		.4byte	.LASF4
 236 0048 02       		.uleb128 0x2
 237 0049 04       		.byte	0x4
 238 004a 07       		.byte	0x7
ARM GAS  C:\Users\ANDREW~1\AppData\Local\Temp\cce4TCVf.s 			page 8


 239 004b 5A000000 		.4byte	.LASF5
 240 004f 02       		.uleb128 0x2
 241 0050 08       		.byte	0x8
 242 0051 05       		.byte	0x5
 243 0052 00000000 		.4byte	.LASF6
 244 0056 02       		.uleb128 0x2
 245 0057 08       		.byte	0x8
 246 0058 07       		.byte	0x7
 247 0059 6C000000 		.4byte	.LASF7
 248 005d 03       		.uleb128 0x3
 249 005e 04       		.byte	0x4
 250 005f 05       		.byte	0x5
 251 0060 696E7400 		.ascii	"int\000"
 252 0064 02       		.uleb128 0x2
 253 0065 04       		.byte	0x4
 254 0066 07       		.byte	0x7
 255 0067 15000000 		.4byte	.LASF8
 256 006b 04       		.uleb128 0x4
 257 006c 54000000 		.4byte	.LASF9
 258 0070 02       		.byte	0x2
 259 0071 B901     		.2byte	0x1b9
 260 0073 2C000000 		.4byte	0x2c
 261 0077 04       		.uleb128 0x4
 262 0078 0E000000 		.4byte	.LASF10
 263 007c 02       		.byte	0x2
 264 007d BB01     		.2byte	0x1bb
 265 007f 48000000 		.4byte	0x48
 266 0083 02       		.uleb128 0x2
 267 0084 04       		.byte	0x4
 268 0085 04       		.byte	0x4
 269 0086 A5010000 		.4byte	.LASF11
 270 008a 02       		.uleb128 0x2
 271 008b 08       		.byte	0x8
 272 008c 04       		.byte	0x4
 273 008d 71010000 		.4byte	.LASF12
 274 0091 02       		.uleb128 0x2
 275 0092 01       		.byte	0x1
 276 0093 08       		.byte	0x8
 277 0094 59010000 		.4byte	.LASF13
 278 0098 04       		.uleb128 0x4
 279 0099 CA010000 		.4byte	.LASF14
 280 009d 02       		.byte	0x2
 281 009e 6302     		.2byte	0x263
 282 00a0 A4000000 		.4byte	0xa4
 283 00a4 05       		.uleb128 0x5
 284 00a5 6B000000 		.4byte	0x6b
 285 00a9 02       		.uleb128 0x2
 286 00aa 04       		.byte	0x4
 287 00ab 07       		.byte	0x7
 288 00ac 4D020000 		.4byte	.LASF15
 289 00b0 06       		.uleb128 0x6
 290 00b1 0C       		.byte	0xc
 291 00b2 03       		.byte	0x3
 292 00b3 43       		.byte	0x43
 293 00b4 E9000000 		.4byte	0xe9
 294 00b8 07       		.uleb128 0x7
 295 00b9 98000000 		.4byte	.LASF16
ARM GAS  C:\Users\ANDREW~1\AppData\Local\Temp\cce4TCVf.s 			page 9


 296 00bd 03       		.byte	0x3
 297 00be 45       		.byte	0x45
 298 00bf 6B000000 		.4byte	0x6b
 299 00c3 00       		.byte	0
 300 00c4 07       		.uleb128 0x7
 301 00c5 C1010000 		.4byte	.LASF17
 302 00c9 03       		.byte	0x3
 303 00ca 48       		.byte	0x48
 304 00cb 77000000 		.4byte	0x77
 305 00cf 04       		.byte	0x4
 306 00d0 07       		.uleb128 0x7
 307 00d1 CF010000 		.4byte	.LASF18
 308 00d5 03       		.byte	0x3
 309 00d6 49       		.byte	0x49
 310 00d7 6B000000 		.4byte	0x6b
 311 00db 08       		.byte	0x8
 312 00dc 07       		.uleb128 0x7
 313 00dd 83000000 		.4byte	.LASF19
 314 00e1 03       		.byte	0x3
 315 00e2 4F       		.byte	0x4f
 316 00e3 6B000000 		.4byte	0x6b
 317 00e7 09       		.byte	0x9
 318 00e8 00       		.byte	0
 319 00e9 08       		.uleb128 0x8
 320 00ea 22000000 		.4byte	.LASF20
 321 00ee 03       		.byte	0x3
 322 00ef 53       		.byte	0x53
 323 00f0 B0000000 		.4byte	0xb0
 324 00f4 09       		.uleb128 0x9
 325 00f5 A9000000 		.4byte	.LASF21
 326 00f9 01       		.byte	0x1
 327 00fa 2B       		.byte	0x2b
 328 00fb 00000000 		.4byte	.LFB2
 329 00ff 30000000 		.4byte	.LFE2-.LFB2
 330 0103 01       		.uleb128 0x1
 331 0104 9C       		.byte	0x9c
 332 0105 09       		.uleb128 0x9
 333 0106 AB010000 		.4byte	.LASF22
 334 010a 01       		.byte	0x1
 335 010b 4D       		.byte	0x4d
 336 010c 00000000 		.4byte	.LFB3
 337 0110 2C000000 		.4byte	.LFE3-.LFB3
 338 0114 01       		.uleb128 0x1
 339 0115 9C       		.byte	0x9c
 340 0116 09       		.uleb128 0x9
 341 0117 37000000 		.4byte	.LASF23
 342 011b 01       		.byte	0x1
 343 011c 70       		.byte	0x70
 344 011d 00000000 		.4byte	.LFB4
 345 0121 34000000 		.4byte	.LFE4-.LFB4
 346 0125 01       		.uleb128 0x1
 347 0126 9C       		.byte	0x9c
 348 0127 09       		.uleb128 0x9
 349 0128 4A010000 		.4byte	.LASF24
 350 012c 01       		.byte	0x1
 351 012d 96       		.byte	0x96
 352 012e 00000000 		.4byte	.LFB5
ARM GAS  C:\Users\ANDREW~1\AppData\Local\Temp\cce4TCVf.s 			page 10


 353 0132 1C000000 		.4byte	.LFE5-.LFB5
 354 0136 01       		.uleb128 0x1
 355 0137 9C       		.byte	0x9c
 356 0138 0A       		.uleb128 0xa
 357 0139 45000000 		.4byte	.LASF28
 358 013d 01       		.byte	0x1
 359 013e 15       		.byte	0x15
 360 013f E9000000 		.4byte	0xe9
 361 0143 05       		.uleb128 0x5
 362 0144 03       		.byte	0x3
 363 0145 00000000 		.4byte	Timer_1_backup
 364 0149 00       		.byte	0
 365              		.section	.debug_abbrev,"",%progbits
 366              	.Ldebug_abbrev0:
 367 0000 01       		.uleb128 0x1
 368 0001 11       		.uleb128 0x11
 369 0002 01       		.byte	0x1
 370 0003 25       		.uleb128 0x25
 371 0004 0E       		.uleb128 0xe
 372 0005 13       		.uleb128 0x13
 373 0006 0B       		.uleb128 0xb
 374 0007 03       		.uleb128 0x3
 375 0008 0E       		.uleb128 0xe
 376 0009 1B       		.uleb128 0x1b
 377 000a 0E       		.uleb128 0xe
 378 000b 55       		.uleb128 0x55
 379 000c 17       		.uleb128 0x17
 380 000d 11       		.uleb128 0x11
 381 000e 01       		.uleb128 0x1
 382 000f 10       		.uleb128 0x10
 383 0010 17       		.uleb128 0x17
 384 0011 00       		.byte	0
 385 0012 00       		.byte	0
 386 0013 02       		.uleb128 0x2
 387 0014 24       		.uleb128 0x24
 388 0015 00       		.byte	0
 389 0016 0B       		.uleb128 0xb
 390 0017 0B       		.uleb128 0xb
 391 0018 3E       		.uleb128 0x3e
 392 0019 0B       		.uleb128 0xb
 393 001a 03       		.uleb128 0x3
 394 001b 0E       		.uleb128 0xe
 395 001c 00       		.byte	0
 396 001d 00       		.byte	0
 397 001e 03       		.uleb128 0x3
 398 001f 24       		.uleb128 0x24
 399 0020 00       		.byte	0
 400 0021 0B       		.uleb128 0xb
 401 0022 0B       		.uleb128 0xb
 402 0023 3E       		.uleb128 0x3e
 403 0024 0B       		.uleb128 0xb
 404 0025 03       		.uleb128 0x3
 405 0026 08       		.uleb128 0x8
 406 0027 00       		.byte	0
 407 0028 00       		.byte	0
 408 0029 04       		.uleb128 0x4
 409 002a 16       		.uleb128 0x16
ARM GAS  C:\Users\ANDREW~1\AppData\Local\Temp\cce4TCVf.s 			page 11


 410 002b 00       		.byte	0
 411 002c 03       		.uleb128 0x3
 412 002d 0E       		.uleb128 0xe
 413 002e 3A       		.uleb128 0x3a
 414 002f 0B       		.uleb128 0xb
 415 0030 3B       		.uleb128 0x3b
 416 0031 05       		.uleb128 0x5
 417 0032 49       		.uleb128 0x49
 418 0033 13       		.uleb128 0x13
 419 0034 00       		.byte	0
 420 0035 00       		.byte	0
 421 0036 05       		.uleb128 0x5
 422 0037 35       		.uleb128 0x35
 423 0038 00       		.byte	0
 424 0039 49       		.uleb128 0x49
 425 003a 13       		.uleb128 0x13
 426 003b 00       		.byte	0
 427 003c 00       		.byte	0
 428 003d 06       		.uleb128 0x6
 429 003e 13       		.uleb128 0x13
 430 003f 01       		.byte	0x1
 431 0040 0B       		.uleb128 0xb
 432 0041 0B       		.uleb128 0xb
 433 0042 3A       		.uleb128 0x3a
 434 0043 0B       		.uleb128 0xb
 435 0044 3B       		.uleb128 0x3b
 436 0045 0B       		.uleb128 0xb
 437 0046 01       		.uleb128 0x1
 438 0047 13       		.uleb128 0x13
 439 0048 00       		.byte	0
 440 0049 00       		.byte	0
 441 004a 07       		.uleb128 0x7
 442 004b 0D       		.uleb128 0xd
 443 004c 00       		.byte	0
 444 004d 03       		.uleb128 0x3
 445 004e 0E       		.uleb128 0xe
 446 004f 3A       		.uleb128 0x3a
 447 0050 0B       		.uleb128 0xb
 448 0051 3B       		.uleb128 0x3b
 449 0052 0B       		.uleb128 0xb
 450 0053 49       		.uleb128 0x49
 451 0054 13       		.uleb128 0x13
 452 0055 38       		.uleb128 0x38
 453 0056 0B       		.uleb128 0xb
 454 0057 00       		.byte	0
 455 0058 00       		.byte	0
 456 0059 08       		.uleb128 0x8
 457 005a 16       		.uleb128 0x16
 458 005b 00       		.byte	0
 459 005c 03       		.uleb128 0x3
 460 005d 0E       		.uleb128 0xe
 461 005e 3A       		.uleb128 0x3a
 462 005f 0B       		.uleb128 0xb
 463 0060 3B       		.uleb128 0x3b
 464 0061 0B       		.uleb128 0xb
 465 0062 49       		.uleb128 0x49
 466 0063 13       		.uleb128 0x13
ARM GAS  C:\Users\ANDREW~1\AppData\Local\Temp\cce4TCVf.s 			page 12


 467 0064 00       		.byte	0
 468 0065 00       		.byte	0
 469 0066 09       		.uleb128 0x9
 470 0067 2E       		.uleb128 0x2e
 471 0068 00       		.byte	0
 472 0069 3F       		.uleb128 0x3f
 473 006a 19       		.uleb128 0x19
 474 006b 03       		.uleb128 0x3
 475 006c 0E       		.uleb128 0xe
 476 006d 3A       		.uleb128 0x3a
 477 006e 0B       		.uleb128 0xb
 478 006f 3B       		.uleb128 0x3b
 479 0070 0B       		.uleb128 0xb
 480 0071 27       		.uleb128 0x27
 481 0072 19       		.uleb128 0x19
 482 0073 11       		.uleb128 0x11
 483 0074 01       		.uleb128 0x1
 484 0075 12       		.uleb128 0x12
 485 0076 06       		.uleb128 0x6
 486 0077 40       		.uleb128 0x40
 487 0078 18       		.uleb128 0x18
 488 0079 9642     		.uleb128 0x2116
 489 007b 19       		.uleb128 0x19
 490 007c 00       		.byte	0
 491 007d 00       		.byte	0
 492 007e 0A       		.uleb128 0xa
 493 007f 34       		.uleb128 0x34
 494 0080 00       		.byte	0
 495 0081 03       		.uleb128 0x3
 496 0082 0E       		.uleb128 0xe
 497 0083 3A       		.uleb128 0x3a
 498 0084 0B       		.uleb128 0xb
 499 0085 3B       		.uleb128 0x3b
 500 0086 0B       		.uleb128 0xb
 501 0087 49       		.uleb128 0x49
 502 0088 13       		.uleb128 0x13
 503 0089 02       		.uleb128 0x2
 504 008a 18       		.uleb128 0x18
 505 008b 00       		.byte	0
 506 008c 00       		.byte	0
 507 008d 00       		.byte	0
 508              		.section	.debug_aranges,"",%progbits
 509 0000 34000000 		.4byte	0x34
 510 0004 0200     		.2byte	0x2
 511 0006 00000000 		.4byte	.Ldebug_info0
 512 000a 04       		.byte	0x4
 513 000b 00       		.byte	0
 514 000c 0000     		.2byte	0
 515 000e 0000     		.2byte	0
 516 0010 00000000 		.4byte	.LFB2
 517 0014 30000000 		.4byte	.LFE2-.LFB2
 518 0018 00000000 		.4byte	.LFB3
 519 001c 2C000000 		.4byte	.LFE3-.LFB3
 520 0020 00000000 		.4byte	.LFB4
 521 0024 34000000 		.4byte	.LFE4-.LFB4
 522 0028 00000000 		.4byte	.LFB5
 523 002c 1C000000 		.4byte	.LFE5-.LFB5
ARM GAS  C:\Users\ANDREW~1\AppData\Local\Temp\cce4TCVf.s 			page 13


 524 0030 00000000 		.4byte	0
 525 0034 00000000 		.4byte	0
 526              		.section	.debug_ranges,"",%progbits
 527              	.Ldebug_ranges0:
 528 0000 00000000 		.4byte	.LFB2
 529 0004 30000000 		.4byte	.LFE2
 530 0008 00000000 		.4byte	.LFB3
 531 000c 2C000000 		.4byte	.LFE3
 532 0010 00000000 		.4byte	.LFB4
 533 0014 34000000 		.4byte	.LFE4
 534 0018 00000000 		.4byte	.LFB5
 535 001c 1C000000 		.4byte	.LFE5
 536 0020 00000000 		.4byte	0
 537 0024 00000000 		.4byte	0
 538              		.section	.debug_line,"",%progbits
 539              	.Ldebug_line0:
 540 0000 AB000000 		.section	.debug_str,"MS",%progbits,1
 540      02005400 
 540      00000201 
 540      FB0E0D00 
 540      01010101 
 541              	.LASF6:
 542 0000 6C6F6E67 		.ascii	"long long int\000"
 542      206C6F6E 
 542      6720696E 
 542      7400
 543              	.LASF10:
 544 000e 75696E74 		.ascii	"uint32\000"
 544      333200
 545              	.LASF8:
 546 0015 756E7369 		.ascii	"unsigned int\000"
 546      676E6564 
 546      20696E74 
 546      00
 547              	.LASF20:
 548 0022 54696D65 		.ascii	"Timer_1_backupStruct\000"
 548      725F315F 
 548      6261636B 
 548      75705374 
 548      72756374 
 549              	.LASF23:
 550 0037 54696D65 		.ascii	"Timer_1_Sleep\000"
 550      725F315F 
 550      536C6565 
 550      7000
 551              	.LASF28:
 552 0045 54696D65 		.ascii	"Timer_1_backup\000"
 552      725F315F 
 552      6261636B 
 552      757000
 553              	.LASF9:
 554 0054 75696E74 		.ascii	"uint8\000"
 554      3800
 555              	.LASF5:
 556 005a 6C6F6E67 		.ascii	"long unsigned int\000"
 556      20756E73 
 556      69676E65 
ARM GAS  C:\Users\ANDREW~1\AppData\Local\Temp\cce4TCVf.s 			page 14


 556      6420696E 
 556      7400
 557              	.LASF7:
 558 006c 6C6F6E67 		.ascii	"long long unsigned int\000"
 558      206C6F6E 
 558      6720756E 
 558      7369676E 
 558      65642069 
 559              	.LASF19:
 560 0083 54696D65 		.ascii	"TimerControlRegister\000"
 560      72436F6E 
 560      74726F6C 
 560      52656769 
 560      73746572 
 561              	.LASF16:
 562 0098 54696D65 		.ascii	"TimerEnableState\000"
 562      72456E61 
 562      626C6553 
 562      74617465 
 562      00
 563              	.LASF21:
 564 00a9 54696D65 		.ascii	"Timer_1_SaveConfig\000"
 564      725F315F 
 564      53617665 
 564      436F6E66 
 564      696700
 565              	.LASF25:
 566 00bc 474E5520 		.ascii	"GNU C 4.9.3 20150303 (release) [ARM/embedded-4_9-br"
 566      4320342E 
 566      392E3320 
 566      32303135 
 566      30333033 
 567 00ef 616E6368 		.ascii	"anch revision 221220] -mcpu=cortex-m0 -mthumb -g -O"
 567      20726576 
 567      6973696F 
 567      6E203232 
 567      31323230 
 568 0122 30202D66 		.ascii	"0 -ffunction-sections -ffat-lto-objects\000"
 568      66756E63 
 568      74696F6E 
 568      2D736563 
 568      74696F6E 
 569              	.LASF24:
 570 014a 54696D65 		.ascii	"Timer_1_Wakeup\000"
 570      725F315F 
 570      57616B65 
 570      757000
 571              	.LASF13:
 572 0159 63686172 		.ascii	"char\000"
 572      00
 573              	.LASF4:
 574 015e 6C6F6E67 		.ascii	"long int\000"
 574      20696E74 
 574      00
 575              	.LASF2:
 576 0167 73686F72 		.ascii	"short int\000"
 576      7420696E 
ARM GAS  C:\Users\ANDREW~1\AppData\Local\Temp\cce4TCVf.s 			page 15


 576      7400
 577              	.LASF12:
 578 0171 646F7562 		.ascii	"double\000"
 578      6C6500
 579              	.LASF3:
 580 0178 73686F72 		.ascii	"short unsigned int\000"
 580      7420756E 
 580      7369676E 
 580      65642069 
 580      6E7400
 581              	.LASF0:
 582 018b 7369676E 		.ascii	"signed char\000"
 582      65642063 
 582      68617200 
 583              	.LASF1:
 584 0197 756E7369 		.ascii	"unsigned char\000"
 584      676E6564 
 584      20636861 
 584      7200
 585              	.LASF11:
 586 01a5 666C6F61 		.ascii	"float\000"
 586      7400
 587              	.LASF22:
 588 01ab 54696D65 		.ascii	"Timer_1_RestoreConfig\000"
 588      725F315F 
 588      52657374 
 588      6F726543 
 588      6F6E6669 
 589              	.LASF17:
 590 01c1 54696D65 		.ascii	"TimerUdb\000"
 590      72556462 
 590      00
 591              	.LASF14:
 592 01ca 72656738 		.ascii	"reg8\000"
 592      00
 593              	.LASF18:
 594 01cf 496E7465 		.ascii	"InterruptMaskValue\000"
 594      72727570 
 594      744D6173 
 594      6B56616C 
 594      756500
 595              	.LASF27:
 596 01e2 433A5C55 		.ascii	"C:\\Users\\Andrew Joseph\\Desktop\\Senior Design\\t"
 596      73657273 
 596      5C416E64 
 596      72657720 
 596      4A6F7365 
 597 0210 72756E6B 		.ascii	"runk\\src\\PSoC_Core\\fNIR PSoC Central\\fNIR PSoC "
 597      5C737263 
 597      5C50536F 
 597      435F436F 
 597      72655C66 
 598 023f 43656E74 		.ascii	"Central.cydsn\000"
 598      72616C2E 
 598      63796473 
 598      6E00
 599              	.LASF15:
ARM GAS  C:\Users\ANDREW~1\AppData\Local\Temp\cce4TCVf.s 			page 16


 600 024d 73697A65 		.ascii	"sizetype\000"
 600      74797065 
 600      00
 601              	.LASF26:
 602 0256 47656E65 		.ascii	"Generated_Source\\PSoC4\\Timer_1_PM.c\000"
 602      72617465 
 602      645F536F 
 602      75726365 
 602      5C50536F 
 603              		.ident	"GCC: (GNU Tools for ARM Embedded Processors) 4.9.3 20150303 (release) [ARM/embedded-4_9-br
