ARM GAS  C:\Users\MICHS_~1\AppData\Local\Temp\ccT056gi.s 			page 1


   1              		.cpu cortex-m0
   2              		.fpu softvfp
   3              		.eabi_attribute 20, 1
   4              		.eabi_attribute 21, 1
   5              		.eabi_attribute 23, 3
   6              		.eabi_attribute 24, 1
   7              		.eabi_attribute 25, 1
   8              		.eabi_attribute 26, 1
   9              		.eabi_attribute 30, 6
  10              		.eabi_attribute 34, 0
  11              		.eabi_attribute 18, 4
  12              		.code	16
  13              		.file	"app_Ble.c"
  14              		.text
  15              	.Ltext0:
  16              		.cfi_sections	.debug_frame
  17              		.global	mtuSize
  18              		.data
  19              		.align	1
  20              		.type	mtuSize, %object
  21              		.size	mtuSize, 2
  22              	mtuSize:
  23 0000 1700     		.short	23
  24              		.section	.text.HandleBleProcessing,"ax",%progbits
  25              		.align	2
  26              		.global	HandleBleProcessing
  27              		.code	16
  28              		.thumb_func
  29              		.type	HandleBleProcessing, %function
  30              	HandleBleProcessing:
  31              	.LFB37:
  32              		.file 1 "app_Ble.c"
   1:app_Ble.c     **** /*******************************************************************************
   2:app_Ble.c     **** * File Name: app_Ble.c
   3:app_Ble.c     **** *
   4:app_Ble.c     **** * Description:
   5:app_Ble.c     **** *  Common BLE application code for client devices.
   6:app_Ble.c     **** *
   7:app_Ble.c     **** *******************************************************************************
   8:app_Ble.c     **** * Copyright 2015, Cypress Semiconductor Corporation.  All rights reserved.
   9:app_Ble.c     **** * You may use this file only in accordance with the license, terms, conditions,
  10:app_Ble.c     **** * disclaimers, and limitations in the end user license agreement accompanying
  11:app_Ble.c     **** * the software package with which this file was provided.
  12:app_Ble.c     **** *******************************************************************************/
  13:app_Ble.c     **** 
  14:app_Ble.c     **** #include "app_ble.h"
  15:app_Ble.c     **** 
  16:app_Ble.c     **** /* MTU size to be used by Client and Server after MTU exchange */
  17:app_Ble.c     **** uint16 mtuSize      = CYBLE_GATT_MTU;   
  18:app_Ble.c     **** 
  19:app_Ble.c     **** 
  20:app_Ble.c     **** /*******************************************************************************
  21:app_Ble.c     **** * Function Name: HandleBleProcessing
  22:app_Ble.c     **** ********************************************************************************
  23:app_Ble.c     **** *
  24:app_Ble.c     **** * Summary:
  25:app_Ble.c     **** *   Handles the BLE state machine for intiating different procedures
ARM GAS  C:\Users\MICHS_~1\AppData\Local\Temp\ccT056gi.s 			page 2


  26:app_Ble.c     **** *   during different states of BLESS.
  27:app_Ble.c     **** *
  28:app_Ble.c     **** * Parameters:
  29:app_Ble.c     **** *   None.
  30:app_Ble.c     **** *
  31:app_Ble.c     **** * Return:
  32:app_Ble.c     **** *   None.
  33:app_Ble.c     **** *
  34:app_Ble.c     **** *******************************************************************************/
  35:app_Ble.c     **** void HandleBleProcessing(void)
  36:app_Ble.c     **** {    
  33              		.loc 1 36 0
  34              		.cfi_startproc
  35 0000 80B5     		push	{r7, lr}
  36              		.cfi_def_cfa_offset 8
  37              		.cfi_offset 7, -8
  38              		.cfi_offset 14, -4
  39 0002 84B0     		sub	sp, sp, #16
  40              		.cfi_def_cfa_offset 24
  41 0004 00AF     		add	r7, sp, #0
  42              		.cfi_def_cfa_register 7
  37:app_Ble.c     ****     uint8 txDataClientConfigDesc[2];
  38:app_Ble.c     ****    
  39:app_Ble.c     ****     CYBLE_GATT_HANDLE_VALUE_PAIR_T  attrValue = { 
  43              		.loc 1 39 0
  44 0006 3B1C     		mov	r3, r7
  45 0008 0C22     		mov	r2, #12
  46 000a BA18     		add	r2, r7, r2
  47 000c 1A60     		str	r2, [r3]
  48 000e 3B1C     		mov	r3, r7
  49 0010 0222     		mov	r2, #2
  50 0012 9A80     		strh	r2, [r3, #4]
  51 0014 3B1C     		mov	r3, r7
  52 0016 0222     		mov	r2, #2
  53 0018 DA80     		strh	r2, [r3, #6]
  54 001a 3B1C     		mov	r3, r7
  55 001c 0F22     		mov	r2, #15
  56 001e 1A81     		strh	r2, [r3, #8]
  40:app_Ble.c     ****                                                     {(uint8 *)txDataClientConfigDesc, 2, 2}, 
  41:app_Ble.c     ****                                                     CYBLE_SERVER_UART_SERVER_UART_TX_DATA_CLIENT_CH
  42:app_Ble.c     ****                                                 };
  43:app_Ble.c     ****     switch (cyBle_state)
  57              		.loc 1 43 0
  58 0020 164B     		ldr	r3, .L9
  59 0022 1B78     		ldrb	r3, [r3]
  60 0024 032B     		cmp	r3, #3
  61 0026 25D0     		beq	.L8
  62 0028 042B     		cmp	r3, #4
  63 002a 17D0     		beq	.L4
  64 002c 022B     		cmp	r3, #2
  65 002e 00D0     		beq	.L5
  44:app_Ble.c     ****     {
  45:app_Ble.c     ****         case CYBLE_STATE_ADVERTISING:
  46:app_Ble.c     ****             break;
  47:app_Ble.c     ****         
  48:app_Ble.c     ****         case CYBLE_STATE_CONNECTED:
  49:app_Ble.c     ****             
ARM GAS  C:\Users\MICHS_~1\AppData\Local\Temp\ccT056gi.s 			page 3


  50:app_Ble.c     ****             /* read CCCD for TX characteristic for checking if notifications are enabled*/
  51:app_Ble.c     ****             CyBle_GattsReadAttributeValue(&attrValue, &cyBle_connHandle, CYBLE_GATT_DB_LOCALLY_INIT
  52:app_Ble.c     ****             
  53:app_Ble.c     ****             /* if stack is free, handle UART traffic */
  54:app_Ble.c     ****             if(CyBle_GattGetBusStatus() != CYBLE_STACK_STATE_BUSY)
  55:app_Ble.c     ****             {
  56:app_Ble.c     ****                 HandleUartTxTraffic((uint16)txDataClientConfigDesc[0]);
  57:app_Ble.c     ****             }
  58:app_Ble.c     ****             break;
  59:app_Ble.c     ****                 
  60:app_Ble.c     ****         case CYBLE_STATE_DISCONNECTED:
  61:app_Ble.c     ****         
  62:app_Ble.c     ****             txDataClientConfigDesc[0] = NOTIFICATON_DISABLED;
  63:app_Ble.c     ****             txDataClientConfigDesc[1] = NOTIFICATON_DISABLED;
  64:app_Ble.c     ****             
  65:app_Ble.c     ****             CyBle_GappStartAdvertisement(CYBLE_ADVERTISING_FAST);
  66:app_Ble.c     **** 
  67:app_Ble.c     ****             break;
  68:app_Ble.c     ****        
  69:app_Ble.c     ****         case CYBLE_STATE_INITIALIZING:
  70:app_Ble.c     ****         case CYBLE_STATE_STOPPED:
  71:app_Ble.c     ****         default:
  72:app_Ble.c     ****             break;       
  66              		.loc 1 72 0
  67 0030 21E0     		b	.L1
  68              	.L5:
  51:app_Ble.c     ****             
  69              		.loc 1 51 0
  70 0032 3A1C     		mov	r2, r7
  71 0034 124B     		ldr	r3, .L9+4
  72 0036 101C     		mov	r0, r2
  73 0038 191C     		mov	r1, r3
  74 003a 0022     		mov	r2, #0
  75 003c FFF7FEFF 		bl	CyBle_GattsReadAttributeValue
  54:app_Ble.c     ****             {
  76              		.loc 1 54 0
  77 0040 104B     		ldr	r3, .L9+8
  78 0042 1B78     		ldrb	r3, [r3]
  79 0044 DBB2     		uxtb	r3, r3
  80 0046 012B     		cmp	r3, #1
  81 0048 07D0     		beq	.L7
  56:app_Ble.c     ****             }
  82              		.loc 1 56 0
  83 004a 0C23     		mov	r3, #12
  84 004c FB18     		add	r3, r7, r3
  85 004e 1B78     		ldrb	r3, [r3]
  86 0050 9BB2     		uxth	r3, r3
  87 0052 181C     		mov	r0, r3
  88 0054 FFF7FEFF 		bl	HandleUartTxTraffic
  58:app_Ble.c     ****                 
  89              		.loc 1 58 0
  90 0058 0DE0     		b	.L1
  91              	.L7:
  58:app_Ble.c     ****                 
  92              		.loc 1 58 0 is_stmt 0 discriminator 2
  93 005a 0CE0     		b	.L1
  94              	.L4:
ARM GAS  C:\Users\MICHS_~1\AppData\Local\Temp\ccT056gi.s 			page 4


  62:app_Ble.c     ****             txDataClientConfigDesc[1] = NOTIFICATON_DISABLED;
  95              		.loc 1 62 0 is_stmt 1
  96 005c 0C23     		mov	r3, #12
  97 005e FB18     		add	r3, r7, r3
  98 0060 0022     		mov	r2, #0
  99 0062 1A70     		strb	r2, [r3]
  63:app_Ble.c     ****             
 100              		.loc 1 63 0
 101 0064 0C23     		mov	r3, #12
 102 0066 FB18     		add	r3, r7, r3
 103 0068 0022     		mov	r2, #0
 104 006a 5A70     		strb	r2, [r3, #1]
  65:app_Ble.c     **** 
 105              		.loc 1 65 0
 106 006c 0020     		mov	r0, #0
 107 006e FFF7FEFF 		bl	CyBle_GappStartAdvertisement
  67:app_Ble.c     ****        
 108              		.loc 1 67 0
 109 0072 00E0     		b	.L1
 110              	.L8:
  46:app_Ble.c     ****         
 111              		.loc 1 46 0
 112 0074 C046     		mov	r8, r8
 113              	.L1:
  73:app_Ble.c     ****     }
  74:app_Ble.c     **** }
 114              		.loc 1 74 0
 115 0076 BD46     		mov	sp, r7
 116 0078 04B0     		add	sp, sp, #16
 117              		@ sp needed
 118 007a 80BD     		pop	{r7, pc}
 119              	.L10:
 120              		.align	2
 121              	.L9:
 122 007c 00000000 		.word	cyBle_state
 123 0080 00000000 		.word	cyBle_connHandle
 124 0084 00000000 		.word	cyBle_busyStatus
 125              		.cfi_endproc
 126              	.LFE37:
 127              		.size	HandleBleProcessing, .-HandleBleProcessing
 128              		.section	.rodata
 129              		.align	2
 130              	.LC3:
 131 0000 0A0D2044 		.ascii	"\012\015 DISCONNECTED!!! \012\015 \000"
 131      4953434F 
 131      4E4E4543 
 131      54454421 
 131      2121200A 
 132 0017 00       		.align	2
 133              	.LC5:
 134 0018 0A0D436F 		.ascii	"\012\015Connection established\000"
 134      6E6E6563 
 134      74696F6E 
 134      20657374 
 134      61626C69 
 135 0031 000000   		.align	2
 136              	.LC9:
ARM GAS  C:\Users\MICHS_~1\AppData\Local\Temp\ccT056gi.s 			page 5


 137 0034 0A0D4E6F 		.ascii	"\012\015Notifications enabled\012\015\000"
 137      74696669 
 137      63617469 
 137      6F6E7320 
 137      656E6162 
 138 004e 0000     		.align	2
 139              	.LC11:
 140 0050 0A0D5374 		.ascii	"\012\015Start entering data:\012\015\000"
 140      61727420 
 140      656E7465 
 140      72696E67 
 140      20646174 
 141 0069 000000   		.section	.text.AppCallBack,"ax",%progbits
 142              		.align	2
 143              		.global	AppCallBack
 144              		.code	16
 145              		.thumb_func
 146              		.type	AppCallBack, %function
 147              	AppCallBack:
 148              	.LFB38:
  75:app_Ble.c     **** 
  76:app_Ble.c     **** 
  77:app_Ble.c     **** /*******************************************************************************
  78:app_Ble.c     **** * Function Name: AppCallBack
  79:app_Ble.c     **** ********************************************************************************
  80:app_Ble.c     **** *
  81:app_Ble.c     **** * Summary:
  82:app_Ble.c     **** *   Call back function for BLE stack to handle BLESS events
  83:app_Ble.c     **** *
  84:app_Ble.c     **** * Parameters:
  85:app_Ble.c     **** *   event       - the event generated by stack
  86:app_Ble.c     **** *   eventParam  - the parameters related to the corresponding event
  87:app_Ble.c     **** *
  88:app_Ble.c     **** * Return:
  89:app_Ble.c     **** *   None.
  90:app_Ble.c     **** *
  91:app_Ble.c     **** *******************************************************************************/
  92:app_Ble.c     **** void AppCallBack(uint32 event, void *eventParam)
  93:app_Ble.c     **** {   
 149              		.loc 1 93 0
 150              		.cfi_startproc
 151 0000 90B5     		push	{r4, r7, lr}
 152              		.cfi_def_cfa_offset 12
 153              		.cfi_offset 4, -12
 154              		.cfi_offset 7, -8
 155              		.cfi_offset 14, -4
 156 0002 85B0     		sub	sp, sp, #20
 157              		.cfi_def_cfa_offset 32
 158 0004 00AF     		add	r7, sp, #0
 159              		.cfi_def_cfa_register 7
 160 0006 7860     		str	r0, [r7, #4]
 161 0008 3960     		str	r1, [r7]
  94:app_Ble.c     ****     CYBLE_GATT_ERR_CODE_T           errorCode;
  95:app_Ble.c     ****     CYBLE_GATTS_WRITE_REQ_PARAM_T   *writeReqParam;
  96:app_Ble.c     ****     
  97:app_Ble.c     ****     switch (event)
 162              		.loc 1 97 0
ARM GAS  C:\Users\MICHS_~1\AppData\Local\Temp\ccT056gi.s 			page 6


 163 000a 7B68     		ldr	r3, [r7, #4]
 164 000c 412B     		cmp	r3, #65
 165 000e 2AD0     		beq	.L13
 166 0010 05D8     		bhi	.L14
 167 0012 012B     		cmp	r3, #1
 168 0014 00D1     		bne	.LCB117
 169 0016 6DE0     		b	.L27	@long jump
 170              	.LCB117:
 171 0018 282B     		cmp	r3, #40
 172 001a 07D0     		beq	.L16
  98:app_Ble.c     ****     {
  99:app_Ble.c     ****         case CYBLE_EVT_STACK_ON:
 100:app_Ble.c     ****             break;
 101:app_Ble.c     ****             
 102:app_Ble.c     ****         case CYBLE_EVT_GAP_DEVICE_DISCONNECTED:
 103:app_Ble.c     ****             
 104:app_Ble.c     ****             #ifdef PRINT_MESSAGE_LOG   
 105:app_Ble.c     ****                 UART_UartPutString("\n\r DISCONNECTED!!! \n\r ");
 106:app_Ble.c     ****                 while(0 != (UART_SpiUartGetTxBufferSize() + UART_GET_TX_FIFO_SR_VALID));
 107:app_Ble.c     ****             #endif
 108:app_Ble.c     ****             
 109:app_Ble.c     ****             /* RESET Uart and flush all buffers */
 110:app_Ble.c     ****             UART_Stop();
 111:app_Ble.c     ****             UART_SpiUartClearTxBuffer();
 112:app_Ble.c     ****             UART_SpiUartClearRxBuffer();
 113:app_Ble.c     ****             UART_Start();
 114:app_Ble.c     ****             break;
 115:app_Ble.c     ****             
 116:app_Ble.c     ****         case CYBLE_EVT_GATT_CONNECT_IND:
 117:app_Ble.c     ****             
 118:app_Ble.c     ****             #ifdef PRINT_MESSAGE_LOG   
 119:app_Ble.c     ****                 UART_UartPutString("\n\rConnection established");             
 120:app_Ble.c     ****             #endif
 121:app_Ble.c     ****             
 122:app_Ble.c     ****             break;
 123:app_Ble.c     ****         
 124:app_Ble.c     ****         case CYBLE_EVT_GATTS_WRITE_CMD_REQ:
 125:app_Ble.c     ****             
 126:app_Ble.c     ****             HandleUartRxTraffic((CYBLE_GATTS_WRITE_REQ_PARAM_T *) eventParam);
 127:app_Ble.c     ****             
 128:app_Ble.c     ****             break;
 129:app_Ble.c     ****         
 130:app_Ble.c     ****         case CYBLE_EVT_GATTS_XCNHG_MTU_REQ:
 131:app_Ble.c     ****             
 132:app_Ble.c     ****             if(CYBLE_GATT_MTU > ((CYBLE_GATT_XCHG_MTU_PARAM_T *)eventParam)->mtu)
 133:app_Ble.c     ****             {
 134:app_Ble.c     ****                 mtuSize = ((CYBLE_GATT_XCHG_MTU_PARAM_T *)eventParam)->mtu;
 135:app_Ble.c     ****             }
 136:app_Ble.c     ****             else
 137:app_Ble.c     ****             {
 138:app_Ble.c     ****                 mtuSize = CYBLE_GATT_MTU;
 139:app_Ble.c     ****             }
 140:app_Ble.c     ****             
 141:app_Ble.c     ****             break;
 142:app_Ble.c     ****             
 143:app_Ble.c     ****         case CYBLE_EVT_GATTS_WRITE_REQ:
 144:app_Ble.c     ****             
ARM GAS  C:\Users\MICHS_~1\AppData\Local\Temp\ccT056gi.s 			page 7


 145:app_Ble.c     ****             writeReqParam = (CYBLE_GATTS_WRITE_REQ_PARAM_T *) eventParam;
 146:app_Ble.c     ****             
 147:app_Ble.c     ****             if(CYBLE_SERVER_UART_SERVER_UART_TX_DATA_CLIENT_CHARACTERISTIC_CONFIGURATION_DESC_HANDL
 148:app_Ble.c     ****                                                                     writeReqParam->handleValPair.at
 149:app_Ble.c     ****             {
 150:app_Ble.c     ****                 errorCode = CyBle_GattsWriteAttributeValue(&(writeReqParam->handleValPair), \
 151:app_Ble.c     ****                                                 0, &cyBle_connHandle, CYBLE_GATT_DB_PEER_INITIATED)
 152:app_Ble.c     ****                 
 153:app_Ble.c     ****                 if (CYBLE_GATT_ERR_NONE  == errorCode)
 154:app_Ble.c     ****                 {
 155:app_Ble.c     ****                     CyBle_GattsWriteRsp(cyBle_connHandle);
 156:app_Ble.c     ****                     #ifdef PRINT_MESSAGE_LOG   
 157:app_Ble.c     ****                         UART_UartPutString("\n\rNotifications enabled\n\r");
 158:app_Ble.c     ****                         UART_UartPutString("\n\rStart entering data:\n\r");
 159:app_Ble.c     ****                     #endif
 160:app_Ble.c     ****                 }
 161:app_Ble.c     ****             }
 162:app_Ble.c     ****             
 163:app_Ble.c     ****             break;
 164:app_Ble.c     ****         
 165:app_Ble.c     ****         default:
 166:app_Ble.c     ****             break;
 173              		.loc 1 166 0
 174 001c 6BE0     		b	.L11
 175              	.L14:
  97:app_Ble.c     ****     {
 176              		.loc 1 97 0
 177 001e 4C2B     		cmp	r3, #76
 178 0020 38D0     		beq	.L17
 179 0022 4E2B     		cmp	r3, #78
 180 0024 24D0     		beq	.L18
 181 0026 432B     		cmp	r3, #67
 182 0028 27D0     		beq	.L19
 183              		.loc 1 166 0
 184 002a 64E0     		b	.L11
 185              	.L16:
 105:app_Ble.c     ****                 while(0 != (UART_SpiUartGetTxBufferSize() + UART_GET_TX_FIFO_SR_VALID));
 186              		.loc 1 105 0
 187 002c 334B     		ldr	r3, .L28
 188 002e 181C     		mov	r0, r3
 189 0030 FFF7FEFF 		bl	UART_UartPutString
 106:app_Ble.c     ****             #endif
 190              		.loc 1 106 0
 191 0034 C046     		mov	r8, r8
 192              	.L23:
 106:app_Ble.c     ****             #endif
 193              		.loc 1 106 0 is_stmt 0 discriminator 5
 194 0036 FFF7FEFF 		bl	UART_SpiUartGetTxBufferSize
 195 003a 011C     		mov	r1, r0
 196 003c 304B     		ldr	r3, .L28+4
 197 003e 1A68     		ldr	r2, [r3]
 198 0040 8023     		mov	r3, #128
 199 0042 1B02     		lsl	r3, r3, #8
 200 0044 1340     		and	r3, r2
 201 0046 01D0     		beq	.L21
 106:app_Ble.c     ****             #endif
 202              		.loc 1 106 0 discriminator 1
ARM GAS  C:\Users\MICHS_~1\AppData\Local\Temp\ccT056gi.s 			page 8


 203 0048 0123     		mov	r3, #1
 204 004a 00E0     		b	.L22
 205              	.L21:
 106:app_Ble.c     ****             #endif
 206              		.loc 1 106 0 discriminator 2
 207 004c 0023     		mov	r3, #0
 208              	.L22:
 106:app_Ble.c     ****             #endif
 209              		.loc 1 106 0 discriminator 4
 210 004e CB18     		add	r3, r1, r3
 211 0050 002B     		cmp	r3, #0
 212 0052 F0D1     		bne	.L23
 110:app_Ble.c     ****             UART_SpiUartClearTxBuffer();
 213              		.loc 1 110 0 is_stmt 1
 214 0054 FFF7FEFF 		bl	UART_Stop
 111:app_Ble.c     ****             UART_SpiUartClearRxBuffer();
 215              		.loc 1 111 0
 216 0058 FFF7FEFF 		bl	UART_SpiUartClearTxBuffer
 112:app_Ble.c     ****             UART_Start();
 217              		.loc 1 112 0
 218 005c FFF7FEFF 		bl	UART_SpiUartClearRxBuffer
 113:app_Ble.c     ****             break;
 219              		.loc 1 113 0
 220 0060 FFF7FEFF 		bl	UART_Start
 114:app_Ble.c     ****             
 221              		.loc 1 114 0
 222 0064 47E0     		b	.L11
 223              	.L13:
 119:app_Ble.c     ****             #endif
 224              		.loc 1 119 0
 225 0066 274B     		ldr	r3, .L28+8
 226 0068 181C     		mov	r0, r3
 227 006a FFF7FEFF 		bl	UART_UartPutString
 122:app_Ble.c     ****         
 228              		.loc 1 122 0
 229 006e 42E0     		b	.L11
 230              	.L18:
 126:app_Ble.c     ****             
 231              		.loc 1 126 0
 232 0070 3B68     		ldr	r3, [r7]
 233 0072 181C     		mov	r0, r3
 234 0074 FFF7FEFF 		bl	HandleUartRxTraffic
 128:app_Ble.c     ****         
 235              		.loc 1 128 0
 236 0078 3DE0     		b	.L11
 237              	.L19:
 132:app_Ble.c     ****             {
 238              		.loc 1 132 0
 239 007a 3B68     		ldr	r3, [r7]
 240 007c 5B88     		ldrh	r3, [r3, #2]
 241 007e 162B     		cmp	r3, #22
 242 0080 04D8     		bhi	.L24
 134:app_Ble.c     ****             }
 243              		.loc 1 134 0
 244 0082 3B68     		ldr	r3, [r7]
 245 0084 5A88     		ldrh	r2, [r3, #2]
 246 0086 204B     		ldr	r3, .L28+12
ARM GAS  C:\Users\MICHS_~1\AppData\Local\Temp\ccT056gi.s 			page 9


 247 0088 1A80     		strh	r2, [r3]
 141:app_Ble.c     ****             
 248              		.loc 1 141 0
 249 008a 34E0     		b	.L11
 250              	.L24:
 138:app_Ble.c     ****             }
 251              		.loc 1 138 0
 252 008c 1E4B     		ldr	r3, .L28+12
 253 008e 1722     		mov	r2, #23
 254 0090 1A80     		strh	r2, [r3]
 141:app_Ble.c     ****             
 255              		.loc 1 141 0
 256 0092 30E0     		b	.L11
 257              	.L17:
 145:app_Ble.c     ****             
 258              		.loc 1 145 0
 259 0094 3B68     		ldr	r3, [r7]
 260 0096 FB60     		str	r3, [r7, #12]
 148:app_Ble.c     ****             {
 261              		.loc 1 148 0
 262 0098 FB68     		ldr	r3, [r7, #12]
 263 009a 9B89     		ldrh	r3, [r3, #12]
 147:app_Ble.c     ****                                                                     writeReqParam->handleValPair.at
 264              		.loc 1 147 0
 265 009c 0F2B     		cmp	r3, #15
 266 009e 28D1     		bne	.L26
 150:app_Ble.c     ****                                                 0, &cyBle_connHandle, CYBLE_GATT_DB_PEER_INITIATED)
 267              		.loc 1 150 0
 268 00a0 FB68     		ldr	r3, [r7, #12]
 269 00a2 1A1D     		add	r2, r3, #4
 270 00a4 0B23     		mov	r3, #11
 271 00a6 FC18     		add	r4, r7, r3
 272 00a8 184B     		ldr	r3, .L28+16
 273 00aa 101C     		mov	r0, r2
 274 00ac 0021     		mov	r1, #0
 275 00ae 1A1C     		mov	r2, r3
 276 00b0 4023     		mov	r3, #64
 277 00b2 FFF7FEFF 		bl	CyBle_GattsWriteAttributeValue
 278 00b6 031C     		mov	r3, r0
 279 00b8 2370     		strb	r3, [r4]
 153:app_Ble.c     ****                 {
 280              		.loc 1 153 0
 281 00ba 0B23     		mov	r3, #11
 282 00bc FB18     		add	r3, r7, r3
 283 00be 1B78     		ldrb	r3, [r3]
 284 00c0 002B     		cmp	r3, #0
 285 00c2 16D1     		bne	.L26
 155:app_Ble.c     ****                     #ifdef PRINT_MESSAGE_LOG   
 286              		.loc 1 155 0
 287 00c4 114B     		ldr	r3, .L28+16
 288 00c6 1A78     		ldrb	r2, [r3]
 289 00c8 5B78     		ldrb	r3, [r3, #1]
 290 00ca 1B02     		lsl	r3, r3, #8
 291 00cc 1A43     		orr	r2, r3
 292 00ce 0023     		mov	r3, #0
 293 00d0 1204     		lsl	r2, r2, #16
 294 00d2 120C     		lsr	r2, r2, #16
ARM GAS  C:\Users\MICHS_~1\AppData\Local\Temp\ccT056gi.s 			page 10


 295 00d4 1B0C     		lsr	r3, r3, #16
 296 00d6 1B04     		lsl	r3, r3, #16
 297 00d8 1343     		orr	r3, r2
 298 00da 181C     		mov	r0, r3
 299 00dc FFF7FEFF 		bl	CyBle_GattsWriteRsp
 157:app_Ble.c     ****                         UART_UartPutString("\n\rStart entering data:\n\r");
 300              		.loc 1 157 0
 301 00e0 0B4B     		ldr	r3, .L28+20
 302 00e2 181C     		mov	r0, r3
 303 00e4 FFF7FEFF 		bl	UART_UartPutString
 158:app_Ble.c     ****                     #endif
 304              		.loc 1 158 0
 305 00e8 0A4B     		ldr	r3, .L28+24
 306 00ea 181C     		mov	r0, r3
 307 00ec FFF7FEFF 		bl	UART_UartPutString
 163:app_Ble.c     ****         
 308              		.loc 1 163 0
 309 00f0 01E0     		b	.L11
 310              	.L26:
 311 00f2 00E0     		b	.L11
 312              	.L27:
 100:app_Ble.c     ****             
 313              		.loc 1 100 0
 314 00f4 C046     		mov	r8, r8
 315              	.L11:
 167:app_Ble.c     ****     }
 168:app_Ble.c     **** }
 316              		.loc 1 168 0
 317 00f6 BD46     		mov	sp, r7
 318 00f8 05B0     		add	sp, sp, #20
 319              		@ sp needed
 320 00fa 90BD     		pop	{r4, r7, pc}
 321              	.L29:
 322              		.align	2
 323              	.L28:
 324 00fc 00000000 		.word	.LC3
 325 0100 08022440 		.word	1076101640
 326 0104 18000000 		.word	.LC5
 327 0108 00000000 		.word	mtuSize
 328 010c 00000000 		.word	cyBle_connHandle
 329 0110 34000000 		.word	.LC9
 330 0114 50000000 		.word	.LC11
 331              		.cfi_endproc
 332              	.LFE38:
 333              		.size	AppCallBack, .-AppCallBack
 334              		.text
 335              	.Letext0:
 336              		.file 2 "Generated_Source\\PSoC4/cytypes.h"
 337              		.file 3 "Generated_Source\\PSoC4/BLE_Stack.h"
 338              		.file 4 "Generated_Source\\PSoC4/BLE_StackGatt.h"
 339              		.file 5 "Generated_Source\\PSoC4/BLE_StackGattServer.h"
 340              		.file 6 "Generated_Source\\PSoC4/BLE_eventHandler.h"
 341              		.section	.debug_info,"",%progbits
 342              	.Ldebug_info0:
 343 0000 A6050000 		.4byte	0x5a6
 344 0004 0400     		.2byte	0x4
 345 0006 00000000 		.4byte	.Ldebug_abbrev0
ARM GAS  C:\Users\MICHS_~1\AppData\Local\Temp\ccT056gi.s 			page 11


 346 000a 04       		.byte	0x4
 347 000b 01       		.uleb128 0x1
 348 000c 14100000 		.4byte	.LASF156
 349 0010 01       		.byte	0x1
 350 0011 94010000 		.4byte	.LASF157
 351 0015 8D070000 		.4byte	.LASF158
 352 0019 00000000 		.4byte	.Ldebug_ranges0+0
 353 001d 00000000 		.4byte	0
 354 0021 00000000 		.4byte	.Ldebug_line0
 355 0025 02       		.uleb128 0x2
 356 0026 01       		.byte	0x1
 357 0027 06       		.byte	0x6
 358 0028 5D030000 		.4byte	.LASF0
 359 002c 02       		.uleb128 0x2
 360 002d 01       		.byte	0x1
 361 002e 08       		.byte	0x8
 362 002f 1C0C0000 		.4byte	.LASF1
 363 0033 02       		.uleb128 0x2
 364 0034 02       		.byte	0x2
 365 0035 05       		.byte	0x5
 366 0036 B60C0000 		.4byte	.LASF2
 367 003a 02       		.uleb128 0x2
 368 003b 02       		.byte	0x2
 369 003c 07       		.byte	0x7
 370 003d E30E0000 		.4byte	.LASF3
 371 0041 02       		.uleb128 0x2
 372 0042 04       		.byte	0x4
 373 0043 05       		.byte	0x5
 374 0044 EE010000 		.4byte	.LASF4
 375 0048 02       		.uleb128 0x2
 376 0049 04       		.byte	0x4
 377 004a 07       		.byte	0x7
 378 004b 2F060000 		.4byte	.LASF5
 379 004f 02       		.uleb128 0x2
 380 0050 08       		.byte	0x8
 381 0051 05       		.byte	0x5
 382 0052 4F030000 		.4byte	.LASF6
 383 0056 02       		.uleb128 0x2
 384 0057 08       		.byte	0x8
 385 0058 07       		.byte	0x7
 386 0059 F7010000 		.4byte	.LASF7
 387 005d 03       		.uleb128 0x3
 388 005e 04       		.byte	0x4
 389 005f 05       		.byte	0x5
 390 0060 696E7400 		.ascii	"int\000"
 391 0064 02       		.uleb128 0x2
 392 0065 04       		.byte	0x4
 393 0066 07       		.byte	0x7
 394 0067 BA050000 		.4byte	.LASF8
 395 006b 04       		.uleb128 0x4
 396 006c 59040000 		.4byte	.LASF9
 397 0070 02       		.byte	0x2
 398 0071 B901     		.2byte	0x1b9
 399 0073 2C000000 		.4byte	0x2c
 400 0077 04       		.uleb128 0x4
 401 0078 2A0C0000 		.4byte	.LASF10
 402 007c 02       		.byte	0x2
ARM GAS  C:\Users\MICHS_~1\AppData\Local\Temp\ccT056gi.s 			page 12


 403 007d BA01     		.2byte	0x1ba
 404 007f 3A000000 		.4byte	0x3a
 405 0083 04       		.uleb128 0x4
 406 0084 CC040000 		.4byte	.LASF11
 407 0088 02       		.byte	0x2
 408 0089 BB01     		.2byte	0x1bb
 409 008b 48000000 		.4byte	0x48
 410 008f 02       		.uleb128 0x2
 411 0090 04       		.byte	0x4
 412 0091 04       		.byte	0x4
 413 0092 E40D0000 		.4byte	.LASF12
 414 0096 02       		.uleb128 0x2
 415 0097 08       		.byte	0x8
 416 0098 04       		.byte	0x4
 417 0099 7E040000 		.4byte	.LASF13
 418 009d 02       		.uleb128 0x2
 419 009e 01       		.byte	0x1
 420 009f 08       		.byte	0x8
 421 00a0 EA0D0000 		.4byte	.LASF14
 422 00a4 05       		.uleb128 0x5
 423 00a5 6B000000 		.4byte	0x6b
 424 00a9 04       		.uleb128 0x4
 425 00aa 45090000 		.4byte	.LASF15
 426 00ae 02       		.byte	0x2
 427 00af 6502     		.2byte	0x265
 428 00b1 B5000000 		.4byte	0xb5
 429 00b5 05       		.uleb128 0x5
 430 00b6 83000000 		.4byte	0x83
 431 00ba 02       		.uleb128 0x2
 432 00bb 04       		.byte	0x4
 433 00bc 07       		.byte	0x7
 434 00bd BC090000 		.4byte	.LASF16
 435 00c1 06       		.uleb128 0x6
 436 00c2 04       		.byte	0x4
 437 00c3 07       		.uleb128 0x7
 438 00c4 01       		.byte	0x1
 439 00c5 03       		.byte	0x3
 440 00c6 3101     		.2byte	0x131
 441 00c8 92020000 		.4byte	0x292
 442 00cc 08       		.uleb128 0x8
 443 00cd 3F070000 		.4byte	.LASF17
 444 00d1 00       		.sleb128 0
 445 00d2 08       		.uleb128 0x8
 446 00d3 69030000 		.4byte	.LASF18
 447 00d7 01       		.sleb128 1
 448 00d8 08       		.uleb128 0x8
 449 00d9 DC010000 		.4byte	.LASF19
 450 00dd 02       		.sleb128 2
 451 00de 08       		.uleb128 0x8
 452 00df CA0E0000 		.4byte	.LASF20
 453 00e3 03       		.sleb128 3
 454 00e4 08       		.uleb128 0x8
 455 00e5 21020000 		.4byte	.LASF21
 456 00e9 04       		.sleb128 4
 457 00ea 08       		.uleb128 0x8
 458 00eb 23000000 		.4byte	.LASF22
 459 00ef 05       		.sleb128 5
ARM GAS  C:\Users\MICHS_~1\AppData\Local\Temp\ccT056gi.s 			page 13


 460 00f0 08       		.uleb128 0x8
 461 00f1 74070000 		.4byte	.LASF23
 462 00f5 06       		.sleb128 6
 463 00f6 08       		.uleb128 0x8
 464 00f7 4B090000 		.4byte	.LASF24
 465 00fb 20       		.sleb128 32
 466 00fc 08       		.uleb128 0x8
 467 00fd A5030000 		.4byte	.LASF25
 468 0101 21       		.sleb128 33
 469 0102 08       		.uleb128 0x8
 470 0103 05080000 		.4byte	.LASF26
 471 0107 22       		.sleb128 34
 472 0108 08       		.uleb128 0x8
 473 0109 AB080000 		.4byte	.LASF27
 474 010d 23       		.sleb128 35
 475 010e 08       		.uleb128 0x8
 476 010f FB0A0000 		.4byte	.LASF28
 477 0113 24       		.sleb128 36
 478 0114 08       		.uleb128 0x8
 479 0115 210A0000 		.4byte	.LASF29
 480 0119 25       		.sleb128 37
 481 011a 08       		.uleb128 0x8
 482 011b 31040000 		.4byte	.LASF30
 483 011f 26       		.sleb128 38
 484 0120 08       		.uleb128 0x8
 485 0121 29080000 		.4byte	.LASF31
 486 0125 27       		.sleb128 39
 487 0126 08       		.uleb128 0x8
 488 0127 EF0D0000 		.4byte	.LASF32
 489 012b 28       		.sleb128 40
 490 012c 08       		.uleb128 0x8
 491 012d A1020000 		.4byte	.LASF33
 492 0131 29       		.sleb128 41
 493 0132 08       		.uleb128 0x8
 494 0133 21010000 		.4byte	.LASF34
 495 0137 2A       		.sleb128 42
 496 0138 08       		.uleb128 0x8
 497 0139 7C030000 		.4byte	.LASF35
 498 013d 2B       		.sleb128 43
 499 013e 08       		.uleb128 0x8
 500 013f C9100000 		.4byte	.LASF36
 501 0143 2C       		.sleb128 44
 502 0144 08       		.uleb128 0x8
 503 0145 BE020000 		.4byte	.LASF37
 504 0149 2D       		.sleb128 45
 505 014a 08       		.uleb128 0x8
 506 014b 310C0000 		.4byte	.LASF38
 507 014f 2E       		.sleb128 46
 508 0150 08       		.uleb128 0x8
 509 0151 6B010000 		.4byte	.LASF39
 510 0155 2F       		.sleb128 47
 511 0156 08       		.uleb128 0x8
 512 0157 930A0000 		.4byte	.LASF40
 513 015b 30       		.sleb128 48
 514 015c 08       		.uleb128 0x8
 515 015d 4E110000 		.4byte	.LASF41
 516 0161 31       		.sleb128 49
ARM GAS  C:\Users\MICHS_~1\AppData\Local\Temp\ccT056gi.s 			page 14


 517 0162 08       		.uleb128 0x8
 518 0163 720A0000 		.4byte	.LASF42
 519 0167 32       		.sleb128 50
 520 0168 08       		.uleb128 0x8
 521 0169 870D0000 		.4byte	.LASF43
 522 016d 33       		.sleb128 51
 523 016e 08       		.uleb128 0x8
 524 016f 41060000 		.4byte	.LASF44
 525 0173 34       		.sleb128 52
 526 0174 08       		.uleb128 0x8
 527 0175 B40A0000 		.4byte	.LASF45
 528 0179 35       		.sleb128 53
 529 017a 08       		.uleb128 0x8
 530 017b 48080000 		.4byte	.LASF46
 531 017f 36       		.sleb128 54
 532 0180 08       		.uleb128 0x8
 533 0181 F60E0000 		.4byte	.LASF47
 534 0185 C000     		.sleb128 64
 535 0187 08       		.uleb128 0x8
 536 0188 D1080000 		.4byte	.LASF48
 537 018c C100     		.sleb128 65
 538 018e 08       		.uleb128 0x8
 539 018f 8E110000 		.4byte	.LASF49
 540 0193 C200     		.sleb128 66
 541 0195 08       		.uleb128 0x8
 542 0196 650F0000 		.4byte	.LASF50
 543 019a C300     		.sleb128 67
 544 019c 08       		.uleb128 0x8
 545 019d 96060000 		.4byte	.LASF51
 546 01a1 C400     		.sleb128 68
 547 01a3 08       		.uleb128 0x8
 548 01a4 9B0B0000 		.4byte	.LASF52
 549 01a8 C500     		.sleb128 69
 550 01aa 08       		.uleb128 0x8
 551 01ab 9B090000 		.4byte	.LASF53
 552 01af C600     		.sleb128 70
 553 01b1 08       		.uleb128 0x8
 554 01b2 56070000 		.4byte	.LASF54
 555 01b6 C700     		.sleb128 71
 556 01b8 08       		.uleb128 0x8
 557 01b9 A2100000 		.4byte	.LASF55
 558 01bd C800     		.sleb128 72
 559 01bf 08       		.uleb128 0x8
 560 01c0 BC030000 		.4byte	.LASF56
 561 01c4 C900     		.sleb128 73
 562 01c6 08       		.uleb128 0x8
 563 01c7 9C0F0000 		.4byte	.LASF57
 564 01cb CA00     		.sleb128 74
 565 01cd 08       		.uleb128 0x8
 566 01ce 9E010000 		.4byte	.LASF58
 567 01d2 CB00     		.sleb128 75
 568 01d4 08       		.uleb128 0x8
 569 01d5 7C060000 		.4byte	.LASF59
 570 01d9 CC00     		.sleb128 76
 571 01db 08       		.uleb128 0x8
 572 01dc 4C0A0000 		.4byte	.LASF60
 573 01e0 CD00     		.sleb128 77
ARM GAS  C:\Users\MICHS_~1\AppData\Local\Temp\ccT056gi.s 			page 15


 574 01e2 08       		.uleb128 0x8
 575 01e3 FA030000 		.4byte	.LASF61
 576 01e7 CE00     		.sleb128 78
 577 01e9 08       		.uleb128 0x8
 578 01ea FC0C0000 		.4byte	.LASF62
 579 01ee CF00     		.sleb128 79
 580 01f0 08       		.uleb128 0x8
 581 01f1 BD010000 		.4byte	.LASF63
 582 01f5 D000     		.sleb128 80
 583 01f7 08       		.uleb128 0x8
 584 01f8 5F040000 		.4byte	.LASF64
 585 01fc D100     		.sleb128 81
 586 01fe 08       		.uleb128 0x8
 587 01ff 170B0000 		.4byte	.LASF65
 588 0203 D200     		.sleb128 82
 589 0205 08       		.uleb128 0x8
 590 0206 C00C0000 		.4byte	.LASF66
 591 020a D300     		.sleb128 83
 592 020c 08       		.uleb128 0x8
 593 020d 3C0D0000 		.4byte	.LASF67
 594 0211 D400     		.sleb128 84
 595 0213 08       		.uleb128 0x8
 596 0214 B4060000 		.4byte	.LASF68
 597 0218 D500     		.sleb128 85
 598 021a 08       		.uleb128 0x8
 599 021b 98050000 		.4byte	.LASF69
 600 021f D600     		.sleb128 86
 601 0221 08       		.uleb128 0x8
 602 0222 110E0000 		.4byte	.LASF70
 603 0226 D700     		.sleb128 87
 604 0228 08       		.uleb128 0x8
 605 0229 D8060000 		.4byte	.LASF71
 606 022d D800     		.sleb128 88
 607 022f 08       		.uleb128 0x8
 608 0230 7B020000 		.4byte	.LASF72
 609 0234 F000     		.sleb128 112
 610 0236 08       		.uleb128 0x8
 611 0237 28110000 		.4byte	.LASF73
 612 023b F100     		.sleb128 113
 613 023d 08       		.uleb128 0x8
 614 023e F2080000 		.4byte	.LASF74
 615 0242 F200     		.sleb128 114
 616 0244 08       		.uleb128 0x8
 617 0245 7D090000 		.4byte	.LASF75
 618 0249 F300     		.sleb128 115
 619 024b 08       		.uleb128 0x8
 620 024c 570B0000 		.4byte	.LASF76
 621 0250 F400     		.sleb128 116
 622 0252 08       		.uleb128 0x8
 623 0253 85040000 		.4byte	.LASF77
 624 0257 F500     		.sleb128 117
 625 0259 08       		.uleb128 0x8
 626 025a 4A010000 		.4byte	.LASF78
 627 025e F600     		.sleb128 118
 628 0260 08       		.uleb128 0x8
 629 0261 77000000 		.4byte	.LASF79
 630 0265 F700     		.sleb128 119
ARM GAS  C:\Users\MICHS_~1\AppData\Local\Temp\ccT056gi.s 			page 16


 631 0267 08       		.uleb128 0x8
 632 0268 00000000 		.4byte	.LASF80
 633 026c F800     		.sleb128 120
 634 026e 08       		.uleb128 0x8
 635 026f 3A0E0000 		.4byte	.LASF81
 636 0273 F900     		.sleb128 121
 637 0275 08       		.uleb128 0x8
 638 0276 3A050000 		.4byte	.LASF82
 639 027a FA00     		.sleb128 122
 640 027c 08       		.uleb128 0x8
 641 027d F6100000 		.4byte	.LASF83
 642 0281 FA01     		.sleb128 250
 643 0283 08       		.uleb128 0x8
 644 0284 C7050000 		.4byte	.LASF84
 645 0288 FB01     		.sleb128 251
 646 028a 08       		.uleb128 0x8
 647 028b F6040000 		.4byte	.LASF85
 648 028f FF01     		.sleb128 255
 649 0291 00       		.byte	0
 650 0292 09       		.uleb128 0x9
 651 0293 04       		.byte	0x4
 652 0294 6B000000 		.4byte	0x6b
 653 0298 0A       		.uleb128 0xa
 654 0299 01       		.byte	0x1
 655 029a 04       		.byte	0x4
 656 029b A3       		.byte	0xa3
 657 029c 99030000 		.4byte	0x399
 658 02a0 08       		.uleb128 0x8
 659 02a1 04050000 		.4byte	.LASF86
 660 02a5 00       		.sleb128 0
 661 02a6 08       		.uleb128 0x8
 662 02a7 03010000 		.4byte	.LASF87
 663 02ab 01       		.sleb128 1
 664 02ac 08       		.uleb128 0x8
 665 02ad 18050000 		.4byte	.LASF88
 666 02b1 02       		.sleb128 2
 667 02b2 08       		.uleb128 0x8
 668 02b3 D3040000 		.4byte	.LASF89
 669 02b7 03       		.sleb128 3
 670 02b8 08       		.uleb128 0x8
 671 02b9 D5030000 		.4byte	.LASF90
 672 02bd 04       		.sleb128 4
 673 02be 08       		.uleb128 0x8
 674 02bf 0C030000 		.4byte	.LASF91
 675 02c3 05       		.sleb128 5
 676 02c4 08       		.uleb128 0x8
 677 02c5 DE000000 		.4byte	.LASF92
 678 02c9 06       		.sleb128 6
 679 02ca 08       		.uleb128 0x8
 680 02cb BA0F0000 		.4byte	.LASF93
 681 02cf 07       		.sleb128 7
 682 02d0 08       		.uleb128 0x8
 683 02d1 D10A0000 		.4byte	.LASF94
 684 02d5 08       		.sleb128 8
 685 02d6 08       		.uleb128 0x8
 686 02d7 D80B0000 		.4byte	.LASF95
 687 02db 09       		.sleb128 9
ARM GAS  C:\Users\MICHS_~1\AppData\Local\Temp\ccT056gi.s 			page 17


 688 02dc 08       		.uleb128 0x8
 689 02dd 59060000 		.4byte	.LASF96
 690 02e1 0A       		.sleb128 10
 691 02e2 08       		.uleb128 0x8
 692 02e3 1D070000 		.4byte	.LASF97
 693 02e7 0B       		.sleb128 11
 694 02e8 08       		.uleb128 0x8
 695 02e9 AA000000 		.4byte	.LASF98
 696 02ed 0C       		.sleb128 12
 697 02ee 08       		.uleb128 0x8
 698 02ef 550C0000 		.4byte	.LASF99
 699 02f3 0D       		.sleb128 13
 700 02f4 08       		.uleb128 0x8
 701 02f5 5D0E0000 		.4byte	.LASF100
 702 02f9 0E       		.sleb128 14
 703 02fa 08       		.uleb128 0x8
 704 02fb 3E0F0000 		.4byte	.LASF101
 705 02ff 0F       		.sleb128 15
 706 0300 08       		.uleb128 0x8
 707 0301 A6040000 		.4byte	.LASF102
 708 0305 10       		.sleb128 16
 709 0306 08       		.uleb128 0x8
 710 0307 C5090000 		.4byte	.LASF103
 711 030b 11       		.sleb128 17
 712 030c 08       		.uleb128 0x8
 713 030d AE0D0000 		.4byte	.LASF104
 714 0311 8001     		.sleb128 128
 715 0313 08       		.uleb128 0x8
 716 0314 100F0000 		.4byte	.LASF105
 717 0318 8001     		.sleb128 128
 718 031a 08       		.uleb128 0x8
 719 031b 0E090000 		.4byte	.LASF106
 720 031f 8001     		.sleb128 128
 721 0321 08       		.uleb128 0x8
 722 0322 7F080000 		.4byte	.LASF107
 723 0326 8001     		.sleb128 128
 724 0328 08       		.uleb128 0x8
 725 0329 01060000 		.4byte	.LASF108
 726 032d 8001     		.sleb128 128
 727 032f 08       		.uleb128 0x8
 728 0330 E7020000 		.4byte	.LASF109
 729 0334 8001     		.sleb128 128
 730 0336 08       		.uleb128 0x8
 731 0337 E10C0000 		.4byte	.LASF110
 732 033b 8001     		.sleb128 128
 733 033d 08       		.uleb128 0x8
 734 033e 7A0C0000 		.4byte	.LASF111
 735 0342 8101     		.sleb128 129
 736 0344 08       		.uleb128 0x8
 737 0345 36020000 		.4byte	.LASF112
 738 0349 8101     		.sleb128 129
 739 034b 08       		.uleb128 0x8
 740 034c E6050000 		.4byte	.LASF113
 741 0350 8101     		.sleb128 129
 742 0352 08       		.uleb128 0x8
 743 0353 53000000 		.4byte	.LASF114
 744 0357 8101     		.sleb128 129
ARM GAS  C:\Users\MICHS_~1\AppData\Local\Temp\ccT056gi.s 			page 18


 745 0359 08       		.uleb128 0x8
 746 035a D80F0000 		.4byte	.LASF115
 747 035e 8201     		.sleb128 130
 748 0360 08       		.uleb128 0x8
 749 0361 69050000 		.4byte	.LASF116
 750 0365 A001     		.sleb128 160
 751 0367 08       		.uleb128 0x8
 752 0368 E1070000 		.4byte	.LASF117
 753 036c A001     		.sleb128 160
 754 036e 08       		.uleb128 0x8
 755 036f 57020000 		.4byte	.LASF118
 756 0373 A101     		.sleb128 161
 757 0375 08       		.uleb128 0x8
 758 0376 750B0000 		.4byte	.LASF119
 759 037a A201     		.sleb128 162
 760 037c 08       		.uleb128 0x8
 761 037d 7B0E0000 		.4byte	.LASF120
 762 0381 A301     		.sleb128 163
 763 0383 08       		.uleb128 0x8
 764 0384 5D0D0000 		.4byte	.LASF121
 765 0388 FD01     		.sleb128 253
 766 038a 08       		.uleb128 0x8
 767 038b 9D0E0000 		.4byte	.LASF122
 768 038f FE01     		.sleb128 254
 769 0391 08       		.uleb128 0x8
 770 0392 000C0000 		.4byte	.LASF123
 771 0396 FF01     		.sleb128 255
 772 0398 00       		.byte	0
 773 0399 04       		.uleb128 0x4
 774 039a 69080000 		.4byte	.LASF124
 775 039e 04       		.byte	0x4
 776 039f 5A01     		.2byte	0x15a
 777 03a1 98020000 		.4byte	0x298
 778 03a5 04       		.uleb128 0x4
 779 03a6 72110000 		.4byte	.LASF125
 780 03aa 04       		.byte	0x4
 781 03ab 8401     		.2byte	0x184
 782 03ad 77000000 		.4byte	0x77
 783 03b1 0B       		.uleb128 0xb
 784 03b2 02       		.byte	0x2
 785 03b3 04       		.byte	0x4
 786 03b4 8E01     		.2byte	0x18e
 787 03b6 D5030000 		.4byte	0x3d5
 788 03ba 0C       		.uleb128 0xc
 789 03bb ED100000 		.4byte	.LASF126
 790 03bf 04       		.byte	0x4
 791 03c0 9501     		.2byte	0x195
 792 03c2 6B000000 		.4byte	0x6b
 793 03c6 00       		.byte	0
 794 03c7 0C       		.uleb128 0xc
 795 03c8 EC080000 		.4byte	.LASF127
 796 03cc 04       		.byte	0x4
 797 03cd 9B01     		.2byte	0x19b
 798 03cf 6B000000 		.4byte	0x6b
 799 03d3 01       		.byte	0x1
 800 03d4 00       		.byte	0
 801 03d5 04       		.uleb128 0x4
ARM GAS  C:\Users\MICHS_~1\AppData\Local\Temp\ccT056gi.s 			page 19


 802 03d6 96000000 		.4byte	.LASF128
 803 03da 04       		.byte	0x4
 804 03db 9D01     		.2byte	0x19d
 805 03dd B1030000 		.4byte	0x3b1
 806 03e1 0B       		.uleb128 0xb
 807 03e2 08       		.byte	0x8
 808 03e3 04       		.byte	0x4
 809 03e4 B901     		.2byte	0x1b9
 810 03e6 12040000 		.4byte	0x412
 811 03ea 0D       		.uleb128 0xd
 812 03eb 76616C00 		.ascii	"val\000"
 813 03ef 04       		.byte	0x4
 814 03f0 BC01     		.2byte	0x1bc
 815 03f2 92020000 		.4byte	0x292
 816 03f6 00       		.byte	0
 817 03f7 0D       		.uleb128 0xd
 818 03f8 6C656E00 		.ascii	"len\000"
 819 03fc 04       		.byte	0x4
 820 03fd BF01     		.2byte	0x1bf
 821 03ff 77000000 		.4byte	0x77
 822 0403 04       		.byte	0x4
 823 0404 0C       		.uleb128 0xc
 824 0405 9B030000 		.4byte	.LASF129
 825 0409 04       		.byte	0x4
 826 040a C601     		.2byte	0x1c6
 827 040c 77000000 		.4byte	0x77
 828 0410 06       		.byte	0x6
 829 0411 00       		.byte	0
 830 0412 04       		.uleb128 0x4
 831 0413 0E020000 		.4byte	.LASF130
 832 0417 04       		.byte	0x4
 833 0418 C801     		.2byte	0x1c8
 834 041a E1030000 		.4byte	0x3e1
 835 041e 0B       		.uleb128 0xb
 836 041f 0C       		.byte	0xc
 837 0420 04       		.byte	0x4
 838 0421 CB01     		.2byte	0x1cb
 839 0423 42040000 		.4byte	0x442
 840 0427 0C       		.uleb128 0xc
 841 0428 92050000 		.4byte	.LASF131
 842 042c 04       		.byte	0x4
 843 042d CE01     		.2byte	0x1ce
 844 042f 12040000 		.4byte	0x412
 845 0433 00       		.byte	0
 846 0434 0C       		.uleb128 0xc
 847 0435 5E050000 		.4byte	.LASF132
 848 0439 04       		.byte	0x4
 849 043a D101     		.2byte	0x1d1
 850 043c A5030000 		.4byte	0x3a5
 851 0440 08       		.byte	0x8
 852 0441 00       		.byte	0
 853 0442 04       		.uleb128 0x4
 854 0443 380B0000 		.4byte	.LASF133
 855 0447 04       		.byte	0x4
 856 0448 D301     		.2byte	0x1d3
 857 044a 1E040000 		.4byte	0x41e
 858 044e 0B       		.uleb128 0xb
ARM GAS  C:\Users\MICHS_~1\AppData\Local\Temp\ccT056gi.s 			page 20


 859 044f 04       		.byte	0x4
 860 0450 04       		.byte	0x4
 861 0451 E101     		.2byte	0x1e1
 862 0453 72040000 		.4byte	0x472
 863 0457 0C       		.uleb128 0xc
 864 0458 D3000000 		.4byte	.LASF134
 865 045c 04       		.byte	0x4
 866 045d E401     		.2byte	0x1e4
 867 045f D5030000 		.4byte	0x3d5
 868 0463 00       		.byte	0
 869 0464 0D       		.uleb128 0xd
 870 0465 6D747500 		.ascii	"mtu\000"
 871 0469 04       		.byte	0x4
 872 046a E701     		.2byte	0x1e7
 873 046c 77000000 		.4byte	0x77
 874 0470 02       		.byte	0x2
 875 0471 00       		.byte	0
 876 0472 04       		.uleb128 0x4
 877 0473 01070000 		.4byte	.LASF135
 878 0477 04       		.byte	0x4
 879 0478 E901     		.2byte	0x1e9
 880 047a 4E040000 		.4byte	0x44e
 881 047e 0E       		.uleb128 0xe
 882 047f 10       		.byte	0x10
 883 0480 05       		.byte	0x5
 884 0481 87       		.byte	0x87
 885 0482 9F040000 		.4byte	0x49f
 886 0486 0F       		.uleb128 0xf
 887 0487 D3000000 		.4byte	.LASF134
 888 048b 05       		.byte	0x5
 889 048c 8A       		.byte	0x8a
 890 048d D5030000 		.4byte	0x3d5
 891 0491 00       		.byte	0
 892 0492 0F       		.uleb128 0xf
 893 0493 6F090000 		.4byte	.LASF136
 894 0497 05       		.byte	0x5
 895 0498 8D       		.byte	0x8d
 896 0499 42040000 		.4byte	0x442
 897 049d 04       		.byte	0x4
 898 049e 00       		.byte	0
 899 049f 10       		.uleb128 0x10
 900 04a0 EA090000 		.4byte	.LASF137
 901 04a4 05       		.byte	0x5
 902 04a5 8F       		.byte	0x8f
 903 04a6 7E040000 		.4byte	0x47e
 904 04aa 07       		.uleb128 0x7
 905 04ab 01       		.byte	0x1
 906 04ac 06       		.byte	0x6
 907 04ad F607     		.2byte	0x7f6
 908 04af D2040000 		.4byte	0x4d2
 909 04b3 08       		.uleb128 0x8
 910 04b4 3F000000 		.4byte	.LASF138
 911 04b8 00       		.sleb128 0
 912 04b9 08       		.uleb128 0x8
 913 04ba 080A0000 		.4byte	.LASF139
 914 04be 01       		.sleb128 1
 915 04bf 08       		.uleb128 0x8
ARM GAS  C:\Users\MICHS_~1\AppData\Local\Temp\ccT056gi.s 			page 21


 916 04c0 FE0F0000 		.4byte	.LASF140
 917 04c4 02       		.sleb128 2
 918 04c5 08       		.uleb128 0x8
 919 04c6 37030000 		.4byte	.LASF141
 920 04ca 03       		.sleb128 3
 921 04cb 08       		.uleb128 0x8
 922 04cc 18040000 		.4byte	.LASF142
 923 04d0 04       		.sleb128 4
 924 04d1 00       		.byte	0
 925 04d2 04       		.uleb128 0x4
 926 04d3 8E0F0000 		.4byte	.LASF143
 927 04d7 06       		.byte	0x6
 928 04d8 0408     		.2byte	0x804
 929 04da AA040000 		.4byte	0x4aa
 930 04de 11       		.uleb128 0x11
 931 04df 14110000 		.4byte	.LASF146
 932 04e3 01       		.byte	0x1
 933 04e4 23       		.byte	0x23
 934 04e5 00000000 		.4byte	.LFB37
 935 04e9 88000000 		.4byte	.LFE37-.LFB37
 936 04ed 01       		.uleb128 0x1
 937 04ee 9C       		.byte	0x9c
 938 04ef 10050000 		.4byte	0x510
 939 04f3 12       		.uleb128 0x12
 940 04f4 1B0D0000 		.4byte	.LASF144
 941 04f8 01       		.byte	0x1
 942 04f9 25       		.byte	0x25
 943 04fa 10050000 		.4byte	0x510
 944 04fe 02       		.uleb128 0x2
 945 04ff 91       		.byte	0x91
 946 0500 74       		.sleb128 -12
 947 0501 12       		.uleb128 0x12
 948 0502 320D0000 		.4byte	.LASF145
 949 0506 01       		.byte	0x1
 950 0507 27       		.byte	0x27
 951 0508 42040000 		.4byte	0x442
 952 050c 02       		.uleb128 0x2
 953 050d 91       		.byte	0x91
 954 050e 68       		.sleb128 -24
 955 050f 00       		.byte	0
 956 0510 13       		.uleb128 0x13
 957 0511 6B000000 		.4byte	0x6b
 958 0515 20050000 		.4byte	0x520
 959 0519 14       		.uleb128 0x14
 960 051a BA000000 		.4byte	0xba
 961 051e 01       		.byte	0x1
 962 051f 00       		.byte	0
 963 0520 11       		.uleb128 0x11
 964 0521 660A0000 		.4byte	.LASF147
 965 0525 01       		.byte	0x1
 966 0526 5C       		.byte	0x5c
 967 0527 00000000 		.4byte	.LFB38
 968 052b 18010000 		.4byte	.LFE38-.LFB38
 969 052f 01       		.uleb128 0x1
 970 0530 9C       		.byte	0x9c
 971 0531 6E050000 		.4byte	0x56e
 972 0535 15       		.uleb128 0x15
ARM GAS  C:\Users\MICHS_~1\AppData\Local\Temp\ccT056gi.s 			page 22


 973 0536 FB060000 		.4byte	.LASF148
 974 053a 01       		.byte	0x1
 975 053b 5C       		.byte	0x5c
 976 053c 83000000 		.4byte	0x83
 977 0540 02       		.uleb128 0x2
 978 0541 91       		.byte	0x91
 979 0542 64       		.sleb128 -28
 980 0543 15       		.uleb128 0x15
 981 0544 830F0000 		.4byte	.LASF149
 982 0548 01       		.byte	0x1
 983 0549 5C       		.byte	0x5c
 984 054a C1000000 		.4byte	0xc1
 985 054e 02       		.uleb128 0x2
 986 054f 91       		.byte	0x91
 987 0550 60       		.sleb128 -32
 988 0551 12       		.uleb128 0x12
 989 0552 F0030000 		.4byte	.LASF150
 990 0556 01       		.byte	0x1
 991 0557 5E       		.byte	0x5e
 992 0558 99030000 		.4byte	0x399
 993 055c 02       		.uleb128 0x2
 994 055d 91       		.byte	0x91
 995 055e 6B       		.sleb128 -21
 996 055f 12       		.uleb128 0x12
 997 0560 C20B0000 		.4byte	.LASF151
 998 0564 01       		.byte	0x1
 999 0565 5F       		.byte	0x5f
 1000 0566 6E050000 		.4byte	0x56e
 1001 056a 02       		.uleb128 0x2
 1002 056b 91       		.byte	0x91
 1003 056c 6C       		.sleb128 -20
 1004 056d 00       		.byte	0
 1005 056e 09       		.uleb128 0x9
 1006 056f 04       		.byte	0x4
 1007 0570 9F040000 		.4byte	0x49f
 1008 0574 16       		.uleb128 0x16
 1009 0575 9F080000 		.4byte	.LASF152
 1010 0579 06       		.byte	0x6
 1011 057a 2A0A     		.2byte	0xa2a
 1012 057c D2040000 		.4byte	0x4d2
 1013 0580 16       		.uleb128 0x16
 1014 0581 3B0A0000 		.4byte	.LASF153
 1015 0585 06       		.byte	0x6
 1016 0586 2B0A     		.2byte	0xa2b
 1017 0588 D5030000 		.4byte	0x3d5
 1018 058c 16       		.uleb128 0x16
 1019 058d A50C0000 		.4byte	.LASF154
 1020 0591 06       		.byte	0x6
 1021 0592 2C0A     		.2byte	0xa2c
 1022 0594 A4000000 		.4byte	0xa4
 1023 0598 17       		.uleb128 0x17
 1024 0599 D00B0000 		.4byte	.LASF155
 1025 059d 01       		.byte	0x1
 1026 059e 11       		.byte	0x11
 1027 059f 77000000 		.4byte	0x77
 1028 05a3 05       		.uleb128 0x5
 1029 05a4 03       		.byte	0x3
ARM GAS  C:\Users\MICHS_~1\AppData\Local\Temp\ccT056gi.s 			page 23


 1030 05a5 00000000 		.4byte	mtuSize
 1031 05a9 00       		.byte	0
 1032              		.section	.debug_abbrev,"",%progbits
 1033              	.Ldebug_abbrev0:
 1034 0000 01       		.uleb128 0x1
 1035 0001 11       		.uleb128 0x11
 1036 0002 01       		.byte	0x1
 1037 0003 25       		.uleb128 0x25
 1038 0004 0E       		.uleb128 0xe
 1039 0005 13       		.uleb128 0x13
 1040 0006 0B       		.uleb128 0xb
 1041 0007 03       		.uleb128 0x3
 1042 0008 0E       		.uleb128 0xe
 1043 0009 1B       		.uleb128 0x1b
 1044 000a 0E       		.uleb128 0xe
 1045 000b 55       		.uleb128 0x55
 1046 000c 17       		.uleb128 0x17
 1047 000d 11       		.uleb128 0x11
 1048 000e 01       		.uleb128 0x1
 1049 000f 10       		.uleb128 0x10
 1050 0010 17       		.uleb128 0x17
 1051 0011 00       		.byte	0
 1052 0012 00       		.byte	0
 1053 0013 02       		.uleb128 0x2
 1054 0014 24       		.uleb128 0x24
 1055 0015 00       		.byte	0
 1056 0016 0B       		.uleb128 0xb
 1057 0017 0B       		.uleb128 0xb
 1058 0018 3E       		.uleb128 0x3e
 1059 0019 0B       		.uleb128 0xb
 1060 001a 03       		.uleb128 0x3
 1061 001b 0E       		.uleb128 0xe
 1062 001c 00       		.byte	0
 1063 001d 00       		.byte	0
 1064 001e 03       		.uleb128 0x3
 1065 001f 24       		.uleb128 0x24
 1066 0020 00       		.byte	0
 1067 0021 0B       		.uleb128 0xb
 1068 0022 0B       		.uleb128 0xb
 1069 0023 3E       		.uleb128 0x3e
 1070 0024 0B       		.uleb128 0xb
 1071 0025 03       		.uleb128 0x3
 1072 0026 08       		.uleb128 0x8
 1073 0027 00       		.byte	0
 1074 0028 00       		.byte	0
 1075 0029 04       		.uleb128 0x4
 1076 002a 16       		.uleb128 0x16
 1077 002b 00       		.byte	0
 1078 002c 03       		.uleb128 0x3
 1079 002d 0E       		.uleb128 0xe
 1080 002e 3A       		.uleb128 0x3a
 1081 002f 0B       		.uleb128 0xb
 1082 0030 3B       		.uleb128 0x3b
 1083 0031 05       		.uleb128 0x5
 1084 0032 49       		.uleb128 0x49
 1085 0033 13       		.uleb128 0x13
 1086 0034 00       		.byte	0
ARM GAS  C:\Users\MICHS_~1\AppData\Local\Temp\ccT056gi.s 			page 24


 1087 0035 00       		.byte	0
 1088 0036 05       		.uleb128 0x5
 1089 0037 35       		.uleb128 0x35
 1090 0038 00       		.byte	0
 1091 0039 49       		.uleb128 0x49
 1092 003a 13       		.uleb128 0x13
 1093 003b 00       		.byte	0
 1094 003c 00       		.byte	0
 1095 003d 06       		.uleb128 0x6
 1096 003e 0F       		.uleb128 0xf
 1097 003f 00       		.byte	0
 1098 0040 0B       		.uleb128 0xb
 1099 0041 0B       		.uleb128 0xb
 1100 0042 00       		.byte	0
 1101 0043 00       		.byte	0
 1102 0044 07       		.uleb128 0x7
 1103 0045 04       		.uleb128 0x4
 1104 0046 01       		.byte	0x1
 1105 0047 0B       		.uleb128 0xb
 1106 0048 0B       		.uleb128 0xb
 1107 0049 3A       		.uleb128 0x3a
 1108 004a 0B       		.uleb128 0xb
 1109 004b 3B       		.uleb128 0x3b
 1110 004c 05       		.uleb128 0x5
 1111 004d 01       		.uleb128 0x1
 1112 004e 13       		.uleb128 0x13
 1113 004f 00       		.byte	0
 1114 0050 00       		.byte	0
 1115 0051 08       		.uleb128 0x8
 1116 0052 28       		.uleb128 0x28
 1117 0053 00       		.byte	0
 1118 0054 03       		.uleb128 0x3
 1119 0055 0E       		.uleb128 0xe
 1120 0056 1C       		.uleb128 0x1c
 1121 0057 0D       		.uleb128 0xd
 1122 0058 00       		.byte	0
 1123 0059 00       		.byte	0
 1124 005a 09       		.uleb128 0x9
 1125 005b 0F       		.uleb128 0xf
 1126 005c 00       		.byte	0
 1127 005d 0B       		.uleb128 0xb
 1128 005e 0B       		.uleb128 0xb
 1129 005f 49       		.uleb128 0x49
 1130 0060 13       		.uleb128 0x13
 1131 0061 00       		.byte	0
 1132 0062 00       		.byte	0
 1133 0063 0A       		.uleb128 0xa
 1134 0064 04       		.uleb128 0x4
 1135 0065 01       		.byte	0x1
 1136 0066 0B       		.uleb128 0xb
 1137 0067 0B       		.uleb128 0xb
 1138 0068 3A       		.uleb128 0x3a
 1139 0069 0B       		.uleb128 0xb
 1140 006a 3B       		.uleb128 0x3b
 1141 006b 0B       		.uleb128 0xb
 1142 006c 01       		.uleb128 0x1
 1143 006d 13       		.uleb128 0x13
ARM GAS  C:\Users\MICHS_~1\AppData\Local\Temp\ccT056gi.s 			page 25


 1144 006e 00       		.byte	0
 1145 006f 00       		.byte	0
 1146 0070 0B       		.uleb128 0xb
 1147 0071 13       		.uleb128 0x13
 1148 0072 01       		.byte	0x1
 1149 0073 0B       		.uleb128 0xb
 1150 0074 0B       		.uleb128 0xb
 1151 0075 3A       		.uleb128 0x3a
 1152 0076 0B       		.uleb128 0xb
 1153 0077 3B       		.uleb128 0x3b
 1154 0078 05       		.uleb128 0x5
 1155 0079 01       		.uleb128 0x1
 1156 007a 13       		.uleb128 0x13
 1157 007b 00       		.byte	0
 1158 007c 00       		.byte	0
 1159 007d 0C       		.uleb128 0xc
 1160 007e 0D       		.uleb128 0xd
 1161 007f 00       		.byte	0
 1162 0080 03       		.uleb128 0x3
 1163 0081 0E       		.uleb128 0xe
 1164 0082 3A       		.uleb128 0x3a
 1165 0083 0B       		.uleb128 0xb
 1166 0084 3B       		.uleb128 0x3b
 1167 0085 05       		.uleb128 0x5
 1168 0086 49       		.uleb128 0x49
 1169 0087 13       		.uleb128 0x13
 1170 0088 38       		.uleb128 0x38
 1171 0089 0B       		.uleb128 0xb
 1172 008a 00       		.byte	0
 1173 008b 00       		.byte	0
 1174 008c 0D       		.uleb128 0xd
 1175 008d 0D       		.uleb128 0xd
 1176 008e 00       		.byte	0
 1177 008f 03       		.uleb128 0x3
 1178 0090 08       		.uleb128 0x8
 1179 0091 3A       		.uleb128 0x3a
 1180 0092 0B       		.uleb128 0xb
 1181 0093 3B       		.uleb128 0x3b
 1182 0094 05       		.uleb128 0x5
 1183 0095 49       		.uleb128 0x49
 1184 0096 13       		.uleb128 0x13
 1185 0097 38       		.uleb128 0x38
 1186 0098 0B       		.uleb128 0xb
 1187 0099 00       		.byte	0
 1188 009a 00       		.byte	0
 1189 009b 0E       		.uleb128 0xe
 1190 009c 13       		.uleb128 0x13
 1191 009d 01       		.byte	0x1
 1192 009e 0B       		.uleb128 0xb
 1193 009f 0B       		.uleb128 0xb
 1194 00a0 3A       		.uleb128 0x3a
 1195 00a1 0B       		.uleb128 0xb
 1196 00a2 3B       		.uleb128 0x3b
 1197 00a3 0B       		.uleb128 0xb
 1198 00a4 01       		.uleb128 0x1
 1199 00a5 13       		.uleb128 0x13
 1200 00a6 00       		.byte	0
ARM GAS  C:\Users\MICHS_~1\AppData\Local\Temp\ccT056gi.s 			page 26


 1201 00a7 00       		.byte	0
 1202 00a8 0F       		.uleb128 0xf
 1203 00a9 0D       		.uleb128 0xd
 1204 00aa 00       		.byte	0
 1205 00ab 03       		.uleb128 0x3
 1206 00ac 0E       		.uleb128 0xe
 1207 00ad 3A       		.uleb128 0x3a
 1208 00ae 0B       		.uleb128 0xb
 1209 00af 3B       		.uleb128 0x3b
 1210 00b0 0B       		.uleb128 0xb
 1211 00b1 49       		.uleb128 0x49
 1212 00b2 13       		.uleb128 0x13
 1213 00b3 38       		.uleb128 0x38
 1214 00b4 0B       		.uleb128 0xb
 1215 00b5 00       		.byte	0
 1216 00b6 00       		.byte	0
 1217 00b7 10       		.uleb128 0x10
 1218 00b8 16       		.uleb128 0x16
 1219 00b9 00       		.byte	0
 1220 00ba 03       		.uleb128 0x3
 1221 00bb 0E       		.uleb128 0xe
 1222 00bc 3A       		.uleb128 0x3a
 1223 00bd 0B       		.uleb128 0xb
 1224 00be 3B       		.uleb128 0x3b
 1225 00bf 0B       		.uleb128 0xb
 1226 00c0 49       		.uleb128 0x49
 1227 00c1 13       		.uleb128 0x13
 1228 00c2 00       		.byte	0
 1229 00c3 00       		.byte	0
 1230 00c4 11       		.uleb128 0x11
 1231 00c5 2E       		.uleb128 0x2e
 1232 00c6 01       		.byte	0x1
 1233 00c7 3F       		.uleb128 0x3f
 1234 00c8 19       		.uleb128 0x19
 1235 00c9 03       		.uleb128 0x3
 1236 00ca 0E       		.uleb128 0xe
 1237 00cb 3A       		.uleb128 0x3a
 1238 00cc 0B       		.uleb128 0xb
 1239 00cd 3B       		.uleb128 0x3b
 1240 00ce 0B       		.uleb128 0xb
 1241 00cf 27       		.uleb128 0x27
 1242 00d0 19       		.uleb128 0x19
 1243 00d1 11       		.uleb128 0x11
 1244 00d2 01       		.uleb128 0x1
 1245 00d3 12       		.uleb128 0x12
 1246 00d4 06       		.uleb128 0x6
 1247 00d5 40       		.uleb128 0x40
 1248 00d6 18       		.uleb128 0x18
 1249 00d7 9642     		.uleb128 0x2116
 1250 00d9 19       		.uleb128 0x19
 1251 00da 01       		.uleb128 0x1
 1252 00db 13       		.uleb128 0x13
 1253 00dc 00       		.byte	0
 1254 00dd 00       		.byte	0
 1255 00de 12       		.uleb128 0x12
 1256 00df 34       		.uleb128 0x34
 1257 00e0 00       		.byte	0
ARM GAS  C:\Users\MICHS_~1\AppData\Local\Temp\ccT056gi.s 			page 27


 1258 00e1 03       		.uleb128 0x3
 1259 00e2 0E       		.uleb128 0xe
 1260 00e3 3A       		.uleb128 0x3a
 1261 00e4 0B       		.uleb128 0xb
 1262 00e5 3B       		.uleb128 0x3b
 1263 00e6 0B       		.uleb128 0xb
 1264 00e7 49       		.uleb128 0x49
 1265 00e8 13       		.uleb128 0x13
 1266 00e9 02       		.uleb128 0x2
 1267 00ea 18       		.uleb128 0x18
 1268 00eb 00       		.byte	0
 1269 00ec 00       		.byte	0
 1270 00ed 13       		.uleb128 0x13
 1271 00ee 01       		.uleb128 0x1
 1272 00ef 01       		.byte	0x1
 1273 00f0 49       		.uleb128 0x49
 1274 00f1 13       		.uleb128 0x13
 1275 00f2 01       		.uleb128 0x1
 1276 00f3 13       		.uleb128 0x13
 1277 00f4 00       		.byte	0
 1278 00f5 00       		.byte	0
 1279 00f6 14       		.uleb128 0x14
 1280 00f7 21       		.uleb128 0x21
 1281 00f8 00       		.byte	0
 1282 00f9 49       		.uleb128 0x49
 1283 00fa 13       		.uleb128 0x13
 1284 00fb 2F       		.uleb128 0x2f
 1285 00fc 0B       		.uleb128 0xb
 1286 00fd 00       		.byte	0
 1287 00fe 00       		.byte	0
 1288 00ff 15       		.uleb128 0x15
 1289 0100 05       		.uleb128 0x5
 1290 0101 00       		.byte	0
 1291 0102 03       		.uleb128 0x3
 1292 0103 0E       		.uleb128 0xe
 1293 0104 3A       		.uleb128 0x3a
 1294 0105 0B       		.uleb128 0xb
 1295 0106 3B       		.uleb128 0x3b
 1296 0107 0B       		.uleb128 0xb
 1297 0108 49       		.uleb128 0x49
 1298 0109 13       		.uleb128 0x13
 1299 010a 02       		.uleb128 0x2
 1300 010b 18       		.uleb128 0x18
 1301 010c 00       		.byte	0
 1302 010d 00       		.byte	0
 1303 010e 16       		.uleb128 0x16
 1304 010f 34       		.uleb128 0x34
 1305 0110 00       		.byte	0
 1306 0111 03       		.uleb128 0x3
 1307 0112 0E       		.uleb128 0xe
 1308 0113 3A       		.uleb128 0x3a
 1309 0114 0B       		.uleb128 0xb
 1310 0115 3B       		.uleb128 0x3b
 1311 0116 05       		.uleb128 0x5
 1312 0117 49       		.uleb128 0x49
 1313 0118 13       		.uleb128 0x13
 1314 0119 3F       		.uleb128 0x3f
ARM GAS  C:\Users\MICHS_~1\AppData\Local\Temp\ccT056gi.s 			page 28


 1315 011a 19       		.uleb128 0x19
 1316 011b 3C       		.uleb128 0x3c
 1317 011c 19       		.uleb128 0x19
 1318 011d 00       		.byte	0
 1319 011e 00       		.byte	0
 1320 011f 17       		.uleb128 0x17
 1321 0120 34       		.uleb128 0x34
 1322 0121 00       		.byte	0
 1323 0122 03       		.uleb128 0x3
 1324 0123 0E       		.uleb128 0xe
 1325 0124 3A       		.uleb128 0x3a
 1326 0125 0B       		.uleb128 0xb
 1327 0126 3B       		.uleb128 0x3b
 1328 0127 0B       		.uleb128 0xb
 1329 0128 49       		.uleb128 0x49
 1330 0129 13       		.uleb128 0x13
 1331 012a 3F       		.uleb128 0x3f
 1332 012b 19       		.uleb128 0x19
 1333 012c 02       		.uleb128 0x2
 1334 012d 18       		.uleb128 0x18
 1335 012e 00       		.byte	0
 1336 012f 00       		.byte	0
 1337 0130 00       		.byte	0
 1338              		.section	.debug_aranges,"",%progbits
 1339 0000 24000000 		.4byte	0x24
 1340 0004 0200     		.2byte	0x2
 1341 0006 00000000 		.4byte	.Ldebug_info0
 1342 000a 04       		.byte	0x4
 1343 000b 00       		.byte	0
 1344 000c 0000     		.2byte	0
 1345 000e 0000     		.2byte	0
 1346 0010 00000000 		.4byte	.LFB37
 1347 0014 88000000 		.4byte	.LFE37-.LFB37
 1348 0018 00000000 		.4byte	.LFB38
 1349 001c 18010000 		.4byte	.LFE38-.LFB38
 1350 0020 00000000 		.4byte	0
 1351 0024 00000000 		.4byte	0
 1352              		.section	.debug_ranges,"",%progbits
 1353              	.Ldebug_ranges0:
 1354 0000 00000000 		.4byte	.LFB37
 1355 0004 88000000 		.4byte	.LFE37
 1356 0008 00000000 		.4byte	.LFB38
 1357 000c 18010000 		.4byte	.LFE38
 1358 0010 00000000 		.4byte	0
 1359 0014 00000000 		.4byte	0
 1360              		.section	.debug_line,"",%progbits
 1361              	.Ldebug_line0:
 1362 0000 1A010000 		.section	.debug_str,"MS",%progbits,1
 1362      02009500 
 1362      00000201 
 1362      FB0E0D00 
 1362      01010101 
 1363              	.LASF80:
 1364 0000 4359424C 		.ascii	"CYBLE_EVT_L2CAP_CBFC_RX_CREDIT_IND\000"
 1364      455F4556 
 1364      545F4C32 
 1364      4341505F 
ARM GAS  C:\Users\MICHS_~1\AppData\Local\Temp\ccT056gi.s 			page 29


 1364      43424643 
 1365              	.LASF22:
 1366 0023 4359424C 		.ascii	"CYBLE_EVT_STACK_BUSY_STATUS\000"
 1366      455F4556 
 1366      545F5354 
 1366      41434B5F 
 1366      42555359 
 1367              	.LASF138:
 1368 003f 4359424C 		.ascii	"CYBLE_STATE_STOPPED\000"
 1368      455F5354 
 1368      4154455F 
 1368      53544F50 
 1368      50454400 
 1369              	.LASF114:
 1370 0053 4359424C 		.ascii	"CYBLE_GATTS_ERR_HPS_INVALID_REQUEST\000"
 1370      455F4741 
 1370      5454535F 
 1370      4552525F 
 1370      4850535F 
 1371              	.LASF79:
 1372 0077 4359424C 		.ascii	"CYBLE_EVT_L2CAP_CBFC_DATA_READ\000"
 1372      455F4556 
 1372      545F4C32 
 1372      4341505F 
 1372      43424643 
 1373              	.LASF128:
 1374 0096 4359424C 		.ascii	"CYBLE_CONN_HANDLE_T\000"
 1374      455F434F 
 1374      4E4E5F48 
 1374      414E444C 
 1374      455F5400 
 1375              	.LASF98:
 1376 00aa 4359424C 		.ascii	"CYBLE_GATT_ERR_INSUFFICIENT_ENC_KEY_SIZE\000"
 1376      455F4741 
 1376      54545F45 
 1376      52525F49 
 1376      4E535546 
 1377              	.LASF134:
 1378 00d3 636F6E6E 		.ascii	"connHandle\000"
 1378      48616E64 
 1378      6C6500
 1379              	.LASF92:
 1380 00de 4359424C 		.ascii	"CYBLE_GATT_ERR_REQUEST_NOT_SUPPORTED\000"
 1380      455F4741 
 1380      54545F45 
 1380      52525F52 
 1380      45515545 
 1381              	.LASF87:
 1382 0103 4359424C 		.ascii	"CYBLE_GATT_ERR_INVALID_HANDLE\000"
 1382      455F4741 
 1382      54545F45 
 1382      52525F49 
 1382      4E56414C 
 1383              	.LASF34:
 1384 0121 4359424C 		.ascii	"CYBLE_EVT_GAP_CONNECTION_UPDATE_COMPLETE\000"
 1384      455F4556 
 1384      545F4741 
ARM GAS  C:\Users\MICHS_~1\AppData\Local\Temp\ccT056gi.s 			page 30


 1384      505F434F 
 1384      4E4E4543 
 1385              	.LASF78:
 1386 014a 4359424C 		.ascii	"CYBLE_EVT_L2CAP_CBFC_DISCONN_CNF\000"
 1386      455F4556 
 1386      545F4C32 
 1386      4341505F 
 1386      43424643 
 1387              	.LASF39:
 1388 016b 4359424C 		.ascii	"CYBLE_EVT_GAP_OOB_GENERATED_NOTIFICATION\000"
 1388      455F4556 
 1388      545F4741 
 1388      505F4F4F 
 1388      425F4745 
 1389              	.LASF157:
 1390 0194 6170705F 		.ascii	"app_Ble.c\000"
 1390      426C652E 
 1390      6300
 1391              	.LASF58:
 1392 019e 4359424C 		.ascii	"CYBLE_EVT_GATTC_READ_MULTI_RSP\000"
 1392      455F4556 
 1392      545F4741 
 1392      5454435F 
 1392      52454144 
 1393              	.LASF63:
 1394 01bd 4359424C 		.ascii	"CYBLE_EVT_GATTS_EXEC_WRITE_REQ\000"
 1394      455F4556 
 1394      545F4741 
 1394      5454535F 
 1394      45584543 
 1395              	.LASF19:
 1396 01dc 4359424C 		.ascii	"CYBLE_EVT_TIMEOUT\000"
 1396      455F4556 
 1396      545F5449 
 1396      4D454F55 
 1396      5400
 1397              	.LASF4:
 1398 01ee 6C6F6E67 		.ascii	"long int\000"
 1398      20696E74 
 1398      00
 1399              	.LASF7:
 1400 01f7 6C6F6E67 		.ascii	"long long unsigned int\000"
 1400      206C6F6E 
 1400      6720756E 
 1400      7369676E 
 1400      65642069 
 1401              	.LASF130:
 1402 020e 4359424C 		.ascii	"CYBLE_GATT_VALUE_T\000"
 1402      455F4741 
 1402      54545F56 
 1402      414C5545 
 1402      5F5400
 1403              	.LASF21:
 1404 0221 4359424C 		.ascii	"CYBLE_EVT_HCI_STATUS\000"
 1404      455F4556 
 1404      545F4843 
 1404      495F5354 
ARM GAS  C:\Users\MICHS_~1\AppData\Local\Temp\ccT056gi.s 			page 31


 1404      41545553 
 1405              	.LASF112:
 1406 0236 4359424C 		.ascii	"CYBLE_GATTS_ERR_OPERATION_FAILED\000"
 1406      455F4741 
 1406      5454535F 
 1406      4552525F 
 1406      4F504552 
 1407              	.LASF118:
 1408 0257 4359424C 		.ascii	"CYBLE_GATT_ERR_ANCS_INVALID_COMMAND\000"
 1408      455F4741 
 1408      54545F45 
 1408      52525F41 
 1408      4E43535F 
 1409              	.LASF72:
 1410 027b 4359424C 		.ascii	"CYBLE_EVT_L2CAP_CONN_PARAM_UPDATE_REQ\000"
 1410      455F4556 
 1410      545F4C32 
 1410      4341505F 
 1410      434F4E4E 
 1411              	.LASF33:
 1412 02a1 4359424C 		.ascii	"CYBLE_EVT_GAP_ENCRYPT_CHANGE\000"
 1412      455F4556 
 1412      545F4741 
 1412      505F454E 
 1412      43525950 
 1413              	.LASF37:
 1414 02be 4359424C 		.ascii	"CYBLE_EVT_GAP_NUMERIC_COMPARISON_REQUEST\000"
 1414      455F4556 
 1414      545F4741 
 1414      505F4E55 
 1414      4D455249 
 1415              	.LASF109:
 1416 02e7 4359424C 		.ascii	"CYBLE_GATT_ERR_OP_CODE_NOT_SUPPORTED\000"
 1416      455F4741 
 1416      54545F45 
 1416      52525F4F 
 1416      505F434F 
 1417              	.LASF91:
 1418 030c 4359424C 		.ascii	"CYBLE_GATT_ERR_INSUFFICIENT_AUTHENTICATION\000"
 1418      455F4741 
 1418      54545F45 
 1418      52525F49 
 1418      4E535546 
 1419              	.LASF141:
 1420 0337 4359424C 		.ascii	"CYBLE_STATE_ADVERTISING\000"
 1420      455F5354 
 1420      4154455F 
 1420      41445645 
 1420      52544953 
 1421              	.LASF6:
 1422 034f 6C6F6E67 		.ascii	"long long int\000"
 1422      206C6F6E 
 1422      6720696E 
 1422      7400
 1423              	.LASF0:
 1424 035d 7369676E 		.ascii	"signed char\000"
 1424      65642063 
ARM GAS  C:\Users\MICHS_~1\AppData\Local\Temp\ccT056gi.s 			page 32


 1424      68617200 
 1425              	.LASF18:
 1426 0369 4359424C 		.ascii	"CYBLE_EVT_STACK_ON\000"
 1426      455F4556 
 1426      545F5354 
 1426      41434B5F 
 1426      4F4E00
 1427              	.LASF35:
 1428 037c 4359424C 		.ascii	"CYBLE_EVT_GAPC_SCAN_START_STOP\000"
 1428      455F4556 
 1428      545F4741 
 1428      50435F53 
 1428      43414E5F 
 1429              	.LASF129:
 1430 039b 61637475 		.ascii	"actualLen\000"
 1430      616C4C65 
 1430      6E00
 1431              	.LASF25:
 1432 03a5 4359424C 		.ascii	"CYBLE_EVT_GAP_AUTH_REQ\000"
 1432      455F4556 
 1432      545F4741 
 1432      505F4155 
 1432      54485F52 
 1433              	.LASF56:
 1434 03bc 4359424C 		.ascii	"CYBLE_EVT_GATTC_READ_RSP\000"
 1434      455F4556 
 1434      545F4741 
 1434      5454435F 
 1434      52454144 
 1435              	.LASF90:
 1436 03d5 4359424C 		.ascii	"CYBLE_GATT_ERR_INVALID_PDU\000"
 1436      455F4741 
 1436      54545F45 
 1436      52525F49 
 1436      4E56414C 
 1437              	.LASF150:
 1438 03f0 6572726F 		.ascii	"errorCode\000"
 1438      72436F64 
 1438      6500
 1439              	.LASF61:
 1440 03fa 4359424C 		.ascii	"CYBLE_EVT_GATTS_WRITE_CMD_REQ\000"
 1440      455F4556 
 1440      545F4741 
 1440      5454535F 
 1440      57524954 
 1441              	.LASF142:
 1442 0418 4359424C 		.ascii	"CYBLE_STATE_DISCONNECTED\000"
 1442      455F5354 
 1442      4154455F 
 1442      44495343 
 1442      4F4E4E45 
 1443              	.LASF30:
 1444 0431 4359424C 		.ascii	"CYBLE_EVT_GAPP_ADVERTISEMENT_START_STOP\000"
 1444      455F4556 
 1444      545F4741 
 1444      50505F41 
 1444      44564552 
ARM GAS  C:\Users\MICHS_~1\AppData\Local\Temp\ccT056gi.s 			page 33


 1445              	.LASF9:
 1446 0459 75696E74 		.ascii	"uint8\000"
 1446      3800
 1447              	.LASF64:
 1448 045f 4359424C 		.ascii	"CYBLE_EVT_GATTC_EXEC_WRITE_RSP\000"
 1448      455F4556 
 1448      545F4741 
 1448      5454435F 
 1448      45584543 
 1449              	.LASF13:
 1450 047e 646F7562 		.ascii	"double\000"
 1450      6C6500
 1451              	.LASF77:
 1452 0485 4359424C 		.ascii	"CYBLE_EVT_L2CAP_CBFC_DISCONN_IND\000"
 1452      455F4556 
 1452      545F4C32 
 1452      4341505F 
 1452      43424643 
 1453              	.LASF102:
 1454 04a6 4359424C 		.ascii	"CYBLE_GATT_ERR_UNSUPPORTED_GROUP_TYPE\000"
 1454      455F4741 
 1454      54545F45 
 1454      52525F55 
 1454      4E535550 
 1455              	.LASF11:
 1456 04cc 75696E74 		.ascii	"uint32\000"
 1456      333200
 1457              	.LASF89:
 1458 04d3 4359424C 		.ascii	"CYBLE_GATT_ERR_WRITE_NOT_PERMITTED\000"
 1458      455F4741 
 1458      54545F45 
 1458      52525F57 
 1458      52495445 
 1459              	.LASF85:
 1460 04f6 4359424C 		.ascii	"CYBLE_EVT_MAX\000"
 1460      455F4556 
 1460      545F4D41 
 1460      5800
 1461              	.LASF86:
 1462 0504 4359424C 		.ascii	"CYBLE_GATT_ERR_NONE\000"
 1462      455F4741 
 1462      54545F45 
 1462      52525F4E 
 1462      4F4E4500 
 1463              	.LASF88:
 1464 0518 4359424C 		.ascii	"CYBLE_GATT_ERR_READ_NOT_PERMITTED\000"
 1464      455F4741 
 1464      54545F45 
 1464      52525F52 
 1464      4541445F 
 1465              	.LASF82:
 1466 053a 4359424C 		.ascii	"CYBLE_EVT_L2CAP_CBFC_DATA_WRITE_IND\000"
 1466      455F4556 
 1466      545F4C32 
 1466      4341505F 
 1466      43424643 
 1467              	.LASF132:
ARM GAS  C:\Users\MICHS_~1\AppData\Local\Temp\ccT056gi.s 			page 34


 1468 055e 61747472 		.ascii	"attrHandle\000"
 1468      48616E64 
 1468      6C6500
 1469              	.LASF116:
 1470 0569 4359424C 		.ascii	"CYBLE_GATT_ERR_ANS_COMMAND_NOT_SUPPORTED\000"
 1470      455F4741 
 1470      54545F45 
 1470      52525F41 
 1470      4E535F43 
 1471              	.LASF131:
 1472 0592 76616C75 		.ascii	"value\000"
 1472      6500
 1473              	.LASF69:
 1474 0598 4359424C 		.ascii	"CYBLE_EVT_GATTC_STOP_CMD_COMPLETE\000"
 1474      455F4556 
 1474      545F4741 
 1474      5454435F 
 1474      53544F50 
 1475              	.LASF8:
 1476 05ba 756E7369 		.ascii	"unsigned int\000"
 1476      676E6564 
 1476      20696E74 
 1476      00
 1477              	.LASF84:
 1478 05c7 4359424C 		.ascii	"CYBLE_EVT_LE_PING_AUTH_TIMEOUT\000"
 1478      455F4556 
 1478      545F4C45 
 1478      5F50494E 
 1478      475F4155 
 1479              	.LASF113:
 1480 05e6 4359424C 		.ascii	"CYBLE_GATT_ERR_INVALID_CRC\000"
 1480      455F4741 
 1480      54545F45 
 1480      52525F49 
 1480      4E56414C 
 1481              	.LASF108:
 1482 0601 4359424C 		.ascii	"CYBLE_GATTS_ERR_PROCEDURE_ALREADY_IN_PROGRESS\000"
 1482      455F4741 
 1482      5454535F 
 1482      4552525F 
 1482      50524F43 
 1483              	.LASF5:
 1484 062f 6C6F6E67 		.ascii	"long unsigned int\000"
 1484      20756E73 
 1484      69676E65 
 1484      6420696E 
 1484      7400
 1485              	.LASF44:
 1486 0641 4359424C 		.ascii	"CYBLE_EVT_GAP_CONN_ESTB\000"
 1486      455F4556 
 1486      545F4741 
 1486      505F434F 
 1486      4E4E5F45 
 1487              	.LASF96:
 1488 0659 4359424C 		.ascii	"CYBLE_GATT_ERR_ATTRIBUTE_NOT_FOUND\000"
 1488      455F4741 
 1488      54545F45 
ARM GAS  C:\Users\MICHS_~1\AppData\Local\Temp\ccT056gi.s 			page 35


 1488      52525F41 
 1488      54545249 
 1489              	.LASF59:
 1490 067c 4359424C 		.ascii	"CYBLE_EVT_GATTS_WRITE_REQ\000"
 1490      455F4556 
 1490      545F4741 
 1490      5454535F 
 1490      57524954 
 1491              	.LASF51:
 1492 0696 4359424C 		.ascii	"CYBLE_EVT_GATTC_XCHNG_MTU_RSP\000"
 1492      455F4556 
 1492      545F4741 
 1492      5454435F 
 1492      5843484E 
 1493              	.LASF68:
 1494 06b4 4359424C 		.ascii	"CYBLE_EVT_GATTS_DATA_SIGNED_CMD_REQ\000"
 1494      455F4556 
 1494      545F4741 
 1494      5454535F 
 1494      44415441 
 1495              	.LASF71:
 1496 06d8 4359424C 		.ascii	"CYBLE_EVT_GATTC_LONG_PROCEDURE_END\000"
 1496      455F4556 
 1496      545F4741 
 1496      5454435F 
 1496      4C4F4E47 
 1497              	.LASF148:
 1498 06fb 6576656E 		.ascii	"event\000"
 1498      7400
 1499              	.LASF135:
 1500 0701 4359424C 		.ascii	"CYBLE_GATT_XCHG_MTU_PARAM_T\000"
 1500      455F4741 
 1500      54545F58 
 1500      4348475F 
 1500      4D54555F 
 1501              	.LASF97:
 1502 071d 4359424C 		.ascii	"CYBLE_GATT_ERR_ATTRIBUTE_NOT_LONG\000"
 1502      455F4741 
 1502      54545F45 
 1502      52525F41 
 1502      54545249 
 1503              	.LASF17:
 1504 073f 4359424C 		.ascii	"CYBLE_EVT_HOST_INVALID\000"
 1504      455F4556 
 1504      545F484F 
 1504      53545F49 
 1504      4E56414C 
 1505              	.LASF54:
 1506 0756 4359424C 		.ascii	"CYBLE_EVT_GATTC_FIND_INFO_RSP\000"
 1506      455F4556 
 1506      545F4741 
 1506      5454435F 
 1506      46494E44 
 1507              	.LASF23:
 1508 0774 4359424C 		.ascii	"CYBLE_EVT_MEMORY_REQUEST\000"
 1508      455F4556 
 1508      545F4D45 
ARM GAS  C:\Users\MICHS_~1\AppData\Local\Temp\ccT056gi.s 			page 36


 1508      4D4F5259 
 1508      5F524551 
 1509              	.LASF158:
 1510 078d 443A5C43 		.ascii	"D:\\Cypress\\Projects\\fNIR PSoC BLE\\UART_to_BLE_p"
 1510      79707265 
 1510      73735C50 
 1510      726F6A65 
 1510      6374735C 
 1511 07bc 65726970 		.ascii	"eripheral\\fNIR PSoC Peripheral.cydsn\000"
 1511      68657261 
 1511      6C5C664E 
 1511      49522050 
 1511      536F4320 
 1512              	.LASF117:
 1513 07e1 4359424C 		.ascii	"CYBLE_GATT_ERR_ANCS_UNKNOWN_COMMAND\000"
 1513      455F4741 
 1513      54545F45 
 1513      52525F41 
 1513      4E43535F 
 1514              	.LASF26:
 1515 0805 4359424C 		.ascii	"CYBLE_EVT_GAP_PASSKEY_ENTRY_REQUEST\000"
 1515      455F4556 
 1515      545F4741 
 1515      505F5041 
 1515      53534B45 
 1516              	.LASF31:
 1517 0829 4359424C 		.ascii	"CYBLE_EVT_GAP_DEVICE_CONNECTED\000"
 1517      455F4556 
 1517      545F4741 
 1517      505F4445 
 1517      56494345 
 1518              	.LASF46:
 1519 0848 4359424C 		.ascii	"CYBLE_EVT_GAP_AUTH_REQ_REPLY_ERR\000"
 1519      455F4556 
 1519      545F4741 
 1519      505F4155 
 1519      54485F52 
 1520              	.LASF124:
 1521 0869 4359424C 		.ascii	"CYBLE_GATT_ERR_CODE_T\000"
 1521      455F4741 
 1521      54545F45 
 1521      52525F43 
 1521      4F44455F 
 1522              	.LASF107:
 1523 087f 4359424C 		.ascii	"CYBLE_GATT_ERR_HTS_OUT_OF_RANGE\000"
 1523      455F4741 
 1523      54545F45 
 1523      52525F48 
 1523      54535F4F 
 1524              	.LASF152:
 1525 089f 6379426C 		.ascii	"cyBle_state\000"
 1525      655F7374 
 1525      61746500 
 1526              	.LASF27:
 1527 08ab 4359424C 		.ascii	"CYBLE_EVT_GAP_PASSKEY_DISPLAY_REQUEST\000"
 1527      455F4556 
 1527      545F4741 
ARM GAS  C:\Users\MICHS_~1\AppData\Local\Temp\ccT056gi.s 			page 37


 1527      505F5041 
 1527      53534B45 
 1528              	.LASF48:
 1529 08d1 4359424C 		.ascii	"CYBLE_EVT_GATT_CONNECT_IND\000"
 1529      455F4556 
 1529      545F4741 
 1529      54545F43 
 1529      4F4E4E45 
 1530              	.LASF127:
 1531 08ec 61747449 		.ascii	"attId\000"
 1531      6400
 1532              	.LASF74:
 1533 08f2 4359424C 		.ascii	"CYBLE_EVT_L2CAP_COMMAND_REJ\000"
 1533      455F4556 
 1533      545F4C32 
 1533      4341505F 
 1533      434F4D4D 
 1534              	.LASF106:
 1535 090e 4359424C 		.ascii	"CYBLE_GATT_ERR_CPS_INAPPROPRIATE_CONNECTION_PARAMET"
 1535      455F4741 
 1535      54545F45 
 1535      52525F43 
 1535      50535F49 
 1536 0941 45525300 		.ascii	"ERS\000"
 1537              	.LASF15:
 1538 0945 72656733 		.ascii	"reg32\000"
 1538      3200
 1539              	.LASF24:
 1540 094b 4359424C 		.ascii	"CYBLE_EVT_GAPC_SCAN_PROGRESS_RESULT\000"
 1540      455F4556 
 1540      545F4741 
 1540      50435F53 
 1540      43414E5F 
 1541              	.LASF136:
 1542 096f 68616E64 		.ascii	"handleValPair\000"
 1542      6C655661 
 1542      6C506169 
 1542      7200
 1543              	.LASF75:
 1544 097d 4359424C 		.ascii	"CYBLE_EVT_L2CAP_CBFC_CONN_IND\000"
 1544      455F4556 
 1544      545F4C32 
 1544      4341505F 
 1544      43424643 
 1545              	.LASF53:
 1546 099b 4359424C 		.ascii	"CYBLE_EVT_GATTC_READ_BY_TYPE_RSP\000"
 1546      455F4556 
 1546      545F4741 
 1546      5454435F 
 1546      52454144 
 1547              	.LASF16:
 1548 09bc 73697A65 		.ascii	"sizetype\000"
 1548      74797065 
 1548      00
 1549              	.LASF103:
 1550 09c5 4359424C 		.ascii	"CYBLE_GATT_ERR_INSUFFICIENT_RESOURCE\000"
 1550      455F4741 
ARM GAS  C:\Users\MICHS_~1\AppData\Local\Temp\ccT056gi.s 			page 38


 1550      54545F45 
 1550      52525F49 
 1550      4E535546 
 1551              	.LASF137:
 1552 09ea 4359424C 		.ascii	"CYBLE_GATTS_WRITE_REQ_PARAM_T\000"
 1552      455F4741 
 1552      5454535F 
 1552      57524954 
 1552      455F5245 
 1553              	.LASF139:
 1554 0a08 4359424C 		.ascii	"CYBLE_STATE_INITIALIZING\000"
 1554      455F5354 
 1554      4154455F 
 1554      494E4954 
 1554      49414C49 
 1555              	.LASF29:
 1556 0a21 4359424C 		.ascii	"CYBLE_EVT_GAP_AUTH_FAILED\000"
 1556      455F4556 
 1556      545F4741 
 1556      505F4155 
 1556      54485F46 
 1557              	.LASF153:
 1558 0a3b 6379426C 		.ascii	"cyBle_connHandle\000"
 1558      655F636F 
 1558      6E6E4861 
 1558      6E646C65 
 1558      00
 1559              	.LASF60:
 1560 0a4c 4359424C 		.ascii	"CYBLE_EVT_GATTC_WRITE_RSP\000"
 1560      455F4556 
 1560      545F4741 
 1560      5454435F 
 1560      57524954 
 1561              	.LASF147:
 1562 0a66 41707043 		.ascii	"AppCallBack\000"
 1562      616C6C42 
 1562      61636B00 
 1563              	.LASF42:
 1564 0a72 4359424C 		.ascii	"CYBLE_EVT_GAPC_DIRECT_ADV_REPORT\000"
 1564      455F4556 
 1564      545F4741 
 1564      50435F44 
 1564      49524543 
 1565              	.LASF40:
 1566 0a93 4359424C 		.ascii	"CYBLE_EVT_GAP_DATA_LENGTH_CHANGE\000"
 1566      455F4556 
 1566      545F4741 
 1566      505F4441 
 1566      54415F4C 
 1567              	.LASF45:
 1568 0ab4 4359424C 		.ascii	"CYBLE_EVT_GAP_SCAN_REQ_RECVD\000"
 1568      455F4556 
 1568      545F4741 
 1568      505F5343 
 1568      414E5F52 
 1569              	.LASF94:
 1570 0ad1 4359424C 		.ascii	"CYBLE_GATT_ERR_INSUFFICIENT_AUTHORIZATION\000"
ARM GAS  C:\Users\MICHS_~1\AppData\Local\Temp\ccT056gi.s 			page 39


 1570      455F4741 
 1570      54545F45 
 1570      52525F49 
 1570      4E535546 
 1571              	.LASF28:
 1572 0afb 4359424C 		.ascii	"CYBLE_EVT_GAP_AUTH_COMPLETE\000"
 1572      455F4556 
 1572      545F4741 
 1572      505F4155 
 1572      54485F43 
 1573              	.LASF65:
 1574 0b17 4359424C 		.ascii	"CYBLE_EVT_GATTC_HANDLE_VALUE_NTF\000"
 1574      455F4556 
 1574      545F4741 
 1574      5454435F 
 1574      48414E44 
 1575              	.LASF133:
 1576 0b38 4359424C 		.ascii	"CYBLE_GATT_HANDLE_VALUE_PAIR_T\000"
 1576      455F4741 
 1576      54545F48 
 1576      414E444C 
 1576      455F5641 
 1577              	.LASF76:
 1578 0b57 4359424C 		.ascii	"CYBLE_EVT_L2CAP_CBFC_CONN_CNF\000"
 1578      455F4556 
 1578      545F4C32 
 1578      4341505F 
 1578      43424643 
 1579              	.LASF119:
 1580 0b75 4359424C 		.ascii	"CYBLE_GATT_ERR_ANCS_INVALID_PARAMETER\000"
 1580      455F4741 
 1580      54545F45 
 1580      52525F41 
 1580      4E43535F 
 1581              	.LASF52:
 1582 0b9b 4359424C 		.ascii	"CYBLE_EVT_GATTC_READ_BY_GROUP_TYPE_RSP\000"
 1582      455F4556 
 1582      545F4741 
 1582      5454435F 
 1582      52454144 
 1583              	.LASF151:
 1584 0bc2 77726974 		.ascii	"writeReqParam\000"
 1584      65526571 
 1584      50617261 
 1584      6D00
 1585              	.LASF155:
 1586 0bd0 6D747553 		.ascii	"mtuSize\000"
 1586      697A6500 
 1587              	.LASF95:
 1588 0bd8 4359424C 		.ascii	"CYBLE_GATT_ERR_PREPARE_WRITE_QUEUE_FULL\000"
 1588      455F4741 
 1588      54545F45 
 1588      52525F50 
 1588      52455041 
 1589              	.LASF123:
 1590 0c00 4359424C 		.ascii	"CYBLE_GATT_ERR_OUT_OF_RANGE\000"
 1590      455F4741 
ARM GAS  C:\Users\MICHS_~1\AppData\Local\Temp\ccT056gi.s 			page 40


 1590      54545F45 
 1590      52525F4F 
 1590      55545F4F 
 1591              	.LASF1:
 1592 0c1c 756E7369 		.ascii	"unsigned char\000"
 1592      676E6564 
 1592      20636861 
 1592      7200
 1593              	.LASF10:
 1594 0c2a 75696E74 		.ascii	"uint16\000"
 1594      313600
 1595              	.LASF38:
 1596 0c31 4359424C 		.ascii	"CYBLE_EVT_GAP_KEYPRESS_NOTIFICATION\000"
 1596      455F4556 
 1596      545F4741 
 1596      505F4B45 
 1596      59505245 
 1597              	.LASF99:
 1598 0c55 4359424C 		.ascii	"CYBLE_GATT_ERR_INVALID_ATTRIBUTE_LEN\000"
 1598      455F4741 
 1598      54545F45 
 1598      52525F49 
 1598      4E56414C 
 1599              	.LASF111:
 1600 0c7a 4359424C 		.ascii	"CYBLE_GATTS_ERR_CCCD_IMPROPERLY_CONFIGURED\000"
 1600      455F4741 
 1600      5454535F 
 1600      4552525F 
 1600      43434344 
 1601              	.LASF154:
 1602 0ca5 6379426C 		.ascii	"cyBle_busyStatus\000"
 1602      655F6275 
 1602      73795374 
 1602      61747573 
 1602      00
 1603              	.LASF2:
 1604 0cb6 73686F72 		.ascii	"short int\000"
 1604      7420696E 
 1604      7400
 1605              	.LASF66:
 1606 0cc0 4359424C 		.ascii	"CYBLE_EVT_GATTC_HANDLE_VALUE_IND\000"
 1606      455F4556 
 1606      545F4741 
 1606      5454435F 
 1606      48414E44 
 1607              	.LASF110:
 1608 0ce1 4359424C 		.ascii	"CYBLE_GATT_ERR_MISSING_CRC\000"
 1608      455F4741 
 1608      54545F45 
 1608      52525F4D 
 1608      49535349 
 1609              	.LASF62:
 1610 0cfc 4359424C 		.ascii	"CYBLE_EVT_GATTS_PREP_WRITE_REQ\000"
 1610      455F4556 
 1610      545F4741 
 1610      5454535F 
 1610      50524550 
ARM GAS  C:\Users\MICHS_~1\AppData\Local\Temp\ccT056gi.s 			page 41


 1611              	.LASF144:
 1612 0d1b 74784461 		.ascii	"txDataClientConfigDesc\000"
 1612      7461436C 
 1612      69656E74 
 1612      436F6E66 
 1612      69674465 
 1613              	.LASF145:
 1614 0d32 61747472 		.ascii	"attrValue\000"
 1614      56616C75 
 1614      6500
 1615              	.LASF67:
 1616 0d3c 4359424C 		.ascii	"CYBLE_EVT_GATTS_HANDLE_VALUE_CNF\000"
 1616      455F4556 
 1616      545F4741 
 1616      5454535F 
 1616      48414E44 
 1617              	.LASF121:
 1618 0d5d 4359424C 		.ascii	"CYBLE_GATT_ERR_CCCD_IMPROPERLY_CONFIGURED\000"
 1618      455F4741 
 1618      54545F45 
 1618      52525F43 
 1618      4343445F 
 1619              	.LASF43:
 1620 0d87 4359424C 		.ascii	"CYBLE_EVT_GAP_SMP_NEGOTIATED_AUTH_INFO\000"
 1620      455F4556 
 1620      545F4741 
 1620      505F534D 
 1620      505F4E45 
 1621              	.LASF104:
 1622 0dae 4359424C 		.ascii	"CYBLE_GATT_ERR_HEART_RATE_CONTROL_POINT_NOT_SUPPORT"
 1622      455F4741 
 1622      54545F45 
 1622      52525F48 
 1622      45415254 
 1623 0de1 454400   		.ascii	"ED\000"
 1624              	.LASF12:
 1625 0de4 666C6F61 		.ascii	"float\000"
 1625      7400
 1626              	.LASF14:
 1627 0dea 63686172 		.ascii	"char\000"
 1627      00
 1628              	.LASF32:
 1629 0def 4359424C 		.ascii	"CYBLE_EVT_GAP_DEVICE_DISCONNECTED\000"
 1629      455F4556 
 1629      545F4741 
 1629      505F4445 
 1629      56494345 
 1630              	.LASF70:
 1631 0e11 4359424C 		.ascii	"CYBLE_EVT_GATTS_READ_CHAR_VAL_ACCESS_REQ\000"
 1631      455F4556 
 1631      545F4741 
 1631      5454535F 
 1631      52454144 
 1632              	.LASF81:
 1633 0e3a 4359424C 		.ascii	"CYBLE_EVT_L2CAP_CBFC_TX_CREDIT_IND\000"
 1633      455F4556 
 1633      545F4C32 
ARM GAS  C:\Users\MICHS_~1\AppData\Local\Temp\ccT056gi.s 			page 42


 1633      4341505F 
 1633      43424643 
 1634              	.LASF100:
 1635 0e5d 4359424C 		.ascii	"CYBLE_GATT_ERR_UNLIKELY_ERROR\000"
 1635      455F4741 
 1635      54545F45 
 1635      52525F55 
 1635      4E4C494B 
 1636              	.LASF120:
 1637 0e7b 4359424C 		.ascii	"CYBLE_GATT_ERR_ANCS_ACTION_FAILED\000"
 1637      455F4741 
 1637      54545F45 
 1637      52525F41 
 1637      4E43535F 
 1638              	.LASF122:
 1639 0e9d 4359424C 		.ascii	"CYBLE_GATT_ERR_PROCEDURE_ALREADY_IN_PROGRESS\000"
 1639      455F4741 
 1639      54545F45 
 1639      52525F50 
 1639      524F4345 
 1640              	.LASF20:
 1641 0eca 4359424C 		.ascii	"CYBLE_EVT_HARDWARE_ERROR\000"
 1641      455F4556 
 1641      545F4841 
 1641      52445741 
 1641      52455F45 
 1642              	.LASF3:
 1643 0ee3 73686F72 		.ascii	"short unsigned int\000"
 1643      7420756E 
 1643      7369676E 
 1643      65642069 
 1643      6E7400
 1644              	.LASF47:
 1645 0ef6 4359424C 		.ascii	"CYBLE_EVT_GATTC_ERROR_RSP\000"
 1645      455F4556 
 1645      545F4741 
 1645      5454435F 
 1645      4552524F 
 1646              	.LASF105:
 1647 0f10 4359424C 		.ascii	"CYBLE_GATT_ERR_USER_DATA_ACCESS_NOT_PERMITTED\000"
 1647      455F4741 
 1647      54545F45 
 1647      52525F55 
 1647      5345525F 
 1648              	.LASF101:
 1649 0f3e 4359424C 		.ascii	"CYBLE_GATT_ERR_INSUFFICIENT_ENCRYPTION\000"
 1649      455F4741 
 1649      54545F45 
 1649      52525F49 
 1649      4E535546 
 1650              	.LASF50:
 1651 0f65 4359424C 		.ascii	"CYBLE_EVT_GATTS_XCNHG_MTU_REQ\000"
 1651      455F4556 
 1651      545F4741 
 1651      5454535F 
 1651      58434E48 
 1652              	.LASF149:
ARM GAS  C:\Users\MICHS_~1\AppData\Local\Temp\ccT056gi.s 			page 43


 1653 0f83 6576656E 		.ascii	"eventParam\000"
 1653      74506172 
 1653      616D00
 1654              	.LASF143:
 1655 0f8e 4359424C 		.ascii	"CYBLE_STATE_T\000"
 1655      455F5354 
 1655      4154455F 
 1655      5400
 1656              	.LASF57:
 1657 0f9c 4359424C 		.ascii	"CYBLE_EVT_GATTC_READ_BLOB_RSP\000"
 1657      455F4556 
 1657      545F4741 
 1657      5454435F 
 1657      52454144 
 1658              	.LASF93:
 1659 0fba 4359424C 		.ascii	"CYBLE_GATT_ERR_INVALID_OFFSET\000"
 1659      455F4741 
 1659      54545F45 
 1659      52525F49 
 1659      4E56414C 
 1660              	.LASF115:
 1661 0fd8 4359424C 		.ascii	"CYBLE_GATTS_ERR_NETWORK_NOT_AVAILABLE\000"
 1661      455F4741 
 1661      5454535F 
 1661      4552525F 
 1661      4E455457 
 1662              	.LASF140:
 1663 0ffe 4359424C 		.ascii	"CYBLE_STATE_CONNECTED\000"
 1663      455F5354 
 1663      4154455F 
 1663      434F4E4E 
 1663      45435445 
 1664              	.LASF156:
 1665 1014 474E5520 		.ascii	"GNU C 4.9.3 20150303 (release) [ARM/embedded-4_9-br"
 1665      4320342E 
 1665      392E3320 
 1665      32303135 
 1665      30333033 
 1666 1047 616E6368 		.ascii	"anch revision 221220] -mcpu=cortex-m0 -mthumb -g -O"
 1666      20726576 
 1666      6973696F 
 1666      6E203232 
 1666      31323230 
 1667 107a 30202D66 		.ascii	"0 -ffunction-sections -ffat-lto-objects\000"
 1667      66756E63 
 1667      74696F6E 
 1667      2D736563 
 1667      74696F6E 
 1668              	.LASF55:
 1669 10a2 4359424C 		.ascii	"CYBLE_EVT_GATTC_FIND_BY_TYPE_VALUE_RSP\000"
 1669      455F4556 
 1669      545F4741 
 1669      5454435F 
 1669      46494E44 
 1670              	.LASF36:
 1671 10c9 4359424C 		.ascii	"CYBLE_EVT_GAP_KEYINFO_EXCHNGE_CMPLT\000"
 1671      455F4556 
ARM GAS  C:\Users\MICHS_~1\AppData\Local\Temp\ccT056gi.s 			page 44


 1671      545F4741 
 1671      505F4B45 
 1671      59494E46 
 1672              	.LASF126:
 1673 10ed 62644861 		.ascii	"bdHandle\000"
 1673      6E646C65 
 1673      00
 1674              	.LASF83:
 1675 10f6 4359424C 		.ascii	"CYBLE_EVT_PENDING_FLASH_WRITE\000"
 1675      455F4556 
 1675      545F5045 
 1675      4E44494E 
 1675      475F464C 
 1676              	.LASF146:
 1677 1114 48616E64 		.ascii	"HandleBleProcessing\000"
 1677      6C65426C 
 1677      6550726F 
 1677      63657373 
 1677      696E6700 
 1678              	.LASF73:
 1679 1128 4359424C 		.ascii	"CYBLE_EVT_L2CAP_CONN_PARAM_UPDATE_RSP\000"
 1679      455F4556 
 1679      545F4C32 
 1679      4341505F 
 1679      434F4E4E 
 1680              	.LASF41:
 1681 114e 4359424C 		.ascii	"CYBLE_EVT_GAP_ENHANCE_CONN_COMPLETE\000"
 1681      455F4556 
 1681      545F4741 
 1681      505F454E 
 1681      48414E43 
 1682              	.LASF125:
 1683 1172 4359424C 		.ascii	"CYBLE_GATT_DB_ATTR_HANDLE_T\000"
 1683      455F4741 
 1683      54545F44 
 1683      425F4154 
 1683      54525F48 
 1684              	.LASF49:
 1685 118e 4359424C 		.ascii	"CYBLE_EVT_GATT_DISCONNECT_IND\000"
 1685      455F4556 
 1685      545F4741 
 1685      54545F44 
 1685      4953434F 
 1686              		.ident	"GCC: (GNU Tools for ARM Embedded Processors) 4.9.3 20150303 (release) [ARM/embedded-4_9-br
