ARM GAS  C:\Users\ANDREW~1\AppData\Local\Temp\ccl4sfhJ.s 			page 1


   1              		.cpu cortex-m0
   2              		.fpu softvfp
   3              		.eabi_attribute 20, 1
   4              		.eabi_attribute 21, 1
   5              		.eabi_attribute 23, 3
   6              		.eabi_attribute 24, 1
   7              		.eabi_attribute 25, 1
   8              		.eabi_attribute 26, 1
   9              		.eabi_attribute 30, 6
  10              		.eabi_attribute 34, 0
  11              		.eabi_attribute 18, 4
  12              		.code	16
  13              		.file	"Cm0Start.c"
  14              		.text
  15              	.Ltext0:
  16              		.cfi_sections	.debug_frame
  17              		.section	.noinit,"aw",%progbits
  18              		.align	2
  19              		.type	cySysNoInitDataValid, %object
  20              		.size	cySysNoInitDataValid, 4
  21              	cySysNoInitDataValid:
  22 0000 00000000 		.space	4
  23              		.section	.text.IntDefaultHandler,"ax",%progbits
  24              		.align	2
  25              		.global	IntDefaultHandler
  26              		.code	16
  27              		.thumb_func
  28              		.type	IntDefaultHandler, %function
  29              	IntDefaultHandler:
  30              	.LFB2:
  31              		.file 1 "Generated_Source\\PSoC4\\Cm0Start.c"
   1:Generated_Source\PSoC4/Cm0Start.c **** /***************************************************************************//**
   2:Generated_Source\PSoC4/Cm0Start.c **** * \file Cm0Start.c
   3:Generated_Source\PSoC4/Cm0Start.c **** * \version 5.50
   4:Generated_Source\PSoC4/Cm0Start.c **** *
   5:Generated_Source\PSoC4/Cm0Start.c **** * \brief Startup code for the ARM CM0.
   6:Generated_Source\PSoC4/Cm0Start.c **** *
   7:Generated_Source\PSoC4/Cm0Start.c **** ********************************************************************************
   8:Generated_Source\PSoC4/Cm0Start.c **** * \copyright
   9:Generated_Source\PSoC4/Cm0Start.c **** * Copyright 2010-2016, Cypress Semiconductor Corporation.  All rights reserved.
  10:Generated_Source\PSoC4/Cm0Start.c **** * You may use this file only in accordance with the license, terms, conditions,
  11:Generated_Source\PSoC4/Cm0Start.c **** * disclaimers, and limitations in the end user license agreement accompanying
  12:Generated_Source\PSoC4/Cm0Start.c **** * the software package with which this file was provided.
  13:Generated_Source\PSoC4/Cm0Start.c **** *******************************************************************************/
  14:Generated_Source\PSoC4/Cm0Start.c **** 
  15:Generated_Source\PSoC4/Cm0Start.c **** #include <limits.h>
  16:Generated_Source\PSoC4/Cm0Start.c **** #include "cydevice_trm.h"
  17:Generated_Source\PSoC4/Cm0Start.c **** #include "cytypes.h"
  18:Generated_Source\PSoC4/Cm0Start.c **** #include "cyfitter_cfg.h"
  19:Generated_Source\PSoC4/Cm0Start.c **** #include "CyLib.h"
  20:Generated_Source\PSoC4/Cm0Start.c **** #include "cyfitter.h"
  21:Generated_Source\PSoC4/Cm0Start.c **** 
  22:Generated_Source\PSoC4/Cm0Start.c **** 
  23:Generated_Source\PSoC4/Cm0Start.c **** #define CY_NUM_VECTORS              (CY_INT_IRQ_BASE + CY_NUM_INTERRUPTS)
  24:Generated_Source\PSoC4/Cm0Start.c **** 
  25:Generated_Source\PSoC4/Cm0Start.c **** #if (CY_IP_CPUSS_CM0)
  26:Generated_Source\PSoC4/Cm0Start.c ****     #define CY_CPUSS_CONFIG_VECT_IN_RAM (( uint32 ) 0x01)
ARM GAS  C:\Users\ANDREW~1\AppData\Local\Temp\ccl4sfhJ.s 			page 2


  27:Generated_Source\PSoC4/Cm0Start.c **** #endif /* (CY_IP_CPUSS_CM0) */
  28:Generated_Source\PSoC4/Cm0Start.c **** 
  29:Generated_Source\PSoC4/Cm0Start.c **** 
  30:Generated_Source\PSoC4/Cm0Start.c **** #if (CY_IP_CPUSS_CM0)
  31:Generated_Source\PSoC4/Cm0Start.c ****     /* CPUSS Configuration register */
  32:Generated_Source\PSoC4/Cm0Start.c ****     #define CY_CPUSS_CONFIG_REG         (*(reg32 *) CYREG_CPUSS_CONFIG)
  33:Generated_Source\PSoC4/Cm0Start.c ****     #define CY_CPUSS_CONFIG_PTR         ( (reg32 *) CYREG_CPUSS_CONFIG)
  34:Generated_Source\PSoC4/Cm0Start.c **** #endif /* (CY_IP_CPUSS_CM0) */
  35:Generated_Source\PSoC4/Cm0Start.c **** 
  36:Generated_Source\PSoC4/Cm0Start.c **** 
  37:Generated_Source\PSoC4/Cm0Start.c **** #if defined (__ICCARM__)
  38:Generated_Source\PSoC4/Cm0Start.c ****     #define CY_NUM_ROM_VECTORS      (CY_NUM_VECTORS)
  39:Generated_Source\PSoC4/Cm0Start.c **** #else
  40:Generated_Source\PSoC4/Cm0Start.c ****     #define CY_NUM_ROM_VECTORS      (4u)
  41:Generated_Source\PSoC4/Cm0Start.c **** #endif  /* defined (__ICCARM__) */
  42:Generated_Source\PSoC4/Cm0Start.c **** 
  43:Generated_Source\PSoC4/Cm0Start.c **** /* Vector table address in SRAM */
  44:Generated_Source\PSoC4/Cm0Start.c **** #define CY_CPUSS_CONFIG_VECT_ADDR_IN_RAM    (0x20000000u)
  45:Generated_Source\PSoC4/Cm0Start.c **** 
  46:Generated_Source\PSoC4/Cm0Start.c **** #ifndef CY_SYS_INITIAL_STACK_POINTER
  47:Generated_Source\PSoC4/Cm0Start.c **** 
  48:Generated_Source\PSoC4/Cm0Start.c ****     #if defined(__ARMCC_VERSION)
  49:Generated_Source\PSoC4/Cm0Start.c ****         #define CY_SYS_INITIAL_STACK_POINTER ((cyisraddress)(uint32)&Image$$ARM_LIB_STACK$$ZI$$Limi
  50:Generated_Source\PSoC4/Cm0Start.c ****     #elif defined (__GNUC__)
  51:Generated_Source\PSoC4/Cm0Start.c ****         #define CY_SYS_INITIAL_STACK_POINTER (&__cy_stack)
  52:Generated_Source\PSoC4/Cm0Start.c ****     #elif defined (__ICCARM__)
  53:Generated_Source\PSoC4/Cm0Start.c ****         #pragma language=extended
  54:Generated_Source\PSoC4/Cm0Start.c ****         #pragma segment="CSTACK"
  55:Generated_Source\PSoC4/Cm0Start.c ****         #define CY_SYS_INITIAL_STACK_POINTER  { .__ptr = __sfe( "CSTACK" ) }
  56:Generated_Source\PSoC4/Cm0Start.c **** 
  57:Generated_Source\PSoC4/Cm0Start.c ****         extern void __iar_program_start( void );
  58:Generated_Source\PSoC4/Cm0Start.c ****         extern void __iar_data_init3 (void);
  59:Generated_Source\PSoC4/Cm0Start.c ****     #endif  /* (__ARMCC_VERSION) */
  60:Generated_Source\PSoC4/Cm0Start.c **** 
  61:Generated_Source\PSoC4/Cm0Start.c **** #endif /* CY_SYS_INITIAL_STACK_POINTER */
  62:Generated_Source\PSoC4/Cm0Start.c **** 
  63:Generated_Source\PSoC4/Cm0Start.c **** 
  64:Generated_Source\PSoC4/Cm0Start.c **** #if defined(__GNUC__)
  65:Generated_Source\PSoC4/Cm0Start.c ****     #include <errno.h>
  66:Generated_Source\PSoC4/Cm0Start.c ****     extern int  errno;
  67:Generated_Source\PSoC4/Cm0Start.c ****     extern int  end;
  68:Generated_Source\PSoC4/Cm0Start.c **** #endif  /* defined(__GNUC__) */
  69:Generated_Source\PSoC4/Cm0Start.c **** 
  70:Generated_Source\PSoC4/Cm0Start.c **** /* Extern functions */
  71:Generated_Source\PSoC4/Cm0Start.c **** extern void CyBtldr_CheckLaunch(void);
  72:Generated_Source\PSoC4/Cm0Start.c **** 
  73:Generated_Source\PSoC4/Cm0Start.c **** /* Function prototypes */
  74:Generated_Source\PSoC4/Cm0Start.c **** void initialize_psoc(void);
  75:Generated_Source\PSoC4/Cm0Start.c **** 
  76:Generated_Source\PSoC4/Cm0Start.c **** /* Global variables */
  77:Generated_Source\PSoC4/Cm0Start.c **** #if !defined (__ICCARM__)
  78:Generated_Source\PSoC4/Cm0Start.c ****     CY_NOINIT static uint32 cySysNoInitDataValid;
  79:Generated_Source\PSoC4/Cm0Start.c **** #endif  /* !defined (__ICCARM__) */
  80:Generated_Source\PSoC4/Cm0Start.c **** 
  81:Generated_Source\PSoC4/Cm0Start.c **** 
  82:Generated_Source\PSoC4/Cm0Start.c **** #if (CYDEV_PROJ_TYPE != CYDEV_PROJ_TYPE_STANDARD)
  83:Generated_Source\PSoC4/Cm0Start.c **** 
ARM GAS  C:\Users\ANDREW~1\AppData\Local\Temp\ccl4sfhJ.s 			page 3


  84:Generated_Source\PSoC4/Cm0Start.c ****     /*******************************************************************************
  85:Generated_Source\PSoC4/Cm0Start.c ****     This variable is used by the Bootloader/Bootloadable components to schedule
  86:Generated_Source\PSoC4/Cm0Start.c ****     what application will be started after a software reset.
  87:Generated_Source\PSoC4/Cm0Start.c ****     *******************************************************************************/
  88:Generated_Source\PSoC4/Cm0Start.c ****     #if (__ARMCC_VERSION)
  89:Generated_Source\PSoC4/Cm0Start.c ****         __attribute__ ((section(".bootloaderruntype"), zero_init))
  90:Generated_Source\PSoC4/Cm0Start.c ****     #elif defined (__GNUC__)
  91:Generated_Source\PSoC4/Cm0Start.c ****         __attribute__ ((section(".bootloaderruntype")))
  92:Generated_Source\PSoC4/Cm0Start.c ****     #elif defined (__ICCARM__)
  93:Generated_Source\PSoC4/Cm0Start.c ****         #pragma location=".bootloaderruntype"
  94:Generated_Source\PSoC4/Cm0Start.c ****     #endif /* (__ARMCC_VERSION) */
  95:Generated_Source\PSoC4/Cm0Start.c ****     volatile uint32 cyBtldrRunType;
  96:Generated_Source\PSoC4/Cm0Start.c **** 
  97:Generated_Source\PSoC4/Cm0Start.c **** #endif  /* (CYDEV_PROJ_TYPE != CYDEV_PROJ_TYPE_STANDARD) */
  98:Generated_Source\PSoC4/Cm0Start.c **** 
  99:Generated_Source\PSoC4/Cm0Start.c **** 
 100:Generated_Source\PSoC4/Cm0Start.c **** /*******************************************************************************
 101:Generated_Source\PSoC4/Cm0Start.c **** * Function Name: IntDefaultHandler
 102:Generated_Source\PSoC4/Cm0Start.c **** ****************************************************************************//**
 103:Generated_Source\PSoC4/Cm0Start.c **** *
 104:Generated_Source\PSoC4/Cm0Start.c **** *  This function is called for all interrupts, other than a reset that is called
 105:Generated_Source\PSoC4/Cm0Start.c **** *  before the system is setup.
 106:Generated_Source\PSoC4/Cm0Start.c **** *
 107:Generated_Source\PSoC4/Cm0Start.c **** *******************************************************************************/
 108:Generated_Source\PSoC4/Cm0Start.c **** CY_NORETURN
 109:Generated_Source\PSoC4/Cm0Start.c **** CY_ISR(IntDefaultHandler)
 110:Generated_Source\PSoC4/Cm0Start.c **** {
  32              		.loc 1 110 0
  33              		.cfi_startproc
  34 0000 80B5     		push	{r7, lr}
  35              		.cfi_def_cfa_offset 8
  36              		.cfi_offset 7, -8
  37              		.cfi_offset 14, -4
  38 0002 00AF     		add	r7, sp, #0
  39              		.cfi_def_cfa_register 7
 111:Generated_Source\PSoC4/Cm0Start.c ****     /***************************************************************************
 112:Generated_Source\PSoC4/Cm0Start.c ****     * We must not get here. If we do, a serious problem occurs, so go into
 113:Generated_Source\PSoC4/Cm0Start.c ****     * an infinite loop.
 114:Generated_Source\PSoC4/Cm0Start.c ****     ***************************************************************************/
 115:Generated_Source\PSoC4/Cm0Start.c **** 
 116:Generated_Source\PSoC4/Cm0Start.c ****     #if defined(__GNUC__)
 117:Generated_Source\PSoC4/Cm0Start.c ****         if (errno == ENOMEM)
  40              		.loc 1 117 0
  41 0004 FFF7FEFF 		bl	__errno
  42 0008 031C     		mov	r3, r0
  43 000a 1B68     		ldr	r3, [r3]
  44 000c 0C2B     		cmp	r3, #12
  45 000e 00D1     		bne	.L2
  46              	.L3:
 118:Generated_Source\PSoC4/Cm0Start.c ****         {
 119:Generated_Source\PSoC4/Cm0Start.c ****             #ifdef CY_BOOT_INT_DEFAULT_HANDLER_ENOMEM_EXCEPTION_CALLBACK
 120:Generated_Source\PSoC4/Cm0Start.c ****                 CyBoot_IntDefaultHandler_Enomem_Exception_Callback();
 121:Generated_Source\PSoC4/Cm0Start.c ****             #endif /* CY_BOOT_INT_DEFAULT_HANDLER_ENOMEM_EXCEPTION_CALLBACK */
 122:Generated_Source\PSoC4/Cm0Start.c ****             
 123:Generated_Source\PSoC4/Cm0Start.c ****             while(1)
 124:Generated_Source\PSoC4/Cm0Start.c ****             {
 125:Generated_Source\PSoC4/Cm0Start.c ****                 /* Out Of Heap Space
ARM GAS  C:\Users\ANDREW~1\AppData\Local\Temp\ccl4sfhJ.s 			page 4


 126:Generated_Source\PSoC4/Cm0Start.c ****                  * This can be increased in the System tab of the Design Wide Resources.
 127:Generated_Source\PSoC4/Cm0Start.c ****                  */
 128:Generated_Source\PSoC4/Cm0Start.c ****             }
  47              		.loc 1 128 0 discriminator 1
  48 0010 FEE7     		b	.L3
  49              	.L2:
 129:Generated_Source\PSoC4/Cm0Start.c ****         }
 130:Generated_Source\PSoC4/Cm0Start.c ****         else
 131:Generated_Source\PSoC4/Cm0Start.c ****     #endif
 132:Generated_Source\PSoC4/Cm0Start.c ****         {
 133:Generated_Source\PSoC4/Cm0Start.c ****             #ifdef CY_BOOT_INT_DEFAULT_HANDLER_EXCEPTION_ENTRY_CALLBACK
 134:Generated_Source\PSoC4/Cm0Start.c ****                 CyBoot_IntDefaultHandler_Exception_EntryCallback();
 135:Generated_Source\PSoC4/Cm0Start.c ****             #endif /* CY_BOOT_INT_DEFAULT_HANDLER_EXCEPTION_ENTRY_CALLBACK */
 136:Generated_Source\PSoC4/Cm0Start.c **** 
 137:Generated_Source\PSoC4/Cm0Start.c ****             while(1)
 138:Generated_Source\PSoC4/Cm0Start.c ****             {
 139:Generated_Source\PSoC4/Cm0Start.c **** 
 140:Generated_Source\PSoC4/Cm0Start.c ****             }
  50              		.loc 1 140 0 discriminator 2
  51 0012 FEE7     		b	.L2
  52              		.cfi_endproc
  53              	.LFE2:
  54              		.size	IntDefaultHandler, .-IntDefaultHandler
  55              		.section	.text._exit,"ax",%progbits
  56              		.align	2
  57              		.weak	_exit
  58              		.code	16
  59              		.thumb_func
  60              		.type	_exit, %function
  61              	_exit:
  62              	.LFB3:
 141:Generated_Source\PSoC4/Cm0Start.c ****         }
 142:Generated_Source\PSoC4/Cm0Start.c **** }
 143:Generated_Source\PSoC4/Cm0Start.c **** 
 144:Generated_Source\PSoC4/Cm0Start.c **** #if defined(__ARMCC_VERSION)
 145:Generated_Source\PSoC4/Cm0Start.c **** 
 146:Generated_Source\PSoC4/Cm0Start.c **** /* Local function for device reset. */
 147:Generated_Source\PSoC4/Cm0Start.c **** extern void Reset(void);
 148:Generated_Source\PSoC4/Cm0Start.c **** 
 149:Generated_Source\PSoC4/Cm0Start.c **** /* Application entry point. */
 150:Generated_Source\PSoC4/Cm0Start.c **** extern void $Super$$main(void);
 151:Generated_Source\PSoC4/Cm0Start.c **** 
 152:Generated_Source\PSoC4/Cm0Start.c **** /* Linker-generated Stack Base addresses, Two Region and One Region */
 153:Generated_Source\PSoC4/Cm0Start.c **** extern unsigned long Image$$ARM_LIB_STACK$$ZI$$Limit;
 154:Generated_Source\PSoC4/Cm0Start.c **** 
 155:Generated_Source\PSoC4/Cm0Start.c **** /* RealView C Library initialization. */
 156:Generated_Source\PSoC4/Cm0Start.c **** extern int __main(void);
 157:Generated_Source\PSoC4/Cm0Start.c **** 
 158:Generated_Source\PSoC4/Cm0Start.c **** 
 159:Generated_Source\PSoC4/Cm0Start.c **** /*******************************************************************************
 160:Generated_Source\PSoC4/Cm0Start.c **** * Function Name: Reset
 161:Generated_Source\PSoC4/Cm0Start.c **** ****************************************************************************//**
 162:Generated_Source\PSoC4/Cm0Start.c **** *
 163:Generated_Source\PSoC4/Cm0Start.c **** * This function handles the reset interrupt for the MDK toolchains.
 164:Generated_Source\PSoC4/Cm0Start.c **** * This is the first bit of code that is executed at startup.
 165:Generated_Source\PSoC4/Cm0Start.c **** *
 166:Generated_Source\PSoC4/Cm0Start.c **** *******************************************************************************/
ARM GAS  C:\Users\ANDREW~1\AppData\Local\Temp\ccl4sfhJ.s 			page 5


 167:Generated_Source\PSoC4/Cm0Start.c **** void Reset(void)
 168:Generated_Source\PSoC4/Cm0Start.c **** {
 169:Generated_Source\PSoC4/Cm0Start.c ****     #if (CYDEV_PROJ_TYPE == CYDEV_PROJ_TYPE_LOADABLE || CYDEV_PROJ_TYPE == CYDEV_PROJ_TYPE_LOADABLE
 170:Generated_Source\PSoC4/Cm0Start.c ****         /* The bootloadable application image is started at Reset() handler
 171:Generated_Source\PSoC4/Cm0Start.c ****         * as a result of a branch instruction execution from the bootloader.
 172:Generated_Source\PSoC4/Cm0Start.c ****         * So, the stack pointer needs to be reset to be sure that
 173:Generated_Source\PSoC4/Cm0Start.c ****         * there is no garbage in the stack.
 174:Generated_Source\PSoC4/Cm0Start.c ****         */
 175:Generated_Source\PSoC4/Cm0Start.c ****         register uint32_t msp __asm("msp");
 176:Generated_Source\PSoC4/Cm0Start.c ****         msp = (uint32_t)&Image$$ARM_LIB_STACK$$ZI$$Limit;
 177:Generated_Source\PSoC4/Cm0Start.c ****     #endif /*(CYDEV_PROJ_TYPE == CYDEV_PROJ_TYPE_LOADABLE || CYDEV_PROJ_TYPE == CYDEV_PROJ_TYPE_LOA
 178:Generated_Source\PSoC4/Cm0Start.c **** 
 179:Generated_Source\PSoC4/Cm0Start.c ****     #if(CY_IP_SRSSLT)
 180:Generated_Source\PSoC4/Cm0Start.c ****         CySysWdtDisable();
 181:Generated_Source\PSoC4/Cm0Start.c ****     #endif  /* (CY_IP_SRSSLT) */
 182:Generated_Source\PSoC4/Cm0Start.c **** 
 183:Generated_Source\PSoC4/Cm0Start.c ****     #if ((CYDEV_BOOTLOADER_ENABLE) && (CYDEV_PROJ_TYPE != CYDEV_PROJ_TYPE_LOADABLEANDBOOTLOADER))
 184:Generated_Source\PSoC4/Cm0Start.c ****         CyBtldr_CheckLaunch();
 185:Generated_Source\PSoC4/Cm0Start.c ****     #endif /* ((CYDEV_BOOTLOADER_ENABLE) && (CYDEV_PROJ_TYPE != CYDEV_PROJ_TYPE_LOADABLEANDBOOTLOAD
 186:Generated_Source\PSoC4/Cm0Start.c **** 
 187:Generated_Source\PSoC4/Cm0Start.c ****     __main();
 188:Generated_Source\PSoC4/Cm0Start.c **** }
 189:Generated_Source\PSoC4/Cm0Start.c **** 
 190:Generated_Source\PSoC4/Cm0Start.c **** /*******************************************************************************
 191:Generated_Source\PSoC4/Cm0Start.c **** * Function Name: $Sub$$main
 192:Generated_Source\PSoC4/Cm0Start.c **** ****************************************************************************//**
 193:Generated_Source\PSoC4/Cm0Start.c **** *
 194:Generated_Source\PSoC4/Cm0Start.c **** * This function is called immediately before the users main
 195:Generated_Source\PSoC4/Cm0Start.c **** *
 196:Generated_Source\PSoC4/Cm0Start.c **** *******************************************************************************/
 197:Generated_Source\PSoC4/Cm0Start.c **** __attribute__ ((noreturn, __noinline__))
 198:Generated_Source\PSoC4/Cm0Start.c **** void $Sub$$main(void)
 199:Generated_Source\PSoC4/Cm0Start.c **** {
 200:Generated_Source\PSoC4/Cm0Start.c ****     initialize_psoc();
 201:Generated_Source\PSoC4/Cm0Start.c **** 
 202:Generated_Source\PSoC4/Cm0Start.c ****     /* Call original main */
 203:Generated_Source\PSoC4/Cm0Start.c ****     $Super$$main();
 204:Generated_Source\PSoC4/Cm0Start.c **** 
 205:Generated_Source\PSoC4/Cm0Start.c ****     while (1)
 206:Generated_Source\PSoC4/Cm0Start.c ****     {
 207:Generated_Source\PSoC4/Cm0Start.c ****         /* If main returns it is undefined what we should do. */
 208:Generated_Source\PSoC4/Cm0Start.c ****     }
 209:Generated_Source\PSoC4/Cm0Start.c **** }
 210:Generated_Source\PSoC4/Cm0Start.c **** 
 211:Generated_Source\PSoC4/Cm0Start.c **** #elif defined(__GNUC__)
 212:Generated_Source\PSoC4/Cm0Start.c **** 
 213:Generated_Source\PSoC4/Cm0Start.c **** /* Stack Base address */
 214:Generated_Source\PSoC4/Cm0Start.c **** extern void __cy_stack(void);
 215:Generated_Source\PSoC4/Cm0Start.c **** 
 216:Generated_Source\PSoC4/Cm0Start.c **** /* Application entry point. */
 217:Generated_Source\PSoC4/Cm0Start.c **** extern int main(void);
 218:Generated_Source\PSoC4/Cm0Start.c **** 
 219:Generated_Source\PSoC4/Cm0Start.c **** /* The static objects constructors initializer */
 220:Generated_Source\PSoC4/Cm0Start.c **** extern void __libc_init_array(void);
 221:Generated_Source\PSoC4/Cm0Start.c **** 
 222:Generated_Source\PSoC4/Cm0Start.c **** typedef unsigned char __cy_byte_align8 __attribute ((aligned (8)));
 223:Generated_Source\PSoC4/Cm0Start.c **** 
ARM GAS  C:\Users\ANDREW~1\AppData\Local\Temp\ccl4sfhJ.s 			page 6


 224:Generated_Source\PSoC4/Cm0Start.c **** struct __cy_region
 225:Generated_Source\PSoC4/Cm0Start.c **** {
 226:Generated_Source\PSoC4/Cm0Start.c ****     __cy_byte_align8 *init; /* Initial contents of this region.  */
 227:Generated_Source\PSoC4/Cm0Start.c ****     __cy_byte_align8 *data; /* Start address of region.  */
 228:Generated_Source\PSoC4/Cm0Start.c ****     size_t init_size;       /* Size of initial data.  */
 229:Generated_Source\PSoC4/Cm0Start.c ****     size_t zero_size;       /* Additional size to be zeroed.  */
 230:Generated_Source\PSoC4/Cm0Start.c **** };
 231:Generated_Source\PSoC4/Cm0Start.c **** 
 232:Generated_Source\PSoC4/Cm0Start.c **** extern const struct __cy_region __cy_regions[];
 233:Generated_Source\PSoC4/Cm0Start.c **** extern const char __cy_region_num __attribute__((weak));
 234:Generated_Source\PSoC4/Cm0Start.c **** #define __cy_region_num ((size_t)&__cy_region_num)
 235:Generated_Source\PSoC4/Cm0Start.c **** 
 236:Generated_Source\PSoC4/Cm0Start.c **** 
 237:Generated_Source\PSoC4/Cm0Start.c **** /*******************************************************************************
 238:Generated_Source\PSoC4/Cm0Start.c **** * System Calls of the Red Hat newlib C Library
 239:Generated_Source\PSoC4/Cm0Start.c **** *******************************************************************************/
 240:Generated_Source\PSoC4/Cm0Start.c **** 
 241:Generated_Source\PSoC4/Cm0Start.c **** 
 242:Generated_Source\PSoC4/Cm0Start.c **** /*******************************************************************************
 243:Generated_Source\PSoC4/Cm0Start.c **** * Function Name: _exit
 244:Generated_Source\PSoC4/Cm0Start.c **** ****************************************************************************//**
 245:Generated_Source\PSoC4/Cm0Start.c **** *
 246:Generated_Source\PSoC4/Cm0Start.c **** * Exit a program without cleaning up files. If your system doesn't provide
 247:Generated_Source\PSoC4/Cm0Start.c **** * this, it is best to avoid linking with subroutines that require it (exit,
 248:Generated_Source\PSoC4/Cm0Start.c **** * system).
 249:Generated_Source\PSoC4/Cm0Start.c **** *
 250:Generated_Source\PSoC4/Cm0Start.c **** * \param status: Status caused program exit.
 251:Generated_Source\PSoC4/Cm0Start.c **** *
 252:Generated_Source\PSoC4/Cm0Start.c **** *******************************************************************************/
 253:Generated_Source\PSoC4/Cm0Start.c **** __attribute__((weak))
 254:Generated_Source\PSoC4/Cm0Start.c **** void _exit(int status)
 255:Generated_Source\PSoC4/Cm0Start.c **** {
  63              		.loc 1 255 0
  64              		.cfi_startproc
  65 0000 80B5     		push	{r7, lr}
  66              		.cfi_def_cfa_offset 8
  67              		.cfi_offset 7, -8
  68              		.cfi_offset 14, -4
  69 0002 82B0     		sub	sp, sp, #8
  70              		.cfi_def_cfa_offset 16
  71 0004 00AF     		add	r7, sp, #0
  72              		.cfi_def_cfa_register 7
  73 0006 7860     		str	r0, [r7, #4]
 256:Generated_Source\PSoC4/Cm0Start.c ****     CyHalt((uint8) status);
  74              		.loc 1 256 0
  75 0008 7B68     		ldr	r3, [r7, #4]
  76 000a DBB2     		uxtb	r3, r3
  77 000c 181C     		mov	r0, r3
  78 000e FFF7FEFF 		bl	CyHalt
  79              	.L5:
 257:Generated_Source\PSoC4/Cm0Start.c **** 
 258:Generated_Source\PSoC4/Cm0Start.c ****     while(1)
 259:Generated_Source\PSoC4/Cm0Start.c ****     {
 260:Generated_Source\PSoC4/Cm0Start.c **** 
 261:Generated_Source\PSoC4/Cm0Start.c ****     }
  80              		.loc 1 261 0 discriminator 1
  81 0012 FEE7     		b	.L5
ARM GAS  C:\Users\ANDREW~1\AppData\Local\Temp\ccl4sfhJ.s 			page 7


  82              		.cfi_endproc
  83              	.LFE3:
  84              		.size	_exit, .-_exit
  85              		.section	.text._sbrk,"ax",%progbits
  86              		.align	2
  87              		.weak	_sbrk
  88              		.code	16
  89              		.thumb_func
  90              		.type	_sbrk, %function
  91              	_sbrk:
  92              	.LFB4:
 262:Generated_Source\PSoC4/Cm0Start.c **** }
 263:Generated_Source\PSoC4/Cm0Start.c **** 
 264:Generated_Source\PSoC4/Cm0Start.c **** 
 265:Generated_Source\PSoC4/Cm0Start.c **** /*******************************************************************************
 266:Generated_Source\PSoC4/Cm0Start.c **** * Function Name: _sbrk
 267:Generated_Source\PSoC4/Cm0Start.c **** ****************************************************************************//**
 268:Generated_Source\PSoC4/Cm0Start.c **** *
 269:Generated_Source\PSoC4/Cm0Start.c **** * Increase program data space. As malloc and related functions depend on this,
 270:Generated_Source\PSoC4/Cm0Start.c **** * it is useful to have a working implementation. The following suffices for a
 271:Generated_Source\PSoC4/Cm0Start.c **** * standalone system; it exploits the symbol end automatically defined by the
 272:Generated_Source\PSoC4/Cm0Start.c **** * GNU linker.
 273:Generated_Source\PSoC4/Cm0Start.c **** *
 274:Generated_Source\PSoC4/Cm0Start.c **** * \param nbytes: The number of bytes requested (if the parameter value is positive)
 275:Generated_Source\PSoC4/Cm0Start.c **** * from the heap or returned back to the heap (if the parameter value is
 276:Generated_Source\PSoC4/Cm0Start.c **** * negative).
 277:Generated_Source\PSoC4/Cm0Start.c **** *
 278:Generated_Source\PSoC4/Cm0Start.c **** *******************************************************************************/
 279:Generated_Source\PSoC4/Cm0Start.c **** __attribute__((weak))
 280:Generated_Source\PSoC4/Cm0Start.c **** void * _sbrk (int nbytes)
 281:Generated_Source\PSoC4/Cm0Start.c **** {
  93              		.loc 1 281 0
  94              		.cfi_startproc
  95 0000 80B5     		push	{r7, lr}
  96              		.cfi_def_cfa_offset 8
  97              		.cfi_offset 7, -8
  98              		.cfi_offset 14, -4
  99 0002 84B0     		sub	sp, sp, #16
 100              		.cfi_def_cfa_offset 24
 101 0004 00AF     		add	r7, sp, #0
 102              		.cfi_def_cfa_register 7
 103 0006 7860     		str	r0, [r7, #4]
 282:Generated_Source\PSoC4/Cm0Start.c ****     extern int  end;            /* Symbol defined by linker map. Start of free memory (as symbol). 
 283:Generated_Source\PSoC4/Cm0Start.c ****     void *      returnValue;
 284:Generated_Source\PSoC4/Cm0Start.c **** 
 285:Generated_Source\PSoC4/Cm0Start.c ****     /* The statically held previous end of the heap, with its initialization. */
 286:Generated_Source\PSoC4/Cm0Start.c ****     static void *heapPointer = (void *) &end;                 /* Previous end */
 287:Generated_Source\PSoC4/Cm0Start.c **** 
 288:Generated_Source\PSoC4/Cm0Start.c ****     if (((heapPointer + nbytes) - (void *) &end) <= CYDEV_HEAP_SIZE)
 104              		.loc 1 288 0
 105 0008 0F4B     		ldr	r3, .L10
 106 000a 1A68     		ldr	r2, [r3]
 107 000c 7B68     		ldr	r3, [r7, #4]
 108 000e D318     		add	r3, r2, r3
 109 0010 1A1C     		mov	r2, r3
 110 0012 0E4B     		ldr	r3, .L10+4
 111 0014 D31A     		sub	r3, r2, r3
ARM GAS  C:\Users\ANDREW~1\AppData\Local\Temp\ccl4sfhJ.s 			page 8


 112 0016 802B     		cmp	r3, #128
 113 0018 09DC     		bgt	.L7
 289:Generated_Source\PSoC4/Cm0Start.c ****     {
 290:Generated_Source\PSoC4/Cm0Start.c ****         returnValue  = heapPointer;
 114              		.loc 1 290 0
 115 001a 0B4B     		ldr	r3, .L10
 116 001c 1B68     		ldr	r3, [r3]
 117 001e FB60     		str	r3, [r7, #12]
 291:Generated_Source\PSoC4/Cm0Start.c ****         heapPointer += nbytes;
 118              		.loc 1 291 0
 119 0020 094B     		ldr	r3, .L10
 120 0022 1A68     		ldr	r2, [r3]
 121 0024 7B68     		ldr	r3, [r7, #4]
 122 0026 D218     		add	r2, r2, r3
 123 0028 074B     		ldr	r3, .L10
 124 002a 1A60     		str	r2, [r3]
 125 002c 07E0     		b	.L8
 126              	.L7:
 292:Generated_Source\PSoC4/Cm0Start.c ****     }
 293:Generated_Source\PSoC4/Cm0Start.c ****     else
 294:Generated_Source\PSoC4/Cm0Start.c ****     {
 295:Generated_Source\PSoC4/Cm0Start.c ****         errno = ENOMEM;
 127              		.loc 1 295 0
 128 002e FFF7FEFF 		bl	__errno
 129 0032 031C     		mov	r3, r0
 130 0034 0C22     		mov	r2, #12
 131 0036 1A60     		str	r2, [r3]
 296:Generated_Source\PSoC4/Cm0Start.c ****         returnValue = (void *) -1;
 132              		.loc 1 296 0
 133 0038 0123     		mov	r3, #1
 134 003a 5B42     		neg	r3, r3
 135 003c FB60     		str	r3, [r7, #12]
 136              	.L8:
 297:Generated_Source\PSoC4/Cm0Start.c ****     }
 298:Generated_Source\PSoC4/Cm0Start.c **** 
 299:Generated_Source\PSoC4/Cm0Start.c ****     return (returnValue);
 137              		.loc 1 299 0
 138 003e FB68     		ldr	r3, [r7, #12]
 300:Generated_Source\PSoC4/Cm0Start.c **** }
 139              		.loc 1 300 0
 140 0040 181C     		mov	r0, r3
 141 0042 BD46     		mov	sp, r7
 142 0044 04B0     		add	sp, sp, #16
 143              		@ sp needed
 144 0046 80BD     		pop	{r7, pc}
 145              	.L11:
 146              		.align	2
 147              	.L10:
 148 0048 00000000 		.word	heapPointer.4760
 149 004c 00000000 		.word	end
 150              		.cfi_endproc
 151              	.LFE4:
 152              		.size	_sbrk, .-_sbrk
 153              		.section	.text.Start_c,"ax",%progbits
 154              		.align	2
 155              		.global	Start_c
 156              		.code	16
ARM GAS  C:\Users\ANDREW~1\AppData\Local\Temp\ccl4sfhJ.s 			page 9


 157              		.thumb_func
 158              		.type	Start_c, %function
 159              	Start_c:
 160              	.LFB5:
 301:Generated_Source\PSoC4/Cm0Start.c **** 
 302:Generated_Source\PSoC4/Cm0Start.c **** 
 303:Generated_Source\PSoC4/Cm0Start.c **** /*******************************************************************************
 304:Generated_Source\PSoC4/Cm0Start.c **** * Function Name: Start_c
 305:Generated_Source\PSoC4/Cm0Start.c **** ****************************************************************************//**
 306:Generated_Source\PSoC4/Cm0Start.c **** *
 307:Generated_Source\PSoC4/Cm0Start.c **** * This function handles initializing the .data and .bss sections in
 308:Generated_Source\PSoC4/Cm0Start.c **** * preparation for running the standard c code.  Once initialization is complete
 309:Generated_Source\PSoC4/Cm0Start.c **** * it will call main().  This function will never return.
 310:Generated_Source\PSoC4/Cm0Start.c **** *
 311:Generated_Source\PSoC4/Cm0Start.c **** *******************************************************************************/
 312:Generated_Source\PSoC4/Cm0Start.c **** void Start_c(void)  __attribute__ ((noreturn, noinline));
 313:Generated_Source\PSoC4/Cm0Start.c **** void Start_c(void)
 314:Generated_Source\PSoC4/Cm0Start.c **** {
 161              		.loc 1 314 0
 162              		.cfi_startproc
 163 0000 80B5     		push	{r7, lr}
 164              		.cfi_def_cfa_offset 8
 165              		.cfi_offset 7, -8
 166              		.cfi_offset 14, -4
 167 0002 86B0     		sub	sp, sp, #24
 168              		.cfi_def_cfa_offset 32
 169 0004 00AF     		add	r7, sp, #0
 170              		.cfi_def_cfa_register 7
 315:Generated_Source\PSoC4/Cm0Start.c ****     #ifdef CY_BOOT_START_C_CALLBACK
 316:Generated_Source\PSoC4/Cm0Start.c ****         CyBoot_Start_c_Callback();
 317:Generated_Source\PSoC4/Cm0Start.c ****     #else
 318:Generated_Source\PSoC4/Cm0Start.c ****         unsigned regions = __cy_region_num;
 171              		.loc 1 318 0
 172 0006 224B     		ldr	r3, .L20
 173 0008 7B61     		str	r3, [r7, #20]
 319:Generated_Source\PSoC4/Cm0Start.c ****         const struct __cy_region *rptr = __cy_regions;
 174              		.loc 1 319 0
 175 000a 224B     		ldr	r3, .L20+4
 176 000c 3B61     		str	r3, [r7, #16]
 320:Generated_Source\PSoC4/Cm0Start.c **** 
 321:Generated_Source\PSoC4/Cm0Start.c ****         /* Initialize memory */
 322:Generated_Source\PSoC4/Cm0Start.c ****         for (regions = __cy_region_num; regions != 0u; regions--)
 177              		.loc 1 322 0
 178 000e 204B     		ldr	r3, .L20
 179 0010 7B61     		str	r3, [r7, #20]
 180 0012 35E0     		b	.L13
 181              	.L18:
 182              	.LBB2:
 323:Generated_Source\PSoC4/Cm0Start.c ****         {
 324:Generated_Source\PSoC4/Cm0Start.c ****             uint32 *src = (uint32 *)rptr->init;
 183              		.loc 1 324 0
 184 0014 3B69     		ldr	r3, [r7, #16]
 185 0016 1B68     		ldr	r3, [r3]
 186 0018 FB60     		str	r3, [r7, #12]
 325:Generated_Source\PSoC4/Cm0Start.c ****             uint32 *dst = (uint32 *)rptr->data;
 187              		.loc 1 325 0
 188 001a 3B69     		ldr	r3, [r7, #16]
ARM GAS  C:\Users\ANDREW~1\AppData\Local\Temp\ccl4sfhJ.s 			page 10


 189 001c 5B68     		ldr	r3, [r3, #4]
 190 001e BB60     		str	r3, [r7, #8]
 326:Generated_Source\PSoC4/Cm0Start.c ****             unsigned limit = rptr->init_size;
 191              		.loc 1 326 0
 192 0020 3B69     		ldr	r3, [r7, #16]
 193 0022 9B68     		ldr	r3, [r3, #8]
 194 0024 3B60     		str	r3, [r7]
 327:Generated_Source\PSoC4/Cm0Start.c ****             unsigned count;
 328:Generated_Source\PSoC4/Cm0Start.c **** 
 329:Generated_Source\PSoC4/Cm0Start.c ****             for (count = 0u; count != limit; count += sizeof (uint32))
 195              		.loc 1 329 0
 196 0026 0023     		mov	r3, #0
 197 0028 7B60     		str	r3, [r7, #4]
 198 002a 0CE0     		b	.L14
 199              	.L15:
 330:Generated_Source\PSoC4/Cm0Start.c ****             {
 331:Generated_Source\PSoC4/Cm0Start.c ****                 *dst = *src;
 200              		.loc 1 331 0 discriminator 3
 201 002c FB68     		ldr	r3, [r7, #12]
 202 002e 1A68     		ldr	r2, [r3]
 203 0030 BB68     		ldr	r3, [r7, #8]
 204 0032 1A60     		str	r2, [r3]
 332:Generated_Source\PSoC4/Cm0Start.c ****                 dst++;
 205              		.loc 1 332 0 discriminator 3
 206 0034 BB68     		ldr	r3, [r7, #8]
 207 0036 0433     		add	r3, r3, #4
 208 0038 BB60     		str	r3, [r7, #8]
 333:Generated_Source\PSoC4/Cm0Start.c ****                 src++;
 209              		.loc 1 333 0 discriminator 3
 210 003a FB68     		ldr	r3, [r7, #12]
 211 003c 0433     		add	r3, r3, #4
 212 003e FB60     		str	r3, [r7, #12]
 329:Generated_Source\PSoC4/Cm0Start.c ****             {
 213              		.loc 1 329 0 discriminator 3
 214 0040 7B68     		ldr	r3, [r7, #4]
 215 0042 0433     		add	r3, r3, #4
 216 0044 7B60     		str	r3, [r7, #4]
 217              	.L14:
 329:Generated_Source\PSoC4/Cm0Start.c ****             {
 218              		.loc 1 329 0 is_stmt 0 discriminator 1
 219 0046 7A68     		ldr	r2, [r7, #4]
 220 0048 3B68     		ldr	r3, [r7]
 221 004a 9A42     		cmp	r2, r3
 222 004c EED1     		bne	.L15
 334:Generated_Source\PSoC4/Cm0Start.c ****             }
 335:Generated_Source\PSoC4/Cm0Start.c ****             limit = rptr->zero_size;
 223              		.loc 1 335 0 is_stmt 1
 224 004e 3B69     		ldr	r3, [r7, #16]
 225 0050 DB68     		ldr	r3, [r3, #12]
 226 0052 3B60     		str	r3, [r7]
 336:Generated_Source\PSoC4/Cm0Start.c ****             for (count = 0u; count != limit; count += sizeof (uint32))
 227              		.loc 1 336 0
 228 0054 0023     		mov	r3, #0
 229 0056 7B60     		str	r3, [r7, #4]
 230 0058 08E0     		b	.L16
 231              	.L17:
 337:Generated_Source\PSoC4/Cm0Start.c ****             {
ARM GAS  C:\Users\ANDREW~1\AppData\Local\Temp\ccl4sfhJ.s 			page 11


 338:Generated_Source\PSoC4/Cm0Start.c ****                 *dst = 0u;
 232              		.loc 1 338 0 discriminator 3
 233 005a BB68     		ldr	r3, [r7, #8]
 234 005c 0022     		mov	r2, #0
 235 005e 1A60     		str	r2, [r3]
 339:Generated_Source\PSoC4/Cm0Start.c ****                 dst++;
 236              		.loc 1 339 0 discriminator 3
 237 0060 BB68     		ldr	r3, [r7, #8]
 238 0062 0433     		add	r3, r3, #4
 239 0064 BB60     		str	r3, [r7, #8]
 336:Generated_Source\PSoC4/Cm0Start.c ****             for (count = 0u; count != limit; count += sizeof (uint32))
 240              		.loc 1 336 0 discriminator 3
 241 0066 7B68     		ldr	r3, [r7, #4]
 242 0068 0433     		add	r3, r3, #4
 243 006a 7B60     		str	r3, [r7, #4]
 244              	.L16:
 336:Generated_Source\PSoC4/Cm0Start.c ****             for (count = 0u; count != limit; count += sizeof (uint32))
 245              		.loc 1 336 0 is_stmt 0 discriminator 1
 246 006c 7A68     		ldr	r2, [r7, #4]
 247 006e 3B68     		ldr	r3, [r7]
 248 0070 9A42     		cmp	r2, r3
 249 0072 F2D1     		bne	.L17
 340:Generated_Source\PSoC4/Cm0Start.c ****             }
 341:Generated_Source\PSoC4/Cm0Start.c **** 
 342:Generated_Source\PSoC4/Cm0Start.c ****             rptr++;
 250              		.loc 1 342 0 is_stmt 1 discriminator 2
 251 0074 3B69     		ldr	r3, [r7, #16]
 252 0076 1033     		add	r3, r3, #16
 253 0078 3B61     		str	r3, [r7, #16]
 254              	.LBE2:
 322:Generated_Source\PSoC4/Cm0Start.c ****         {
 255              		.loc 1 322 0 discriminator 2
 256 007a 7B69     		ldr	r3, [r7, #20]
 257 007c 013B     		sub	r3, r3, #1
 258 007e 7B61     		str	r3, [r7, #20]
 259              	.L13:
 322:Generated_Source\PSoC4/Cm0Start.c ****         {
 260              		.loc 1 322 0 is_stmt 0 discriminator 1
 261 0080 7B69     		ldr	r3, [r7, #20]
 262 0082 002B     		cmp	r3, #0
 263 0084 C6D1     		bne	.L18
 343:Generated_Source\PSoC4/Cm0Start.c ****         }
 344:Generated_Source\PSoC4/Cm0Start.c **** 
 345:Generated_Source\PSoC4/Cm0Start.c ****         /* Invoke static objects constructors */
 346:Generated_Source\PSoC4/Cm0Start.c ****         __libc_init_array();
 264              		.loc 1 346 0 is_stmt 1
 265 0086 FFF7FEFF 		bl	__libc_init_array
 347:Generated_Source\PSoC4/Cm0Start.c ****         (void) main();
 266              		.loc 1 347 0
 267 008a FFF7FEFF 		bl	main
 268              	.L19:
 348:Generated_Source\PSoC4/Cm0Start.c **** 
 349:Generated_Source\PSoC4/Cm0Start.c ****         while (1)
 350:Generated_Source\PSoC4/Cm0Start.c ****         {
 351:Generated_Source\PSoC4/Cm0Start.c ****             /* If main returns, make sure we don't return. */
 352:Generated_Source\PSoC4/Cm0Start.c ****         }
 269              		.loc 1 352 0 discriminator 1
ARM GAS  C:\Users\ANDREW~1\AppData\Local\Temp\ccl4sfhJ.s 			page 12


 270 008e FEE7     		b	.L19
 271              	.L21:
 272              		.align	2
 273              	.L20:
 274 0090 00000000 		.word	__cy_region_num
 275 0094 00000000 		.word	__cy_regions
 276              		.cfi_endproc
 277              	.LFE5:
 278              		.size	Start_c, .-Start_c
 279              		.section	.text.Reset,"ax",%progbits
 280              		.align	2
 281              		.global	Reset
 282              		.code	16
 283              		.thumb_func
 284              		.type	Reset, %function
 285              	Reset:
 286              	.LFB6:
 353:Generated_Source\PSoC4/Cm0Start.c **** 
 354:Generated_Source\PSoC4/Cm0Start.c ****     #endif /* CY_BOOT_START_C_CALLBACK */
 355:Generated_Source\PSoC4/Cm0Start.c **** }
 356:Generated_Source\PSoC4/Cm0Start.c **** 
 357:Generated_Source\PSoC4/Cm0Start.c **** 
 358:Generated_Source\PSoC4/Cm0Start.c **** /*******************************************************************************
 359:Generated_Source\PSoC4/Cm0Start.c **** * Function Name: Reset
 360:Generated_Source\PSoC4/Cm0Start.c **** ****************************************************************************//**
 361:Generated_Source\PSoC4/Cm0Start.c **** *
 362:Generated_Source\PSoC4/Cm0Start.c **** * This function handles the reset interrupt for the GCC toolchain.  This is
 363:Generated_Source\PSoC4/Cm0Start.c **** * the first bit of code that is executed at startup.
 364:Generated_Source\PSoC4/Cm0Start.c **** *
 365:Generated_Source\PSoC4/Cm0Start.c **** *******************************************************************************/
 366:Generated_Source\PSoC4/Cm0Start.c **** void Reset(void)
 367:Generated_Source\PSoC4/Cm0Start.c **** {
 287              		.loc 1 367 0
 288              		.cfi_startproc
 289 0000 80B5     		push	{r7, lr}
 290              		.cfi_def_cfa_offset 8
 291              		.cfi_offset 7, -8
 292              		.cfi_offset 14, -4
 293 0002 00AF     		add	r7, sp, #0
 294              		.cfi_def_cfa_register 7
 368:Generated_Source\PSoC4/Cm0Start.c ****     #if (CYDEV_PROJ_TYPE == CYDEV_PROJ_TYPE_LOADABLE || CYDEV_PROJ_TYPE == CYDEV_PROJ_TYPE_LOADABLE
 369:Generated_Source\PSoC4/Cm0Start.c **** 
 370:Generated_Source\PSoC4/Cm0Start.c ****         /* The bootloadable application image is started at Reset() handler
 371:Generated_Source\PSoC4/Cm0Start.c ****         * as a result of a branch instruction execution from the bootloader.
 372:Generated_Source\PSoC4/Cm0Start.c ****         * So, the stack pointer needs to be reset to be sure that
 373:Generated_Source\PSoC4/Cm0Start.c ****         * there is no garbage in the stack.
 374:Generated_Source\PSoC4/Cm0Start.c ****         */
 375:Generated_Source\PSoC4/Cm0Start.c ****         __asm volatile ("MSR msp, %0\n" : : "r" ((uint32)&__cy_stack) : "sp");
 376:Generated_Source\PSoC4/Cm0Start.c ****     #endif /* CYDEV_PROJ_TYPE_LOADABLE */
 377:Generated_Source\PSoC4/Cm0Start.c **** 
 378:Generated_Source\PSoC4/Cm0Start.c ****     #if(CY_IP_SRSSLT)
 379:Generated_Source\PSoC4/Cm0Start.c ****         CySysWdtDisable();
 380:Generated_Source\PSoC4/Cm0Start.c ****     #endif  /* (CY_IP_SRSSLT) */
 381:Generated_Source\PSoC4/Cm0Start.c **** 
 382:Generated_Source\PSoC4/Cm0Start.c ****     #if ((CYDEV_BOOTLOADER_ENABLE) && (CYDEV_PROJ_TYPE != CYDEV_PROJ_TYPE_LOADABLEANDBOOTLOADER))
 383:Generated_Source\PSoC4/Cm0Start.c ****         CyBtldr_CheckLaunch();
 384:Generated_Source\PSoC4/Cm0Start.c ****     #endif /* ((CYDEV_BOOTLOADER_ENABLE) && (CYDEV_PROJ_TYPE != CYDEV_PROJ_TYPE_LOADABLEANDBOOTLOAD
ARM GAS  C:\Users\ANDREW~1\AppData\Local\Temp\ccl4sfhJ.s 			page 13


 385:Generated_Source\PSoC4/Cm0Start.c ****     Start_c();
 295              		.loc 1 385 0
 296 0004 FFF7FEFF 		bl	Start_c
 297              		.cfi_endproc
 298              	.LFE6:
 299              		.size	Reset, .-Reset
 300              		.global	CyRamVectors
 301              		.section	.ramvectors,"aw",%progbits
 302              		.align	2
 303              		.type	CyRamVectors, %object
 304              		.size	CyRamVectors, 192
 305              	CyRamVectors:
 306 0000 00000000 		.space	192
 306      00000000 
 306      00000000 
 306      00000000 
 306      00000000 
 307              		.global	RomVectors
 308              		.section	.romvectors,"a",%progbits
 309              		.align	2
 310              		.type	RomVectors, %object
 311              		.size	RomVectors, 16
 312              	RomVectors:
 313 0000 00000000 		.word	__cy_stack
 314 0004 00000000 		.word	Reset
 315 0008 00000000 		.word	IntDefaultHandler
 316 000c 00000000 		.word	IntDefaultHandler
 317              		.section	.text.initialize_psoc,"ax",%progbits
 318              		.align	2
 319              		.global	initialize_psoc
 320              		.code	16
 321              		.thumb_func
 322              		.type	initialize_psoc, %function
 323              	initialize_psoc:
 324              	.LFB7:
 386:Generated_Source\PSoC4/Cm0Start.c **** }
 387:Generated_Source\PSoC4/Cm0Start.c **** 
 388:Generated_Source\PSoC4/Cm0Start.c **** #elif defined (__ICCARM__)
 389:Generated_Source\PSoC4/Cm0Start.c **** 
 390:Generated_Source\PSoC4/Cm0Start.c **** 
 391:Generated_Source\PSoC4/Cm0Start.c **** /*******************************************************************************
 392:Generated_Source\PSoC4/Cm0Start.c **** * Function Name: __low_level_init
 393:Generated_Source\PSoC4/Cm0Start.c **** ****************************************************************************//**
 394:Generated_Source\PSoC4/Cm0Start.c **** *
 395:Generated_Source\PSoC4/Cm0Start.c **** * This function performs early initializations for the IAR Embedded
 396:Generated_Source\PSoC4/Cm0Start.c **** * Workbench IDE. It is executed in the context of reset interrupt handler
 397:Generated_Source\PSoC4/Cm0Start.c **** * before the data sections are initialized.
 398:Generated_Source\PSoC4/Cm0Start.c **** *
 399:Generated_Source\PSoC4/Cm0Start.c **** * \return The value that determines whether or not data sections should be
 400:Generated_Source\PSoC4/Cm0Start.c **** * initialized by the system startup code:
 401:Generated_Source\PSoC4/Cm0Start.c **** *    0 - skip data sections initialization;
 402:Generated_Source\PSoC4/Cm0Start.c **** *    1 - initialize data sections;
 403:Generated_Source\PSoC4/Cm0Start.c **** *
 404:Generated_Source\PSoC4/Cm0Start.c **** *******************************************************************************/
 405:Generated_Source\PSoC4/Cm0Start.c **** #pragma inline = never
 406:Generated_Source\PSoC4/Cm0Start.c **** int __low_level_init(void)
 407:Generated_Source\PSoC4/Cm0Start.c **** {
ARM GAS  C:\Users\ANDREW~1\AppData\Local\Temp\ccl4sfhJ.s 			page 14


 408:Generated_Source\PSoC4/Cm0Start.c ****     #if(CY_IP_SRSSLT)
 409:Generated_Source\PSoC4/Cm0Start.c ****         CySysWdtDisable();
 410:Generated_Source\PSoC4/Cm0Start.c ****     #endif  /* (CY_IP_SRSSLT) */
 411:Generated_Source\PSoC4/Cm0Start.c **** 
 412:Generated_Source\PSoC4/Cm0Start.c **** #if ((CYDEV_BOOTLOADER_ENABLE) && (CYDEV_PROJ_TYPE != CYDEV_PROJ_TYPE_LOADABLEANDBOOTLOADER))
 413:Generated_Source\PSoC4/Cm0Start.c ****     CyBtldr_CheckLaunch();
 414:Generated_Source\PSoC4/Cm0Start.c **** #endif /* ((CYDEV_BOOTLOADER_ENABLE) && (CYDEV_PROJ_TYPE != CYDEV_PROJ_TYPE_LOADABLEANDBOOTLOADER))
 415:Generated_Source\PSoC4/Cm0Start.c **** 
 416:Generated_Source\PSoC4/Cm0Start.c ****     /* Initialize data sections */
 417:Generated_Source\PSoC4/Cm0Start.c ****     __iar_data_init3();
 418:Generated_Source\PSoC4/Cm0Start.c **** 
 419:Generated_Source\PSoC4/Cm0Start.c ****     initialize_psoc();
 420:Generated_Source\PSoC4/Cm0Start.c **** 
 421:Generated_Source\PSoC4/Cm0Start.c ****     return 0;
 422:Generated_Source\PSoC4/Cm0Start.c **** }
 423:Generated_Source\PSoC4/Cm0Start.c **** 
 424:Generated_Source\PSoC4/Cm0Start.c **** #endif /* __GNUC__ */
 425:Generated_Source\PSoC4/Cm0Start.c **** 
 426:Generated_Source\PSoC4/Cm0Start.c **** 
 427:Generated_Source\PSoC4/Cm0Start.c **** /*******************************************************************************
 428:Generated_Source\PSoC4/Cm0Start.c **** * Ram Interrupt Vector table storage area. Must be placed at 0x20000000.
 429:Generated_Source\PSoC4/Cm0Start.c **** *******************************************************************************/
 430:Generated_Source\PSoC4/Cm0Start.c **** 
 431:Generated_Source\PSoC4/Cm0Start.c **** #if defined (__ICCARM__)
 432:Generated_Source\PSoC4/Cm0Start.c ****     #pragma location=".ramvectors"
 433:Generated_Source\PSoC4/Cm0Start.c **** #elif defined (__ARMCC_VERSION)
 434:Generated_Source\PSoC4/Cm0Start.c ****     #ifndef CY_SYS_RAM_VECTOR_SECTION
 435:Generated_Source\PSoC4/Cm0Start.c ****         #define CY_SYS_RAM_VECTOR_SECTION __attribute__((section(".ramvectors"), zero_init))
 436:Generated_Source\PSoC4/Cm0Start.c ****     #endif /* CY_SYS_RAM_VECTOR_SECTION */
 437:Generated_Source\PSoC4/Cm0Start.c ****     CY_SYS_RAM_VECTOR_SECTION    
 438:Generated_Source\PSoC4/Cm0Start.c **** #else
 439:Generated_Source\PSoC4/Cm0Start.c ****     #ifndef CY_SYS_RAM_VECTOR_SECTION
 440:Generated_Source\PSoC4/Cm0Start.c ****         #define CY_SYS_RAM_VECTOR_SECTION CY_SECTION(".ramvectors")
 441:Generated_Source\PSoC4/Cm0Start.c ****     #endif /* CY_SYS_RAM_VECTOR_SECTION */
 442:Generated_Source\PSoC4/Cm0Start.c ****     CY_SYS_RAM_VECTOR_SECTION
 443:Generated_Source\PSoC4/Cm0Start.c **** #endif  /* defined (__ICCARM__) */
 444:Generated_Source\PSoC4/Cm0Start.c **** cyisraddress CyRamVectors[CY_NUM_VECTORS];
 445:Generated_Source\PSoC4/Cm0Start.c **** 
 446:Generated_Source\PSoC4/Cm0Start.c **** 
 447:Generated_Source\PSoC4/Cm0Start.c **** /*******************************************************************************
 448:Generated_Source\PSoC4/Cm0Start.c **** * Rom Interrupt Vector table storage area. Must be 256-byte aligned.
 449:Generated_Source\PSoC4/Cm0Start.c **** *******************************************************************************/
 450:Generated_Source\PSoC4/Cm0Start.c **** 
 451:Generated_Source\PSoC4/Cm0Start.c **** #if defined(__ARMCC_VERSION)
 452:Generated_Source\PSoC4/Cm0Start.c ****     /* Suppress diagnostic message 1296-D: extended constant initialiser used */
 453:Generated_Source\PSoC4/Cm0Start.c ****     #pragma diag_suppress 1296
 454:Generated_Source\PSoC4/Cm0Start.c **** #endif  /* defined(__ARMCC_VERSION) */
 455:Generated_Source\PSoC4/Cm0Start.c **** 
 456:Generated_Source\PSoC4/Cm0Start.c **** #if defined (__ICCARM__)
 457:Generated_Source\PSoC4/Cm0Start.c ****     #pragma location=".romvectors"
 458:Generated_Source\PSoC4/Cm0Start.c ****     const intvec_elem __vector_table[CY_NUM_ROM_VECTORS] =
 459:Generated_Source\PSoC4/Cm0Start.c **** #else
 460:Generated_Source\PSoC4/Cm0Start.c ****     #ifndef CY_SYS_ROM_VECTOR_SECTION
 461:Generated_Source\PSoC4/Cm0Start.c ****         #define CY_SYS_ROM_VECTOR_SECTION CY_SECTION(".romvectors")
 462:Generated_Source\PSoC4/Cm0Start.c ****     #endif /* CY_SYS_ROM_VECTOR_SECTION */
 463:Generated_Source\PSoC4/Cm0Start.c ****     CY_SYS_ROM_VECTOR_SECTION
 464:Generated_Source\PSoC4/Cm0Start.c ****     const cyisraddress RomVectors[CY_NUM_ROM_VECTORS] =
ARM GAS  C:\Users\ANDREW~1\AppData\Local\Temp\ccl4sfhJ.s 			page 15


 465:Generated_Source\PSoC4/Cm0Start.c **** #endif  /* defined (__ICCARM__) */
 466:Generated_Source\PSoC4/Cm0Start.c **** {
 467:Generated_Source\PSoC4/Cm0Start.c ****     CY_SYS_INITIAL_STACK_POINTER,   /* The initial stack pointer  0 */
 468:Generated_Source\PSoC4/Cm0Start.c ****     #if defined (__ICCARM__) /* The reset handler          1 */
 469:Generated_Source\PSoC4/Cm0Start.c ****         __iar_program_start,
 470:Generated_Source\PSoC4/Cm0Start.c ****     #else
 471:Generated_Source\PSoC4/Cm0Start.c ****         (cyisraddress)&Reset,
 472:Generated_Source\PSoC4/Cm0Start.c ****     #endif  /* defined (__ICCARM__) */
 473:Generated_Source\PSoC4/Cm0Start.c ****     &IntDefaultHandler,      /* The NMI handler            2 */
 474:Generated_Source\PSoC4/Cm0Start.c ****     &IntDefaultHandler,      /* The hard fault handler     3 */
 475:Generated_Source\PSoC4/Cm0Start.c **** };
 476:Generated_Source\PSoC4/Cm0Start.c **** 
 477:Generated_Source\PSoC4/Cm0Start.c **** #if defined(__ARMCC_VERSION)
 478:Generated_Source\PSoC4/Cm0Start.c ****     #pragma diag_default 1296
 479:Generated_Source\PSoC4/Cm0Start.c **** #endif  /* defined(__ARMCC_VERSION) */
 480:Generated_Source\PSoC4/Cm0Start.c **** 
 481:Generated_Source\PSoC4/Cm0Start.c **** 
 482:Generated_Source\PSoC4/Cm0Start.c **** /*******************************************************************************
 483:Generated_Source\PSoC4/Cm0Start.c **** * Function Name: initialize_psoc
 484:Generated_Source\PSoC4/Cm0Start.c **** ****************************************************************************//**
 485:Generated_Source\PSoC4/Cm0Start.c **** *
 486:Generated_Source\PSoC4/Cm0Start.c **** * This function is used to initialize the PSoC chip before calling main.
 487:Generated_Source\PSoC4/Cm0Start.c **** *
 488:Generated_Source\PSoC4/Cm0Start.c **** *******************************************************************************/
 489:Generated_Source\PSoC4/Cm0Start.c **** #if(defined(__GNUC__) && !defined(__ARMCC_VERSION))
 490:Generated_Source\PSoC4/Cm0Start.c **** __attribute__ ((constructor(101)))
 491:Generated_Source\PSoC4/Cm0Start.c **** #endif  /* (defined(__GNUC__) && !defined(__ARMCC_VERSION)) */
 492:Generated_Source\PSoC4/Cm0Start.c **** void initialize_psoc(void)
 493:Generated_Source\PSoC4/Cm0Start.c **** {
 325              		.loc 1 493 0
 326              		.cfi_startproc
 327 0000 80B5     		push	{r7, lr}
 328              		.cfi_def_cfa_offset 8
 329              		.cfi_offset 7, -8
 330              		.cfi_offset 14, -4
 331 0002 82B0     		sub	sp, sp, #8
 332              		.cfi_def_cfa_offset 16
 333 0004 00AF     		add	r7, sp, #0
 334              		.cfi_def_cfa_register 7
 494:Generated_Source\PSoC4/Cm0Start.c ****     uint32 indexInit;
 495:Generated_Source\PSoC4/Cm0Start.c **** 
 496:Generated_Source\PSoC4/Cm0Start.c ****     #if(CY_IP_CPUSSV2)
 497:Generated_Source\PSoC4/Cm0Start.c ****         #if (CY_IP_CPUSS_CM0)
 498:Generated_Source\PSoC4/Cm0Start.c ****             /***********************************************************************
 499:Generated_Source\PSoC4/Cm0Start.c ****             * Make sure that Vector Table is located at 0000_0000 in Flash, before
 500:Generated_Source\PSoC4/Cm0Start.c ****             * accessing RomVectors or calling functions that may be placed in
 501:Generated_Source\PSoC4/Cm0Start.c ****             * .psocinit (cyfitter_cfg and ClockSetup). Note The CY_CPUSS_CONFIG_REG
 502:Generated_Source\PSoC4/Cm0Start.c ****             * register is retention for the specified device family.
 503:Generated_Source\PSoC4/Cm0Start.c ****             ***********************************************************************/
 504:Generated_Source\PSoC4/Cm0Start.c ****             CY_CPUSS_CONFIG_REG &= (uint32) ~CY_CPUSS_CONFIG_VECT_IN_RAM;
 335              		.loc 1 504 0
 336 0006 154B     		ldr	r3, .L28
 337 0008 144A     		ldr	r2, .L28
 338 000a 1268     		ldr	r2, [r2]
 339 000c 0121     		mov	r1, #1
 340 000e 8A43     		bic	r2, r1
 341 0010 1A60     		str	r2, [r3]
ARM GAS  C:\Users\ANDREW~1\AppData\Local\Temp\ccl4sfhJ.s 			page 16


 505:Generated_Source\PSoC4/Cm0Start.c ****         #endif /* (CY_IP_CPUSS_CM0) */
 506:Generated_Source\PSoC4/Cm0Start.c ****     #endif  /* (CY_IP_CPUSSV2) */
 507:Generated_Source\PSoC4/Cm0Start.c **** 
 508:Generated_Source\PSoC4/Cm0Start.c ****     /* Set Ram interrupt vectors to default functions. */
 509:Generated_Source\PSoC4/Cm0Start.c ****     for (indexInit = 0u; indexInit < CY_NUM_VECTORS; indexInit++)
 342              		.loc 1 509 0
 343 0012 0023     		mov	r3, #0
 344 0014 7B60     		str	r3, [r7, #4]
 345 0016 0FE0     		b	.L24
 346              	.L27:
 510:Generated_Source\PSoC4/Cm0Start.c ****     {
 511:Generated_Source\PSoC4/Cm0Start.c ****         CyRamVectors[indexInit] = (indexInit < CY_NUM_ROM_VECTORS) ?
 512:Generated_Source\PSoC4/Cm0Start.c ****             #if defined (__ICCARM__)
 513:Generated_Source\PSoC4/Cm0Start.c ****                 __vector_table[indexInit].__fun : &IntDefaultHandler;
 514:Generated_Source\PSoC4/Cm0Start.c ****             #else
 515:Generated_Source\PSoC4/Cm0Start.c ****                 RomVectors[indexInit] : &IntDefaultHandler;
 347              		.loc 1 515 0
 348 0018 7B68     		ldr	r3, [r7, #4]
 349 001a 032B     		cmp	r3, #3
 350 001c 04D8     		bhi	.L25
 351              		.loc 1 515 0 is_stmt 0 discriminator 1
 352 001e 104B     		ldr	r3, .L28+4
 353 0020 7A68     		ldr	r2, [r7, #4]
 354 0022 9200     		lsl	r2, r2, #2
 355 0024 D358     		ldr	r3, [r2, r3]
 356 0026 00E0     		b	.L26
 357              	.L25:
 358              		.loc 1 515 0 discriminator 2
 359 0028 0E4B     		ldr	r3, .L28+8
 360              	.L26:
 511:Generated_Source\PSoC4/Cm0Start.c ****             #if defined (__ICCARM__)
 361              		.loc 1 511 0 is_stmt 1 discriminator 2
 362 002a 0F4A     		ldr	r2, .L28+12
 363 002c 7968     		ldr	r1, [r7, #4]
 364 002e 8900     		lsl	r1, r1, #2
 365 0030 8B50     		str	r3, [r1, r2]
 509:Generated_Source\PSoC4/Cm0Start.c ****     {
 366              		.loc 1 509 0 discriminator 2
 367 0032 7B68     		ldr	r3, [r7, #4]
 368 0034 0133     		add	r3, r3, #1
 369 0036 7B60     		str	r3, [r7, #4]
 370              	.L24:
 509:Generated_Source\PSoC4/Cm0Start.c ****     {
 371              		.loc 1 509 0 is_stmt 0 discriminator 1
 372 0038 7B68     		ldr	r3, [r7, #4]
 373 003a 2F2B     		cmp	r3, #47
 374 003c ECD9     		bls	.L27
 516:Generated_Source\PSoC4/Cm0Start.c ****             #endif  /* defined (__ICCARM__) */
 517:Generated_Source\PSoC4/Cm0Start.c ****     }
 518:Generated_Source\PSoC4/Cm0Start.c **** 
 519:Generated_Source\PSoC4/Cm0Start.c ****     /* Initialize configuration registers. */
 520:Generated_Source\PSoC4/Cm0Start.c ****     cyfitter_cfg();
 375              		.loc 1 520 0 is_stmt 1
 376 003e FFF7FEFF 		bl	cyfitter_cfg
 521:Generated_Source\PSoC4/Cm0Start.c **** 
 522:Generated_Source\PSoC4/Cm0Start.c ****     #if !defined (__ICCARM__)
 523:Generated_Source\PSoC4/Cm0Start.c ****         /* Actually, no need to clean this variable, just to make compiler happy. */
ARM GAS  C:\Users\ANDREW~1\AppData\Local\Temp\ccl4sfhJ.s 			page 17


 524:Generated_Source\PSoC4/Cm0Start.c ****         cySysNoInitDataValid = 0u;
 377              		.loc 1 524 0
 378 0042 0A4B     		ldr	r3, .L28+16
 379 0044 0022     		mov	r2, #0
 380 0046 1A60     		str	r2, [r3]
 525:Generated_Source\PSoC4/Cm0Start.c ****     #endif  /* !defined (__ICCARM__) */
 526:Generated_Source\PSoC4/Cm0Start.c **** 
 527:Generated_Source\PSoC4/Cm0Start.c ****     #if (CYDEV_PROJ_TYPE != CYDEV_PROJ_TYPE_STANDARD)
 528:Generated_Source\PSoC4/Cm0Start.c **** 
 529:Generated_Source\PSoC4/Cm0Start.c ****         /* Need to make sure that this variable will not be optimized out */
 530:Generated_Source\PSoC4/Cm0Start.c ****         if (0u == cyBtldrRunType)
 531:Generated_Source\PSoC4/Cm0Start.c ****         {
 532:Generated_Source\PSoC4/Cm0Start.c ****             cyBtldrRunType = 0u;
 533:Generated_Source\PSoC4/Cm0Start.c ****         }
 534:Generated_Source\PSoC4/Cm0Start.c **** 
 535:Generated_Source\PSoC4/Cm0Start.c ****     #endif  /* (CYDEV_PROJ_TYPE != CYDEV_PROJ_TYPE_STANDARD) */
 536:Generated_Source\PSoC4/Cm0Start.c **** 
 537:Generated_Source\PSoC4/Cm0Start.c ****     #if (CY_IP_CPUSS_CM0)
 538:Generated_Source\PSoC4/Cm0Start.c ****         /* Vector Table is located at 0x2000:0000 in SRAM */
 539:Generated_Source\PSoC4/Cm0Start.c ****         CY_CPUSS_CONFIG_REG |= CY_CPUSS_CONFIG_VECT_IN_RAM;
 381              		.loc 1 539 0
 382 0048 044B     		ldr	r3, .L28
 383 004a 044A     		ldr	r2, .L28
 384 004c 1268     		ldr	r2, [r2]
 385 004e 0121     		mov	r1, #1
 386 0050 0A43     		orr	r2, r1
 387 0052 1A60     		str	r2, [r3]
 540:Generated_Source\PSoC4/Cm0Start.c **** 	#else
 541:Generated_Source\PSoC4/Cm0Start.c **** 		(*(uint32 *)CYREG_CM0P_VTOR) = CY_CPUSS_CONFIG_VECT_ADDR_IN_RAM;
 542:Generated_Source\PSoC4/Cm0Start.c ****     #endif /* (CY_IP_CPUSS_CM0) */
 543:Generated_Source\PSoC4/Cm0Start.c **** }
 388              		.loc 1 543 0
 389 0054 BD46     		mov	sp, r7
 390 0056 02B0     		add	sp, sp, #8
 391              		@ sp needed
 392 0058 80BD     		pop	{r7, pc}
 393              	.L29:
 394 005a C046     		.align	2
 395              	.L28:
 396 005c 00001040 		.word	1074790400
 397 0060 00000000 		.word	RomVectors
 398 0064 00000000 		.word	IntDefaultHandler
 399 0068 00000000 		.word	CyRamVectors
 400 006c 00000000 		.word	cySysNoInitDataValid
 401              		.cfi_endproc
 402              	.LFE7:
 403              		.size	initialize_psoc, .-initialize_psoc
 404              		.section	.init_array,"aw",%init_array
 405              		.align	2
 406 0000 00000000 		.word	initialize_psoc(target1)
 407              		.data
 408              		.align	2
 409              		.type	heapPointer.4760, %object
 410              		.size	heapPointer.4760, 4
 411              	heapPointer.4760:
 412 0000 00000000 		.word	end
 413              		.weak	__cy_region_num
ARM GAS  C:\Users\ANDREW~1\AppData\Local\Temp\ccl4sfhJ.s 			page 18


 414              		.text
 415              	.Letext0:
 416              		.file 2 "Generated_Source\\PSoC4\\cytypes.h"
 417              		.file 3 "c:\\program files (x86)\\cypress\\psoc creator\\4.0\\psoc creator\\import\\gnu\\arm\\4.9.
 418              		.section	.debug_info,"",%progbits
 419              	.Ldebug_info0:
 420 0000 FC020000 		.4byte	0x2fc
 421 0004 0400     		.2byte	0x4
 422 0006 00000000 		.4byte	.Ldebug_abbrev0
 423 000a 04       		.byte	0x4
 424 000b 01       		.uleb128 0x1
 425 000c 77000000 		.4byte	.LASF42
 426 0010 01       		.byte	0x1
 427 0011 09020000 		.4byte	.LASF43
 428 0015 00000000 		.4byte	.LASF44
 429 0019 00000000 		.4byte	.Ldebug_ranges0+0
 430 001d 00000000 		.4byte	0
 431 0021 00000000 		.4byte	.Ldebug_line0
 432 0025 02       		.uleb128 0x2
 433 0026 01       		.byte	0x1
 434 0027 06       		.byte	0x6
 435 0028 BD020000 		.4byte	.LASF0
 436 002c 02       		.uleb128 0x2
 437 002d 01       		.byte	0x1
 438 002e 08       		.byte	0x8
 439 002f 7C010000 		.4byte	.LASF1
 440 0033 02       		.uleb128 0x2
 441 0034 02       		.byte	0x2
 442 0035 05       		.byte	0x5
 443 0036 AA020000 		.4byte	.LASF2
 444 003a 02       		.uleb128 0x2
 445 003b 02       		.byte	0x2
 446 003c 07       		.byte	0x7
 447 003d 33010000 		.4byte	.LASF3
 448 0041 02       		.uleb128 0x2
 449 0042 04       		.byte	0x4
 450 0043 05       		.byte	0x5
 451 0044 B4020000 		.4byte	.LASF4
 452 0048 02       		.uleb128 0x2
 453 0049 04       		.byte	0x4
 454 004a 07       		.byte	0x7
 455 004b A1010000 		.4byte	.LASF5
 456 004f 02       		.uleb128 0x2
 457 0050 08       		.byte	0x8
 458 0051 05       		.byte	0x5
 459 0052 97020000 		.4byte	.LASF6
 460 0056 02       		.uleb128 0x2
 461 0057 08       		.byte	0x8
 462 0058 07       		.byte	0x7
 463 0059 49020000 		.4byte	.LASF7
 464 005d 03       		.uleb128 0x3
 465 005e 04       		.byte	0x4
 466 005f 05       		.byte	0x5
 467 0060 696E7400 		.ascii	"int\000"
 468 0064 02       		.uleb128 0x2
 469 0065 04       		.byte	0x4
 470 0066 07       		.byte	0x7
ARM GAS  C:\Users\ANDREW~1\AppData\Local\Temp\ccl4sfhJ.s 			page 19


 471 0067 3C020000 		.4byte	.LASF8
 472 006b 04       		.uleb128 0x4
 473 006c C8010000 		.4byte	.LASF9
 474 0070 02       		.byte	0x2
 475 0071 B901     		.2byte	0x1b9
 476 0073 2C000000 		.4byte	0x2c
 477 0077 04       		.uleb128 0x4
 478 0078 2B020000 		.4byte	.LASF10
 479 007c 02       		.byte	0x2
 480 007d BB01     		.2byte	0x1bb
 481 007f 48000000 		.4byte	0x48
 482 0083 02       		.uleb128 0x2
 483 0084 04       		.byte	0x4
 484 0085 04       		.byte	0x4
 485 0086 71010000 		.4byte	.LASF11
 486 008a 02       		.uleb128 0x2
 487 008b 08       		.byte	0x8
 488 008c 04       		.byte	0x4
 489 008d F2010000 		.4byte	.LASF12
 490 0091 02       		.uleb128 0x2
 491 0092 01       		.byte	0x1
 492 0093 08       		.byte	0x8
 493 0094 A5020000 		.4byte	.LASF13
 494 0098 04       		.uleb128 0x4
 495 0099 71000000 		.4byte	.LASF14
 496 009d 02       		.byte	0x2
 497 009e 6502     		.2byte	0x265
 498 00a0 A4000000 		.4byte	0xa4
 499 00a4 05       		.uleb128 0x5
 500 00a5 77000000 		.4byte	0x77
 501 00a9 04       		.uleb128 0x4
 502 00aa 66020000 		.4byte	.LASF15
 503 00ae 02       		.byte	0x2
 504 00af 7502     		.2byte	0x275
 505 00b1 B5000000 		.4byte	0xb5
 506 00b5 06       		.uleb128 0x6
 507 00b6 04       		.byte	0x4
 508 00b7 BB000000 		.4byte	0xbb
 509 00bb 07       		.uleb128 0x7
 510 00bc 08       		.uleb128 0x8
 511 00bd 05010000 		.4byte	.LASF16
 512 00c1 03       		.byte	0x3
 513 00c2 D4       		.byte	0xd4
 514 00c3 64000000 		.4byte	0x64
 515 00c7 02       		.uleb128 0x2
 516 00c8 04       		.byte	0x4
 517 00c9 07       		.byte	0x7
 518 00ca 8E020000 		.4byte	.LASF17
 519 00ce 09       		.uleb128 0x9
 520 00cf 04       		.byte	0x4
 521 00d0 0A       		.uleb128 0xa
 522 00d1 91000000 		.4byte	0x91
 523 00d5 08       		.uleb128 0x8
 524 00d6 7D020000 		.4byte	.LASF18
 525 00da 01       		.byte	0x1
 526 00db DE       		.byte	0xde
 527 00dc 2C000000 		.4byte	0x2c
ARM GAS  C:\Users\ANDREW~1\AppData\Local\Temp\ccl4sfhJ.s 			page 20


 528 00e0 0B       		.uleb128 0xb
 529 00e1 E5020000 		.4byte	.LASF45
 530 00e5 10       		.byte	0x10
 531 00e6 01       		.byte	0x1
 532 00e7 E0       		.byte	0xe0
 533 00e8 1D010000 		.4byte	0x11d
 534 00ec 0C       		.uleb128 0xc
 535 00ed 56010000 		.4byte	.LASF19
 536 00f1 01       		.byte	0x1
 537 00f2 E2       		.byte	0xe2
 538 00f3 1D010000 		.4byte	0x11d
 539 00f7 00       		.byte	0
 540 00f8 0C       		.uleb128 0xc
 541 00f9 77010000 		.4byte	.LASF20
 542 00fd 01       		.byte	0x1
 543 00fe E3       		.byte	0xe3
 544 00ff 1D010000 		.4byte	0x11d
 545 0103 04       		.byte	0x4
 546 0104 0C       		.uleb128 0xc
 547 0105 73020000 		.4byte	.LASF21
 548 0109 01       		.byte	0x1
 549 010a E4       		.byte	0xe4
 550 010b BC000000 		.4byte	0xbc
 551 010f 08       		.byte	0x8
 552 0110 0C       		.uleb128 0xc
 553 0111 62010000 		.4byte	.LASF22
 554 0115 01       		.byte	0x1
 555 0116 E5       		.byte	0xe5
 556 0117 BC000000 		.4byte	0xbc
 557 011b 0C       		.byte	0xc
 558 011c 00       		.byte	0
 559 011d 06       		.uleb128 0x6
 560 011e 04       		.byte	0x4
 561 011f D5000000 		.4byte	0xd5
 562 0123 0D       		.uleb128 0xd
 563 0124 DA010000 		.4byte	.LASF33
 564 0128 01       		.byte	0x1
 565 0129 6D       		.byte	0x6d
 566 012a 00000000 		.4byte	.LFB2
 567 012e 14000000 		.4byte	.LFE2-.LFB2
 568 0132 01       		.uleb128 0x1
 569 0133 9C       		.byte	0x9c
 570 0134 0E       		.uleb128 0xe
 571 0135 D4010000 		.4byte	.LASF27
 572 0139 01       		.byte	0x1
 573 013a FE       		.byte	0xfe
 574 013b 00000000 		.4byte	.LFB3
 575 013f 14000000 		.4byte	.LFE3-.LFB3
 576 0143 01       		.uleb128 0x1
 577 0144 9C       		.byte	0x9c
 578 0145 58010000 		.4byte	0x158
 579 0149 0F       		.uleb128 0xf
 580 014a 5B010000 		.4byte	.LASF23
 581 014e 01       		.byte	0x1
 582 014f FE       		.byte	0xfe
 583 0150 5D000000 		.4byte	0x5d
 584 0154 02       		.uleb128 0x2
ARM GAS  C:\Users\ANDREW~1\AppData\Local\Temp\ccl4sfhJ.s 			page 21


 585 0155 91       		.byte	0x91
 586 0156 74       		.sleb128 -12
 587 0157 00       		.byte	0
 588 0158 10       		.uleb128 0x10
 589 0159 EC010000 		.4byte	.LASF46
 590 015d 01       		.byte	0x1
 591 015e 1801     		.2byte	0x118
 592 0160 CE000000 		.4byte	0xce
 593 0164 00000000 		.4byte	.LFB4
 594 0168 50000000 		.4byte	.LFE4-.LFB4
 595 016c 01       		.uleb128 0x1
 596 016d 9C       		.byte	0x9c
 597 016e AF010000 		.4byte	0x1af
 598 0172 11       		.uleb128 0x11
 599 0173 DE020000 		.4byte	.LASF24
 600 0177 01       		.byte	0x1
 601 0178 1801     		.2byte	0x118
 602 017a 5D000000 		.4byte	0x5d
 603 017e 02       		.uleb128 0x2
 604 017f 91       		.byte	0x91
 605 0180 6C       		.sleb128 -20
 606 0181 12       		.uleb128 0x12
 607 0182 656E6400 		.ascii	"end\000"
 608 0186 01       		.byte	0x1
 609 0187 1A01     		.2byte	0x11a
 610 0189 5D000000 		.4byte	0x5d
 611 018d 13       		.uleb128 0x13
 612 018e 8A010000 		.4byte	.LASF25
 613 0192 01       		.byte	0x1
 614 0193 1B01     		.2byte	0x11b
 615 0195 CE000000 		.4byte	0xce
 616 0199 02       		.uleb128 0x2
 617 019a 91       		.byte	0x91
 618 019b 74       		.sleb128 -12
 619 019c 13       		.uleb128 0x13
 620 019d 27010000 		.4byte	.LASF26
 621 01a1 01       		.byte	0x1
 622 01a2 1E01     		.2byte	0x11e
 623 01a4 CE000000 		.4byte	0xce
 624 01a8 05       		.uleb128 0x5
 625 01a9 03       		.byte	0x3
 626 01aa 00000000 		.4byte	heapPointer.4760
 627 01ae 00       		.byte	0
 628 01af 14       		.uleb128 0x14
 629 01b0 19010000 		.4byte	.LASF28
 630 01b4 01       		.byte	0x1
 631 01b5 3901     		.2byte	0x139
 632 01b7 00000000 		.4byte	.LFB5
 633 01bb 98000000 		.4byte	.LFE5-.LFB5
 634 01bf 01       		.uleb128 0x1
 635 01c0 9C       		.byte	0x9c
 636 01c1 2A020000 		.4byte	0x22a
 637 01c5 13       		.uleb128 0x13
 638 01c6 D6020000 		.4byte	.LASF29
 639 01ca 01       		.byte	0x1
 640 01cb 3E01     		.2byte	0x13e
 641 01cd 64000000 		.4byte	0x64
ARM GAS  C:\Users\ANDREW~1\AppData\Local\Temp\ccl4sfhJ.s 			page 22


 642 01d1 02       		.uleb128 0x2
 643 01d2 91       		.byte	0x91
 644 01d3 74       		.sleb128 -12
 645 01d4 13       		.uleb128 0x13
 646 01d5 6C010000 		.4byte	.LASF30
 647 01d9 01       		.byte	0x1
 648 01da 3F01     		.2byte	0x13f
 649 01dc 2A020000 		.4byte	0x22a
 650 01e0 02       		.uleb128 0x2
 651 01e1 91       		.byte	0x91
 652 01e2 70       		.sleb128 -16
 653 01e3 15       		.uleb128 0x15
 654 01e4 14000000 		.4byte	.LBB2
 655 01e8 66000000 		.4byte	.LBE2-.LBB2
 656 01ec 16       		.uleb128 0x16
 657 01ed 73726300 		.ascii	"src\000"
 658 01f1 01       		.byte	0x1
 659 01f2 4401     		.2byte	0x144
 660 01f4 35020000 		.4byte	0x235
 661 01f8 02       		.uleb128 0x2
 662 01f9 91       		.byte	0x91
 663 01fa 6C       		.sleb128 -20
 664 01fb 16       		.uleb128 0x16
 665 01fc 64737400 		.ascii	"dst\000"
 666 0200 01       		.byte	0x1
 667 0201 4501     		.2byte	0x145
 668 0203 35020000 		.4byte	0x235
 669 0207 02       		.uleb128 0x2
 670 0208 91       		.byte	0x91
 671 0209 68       		.sleb128 -24
 672 020a 13       		.uleb128 0x13
 673 020b 60020000 		.4byte	.LASF31
 674 020f 01       		.byte	0x1
 675 0210 4601     		.2byte	0x146
 676 0212 64000000 		.4byte	0x64
 677 0216 02       		.uleb128 0x2
 678 0217 91       		.byte	0x91
 679 0218 60       		.sleb128 -32
 680 0219 13       		.uleb128 0x13
 681 021a 21010000 		.4byte	.LASF32
 682 021e 01       		.byte	0x1
 683 021f 4701     		.2byte	0x147
 684 0221 64000000 		.4byte	0x64
 685 0225 02       		.uleb128 0x2
 686 0226 91       		.byte	0x91
 687 0227 64       		.sleb128 -28
 688 0228 00       		.byte	0
 689 0229 00       		.byte	0
 690 022a 06       		.uleb128 0x6
 691 022b 04       		.byte	0x4
 692 022c 30020000 		.4byte	0x230
 693 0230 0A       		.uleb128 0xa
 694 0231 E0000000 		.4byte	0xe0
 695 0235 06       		.uleb128 0x6
 696 0236 04       		.byte	0x4
 697 0237 77000000 		.4byte	0x77
 698 023b 17       		.uleb128 0x17
ARM GAS  C:\Users\ANDREW~1\AppData\Local\Temp\ccl4sfhJ.s 			page 23


 699 023c CE010000 		.4byte	.LASF34
 700 0240 01       		.byte	0x1
 701 0241 6E01     		.2byte	0x16e
 702 0243 00000000 		.4byte	.LFB6
 703 0247 08000000 		.4byte	.LFE6-.LFB6
 704 024b 01       		.uleb128 0x1
 705 024c 9C       		.byte	0x9c
 706 024d 14       		.uleb128 0x14
 707 024e F9010000 		.4byte	.LASF35
 708 0252 01       		.byte	0x1
 709 0253 EC01     		.2byte	0x1ec
 710 0255 00000000 		.4byte	.LFB7
 711 0259 70000000 		.4byte	.LFE7-.LFB7
 712 025d 01       		.uleb128 0x1
 713 025e 9C       		.byte	0x9c
 714 025f 73020000 		.4byte	0x273
 715 0263 13       		.uleb128 0x13
 716 0264 32020000 		.4byte	.LASF36
 717 0268 01       		.byte	0x1
 718 0269 EE01     		.2byte	0x1ee
 719 026b 77000000 		.4byte	0x77
 720 026f 02       		.uleb128 0x2
 721 0270 91       		.byte	0x91
 722 0271 74       		.sleb128 -12
 723 0272 00       		.byte	0
 724 0273 18       		.uleb128 0x18
 725 0274 B3010000 		.4byte	.LASF37
 726 0278 01       		.byte	0x1
 727 0279 4E       		.byte	0x4e
 728 027a 77000000 		.4byte	0x77
 729 027e 05       		.uleb128 0x5
 730 027f 03       		.byte	0x3
 731 0280 00000000 		.4byte	cySysNoInitDataValid
 732 0284 12       		.uleb128 0x12
 733 0285 656E6400 		.ascii	"end\000"
 734 0289 01       		.byte	0x1
 735 028a 1A01     		.2byte	0x11a
 736 028c 5D000000 		.4byte	0x5d
 737 0290 19       		.uleb128 0x19
 738 0291 E0000000 		.4byte	0xe0
 739 0295 9B020000 		.4byte	0x29b
 740 0299 1A       		.uleb128 0x1a
 741 029a 00       		.byte	0
 742 029b 1B       		.uleb128 0x1b
 743 029c C9020000 		.4byte	.LASF38
 744 02a0 01       		.byte	0x1
 745 02a1 E8       		.byte	0xe8
 746 02a2 A6020000 		.4byte	0x2a6
 747 02a6 0A       		.uleb128 0xa
 748 02a7 90020000 		.4byte	0x290
 749 02ab 1B       		.uleb128 0x1b
 750 02ac 46010000 		.4byte	.LASF39
 751 02b0 01       		.byte	0x1
 752 02b1 E9       		.byte	0xe9
 753 02b2 D0000000 		.4byte	0xd0
 754 02b6 19       		.uleb128 0x19
 755 02b7 A9000000 		.4byte	0xa9
ARM GAS  C:\Users\ANDREW~1\AppData\Local\Temp\ccl4sfhJ.s 			page 24


 756 02bb C6020000 		.4byte	0x2c6
 757 02bf 1C       		.uleb128 0x1c
 758 02c0 C7000000 		.4byte	0xc7
 759 02c4 2F       		.byte	0x2f
 760 02c5 00       		.byte	0
 761 02c6 1D       		.uleb128 0x1d
 762 02c7 0C010000 		.4byte	.LASF40
 763 02cb 01       		.byte	0x1
 764 02cc BC01     		.2byte	0x1bc
 765 02ce B6020000 		.4byte	0x2b6
 766 02d2 05       		.uleb128 0x5
 767 02d3 03       		.byte	0x3
 768 02d4 00000000 		.4byte	CyRamVectors
 769 02d8 19       		.uleb128 0x19
 770 02d9 A9000000 		.4byte	0xa9
 771 02dd E8020000 		.4byte	0x2e8
 772 02e1 1C       		.uleb128 0x1c
 773 02e2 C7000000 		.4byte	0xc7
 774 02e6 03       		.byte	0x3
 775 02e7 00       		.byte	0
 776 02e8 1D       		.uleb128 0x1d
 777 02e9 96010000 		.4byte	.LASF41
 778 02ed 01       		.byte	0x1
 779 02ee D001     		.2byte	0x1d0
 780 02f0 FA020000 		.4byte	0x2fa
 781 02f4 05       		.uleb128 0x5
 782 02f5 03       		.byte	0x3
 783 02f6 00000000 		.4byte	RomVectors
 784 02fa 0A       		.uleb128 0xa
 785 02fb D8020000 		.4byte	0x2d8
 786 02ff 00       		.byte	0
 787              		.section	.debug_abbrev,"",%progbits
 788              	.Ldebug_abbrev0:
 789 0000 01       		.uleb128 0x1
 790 0001 11       		.uleb128 0x11
 791 0002 01       		.byte	0x1
 792 0003 25       		.uleb128 0x25
 793 0004 0E       		.uleb128 0xe
 794 0005 13       		.uleb128 0x13
 795 0006 0B       		.uleb128 0xb
 796 0007 03       		.uleb128 0x3
 797 0008 0E       		.uleb128 0xe
 798 0009 1B       		.uleb128 0x1b
 799 000a 0E       		.uleb128 0xe
 800 000b 55       		.uleb128 0x55
 801 000c 17       		.uleb128 0x17
 802 000d 11       		.uleb128 0x11
 803 000e 01       		.uleb128 0x1
 804 000f 10       		.uleb128 0x10
 805 0010 17       		.uleb128 0x17
 806 0011 00       		.byte	0
 807 0012 00       		.byte	0
 808 0013 02       		.uleb128 0x2
 809 0014 24       		.uleb128 0x24
 810 0015 00       		.byte	0
 811 0016 0B       		.uleb128 0xb
 812 0017 0B       		.uleb128 0xb
ARM GAS  C:\Users\ANDREW~1\AppData\Local\Temp\ccl4sfhJ.s 			page 25


 813 0018 3E       		.uleb128 0x3e
 814 0019 0B       		.uleb128 0xb
 815 001a 03       		.uleb128 0x3
 816 001b 0E       		.uleb128 0xe
 817 001c 00       		.byte	0
 818 001d 00       		.byte	0
 819 001e 03       		.uleb128 0x3
 820 001f 24       		.uleb128 0x24
 821 0020 00       		.byte	0
 822 0021 0B       		.uleb128 0xb
 823 0022 0B       		.uleb128 0xb
 824 0023 3E       		.uleb128 0x3e
 825 0024 0B       		.uleb128 0xb
 826 0025 03       		.uleb128 0x3
 827 0026 08       		.uleb128 0x8
 828 0027 00       		.byte	0
 829 0028 00       		.byte	0
 830 0029 04       		.uleb128 0x4
 831 002a 16       		.uleb128 0x16
 832 002b 00       		.byte	0
 833 002c 03       		.uleb128 0x3
 834 002d 0E       		.uleb128 0xe
 835 002e 3A       		.uleb128 0x3a
 836 002f 0B       		.uleb128 0xb
 837 0030 3B       		.uleb128 0x3b
 838 0031 05       		.uleb128 0x5
 839 0032 49       		.uleb128 0x49
 840 0033 13       		.uleb128 0x13
 841 0034 00       		.byte	0
 842 0035 00       		.byte	0
 843 0036 05       		.uleb128 0x5
 844 0037 35       		.uleb128 0x35
 845 0038 00       		.byte	0
 846 0039 49       		.uleb128 0x49
 847 003a 13       		.uleb128 0x13
 848 003b 00       		.byte	0
 849 003c 00       		.byte	0
 850 003d 06       		.uleb128 0x6
 851 003e 0F       		.uleb128 0xf
 852 003f 00       		.byte	0
 853 0040 0B       		.uleb128 0xb
 854 0041 0B       		.uleb128 0xb
 855 0042 49       		.uleb128 0x49
 856 0043 13       		.uleb128 0x13
 857 0044 00       		.byte	0
 858 0045 00       		.byte	0
 859 0046 07       		.uleb128 0x7
 860 0047 15       		.uleb128 0x15
 861 0048 00       		.byte	0
 862 0049 27       		.uleb128 0x27
 863 004a 19       		.uleb128 0x19
 864 004b 00       		.byte	0
 865 004c 00       		.byte	0
 866 004d 08       		.uleb128 0x8
 867 004e 16       		.uleb128 0x16
 868 004f 00       		.byte	0
 869 0050 03       		.uleb128 0x3
ARM GAS  C:\Users\ANDREW~1\AppData\Local\Temp\ccl4sfhJ.s 			page 26


 870 0051 0E       		.uleb128 0xe
 871 0052 3A       		.uleb128 0x3a
 872 0053 0B       		.uleb128 0xb
 873 0054 3B       		.uleb128 0x3b
 874 0055 0B       		.uleb128 0xb
 875 0056 49       		.uleb128 0x49
 876 0057 13       		.uleb128 0x13
 877 0058 00       		.byte	0
 878 0059 00       		.byte	0
 879 005a 09       		.uleb128 0x9
 880 005b 0F       		.uleb128 0xf
 881 005c 00       		.byte	0
 882 005d 0B       		.uleb128 0xb
 883 005e 0B       		.uleb128 0xb
 884 005f 00       		.byte	0
 885 0060 00       		.byte	0
 886 0061 0A       		.uleb128 0xa
 887 0062 26       		.uleb128 0x26
 888 0063 00       		.byte	0
 889 0064 49       		.uleb128 0x49
 890 0065 13       		.uleb128 0x13
 891 0066 00       		.byte	0
 892 0067 00       		.byte	0
 893 0068 0B       		.uleb128 0xb
 894 0069 13       		.uleb128 0x13
 895 006a 01       		.byte	0x1
 896 006b 03       		.uleb128 0x3
 897 006c 0E       		.uleb128 0xe
 898 006d 0B       		.uleb128 0xb
 899 006e 0B       		.uleb128 0xb
 900 006f 3A       		.uleb128 0x3a
 901 0070 0B       		.uleb128 0xb
 902 0071 3B       		.uleb128 0x3b
 903 0072 0B       		.uleb128 0xb
 904 0073 01       		.uleb128 0x1
 905 0074 13       		.uleb128 0x13
 906 0075 00       		.byte	0
 907 0076 00       		.byte	0
 908 0077 0C       		.uleb128 0xc
 909 0078 0D       		.uleb128 0xd
 910 0079 00       		.byte	0
 911 007a 03       		.uleb128 0x3
 912 007b 0E       		.uleb128 0xe
 913 007c 3A       		.uleb128 0x3a
 914 007d 0B       		.uleb128 0xb
 915 007e 3B       		.uleb128 0x3b
 916 007f 0B       		.uleb128 0xb
 917 0080 49       		.uleb128 0x49
 918 0081 13       		.uleb128 0x13
 919 0082 38       		.uleb128 0x38
 920 0083 0B       		.uleb128 0xb
 921 0084 00       		.byte	0
 922 0085 00       		.byte	0
 923 0086 0D       		.uleb128 0xd
 924 0087 2E       		.uleb128 0x2e
 925 0088 00       		.byte	0
 926 0089 3F       		.uleb128 0x3f
ARM GAS  C:\Users\ANDREW~1\AppData\Local\Temp\ccl4sfhJ.s 			page 27


 927 008a 19       		.uleb128 0x19
 928 008b 03       		.uleb128 0x3
 929 008c 0E       		.uleb128 0xe
 930 008d 3A       		.uleb128 0x3a
 931 008e 0B       		.uleb128 0xb
 932 008f 3B       		.uleb128 0x3b
 933 0090 0B       		.uleb128 0xb
 934 0091 27       		.uleb128 0x27
 935 0092 19       		.uleb128 0x19
 936 0093 11       		.uleb128 0x11
 937 0094 01       		.uleb128 0x1
 938 0095 12       		.uleb128 0x12
 939 0096 06       		.uleb128 0x6
 940 0097 40       		.uleb128 0x40
 941 0098 18       		.uleb128 0x18
 942 0099 9642     		.uleb128 0x2116
 943 009b 19       		.uleb128 0x19
 944 009c 00       		.byte	0
 945 009d 00       		.byte	0
 946 009e 0E       		.uleb128 0xe
 947 009f 2E       		.uleb128 0x2e
 948 00a0 01       		.byte	0x1
 949 00a1 3F       		.uleb128 0x3f
 950 00a2 19       		.uleb128 0x19
 951 00a3 03       		.uleb128 0x3
 952 00a4 0E       		.uleb128 0xe
 953 00a5 3A       		.uleb128 0x3a
 954 00a6 0B       		.uleb128 0xb
 955 00a7 3B       		.uleb128 0x3b
 956 00a8 0B       		.uleb128 0xb
 957 00a9 27       		.uleb128 0x27
 958 00aa 19       		.uleb128 0x19
 959 00ab 11       		.uleb128 0x11
 960 00ac 01       		.uleb128 0x1
 961 00ad 12       		.uleb128 0x12
 962 00ae 06       		.uleb128 0x6
 963 00af 40       		.uleb128 0x40
 964 00b0 18       		.uleb128 0x18
 965 00b1 9642     		.uleb128 0x2116
 966 00b3 19       		.uleb128 0x19
 967 00b4 01       		.uleb128 0x1
 968 00b5 13       		.uleb128 0x13
 969 00b6 00       		.byte	0
 970 00b7 00       		.byte	0
 971 00b8 0F       		.uleb128 0xf
 972 00b9 05       		.uleb128 0x5
 973 00ba 00       		.byte	0
 974 00bb 03       		.uleb128 0x3
 975 00bc 0E       		.uleb128 0xe
 976 00bd 3A       		.uleb128 0x3a
 977 00be 0B       		.uleb128 0xb
 978 00bf 3B       		.uleb128 0x3b
 979 00c0 0B       		.uleb128 0xb
 980 00c1 49       		.uleb128 0x49
 981 00c2 13       		.uleb128 0x13
 982 00c3 02       		.uleb128 0x2
 983 00c4 18       		.uleb128 0x18
ARM GAS  C:\Users\ANDREW~1\AppData\Local\Temp\ccl4sfhJ.s 			page 28


 984 00c5 00       		.byte	0
 985 00c6 00       		.byte	0
 986 00c7 10       		.uleb128 0x10
 987 00c8 2E       		.uleb128 0x2e
 988 00c9 01       		.byte	0x1
 989 00ca 3F       		.uleb128 0x3f
 990 00cb 19       		.uleb128 0x19
 991 00cc 03       		.uleb128 0x3
 992 00cd 0E       		.uleb128 0xe
 993 00ce 3A       		.uleb128 0x3a
 994 00cf 0B       		.uleb128 0xb
 995 00d0 3B       		.uleb128 0x3b
 996 00d1 05       		.uleb128 0x5
 997 00d2 27       		.uleb128 0x27
 998 00d3 19       		.uleb128 0x19
 999 00d4 49       		.uleb128 0x49
 1000 00d5 13       		.uleb128 0x13
 1001 00d6 11       		.uleb128 0x11
 1002 00d7 01       		.uleb128 0x1
 1003 00d8 12       		.uleb128 0x12
 1004 00d9 06       		.uleb128 0x6
 1005 00da 40       		.uleb128 0x40
 1006 00db 18       		.uleb128 0x18
 1007 00dc 9642     		.uleb128 0x2116
 1008 00de 19       		.uleb128 0x19
 1009 00df 01       		.uleb128 0x1
 1010 00e0 13       		.uleb128 0x13
 1011 00e1 00       		.byte	0
 1012 00e2 00       		.byte	0
 1013 00e3 11       		.uleb128 0x11
 1014 00e4 05       		.uleb128 0x5
 1015 00e5 00       		.byte	0
 1016 00e6 03       		.uleb128 0x3
 1017 00e7 0E       		.uleb128 0xe
 1018 00e8 3A       		.uleb128 0x3a
 1019 00e9 0B       		.uleb128 0xb
 1020 00ea 3B       		.uleb128 0x3b
 1021 00eb 05       		.uleb128 0x5
 1022 00ec 49       		.uleb128 0x49
 1023 00ed 13       		.uleb128 0x13
 1024 00ee 02       		.uleb128 0x2
 1025 00ef 18       		.uleb128 0x18
 1026 00f0 00       		.byte	0
 1027 00f1 00       		.byte	0
 1028 00f2 12       		.uleb128 0x12
 1029 00f3 34       		.uleb128 0x34
 1030 00f4 00       		.byte	0
 1031 00f5 03       		.uleb128 0x3
 1032 00f6 08       		.uleb128 0x8
 1033 00f7 3A       		.uleb128 0x3a
 1034 00f8 0B       		.uleb128 0xb
 1035 00f9 3B       		.uleb128 0x3b
 1036 00fa 05       		.uleb128 0x5
 1037 00fb 49       		.uleb128 0x49
 1038 00fc 13       		.uleb128 0x13
 1039 00fd 3F       		.uleb128 0x3f
 1040 00fe 19       		.uleb128 0x19
ARM GAS  C:\Users\ANDREW~1\AppData\Local\Temp\ccl4sfhJ.s 			page 29


 1041 00ff 3C       		.uleb128 0x3c
 1042 0100 19       		.uleb128 0x19
 1043 0101 00       		.byte	0
 1044 0102 00       		.byte	0
 1045 0103 13       		.uleb128 0x13
 1046 0104 34       		.uleb128 0x34
 1047 0105 00       		.byte	0
 1048 0106 03       		.uleb128 0x3
 1049 0107 0E       		.uleb128 0xe
 1050 0108 3A       		.uleb128 0x3a
 1051 0109 0B       		.uleb128 0xb
 1052 010a 3B       		.uleb128 0x3b
 1053 010b 05       		.uleb128 0x5
 1054 010c 49       		.uleb128 0x49
 1055 010d 13       		.uleb128 0x13
 1056 010e 02       		.uleb128 0x2
 1057 010f 18       		.uleb128 0x18
 1058 0110 00       		.byte	0
 1059 0111 00       		.byte	0
 1060 0112 14       		.uleb128 0x14
 1061 0113 2E       		.uleb128 0x2e
 1062 0114 01       		.byte	0x1
 1063 0115 3F       		.uleb128 0x3f
 1064 0116 19       		.uleb128 0x19
 1065 0117 03       		.uleb128 0x3
 1066 0118 0E       		.uleb128 0xe
 1067 0119 3A       		.uleb128 0x3a
 1068 011a 0B       		.uleb128 0xb
 1069 011b 3B       		.uleb128 0x3b
 1070 011c 05       		.uleb128 0x5
 1071 011d 27       		.uleb128 0x27
 1072 011e 19       		.uleb128 0x19
 1073 011f 11       		.uleb128 0x11
 1074 0120 01       		.uleb128 0x1
 1075 0121 12       		.uleb128 0x12
 1076 0122 06       		.uleb128 0x6
 1077 0123 40       		.uleb128 0x40
 1078 0124 18       		.uleb128 0x18
 1079 0125 9642     		.uleb128 0x2116
 1080 0127 19       		.uleb128 0x19
 1081 0128 01       		.uleb128 0x1
 1082 0129 13       		.uleb128 0x13
 1083 012a 00       		.byte	0
 1084 012b 00       		.byte	0
 1085 012c 15       		.uleb128 0x15
 1086 012d 0B       		.uleb128 0xb
 1087 012e 01       		.byte	0x1
 1088 012f 11       		.uleb128 0x11
 1089 0130 01       		.uleb128 0x1
 1090 0131 12       		.uleb128 0x12
 1091 0132 06       		.uleb128 0x6
 1092 0133 00       		.byte	0
 1093 0134 00       		.byte	0
 1094 0135 16       		.uleb128 0x16
 1095 0136 34       		.uleb128 0x34
 1096 0137 00       		.byte	0
 1097 0138 03       		.uleb128 0x3
ARM GAS  C:\Users\ANDREW~1\AppData\Local\Temp\ccl4sfhJ.s 			page 30


 1098 0139 08       		.uleb128 0x8
 1099 013a 3A       		.uleb128 0x3a
 1100 013b 0B       		.uleb128 0xb
 1101 013c 3B       		.uleb128 0x3b
 1102 013d 05       		.uleb128 0x5
 1103 013e 49       		.uleb128 0x49
 1104 013f 13       		.uleb128 0x13
 1105 0140 02       		.uleb128 0x2
 1106 0141 18       		.uleb128 0x18
 1107 0142 00       		.byte	0
 1108 0143 00       		.byte	0
 1109 0144 17       		.uleb128 0x17
 1110 0145 2E       		.uleb128 0x2e
 1111 0146 00       		.byte	0
 1112 0147 3F       		.uleb128 0x3f
 1113 0148 19       		.uleb128 0x19
 1114 0149 03       		.uleb128 0x3
 1115 014a 0E       		.uleb128 0xe
 1116 014b 3A       		.uleb128 0x3a
 1117 014c 0B       		.uleb128 0xb
 1118 014d 3B       		.uleb128 0x3b
 1119 014e 05       		.uleb128 0x5
 1120 014f 27       		.uleb128 0x27
 1121 0150 19       		.uleb128 0x19
 1122 0151 11       		.uleb128 0x11
 1123 0152 01       		.uleb128 0x1
 1124 0153 12       		.uleb128 0x12
 1125 0154 06       		.uleb128 0x6
 1126 0155 40       		.uleb128 0x40
 1127 0156 18       		.uleb128 0x18
 1128 0157 9642     		.uleb128 0x2116
 1129 0159 19       		.uleb128 0x19
 1130 015a 00       		.byte	0
 1131 015b 00       		.byte	0
 1132 015c 18       		.uleb128 0x18
 1133 015d 34       		.uleb128 0x34
 1134 015e 00       		.byte	0
 1135 015f 03       		.uleb128 0x3
 1136 0160 0E       		.uleb128 0xe
 1137 0161 3A       		.uleb128 0x3a
 1138 0162 0B       		.uleb128 0xb
 1139 0163 3B       		.uleb128 0x3b
 1140 0164 0B       		.uleb128 0xb
 1141 0165 49       		.uleb128 0x49
 1142 0166 13       		.uleb128 0x13
 1143 0167 02       		.uleb128 0x2
 1144 0168 18       		.uleb128 0x18
 1145 0169 00       		.byte	0
 1146 016a 00       		.byte	0
 1147 016b 19       		.uleb128 0x19
 1148 016c 01       		.uleb128 0x1
 1149 016d 01       		.byte	0x1
 1150 016e 49       		.uleb128 0x49
 1151 016f 13       		.uleb128 0x13
 1152 0170 01       		.uleb128 0x1
 1153 0171 13       		.uleb128 0x13
 1154 0172 00       		.byte	0
ARM GAS  C:\Users\ANDREW~1\AppData\Local\Temp\ccl4sfhJ.s 			page 31


 1155 0173 00       		.byte	0
 1156 0174 1A       		.uleb128 0x1a
 1157 0175 21       		.uleb128 0x21
 1158 0176 00       		.byte	0
 1159 0177 00       		.byte	0
 1160 0178 00       		.byte	0
 1161 0179 1B       		.uleb128 0x1b
 1162 017a 34       		.uleb128 0x34
 1163 017b 00       		.byte	0
 1164 017c 03       		.uleb128 0x3
 1165 017d 0E       		.uleb128 0xe
 1166 017e 3A       		.uleb128 0x3a
 1167 017f 0B       		.uleb128 0xb
 1168 0180 3B       		.uleb128 0x3b
 1169 0181 0B       		.uleb128 0xb
 1170 0182 49       		.uleb128 0x49
 1171 0183 13       		.uleb128 0x13
 1172 0184 3F       		.uleb128 0x3f
 1173 0185 19       		.uleb128 0x19
 1174 0186 3C       		.uleb128 0x3c
 1175 0187 19       		.uleb128 0x19
 1176 0188 00       		.byte	0
 1177 0189 00       		.byte	0
 1178 018a 1C       		.uleb128 0x1c
 1179 018b 21       		.uleb128 0x21
 1180 018c 00       		.byte	0
 1181 018d 49       		.uleb128 0x49
 1182 018e 13       		.uleb128 0x13
 1183 018f 2F       		.uleb128 0x2f
 1184 0190 0B       		.uleb128 0xb
 1185 0191 00       		.byte	0
 1186 0192 00       		.byte	0
 1187 0193 1D       		.uleb128 0x1d
 1188 0194 34       		.uleb128 0x34
 1189 0195 00       		.byte	0
 1190 0196 03       		.uleb128 0x3
 1191 0197 0E       		.uleb128 0xe
 1192 0198 3A       		.uleb128 0x3a
 1193 0199 0B       		.uleb128 0xb
 1194 019a 3B       		.uleb128 0x3b
 1195 019b 05       		.uleb128 0x5
 1196 019c 49       		.uleb128 0x49
 1197 019d 13       		.uleb128 0x13
 1198 019e 3F       		.uleb128 0x3f
 1199 019f 19       		.uleb128 0x19
 1200 01a0 02       		.uleb128 0x2
 1201 01a1 18       		.uleb128 0x18
 1202 01a2 00       		.byte	0
 1203 01a3 00       		.byte	0
 1204 01a4 00       		.byte	0
 1205              		.section	.debug_aranges,"",%progbits
 1206 0000 44000000 		.4byte	0x44
 1207 0004 0200     		.2byte	0x2
 1208 0006 00000000 		.4byte	.Ldebug_info0
 1209 000a 04       		.byte	0x4
 1210 000b 00       		.byte	0
 1211 000c 0000     		.2byte	0
ARM GAS  C:\Users\ANDREW~1\AppData\Local\Temp\ccl4sfhJ.s 			page 32


 1212 000e 0000     		.2byte	0
 1213 0010 00000000 		.4byte	.LFB2
 1214 0014 14000000 		.4byte	.LFE2-.LFB2
 1215 0018 00000000 		.4byte	.LFB3
 1216 001c 14000000 		.4byte	.LFE3-.LFB3
 1217 0020 00000000 		.4byte	.LFB4
 1218 0024 50000000 		.4byte	.LFE4-.LFB4
 1219 0028 00000000 		.4byte	.LFB5
 1220 002c 98000000 		.4byte	.LFE5-.LFB5
 1221 0030 00000000 		.4byte	.LFB6
 1222 0034 08000000 		.4byte	.LFE6-.LFB6
 1223 0038 00000000 		.4byte	.LFB7
 1224 003c 70000000 		.4byte	.LFE7-.LFB7
 1225 0040 00000000 		.4byte	0
 1226 0044 00000000 		.4byte	0
 1227              		.section	.debug_ranges,"",%progbits
 1228              	.Ldebug_ranges0:
 1229 0000 00000000 		.4byte	.LFB2
 1230 0004 14000000 		.4byte	.LFE2
 1231 0008 00000000 		.4byte	.LFB3
 1232 000c 14000000 		.4byte	.LFE3
 1233 0010 00000000 		.4byte	.LFB4
 1234 0014 50000000 		.4byte	.LFE4
 1235 0018 00000000 		.4byte	.LFB5
 1236 001c 98000000 		.4byte	.LFE5
 1237 0020 00000000 		.4byte	.LFB6
 1238 0024 08000000 		.4byte	.LFE6
 1239 0028 00000000 		.4byte	.LFB7
 1240 002c 70000000 		.4byte	.LFE7
 1241 0030 00000000 		.4byte	0
 1242 0034 00000000 		.4byte	0
 1243              		.section	.debug_line,"",%progbits
 1244              	.Ldebug_line0:
 1245 0000 CC010000 		.section	.debug_str,"MS",%progbits,1
 1245      0200C700 
 1245      00000201 
 1245      FB0E0D00 
 1245      01010101 
 1246              	.LASF44:
 1247 0000 433A5C55 		.ascii	"C:\\Users\\Andrew Joseph\\Desktop\\Senior Design\\t"
 1247      73657273 
 1247      5C416E64 
 1247      72657720 
 1247      4A6F7365 
 1248 002e 72756E6B 		.ascii	"runk\\src\\PSoC_Core\\fNIR PSoC Peripheral\\fNIR PS"
 1248      5C737263 
 1248      5C50536F 
 1248      435F436F 
 1248      72655C66 
 1249 005d 6F432050 		.ascii	"oC Peripheral.cydsn\000"
 1249      65726970 
 1249      68657261 
 1249      6C2E6379 
 1249      64736E00 
 1250              	.LASF14:
 1251 0071 72656733 		.ascii	"reg32\000"
 1251      3200
ARM GAS  C:\Users\ANDREW~1\AppData\Local\Temp\ccl4sfhJ.s 			page 33


 1252              	.LASF42:
 1253 0077 474E5520 		.ascii	"GNU C 4.9.3 20150303 (release) [ARM/embedded-4_9-br"
 1253      4320342E 
 1253      392E3320 
 1253      32303135 
 1253      30333033 
 1254 00aa 616E6368 		.ascii	"anch revision 221220] -mcpu=cortex-m0 -mthumb -g -O"
 1254      20726576 
 1254      6973696F 
 1254      6E203232 
 1254      31323230 
 1255 00dd 30202D66 		.ascii	"0 -ffunction-sections -ffat-lto-objects\000"
 1255      66756E63 
 1255      74696F6E 
 1255      2D736563 
 1255      74696F6E 
 1256              	.LASF16:
 1257 0105 73697A65 		.ascii	"size_t\000"
 1257      5F7400
 1258              	.LASF40:
 1259 010c 43795261 		.ascii	"CyRamVectors\000"
 1259      6D566563 
 1259      746F7273 
 1259      00
 1260              	.LASF28:
 1261 0119 53746172 		.ascii	"Start_c\000"
 1261      745F6300 
 1262              	.LASF32:
 1263 0121 636F756E 		.ascii	"count\000"
 1263      7400
 1264              	.LASF26:
 1265 0127 68656170 		.ascii	"heapPointer\000"
 1265      506F696E 
 1265      74657200 
 1266              	.LASF3:
 1267 0133 73686F72 		.ascii	"short unsigned int\000"
 1267      7420756E 
 1267      7369676E 
 1267      65642069 
 1267      6E7400
 1268              	.LASF39:
 1269 0146 5F5F6379 		.ascii	"__cy_region_num\000"
 1269      5F726567 
 1269      696F6E5F 
 1269      6E756D00 
 1270              	.LASF19:
 1271 0156 696E6974 		.ascii	"init\000"
 1271      00
 1272              	.LASF23:
 1273 015b 73746174 		.ascii	"status\000"
 1273      757300
 1274              	.LASF22:
 1275 0162 7A65726F 		.ascii	"zero_size\000"
 1275      5F73697A 
 1275      6500
 1276              	.LASF30:
 1277 016c 72707472 		.ascii	"rptr\000"
ARM GAS  C:\Users\ANDREW~1\AppData\Local\Temp\ccl4sfhJ.s 			page 34


 1277      00
 1278              	.LASF11:
 1279 0171 666C6F61 		.ascii	"float\000"
 1279      7400
 1280              	.LASF20:
 1281 0177 64617461 		.ascii	"data\000"
 1281      00
 1282              	.LASF1:
 1283 017c 756E7369 		.ascii	"unsigned char\000"
 1283      676E6564 
 1283      20636861 
 1283      7200
 1284              	.LASF25:
 1285 018a 72657475 		.ascii	"returnValue\000"
 1285      726E5661 
 1285      6C756500 
 1286              	.LASF41:
 1287 0196 526F6D56 		.ascii	"RomVectors\000"
 1287      6563746F 
 1287      727300
 1288              	.LASF5:
 1289 01a1 6C6F6E67 		.ascii	"long unsigned int\000"
 1289      20756E73 
 1289      69676E65 
 1289      6420696E 
 1289      7400
 1290              	.LASF37:
 1291 01b3 63795379 		.ascii	"cySysNoInitDataValid\000"
 1291      734E6F49 
 1291      6E697444 
 1291      61746156 
 1291      616C6964 
 1292              	.LASF9:
 1293 01c8 75696E74 		.ascii	"uint8\000"
 1293      3800
 1294              	.LASF34:
 1295 01ce 52657365 		.ascii	"Reset\000"
 1295      7400
 1296              	.LASF27:
 1297 01d4 5F657869 		.ascii	"_exit\000"
 1297      7400
 1298              	.LASF33:
 1299 01da 496E7444 		.ascii	"IntDefaultHandler\000"
 1299      65666175 
 1299      6C744861 
 1299      6E646C65 
 1299      7200
 1300              	.LASF46:
 1301 01ec 5F736272 		.ascii	"_sbrk\000"
 1301      6B00
 1302              	.LASF12:
 1303 01f2 646F7562 		.ascii	"double\000"
 1303      6C6500
 1304              	.LASF35:
 1305 01f9 696E6974 		.ascii	"initialize_psoc\000"
 1305      69616C69 
 1305      7A655F70 
ARM GAS  C:\Users\ANDREW~1\AppData\Local\Temp\ccl4sfhJ.s 			page 35


 1305      736F6300 
 1306              	.LASF43:
 1307 0209 47656E65 		.ascii	"Generated_Source\\PSoC4\\Cm0Start.c\000"
 1307      72617465 
 1307      645F536F 
 1307      75726365 
 1307      5C50536F 
 1308              	.LASF10:
 1309 022b 75696E74 		.ascii	"uint32\000"
 1309      333200
 1310              	.LASF36:
 1311 0232 696E6465 		.ascii	"indexInit\000"
 1311      78496E69 
 1311      7400
 1312              	.LASF8:
 1313 023c 756E7369 		.ascii	"unsigned int\000"
 1313      676E6564 
 1313      20696E74 
 1313      00
 1314              	.LASF7:
 1315 0249 6C6F6E67 		.ascii	"long long unsigned int\000"
 1315      206C6F6E 
 1315      6720756E 
 1315      7369676E 
 1315      65642069 
 1316              	.LASF31:
 1317 0260 6C696D69 		.ascii	"limit\000"
 1317      7400
 1318              	.LASF15:
 1319 0266 63796973 		.ascii	"cyisraddress\000"
 1319      72616464 
 1319      72657373 
 1319      00
 1320              	.LASF21:
 1321 0273 696E6974 		.ascii	"init_size\000"
 1321      5F73697A 
 1321      6500
 1322              	.LASF18:
 1323 027d 5F5F6379 		.ascii	"__cy_byte_align8\000"
 1323      5F627974 
 1323      655F616C 
 1323      69676E38 
 1323      00
 1324              	.LASF17:
 1325 028e 73697A65 		.ascii	"sizetype\000"
 1325      74797065 
 1325      00
 1326              	.LASF6:
 1327 0297 6C6F6E67 		.ascii	"long long int\000"
 1327      206C6F6E 
 1327      6720696E 
 1327      7400
 1328              	.LASF13:
 1329 02a5 63686172 		.ascii	"char\000"
 1329      00
 1330              	.LASF2:
 1331 02aa 73686F72 		.ascii	"short int\000"
ARM GAS  C:\Users\ANDREW~1\AppData\Local\Temp\ccl4sfhJ.s 			page 36


 1331      7420696E 
 1331      7400
 1332              	.LASF4:
 1333 02b4 6C6F6E67 		.ascii	"long int\000"
 1333      20696E74 
 1333      00
 1334              	.LASF0:
 1335 02bd 7369676E 		.ascii	"signed char\000"
 1335      65642063 
 1335      68617200 
 1336              	.LASF38:
 1337 02c9 5F5F6379 		.ascii	"__cy_regions\000"
 1337      5F726567 
 1337      696F6E73 
 1337      00
 1338              	.LASF29:
 1339 02d6 72656769 		.ascii	"regions\000"
 1339      6F6E7300 
 1340              	.LASF24:
 1341 02de 6E627974 		.ascii	"nbytes\000"
 1341      657300
 1342              	.LASF45:
 1343 02e5 5F5F6379 		.ascii	"__cy_region\000"
 1343      5F726567 
 1343      696F6E00 
 1344              		.ident	"GCC: (GNU Tools for ARM Embedded Processors) 4.9.3 20150303 (release) [ARM/embedded-4_9-br
